#
# There is insufficient memory for the Java Runtime Environment to continue.
# Native memory allocation (malloc) failed to allocate 32744 bytes for ChunkPool::allocate
# Possible reasons:
#   The system is out of physical RAM or swap space
#   The process is running with CompressedOops enabled, and the Java Heap may be blocking the growth of the native heap
# Possible solutions:
#   Reduce memory load on the system
#   Increase physical memory or swap space
#   Check if swap backing store is full
#   Decrease Java heap size (-Xmx/-Xms)
#   Decrease number of Java threads
#   Decrease Java thread stack sizes (-Xss)
#   Set larger code cache with -XX:ReservedCodeCacheSize=
#   JVM is running with Unscaled Compressed Oops mode in which the Java heap is
#     placed in the first 4GB address space. The Java Heap base address is the
#     maximum limit for the native heap growth. Please use -XX:HeapBaseMinAddress
#     to set the Java Heap base and to place the Java Heap above 4GB virtual address.
# This output file may be truncated or incomplete.
#
#  Out of Memory Error (./src/hotspot/share/memory/arena.cpp:81), pid=11108, tid=16852
#
# JRE version: OpenJDK Runtime Environment (11.0.12+7) (build 11.0.12+7-b1504.28-7817840)
# Java VM: OpenJDK 64-Bit Server VM (11.0.12+7-b1504.28-7817840, mixed mode, tiered, compressed oops, g1 gc, windows-amd64)
# No core dump will be written. Minidumps are not enabled by default on client versions of Windows
#

---------------  S U M M A R Y ------------

Command Line: --add-opens=java.base/java.util=ALL-UNNAMED --add-opens=java.base/java.lang=ALL-UNNAMED --add-opens=java.base/java.lang.invoke=ALL-UNNAMED --add-opens=java.base/java.util=ALL-UNNAMED --add-opens=java.prefs/java.util.prefs=ALL-UNNAMED --add-opens=java.prefs/java.util.prefs=ALL-UNNAMED --add-opens=java.base/java.nio.charset=ALL-UNNAMED --add-opens=java.base/java.net=ALL-UNNAMED --add-opens=java.base/java.util.concurrent.atomic=ALL-UNNAMED -Xmx2048m -Dfile.encoding=UTF-8 -Duser.country=US -Duser.language=en -Duser.variant org.gradle.launcher.daemon.bootstrap.GradleDaemon 7.3.3

Host: AMD Ryzen 5 3500U with Radeon Vega Mobile Gfx  , 8 cores, 3G,  Windows 10 , 64 bit Build 22000 (10.0.22000.708)
Time: Wed Jul 20 17:07:43 2022 SE Asia Standard Time elapsed time: 37.341362 seconds (0d 0h 0m 37s)

---------------  T H R E A D  ---------------

Current thread (0x000001fb674cf800):  JavaThread "C1 CompilerThread0" daemon [_thread_in_native, id=16852, stack(0x000000b666f00000,0x000000b667000000)]


Current CompileTask:
C1:  37341 9696       3       org.gradle.api.internal.DefaultNamedDomainObjectCollection::doAdd (63 bytes)

Stack: [0x000000b666f00000,0x000000b667000000]
Native frames: (J=compiled Java code, j=interpreted, Vv=VM code, C=native code)
V  [jvm.dll+0x5fbcea]
V  [jvm.dll+0x731905]
V  [jvm.dll+0x732f1d]
V  [jvm.dll+0x7335d3]
V  [jvm.dll+0x247bf8]
V  [jvm.dll+0xc041b]
V  [jvm.dll+0xc06cc]
V  [jvm.dll+0x13f934]
V  [jvm.dll+0x13e7f7]
V  [jvm.dll+0x12825d]
V  [jvm.dll+0x1284da]
V  [jvm.dll+0x1286d3]
V  [jvm.dll+0x1279e7]
V  [jvm.dll+0x1295b7]
V  [jvm.dll+0x20e0d7]
V  [jvm.dll+0x20c901]
V  [jvm.dll+0x6f9b7f]
V  [jvm.dll+0x6f26a5]
V  [jvm.dll+0x5fabf6]
C  [ucrtbase.dll+0x26c0c]
C  [KERNEL32.DLL+0x154e0]
C  [ntdll.dll+0x485b]


---------------  P R O C E S S  ---------------

Threads class SMR info:
_java_thread_list=0x000001fb69e6d7d0, length=124, elements={
0x000001fb4c6ee000, 0x000001fb66b3d800, 0x000001fb66b3e800, 0x000001fb674c2800,
0x000001fb674c3800, 0x000001fb674c5000, 0x000001fb674c8800, 0x000001fb674cf800,
0x000001fb66b9c000, 0x000001fb67618000, 0x000001fb6903f000, 0x000001fb692f2800,
0x000001fb68840800, 0x000001fb69083000, 0x000001fb68fc5800, 0x000001fb69844800,
0x000001fb69846000, 0x000001fb69869000, 0x000001fb69424800, 0x000001fb6945d800,
0x000001fb6945c000, 0x000001fb69458800, 0x000001fb6945f000, 0x000001fb6945b000,
0x000001fb69459800, 0x000001fb6945a000, 0x000001fb6945c800, 0x000001fb6945e800,
0x000001fb6b397800, 0x000001fb6b399000, 0x000001fb6b396800, 0x000001fb6b39b000,
0x000001fb6b39a000, 0x000001fb6b395000, 0x000001fb6b398800, 0x000001fb6b39b800,
0x000001fb6b396000, 0x000001fb6b39f800, 0x000001fb6b39d800, 0x000001fb6b3a2000,
0x000001fb6b39c800, 0x000001fb6b39f000, 0x000001fb6b3a3000, 0x000001fb6b3a4000,
0x000001fb6b39e000, 0x000001fb6b84c000, 0x000001fb6b84c800, 0x000001fb6b850000,
0x000001fb6b84d800, 0x000001fb6b84b000, 0x000001fb6b84f000, 0x000001fb6b854000,
0x000001fb6b850800, 0x000001fb6b84e000, 0x000001fb6b854800, 0x000001fb6b857000,
0x000001fb6b856800, 0x000001fb6b853000, 0x000001fb6b851800, 0x000001fb6b852800,
0x000001fb6b855800, 0x000001fb6b858000, 0x000001fb6b859000, 0x000001fb6b859800,
0x000001fb6d826800, 0x000001fb6d822800, 0x000001fb6d828800, 0x000001fb6d826000,
0x000001fb6d829000, 0x000001fb6d824000, 0x000001fb6d827800, 0x000001fb6d825000,
0x000001fb6d823800, 0x000001fb6d82a000, 0x000001fb6d82d000, 0x000001fb6d830800,
0x000001fb6d82f000, 0x000001fb6d82b000, 0x000001fb6d82b800, 0x000001fb6d82c800,
0x000001fb6d82e000, 0x000001fb6d831800, 0x000001fb6d82f800, 0x000001fb6c27e800,
0x000001fb6c281800, 0x000001fb6c27f000, 0x000001fb6c280000, 0x000001fb6c280800,
0x000001fb6c27c000, 0x000001fb6c282800, 0x000001fb6c27c800, 0x000001fb6c283000,
0x000001fb6c27d800, 0x000001fb6c289000, 0x000001fb6c284000, 0x000001fb6c287800,
0x000001fb6c288000, 0x000001fb6c28a800, 0x000001fb6c285000, 0x000001fb6c289800,
0x000001fb6c285800, 0x000001fb6c286800, 0x000001fb6d537800, 0x000001fb6d539000,
0x000001fb6d538800, 0x000001fb6d53a000, 0x000001fb6d53b000, 0x000001fb6d53b800,
0x000001fb6d537000, 0x000001fb6d536000, 0x000001fb6d540800, 0x000001fb6d53f000,
0x000001fb6d541800, 0x000001fb6d540000, 0x000001fb6d53c800, 0x000001fb6d543000,
0x000001fb6d542000, 0x000001fb6d53d800, 0x000001fb6d544000, 0x000001fb6d53e000,
0x000001fb6d544800, 0x000001fb69d98800, 0x000001fb69d9b800, 0x000001fb69d9d000
}

Java Threads: ( => current thread )
  0x000001fb4c6ee000 JavaThread "main" [_thread_blocked, id=13644, stack(0x000000b666200000,0x000000b666300000)]
  0x000001fb66b3d800 JavaThread "Reference Handler" daemon [_thread_blocked, id=9408, stack(0x000000b666900000,0x000000b666a00000)]
  0x000001fb66b3e800 JavaThread "Finalizer" daemon [_thread_blocked, id=16568, stack(0x000000b666a00000,0x000000b666b00000)]
  0x000001fb674c2800 JavaThread "Signal Dispatcher" daemon [_thread_blocked, id=13884, stack(0x000000b666b00000,0x000000b666c00000)]
  0x000001fb674c3800 JavaThread "Attach Listener" daemon [_thread_blocked, id=17308, stack(0x000000b666c00000,0x000000b666d00000)]
  0x000001fb674c5000 JavaThread "Service Thread" daemon [_thread_blocked, id=11428, stack(0x000000b666d00000,0x000000b666e00000)]
  0x000001fb674c8800 JavaThread "C2 CompilerThread0" daemon [_thread_in_native, id=17248, stack(0x000000b666e00000,0x000000b666f00000)]
=>0x000001fb674cf800 JavaThread "C1 CompilerThread0" daemon [_thread_in_native, id=16852, stack(0x000000b666f00000,0x000000b667000000)]
  0x000001fb66b9c000 JavaThread "Sweeper thread" daemon [_thread_blocked, id=17144, stack(0x000000b667000000,0x000000b667100000)]
  0x000001fb67618000 JavaThread "Common-Cleaner" daemon [_thread_blocked, id=16268, stack(0x000000b667100000,0x000000b667200000)]
  0x000001fb6903f000 JavaThread "Daemon health stats" [_thread_blocked, id=13640, stack(0x000000b667400000,0x000000b667500000)]
  0x000001fb692f2800 JavaThread "Incoming local TCP Connector on port 53648" [_thread_in_native, id=12856, stack(0x000000b667500000,0x000000b667600000)]
  0x000001fb68840800 JavaThread "Daemon periodic checks" [_thread_blocked, id=11196, stack(0x000000b667600000,0x000000b667700000)]
  0x000001fb69083000 JavaThread "Daemon" [_thread_blocked, id=17160, stack(0x000000b667700000,0x000000b667800000)]
  0x000001fb68fc5800 JavaThread "Handler for socket connection from /127.0.0.1:53648 to /127.0.0.1:53649" [_thread_in_native, id=11908, stack(0x000000b667800000,0x000000b667900000)]
  0x000001fb69844800 JavaThread "Cancel handler" [_thread_blocked, id=17424, stack(0x000000b667f00000,0x000000b668000000)]
  0x000001fb69846000 JavaThread "Daemon worker" [_thread_in_vm, id=17428, stack(0x000000b668000000,0x000000b668100000)]
  0x000001fb69869000 JavaThread "Asynchronous log dispatcher for DefaultDaemonConnection: socket connection from /127.0.0.1:53648 to /127.0.0.1:53649" [_thread_blocked, id=17440, stack(0x000000b668100000,0x000000b668200000)]
  0x000001fb69424800 JavaThread "Stdin handler" [_thread_blocked, id=17444, stack(0x000000b668200000,0x000000b668300000)]
  0x000001fb6945d800 JavaThread "Daemon client event forwarder" [_thread_blocked, id=17448, stack(0x000000b668300000,0x000000b668400000)]
  0x000001fb6945c000 JavaThread "Cache worker for journal cache (C:\Users\asus\.gradle\caches\journal-1)" [_thread_blocked, id=17452, stack(0x000000b668400000,0x000000b668500000)]
  0x000001fb69458800 JavaThread "File lock request listener" [_thread_in_native, id=17456, stack(0x000000b668500000,0x000000b668600000)]
  0x000001fb6945f000 JavaThread "Cache worker for file hash cache (C:\Users\asus\.gradle\caches\7.3.3\fileHashes)" [_thread_blocked, id=17464, stack(0x000000b668700000,0x000000b668800000)]
  0x000001fb6945b000 JavaThread "Cache worker for file hash cache (C:\Users\asus\AndroidStudioProjects\UnicornRace\.gradle\7.3.3\fileHashes)" [_thread_blocked, id=17468, stack(0x000000b668800000,0x000000b668900000)]
  0x000001fb69459800 JavaThread "File watcher server" daemon [_thread_in_native, id=17476, stack(0x000000b668900000,0x000000b668a00000)]
  0x000001fb6945a000 JavaThread "File watcher consumer" daemon [_thread_blocked, id=17480, stack(0x000000b668a00000,0x000000b668b00000)]
  0x000001fb6945c800 JavaThread "jar transforms" [_thread_blocked, id=17484, stack(0x000000b668b00000,0x000000b668c00000)]
  0x000001fb6945e800 JavaThread "jar transforms Thread 2" [_thread_blocked, id=17488, stack(0x000000b668c00000,0x000000b668d00000)]
  0x000001fb6b397800 JavaThread "jar transforms Thread 3" [_thread_blocked, id=17492, stack(0x000000b668d00000,0x000000b668e00000)]
  0x000001fb6b399000 JavaThread "jar transforms Thread 4" [_thread_blocked, id=17496, stack(0x000000b668e00000,0x000000b668f00000)]
  0x000001fb6b396800 JavaThread "jar transforms Thread 5" [_thread_blocked, id=17500, stack(0x000000b668f00000,0x000000b669000000)]
  0x000001fb6b39b000 JavaThread "jar transforms Thread 6" [_thread_blocked, id=17504, stack(0x000000b669000000,0x000000b669100000)]
  0x000001fb6b39a000 JavaThread "jar transforms Thread 7" [_thread_blocked, id=17508, stack(0x000000b669100000,0x000000b669200000)]
  0x000001fb6b395000 JavaThread "jar transforms Thread 8" [_thread_blocked, id=17512, stack(0x000000b669200000,0x000000b669300000)]
  0x000001fb6b398800 JavaThread "Cache worker for checksums cache (C:\Users\asus\AndroidStudioProjects\UnicornRace\.gradle\7.3.3\checksums)" [_thread_blocked, id=17516, stack(0x000000b669300000,0x000000b669400000)]
  0x000001fb6b39b800 JavaThread "Cache worker for cache directory md-supplier (C:\Users\asus\.gradle\caches\7.3.3\md-supplier)" [_thread_blocked, id=17520, stack(0x000000b669400000,0x000000b669500000)]
  0x000001fb6b396000 JavaThread "Cache worker for cache directory md-rule (C:\Users\asus\.gradle\caches\7.3.3\md-rule)" [_thread_blocked, id=17524, stack(0x000000b669500000,0x000000b669600000)]
  0x000001fb6b39f800 JavaThread "Cache worker for execution history cache (C:\Users\asus\.gradle\caches\7.3.3\executionHistory)" [_thread_blocked, id=17528, stack(0x000000b669600000,0x000000b669700000)]
  0x000001fb6b39d800 JavaThread "Cache worker for file content cache (C:\Users\asus\.gradle\caches\7.3.3\fileContent)" [_thread_blocked, id=17536, stack(0x000000b669700000,0x000000b669800000)]
  0x000001fb6b3a2000 JavaThread "Cache worker for dependencies-accessors (C:\Users\asus\AndroidStudioProjects\UnicornRace\.gradle\7.3.3\dependencies-accessors)" [_thread_blocked, id=17564, stack(0x000000b669800000,0x000000b669900000)]
  0x000001fb6b39c800 JavaThread "Cache worker for Build Output Cleanup Cache (C:\Users\asus\AndroidStudioProjects\UnicornRace\.gradle\buildOutputCleanup)" [_thread_blocked, id=17588, stack(0x000000b669900000,0x000000b669a00000)]
  0x000001fb6b39f000 JavaThread "Unconstrained build operations" [_thread_blocked, id=17592, stack(0x000000b669a00000,0x000000b669b00000)]
  0x000001fb6b3a3000 JavaThread "Unconstrained build operations Thread 2" [_thread_blocked, id=17596, stack(0x000000b669b00000,0x000000b669c00000)]
  0x000001fb6b3a4000 JavaThread "Unconstrained build operations Thread 3" [_thread_blocked, id=17600, stack(0x000000b669c00000,0x000000b669d00000)]
  0x000001fb6b39e000 JavaThread "Unconstrained build operations Thread 4" [_thread_blocked, id=17604, stack(0x000000b669d00000,0x000000b669e00000)]
  0x000001fb6b84c000 JavaThread "Unconstrained build operations Thread 5" [_thread_blocked, id=17608, stack(0x000000b669e00000,0x000000b669f00000)]
  0x000001fb6b84c800 JavaThread "Unconstrained build operations Thread 6" [_thread_blocked, id=17612, stack(0x000000b669f00000,0x000000b66a000000)]
  0x000001fb6b850000 JavaThread "Unconstrained build operations Thread 7" [_thread_blocked, id=17616, stack(0x000000b66a000000,0x000000b66a100000)]
  0x000001fb6b84d800 JavaThread "Unconstrained build operations Thread 8" [_thread_blocked, id=17620, stack(0x000000b66a100000,0x000000b66a200000)]
  0x000001fb6b84b000 JavaThread "Unconstrained build operations Thread 9" [_thread_blocked, id=17624, stack(0x000000b66a200000,0x000000b66a300000)]
  0x000001fb6b84f000 JavaThread "Unconstrained build operations Thread 10" [_thread_blocked, id=17628, stack(0x000000b66a300000,0x000000b66a400000)]
  0x000001fb6b854000 JavaThread "Unconstrained build operations Thread 11" [_thread_blocked, id=17632, stack(0x000000b66a400000,0x000000b66a500000)]
  0x000001fb6b850800 JavaThread "Unconstrained build operations Thread 12" [_thread_blocked, id=17636, stack(0x000000b66a500000,0x000000b66a600000)]
  0x000001fb6b84e000 JavaThread "Unconstrained build operations Thread 13" [_thread_blocked, id=17640, stack(0x000000b66a600000,0x000000b66a700000)]
  0x000001fb6b854800 JavaThread "Unconstrained build operations Thread 14" [_thread_blocked, id=17644, stack(0x000000b66a700000,0x000000b66a800000)]
  0x000001fb6b857000 JavaThread "Unconstrained build operations Thread 15" [_thread_blocked, id=17648, stack(0x000000b66a800000,0x000000b66a900000)]
  0x000001fb6b856800 JavaThread "Unconstrained build operations Thread 16" [_thread_blocked, id=17652, stack(0x000000b66a900000,0x000000b66aa00000)]
  0x000001fb6b853000 JavaThread "Unconstrained build operations Thread 17" [_thread_blocked, id=17656, stack(0x000000b66aa00000,0x000000b66ab00000)]
  0x000001fb6b851800 JavaThread "Unconstrained build operations Thread 18" [_thread_blocked, id=17660, stack(0x000000b66ab00000,0x000000b66ac00000)]
  0x000001fb6b852800 JavaThread "Unconstrained build operations Thread 19" [_thread_blocked, id=17664, stack(0x000000b66ac00000,0x000000b66ad00000)]
  0x000001fb6b855800 JavaThread "Unconstrained build operations Thread 20" [_thread_blocked, id=17668, stack(0x000000b66ad00000,0x000000b66ae00000)]
  0x000001fb6b858000 JavaThread "Unconstrained build operations Thread 21" [_thread_blocked, id=17672, stack(0x000000b66ae00000,0x000000b66af00000)]
  0x000001fb6b859000 JavaThread "Unconstrained build operations Thread 22" [_thread_blocked, id=17676, stack(0x000000b66af00000,0x000000b66b000000)]
  0x000001fb6b859800 JavaThread "Unconstrained build operations Thread 23" [_thread_blocked, id=17680, stack(0x000000b66b000000,0x000000b66b100000)]
  0x000001fb6d826800 JavaThread "Unconstrained build operations Thread 24" [_thread_blocked, id=17684, stack(0x000000b66b100000,0x000000b66b200000)]
  0x000001fb6d822800 JavaThread "Unconstrained build operations Thread 25" [_thread_blocked, id=17688, stack(0x000000b66b200000,0x000000b66b300000)]
  0x000001fb6d828800 JavaThread "Unconstrained build operations Thread 26" [_thread_blocked, id=17692, stack(0x000000b66b300000,0x000000b66b400000)]
  0x000001fb6d826000 JavaThread "Unconstrained build operations Thread 27" [_thread_blocked, id=17696, stack(0x000000b66b400000,0x000000b66b500000)]
  0x000001fb6d829000 JavaThread "Unconstrained build operations Thread 28" [_thread_blocked, id=17700, stack(0x000000b66b500000,0x000000b66b600000)]
  0x000001fb6d824000 JavaThread "Unconstrained build operations Thread 29" [_thread_blocked, id=17704, stack(0x000000b66b600000,0x000000b66b700000)]
  0x000001fb6d827800 JavaThread "Unconstrained build operations Thread 30" [_thread_blocked, id=17708, stack(0x000000b66b700000,0x000000b66b800000)]
  0x000001fb6d825000 JavaThread "Unconstrained build operations Thread 31" [_thread_blocked, id=17712, stack(0x000000b66b800000,0x000000b66b900000)]
  0x000001fb6d823800 JavaThread "Unconstrained build operations Thread 32" [_thread_blocked, id=17716, stack(0x000000b66b900000,0x000000b66ba00000)]
  0x000001fb6d82a000 JavaThread "Unconstrained build operations Thread 33" [_thread_blocked, id=17720, stack(0x000000b66ba00000,0x000000b66bb00000)]
  0x000001fb6d82d000 JavaThread "Unconstrained build operations Thread 34" [_thread_blocked, id=17724, stack(0x000000b66bb00000,0x000000b66bc00000)]
  0x000001fb6d830800 JavaThread "Unconstrained build operations Thread 35" [_thread_blocked, id=17728, stack(0x000000b66bc00000,0x000000b66bd00000)]
  0x000001fb6d82f000 JavaThread "Unconstrained build operations Thread 36" [_thread_blocked, id=17732, stack(0x000000b66bd00000,0x000000b66be00000)]
  0x000001fb6d82b000 JavaThread "Unconstrained build operations Thread 37" [_thread_blocked, id=17736, stack(0x000000b66be00000,0x000000b66bf00000)]
  0x000001fb6d82b800 JavaThread "Unconstrained build operations Thread 38" [_thread_blocked, id=17740, stack(0x000000b66bf00000,0x000000b66c000000)]
  0x000001fb6d82c800 JavaThread "Unconstrained build operations Thread 39" [_thread_blocked, id=17744, stack(0x000000b66c000000,0x000000b66c100000)]
  0x000001fb6d82e000 JavaThread "Unconstrained build operations Thread 40" [_thread_blocked, id=17748, stack(0x000000b66c100000,0x000000b66c200000)]
  0x000001fb6d831800 JavaThread "Unconstrained build operations Thread 41" [_thread_blocked, id=17752, stack(0x000000b66c200000,0x000000b66c300000)]
  0x000001fb6d82f800 JavaThread "Unconstrained build operations Thread 42" [_thread_blocked, id=17756, stack(0x000000b66c300000,0x000000b66c400000)]
  0x000001fb6c27e800 JavaThread "Unconstrained build operations Thread 43" [_thread_blocked, id=17760, stack(0x000000b66c400000,0x000000b66c500000)]
  0x000001fb6c281800 JavaThread "Unconstrained build operations Thread 44" [_thread_blocked, id=17764, stack(0x000000b66c500000,0x000000b66c600000)]
  0x000001fb6c27f000 JavaThread "Unconstrained build operations Thread 45" [_thread_blocked, id=17768, stack(0x000000b66c600000,0x000000b66c700000)]
  0x000001fb6c280000 JavaThread "Unconstrained build operations Thread 46" [_thread_blocked, id=17772, stack(0x000000b66c700000,0x000000b66c800000)]
  0x000001fb6c280800 JavaThread "Unconstrained build operations Thread 47" [_thread_blocked, id=17776, stack(0x000000b66c800000,0x000000b66c900000)]
  0x000001fb6c27c000 JavaThread "Unconstrained build operations Thread 48" [_thread_blocked, id=17780, stack(0x000000b66c900000,0x000000b66ca00000)]
  0x000001fb6c282800 JavaThread "Unconstrained build operations Thread 49" [_thread_blocked, id=17784, stack(0x000000b66ca00000,0x000000b66cb00000)]
  0x000001fb6c27c800 JavaThread "Unconstrained build operations Thread 50" [_thread_blocked, id=17788, stack(0x000000b66cb00000,0x000000b66cc00000)]
  0x000001fb6c283000 JavaThread "Unconstrained build operations Thread 51" [_thread_blocked, id=17792, stack(0x000000b66cc00000,0x000000b66cd00000)]
  0x000001fb6c27d800 JavaThread "Unconstrained build operations Thread 52" [_thread_blocked, id=17796, stack(0x000000b66cd00000,0x000000b66ce00000)]
  0x000001fb6c289000 JavaThread "Unconstrained build operations Thread 53" [_thread_blocked, id=17800, stack(0x000000b66ce00000,0x000000b66cf00000)]
  0x000001fb6c284000 JavaThread "Unconstrained build operations Thread 54" [_thread_blocked, id=17804, stack(0x000000b66cf00000,0x000000b66d000000)]
  0x000001fb6c287800 JavaThread "Unconstrained build operations Thread 55" [_thread_blocked, id=17808, stack(0x000000b66d000000,0x000000b66d100000)]
  0x000001fb6c288000 JavaThread "Unconstrained build operations Thread 56" [_thread_blocked, id=17812, stack(0x000000b66d100000,0x000000b66d200000)]
  0x000001fb6c28a800 JavaThread "Unconstrained build operations Thread 57" [_thread_blocked, id=17816, stack(0x000000b66d200000,0x000000b66d300000)]
  0x000001fb6c285000 JavaThread "Unconstrained build operations Thread 58" [_thread_blocked, id=17820, stack(0x000000b66d300000,0x000000b66d400000)]
  0x000001fb6c289800 JavaThread "Unconstrained build operations Thread 59" [_thread_blocked, id=17824, stack(0x000000b66d400000,0x000000b66d500000)]
  0x000001fb6c285800 JavaThread "Unconstrained build operations Thread 60" [_thread_blocked, id=17828, stack(0x000000b66d500000,0x000000b66d600000)]
  0x000001fb6c286800 JavaThread "Unconstrained build operations Thread 61" [_thread_blocked, id=17832, stack(0x000000b66d600000,0x000000b66d700000)]
  0x000001fb6d537800 JavaThread "Unconstrained build operations Thread 62" [_thread_blocked, id=17836, stack(0x000000b66d700000,0x000000b66d800000)]
  0x000001fb6d539000 JavaThread "Unconstrained build operations Thread 63" [_thread_blocked, id=17840, stack(0x000000b66d800000,0x000000b66d900000)]
  0x000001fb6d538800 JavaThread "Unconstrained build operations Thread 64" [_thread_blocked, id=17844, stack(0x000000b66d900000,0x000000b66da00000)]
  0x000001fb6d53a000 JavaThread "Unconstrained build operations Thread 65" [_thread_blocked, id=17848, stack(0x000000b66da00000,0x000000b66db00000)]
  0x000001fb6d53b000 JavaThread "Unconstrained build operations Thread 66" [_thread_blocked, id=17852, stack(0x000000b66db00000,0x000000b66dc00000)]
  0x000001fb6d53b800 JavaThread "Unconstrained build operations Thread 67" [_thread_blocked, id=17856, stack(0x000000b66dc00000,0x000000b66dd00000)]
  0x000001fb6d537000 JavaThread "Unconstrained build operations Thread 68" [_thread_blocked, id=17860, stack(0x000000b66dd00000,0x000000b66de00000)]
  0x000001fb6d536000 JavaThread "Unconstrained build operations Thread 69" [_thread_blocked, id=17864, stack(0x000000b66de00000,0x000000b66df00000)]
  0x000001fb6d540800 JavaThread "Unconstrained build operations Thread 70" [_thread_blocked, id=17868, stack(0x000000b66df00000,0x000000b66e000000)]
  0x000001fb6d53f000 JavaThread "Unconstrained build operations Thread 71" [_thread_blocked, id=17872, stack(0x000000b66e000000,0x000000b66e100000)]
  0x000001fb6d541800 JavaThread "Unconstrained build operations Thread 72" [_thread_blocked, id=17876, stack(0x000000b66e100000,0x000000b66e200000)]
  0x000001fb6d540000 JavaThread "Unconstrained build operations Thread 73" [_thread_blocked, id=17880, stack(0x000000b66e200000,0x000000b66e300000)]
  0x000001fb6d53c800 JavaThread "Unconstrained build operations Thread 74" [_thread_blocked, id=17884, stack(0x000000b66e300000,0x000000b66e400000)]
  0x000001fb6d543000 JavaThread "Unconstrained build operations Thread 75" [_thread_blocked, id=17888, stack(0x000000b66e400000,0x000000b66e500000)]
  0x000001fb6d542000 JavaThread "Unconstrained build operations Thread 76" [_thread_blocked, id=17892, stack(0x000000b66e500000,0x000000b66e600000)]
  0x000001fb6d53d800 JavaThread "Unconstrained build operations Thread 77" [_thread_blocked, id=17896, stack(0x000000b66e600000,0x000000b66e700000)]
  0x000001fb6d544000 JavaThread "Unconstrained build operations Thread 78" [_thread_blocked, id=17900, stack(0x000000b66e700000,0x000000b66e800000)]
  0x000001fb6d53e000 JavaThread "Unconstrained build operations Thread 79" [_thread_blocked, id=17904, stack(0x000000b66e800000,0x000000b66e900000)]
  0x000001fb6d544800 JavaThread "Unconstrained build operations Thread 80" [_thread_blocked, id=17908, stack(0x000000b66e900000,0x000000b66ea00000)]
  0x000001fb69d98800 JavaThread "Memory manager" [_thread_blocked, id=18040, stack(0x000000b66eb00000,0x000000b66ec00000)]
  0x000001fb69d9b800 JavaThread "pool-3-thread-1" [_thread_blocked, id=13464, stack(0x000000b66ea00000,0x000000b66eb00000)]
  0x000001fb69d9d000 JavaThread "Cache worker for execution history cache (C:\Users\asus\AndroidStudioProjects\UnicornRace\.gradle\7.3.3\executionHistory)" [_thread_blocked, id=17912, stack(0x000000b66f300000,0x000000b66f400000)]

Other Threads:
  0x000001fb66b35000 VMThread "VM Thread" [stack: 0x000000b666800000,0x000000b666900000] [id=9328]
  0x000001fb6763f800 WatcherThread [stack: 0x000000b667200000,0x000000b667300000] [id=10512]
  0x000001fb4c707000 GCTaskThread "GC Thread#0" [stack: 0x000000b666300000,0x000000b666400000] [id=16660]
  0x000001fb678be000 GCTaskThread "GC Thread#1" [stack: 0x000000b667300000,0x000000b667400000] [id=4284]
  0x000001fb6936b000 GCTaskThread "GC Thread#2" [stack: 0x000000b667900000,0x000000b667a00000] [id=10072]
  0x000001fb6936d000 GCTaskThread "GC Thread#3" [stack: 0x000000b667a00000,0x000000b667b00000] [id=6548]
  0x000001fb6936d800 GCTaskThread "GC Thread#4" [stack: 0x000000b667b00000,0x000000b667c00000] [id=15884]
  0x000001fb69354000 GCTaskThread "GC Thread#5" [stack: 0x000000b667c00000,0x000000b667d00000] [id=17412]
  0x000001fb69355000 GCTaskThread "GC Thread#6" [stack: 0x000000b667d00000,0x000000b667e00000] [id=17416]
  0x000001fb6981f800 GCTaskThread "GC Thread#7" [stack: 0x000000b667e00000,0x000000b667f00000] [id=17420]
  0x000001fb4c737800 ConcurrentGCThread "G1 Main Marker" [stack: 0x000000b666400000,0x000000b666500000] [id=16632]
  0x000001fb4c739000 ConcurrentGCThread "G1 Conc#0" [stack: 0x000000b666500000,0x000000b666600000] [id=16432]
  0x000001fb6784d000 ConcurrentGCThread "G1 Conc#1" [stack: 0x000000b668600000,0x000000b668700000] [id=17460]
  0x000001fb4c791800 ConcurrentGCThread "G1 Refine#0" [stack: 0x000000b666600000,0x000000b666700000] [id=16604]
  0x000001fb4c792800 ConcurrentGCThread "G1 Young RemSet Sampling" [stack: 0x000000b666700000,0x000000b666800000] [id=5572]

Threads with active compile tasks:
C2 CompilerThread0  37400 9477       4       org.gradle.internal.instantiation.generator.AbstractClassGenerator::inspectType (560 bytes)
C1 CompilerThread0  37400 9696       3       org.gradle.api.internal.DefaultNamedDomainObjectCollection::doAdd (63 bytes)

VM state:not at safepoint (normal execution)

VM Mutex/Monitor currently owned by a thread: None

Heap address: 0x0000000080000000, size: 2048 MB, Compressed Oops mode: 32-bit
Narrow klass base: 0x0000000000000000, Narrow klass shift: 3
Compressed class space size: 1073741824 Address: 0x0000000100000000

Heap:
 garbage-first heap   total 176128K, used 134746K [0x0000000080000000, 0x0000000100000000)
  region size 1024K, 24 young (24576K), 3 survivors (3072K)
 Metaspace       used 94960K, capacity 97543K, committed 97792K, reserved 1134592K
  class space    used 12281K, capacity 13189K, committed 13312K, reserved 1048576K
Heap Regions: E=young(eden), S=young(survivor), O=old, HS=humongous(starts), HC=humongous(continues), CS=collection set, F=free, A=archive, TAMS=top-at-mark-start (previous, next)
|   0|0x0000000080000000, 0x0000000080100000, 0x0000000080100000|100%| O|  |TAMS 0x0000000080100000, 0x0000000080000000| Untracked 
|   1|0x0000000080100000, 0x0000000080200000, 0x0000000080200000|100%| O|  |TAMS 0x0000000080200000, 0x0000000080100000| Untracked 
|   2|0x0000000080200000, 0x0000000080300000, 0x0000000080300000|100%| O|  |TAMS 0x0000000080300000, 0x0000000080200000| Untracked 
|   3|0x0000000080300000, 0x0000000080400000, 0x0000000080400000|100%|HS|  |TAMS 0x0000000080400000, 0x0000000080300000| Complete 
|   4|0x0000000080400000, 0x0000000080500000, 0x0000000080500000|100%|HC|  |TAMS 0x0000000080500000, 0x0000000080400000| Complete 
|   5|0x0000000080500000, 0x0000000080600000, 0x0000000080600000|100%|HC|  |TAMS 0x0000000080600000, 0x0000000080500000| Complete 
|   6|0x0000000080600000, 0x0000000080700000, 0x0000000080700000|100%| O|  |TAMS 0x0000000080700000, 0x0000000080600000| Untracked 
|   7|0x0000000080700000, 0x0000000080800000, 0x0000000080800000|100%| O|  |TAMS 0x0000000080800000, 0x0000000080700000| Untracked 
|   8|0x0000000080800000, 0x0000000080900000, 0x0000000080900000|100%| O|  |TAMS 0x0000000080900000, 0x0000000080800000| Untracked 
|   9|0x0000000080900000, 0x0000000080a00000, 0x0000000080a00000|100%| O|  |TAMS 0x0000000080a00000, 0x0000000080900000| Untracked 
|  10|0x0000000080a00000, 0x0000000080b00000, 0x0000000080b00000|100%| O|  |TAMS 0x0000000080b00000, 0x0000000080a00000| Untracked 
|  11|0x0000000080b00000, 0x0000000080c00000, 0x0000000080c00000|100%| O|  |TAMS 0x0000000080c00000, 0x0000000080b00000| Untracked 
|  12|0x0000000080c00000, 0x0000000080d00000, 0x0000000080d00000|100%| O|  |TAMS 0x0000000080d00000, 0x0000000080c00000| Untracked 
|  13|0x0000000080d00000, 0x0000000080e00000, 0x0000000080e00000|100%| O|  |TAMS 0x0000000080e00000, 0x0000000080d00000| Untracked 
|  14|0x0000000080e00000, 0x0000000080f00000, 0x0000000080f00000|100%| O|  |TAMS 0x0000000080f00000, 0x0000000080e00000| Untracked 
|  15|0x0000000080f00000, 0x0000000081000000, 0x0000000081000000|100%| O|  |TAMS 0x0000000081000000, 0x0000000080f00000| Untracked 
|  16|0x0000000081000000, 0x0000000081100000, 0x0000000081100000|100%| O|  |TAMS 0x0000000081100000, 0x0000000081000000| Untracked 
|  17|0x0000000081100000, 0x0000000081200000, 0x0000000081200000|100%|HS|  |TAMS 0x0000000081200000, 0x0000000081100000| Complete 
|  18|0x0000000081200000, 0x0000000081300000, 0x0000000081300000|100%|HC|  |TAMS 0x0000000081300000, 0x0000000081200000| Complete 
|  19|0x0000000081300000, 0x0000000081400000, 0x0000000081400000|100%|HS|  |TAMS 0x0000000081400000, 0x0000000081300000| Complete 
|  20|0x0000000081400000, 0x0000000081500000, 0x0000000081500000|100%|HC|  |TAMS 0x0000000081500000, 0x0000000081400000| Complete 
|  21|0x0000000081500000, 0x0000000081600000, 0x0000000081600000|100%|HC|  |TAMS 0x0000000081600000, 0x0000000081500000| Complete 
|  22|0x0000000081600000, 0x0000000081700000, 0x0000000081700000|100%|HS|  |TAMS 0x0000000081700000, 0x0000000081600000| Complete 
|  23|0x0000000081700000, 0x0000000081800000, 0x0000000081800000|100%| O|  |TAMS 0x0000000081800000, 0x0000000081700000| Untracked 
|  24|0x0000000081800000, 0x0000000081900000, 0x0000000081900000|100%| O|  |TAMS 0x0000000081900000, 0x0000000081800000| Untracked 
|  25|0x0000000081900000, 0x0000000081a00000, 0x0000000081a00000|100%| O|  |TAMS 0x0000000081a00000, 0x0000000081900000| Untracked 
|  26|0x0000000081a00000, 0x0000000081b00000, 0x0000000081b00000|100%| O|  |TAMS 0x0000000081b00000, 0x0000000081a00000| Untracked 
|  27|0x0000000081b00000, 0x0000000081c00000, 0x0000000081c00000|100%|HS|  |TAMS 0x0000000081c00000, 0x0000000081b00000| Complete 
|  28|0x0000000081c00000, 0x0000000081d00000, 0x0000000081d00000|100%|HC|  |TAMS 0x0000000081d00000, 0x0000000081c00000| Complete 
|  29|0x0000000081d00000, 0x0000000081e00000, 0x0000000081e00000|100%|HC|  |TAMS 0x0000000081e00000, 0x0000000081d00000| Complete 
|  30|0x0000000081e00000, 0x0000000081f00000, 0x0000000081f00000|100%|HC|  |TAMS 0x0000000081f00000, 0x0000000081e00000| Complete 
|  31|0x0000000081f00000, 0x0000000082000000, 0x0000000082000000|100%| O|  |TAMS 0x0000000082000000, 0x0000000081f00000| Untracked 
|  32|0x0000000082000000, 0x0000000082100000, 0x0000000082100000|100%| O|  |TAMS 0x0000000082100000, 0x0000000082000000| Untracked 
|  33|0x0000000082100000, 0x0000000082200000, 0x0000000082200000|100%| O|  |TAMS 0x0000000082200000, 0x0000000082100000| Untracked 
|  34|0x0000000082200000, 0x0000000082300000, 0x0000000082300000|100%| O|  |TAMS 0x0000000082300000, 0x0000000082200000| Untracked 
|  35|0x0000000082300000, 0x0000000082400000, 0x0000000082400000|100%| O|  |TAMS 0x0000000082400000, 0x0000000082300000| Untracked 
|  36|0x0000000082400000, 0x0000000082500000, 0x0000000082500000|100%| O|  |TAMS 0x0000000082500000, 0x0000000082400000| Untracked 
|  37|0x0000000082500000, 0x0000000082600000, 0x0000000082600000|100%| O|  |TAMS 0x0000000082600000, 0x0000000082500000| Untracked 
|  38|0x0000000082600000, 0x0000000082700000, 0x0000000082700000|100%| O|  |TAMS 0x0000000082700000, 0x0000000082600000| Untracked 
|  39|0x0000000082700000, 0x0000000082800000, 0x0000000082800000|100%| O|  |TAMS 0x0000000082800000, 0x0000000082700000| Untracked 
|  40|0x0000000082800000, 0x0000000082900000, 0x0000000082900000|100%|HS|  |TAMS 0x0000000082900000, 0x0000000082800000| Complete 
|  41|0x0000000082900000, 0x0000000082a00000, 0x0000000082a00000|100%| O|  |TAMS 0x0000000082a00000, 0x0000000082900000| Untracked 
|  42|0x0000000082a00000, 0x0000000082b00000, 0x0000000082b00000|100%| O|  |TAMS 0x0000000082b00000, 0x0000000082a00000| Untracked 
|  43|0x0000000082b00000, 0x0000000082c00000, 0x0000000082c00000|100%|HS|  |TAMS 0x0000000082c00000, 0x0000000082b00000| Complete 
|  44|0x0000000082c00000, 0x0000000082d00000, 0x0000000082d00000|100%|HC|  |TAMS 0x0000000082d00000, 0x0000000082c00000| Complete 
|  45|0x0000000082d00000, 0x0000000082e00000, 0x0000000082e00000|100%|HC|  |TAMS 0x0000000082e00000, 0x0000000082d00000| Complete 
|  46|0x0000000082e00000, 0x0000000082f00000, 0x0000000082f00000|100%| O|  |TAMS 0x0000000082f00000, 0x0000000082e00000| Untracked 
|  47|0x0000000082f00000, 0x0000000083000000, 0x0000000083000000|100%| O|  |TAMS 0x0000000083000000, 0x0000000082f00000| Untracked 
|  48|0x0000000083000000, 0x0000000083100000, 0x0000000083100000|100%| O|  |TAMS 0x0000000083100000, 0x0000000083000000| Untracked 
|  49|0x0000000083100000, 0x0000000083200000, 0x0000000083200000|100%| O|  |TAMS 0x0000000083200000, 0x0000000083100000| Untracked 
|  50|0x0000000083200000, 0x0000000083300000, 0x0000000083300000|100%|HS|  |TAMS 0x0000000083300000, 0x0000000083200000| Complete 
|  51|0x0000000083300000, 0x0000000083400000, 0x0000000083400000|100%|HC|  |TAMS 0x0000000083400000, 0x0000000083300000| Complete 
|  52|0x0000000083400000, 0x0000000083500000, 0x0000000083500000|100%|HC|  |TAMS 0x0000000083500000, 0x0000000083400000| Complete 
|  53|0x0000000083500000, 0x0000000083600000, 0x0000000083600000|100%|HC|  |TAMS 0x0000000083600000, 0x0000000083500000| Complete 
|  54|0x0000000083600000, 0x0000000083700000, 0x0000000083700000|100%| O|  |TAMS 0x0000000083700000, 0x0000000083600000| Untracked 
|  55|0x0000000083700000, 0x0000000083800000, 0x0000000083800000|100%| O|  |TAMS 0x0000000083800000, 0x0000000083700000| Untracked 
|  56|0x0000000083800000, 0x0000000083900000, 0x0000000083900000|100%| O|  |TAMS 0x0000000083900000, 0x0000000083800000| Untracked 
|  57|0x0000000083900000, 0x0000000083a00000, 0x0000000083a00000|100%|HS|  |TAMS 0x0000000083a00000, 0x0000000083900000| Complete 
|  58|0x0000000083a00000, 0x0000000083b00000, 0x0000000083b00000|100%|HS|  |TAMS 0x0000000083b00000, 0x0000000083a00000| Complete 
|  59|0x0000000083b00000, 0x0000000083c00000, 0x0000000083c00000|100%| O|  |TAMS 0x0000000083c00000, 0x0000000083b00000| Untracked 
|  60|0x0000000083c00000, 0x0000000083d00000, 0x0000000083d00000|100%| O|  |TAMS 0x0000000083d00000, 0x0000000083c00000| Untracked 
|  61|0x0000000083d00000, 0x0000000083e00000, 0x0000000083e00000|100%| O|  |TAMS 0x0000000083e00000, 0x0000000083d00000| Untracked 
|  62|0x0000000083e00000, 0x0000000083f00000, 0x0000000083f00000|100%|HS|  |TAMS 0x0000000083f00000, 0x0000000083e00000| Complete 
|  63|0x0000000083f00000, 0x0000000084000000, 0x0000000084000000|100%|HC|  |TAMS 0x0000000084000000, 0x0000000083f00000| Complete 
|  64|0x0000000084000000, 0x0000000084100000, 0x0000000084100000|100%| O|  |TAMS 0x0000000084100000, 0x0000000084000000| Untracked 
|  65|0x0000000084100000, 0x0000000084200000, 0x0000000084200000|100%| O|  |TAMS 0x0000000084200000, 0x0000000084100000| Untracked 
|  66|0x0000000084200000, 0x0000000084300000, 0x0000000084300000|100%| O|  |TAMS 0x0000000084300000, 0x0000000084200000| Untracked 
|  67|0x0000000084300000, 0x0000000084400000, 0x0000000084400000|100%| O|  |TAMS 0x0000000084400000, 0x0000000084300000| Untracked 
|  68|0x0000000084400000, 0x0000000084500000, 0x0000000084500000|100%| O|  |TAMS 0x0000000084500000, 0x0000000084400000| Untracked 
|  69|0x0000000084500000, 0x0000000084600000, 0x0000000084600000|100%| O|  |TAMS 0x0000000084600000, 0x0000000084500000| Untracked 
|  70|0x0000000084600000, 0x0000000084700000, 0x0000000084700000|100%| O|  |TAMS 0x0000000084700000, 0x0000000084600000| Untracked 
|  71|0x0000000084700000, 0x0000000084800000, 0x0000000084800000|100%| O|  |TAMS 0x0000000084800000, 0x0000000084700000| Untracked 
|  72|0x0000000084800000, 0x0000000084900000, 0x0000000084900000|100%| O|  |TAMS 0x0000000084900000, 0x0000000084800000| Untracked 
|  73|0x0000000084900000, 0x0000000084a00000, 0x0000000084a00000|100%| O|  |TAMS 0x0000000084a00000, 0x0000000084900000| Untracked 
|  74|0x0000000084a00000, 0x0000000084b00000, 0x0000000084b00000|100%| O|  |TAMS 0x0000000084b00000, 0x0000000084a00000| Untracked 
|  75|0x0000000084b00000, 0x0000000084c00000, 0x0000000084c00000|100%| O|  |TAMS 0x0000000084c00000, 0x0000000084b00000| Untracked 
|  76|0x0000000084c00000, 0x0000000084d00000, 0x0000000084d00000|100%| O|  |TAMS 0x0000000084d00000, 0x0000000084c00000| Untracked 
|  77|0x0000000084d00000, 0x0000000084e00000, 0x0000000084e00000|100%| O|  |TAMS 0x0000000084e00000, 0x0000000084d00000| Untracked 
|  78|0x0000000084e00000, 0x0000000084f00000, 0x0000000084f00000|100%| O|  |TAMS 0x0000000084f00000, 0x0000000084e00000| Untracked 
|  79|0x0000000084f00000, 0x0000000085000000, 0x0000000085000000|100%| O|  |TAMS 0x0000000085000000, 0x0000000084f00000| Untracked 
|  80|0x0000000085000000, 0x0000000085100000, 0x0000000085100000|100%| O|  |TAMS 0x0000000085100000, 0x0000000085000000| Untracked 
|  81|0x0000000085100000, 0x0000000085200000, 0x0000000085200000|100%| O|  |TAMS 0x0000000085200000, 0x0000000085100000| Untracked 
|  82|0x0000000085200000, 0x0000000085300000, 0x0000000085300000|100%| O|  |TAMS 0x0000000085300000, 0x0000000085200000| Untracked 
|  83|0x0000000085300000, 0x0000000085400000, 0x0000000085400000|100%| O|  |TAMS 0x0000000085400000, 0x0000000085300000| Untracked 
|  84|0x0000000085400000, 0x0000000085500000, 0x0000000085500000|100%| O|  |TAMS 0x0000000085500000, 0x0000000085400000| Untracked 
|  85|0x0000000085500000, 0x0000000085600000, 0x0000000085600000|100%|HS|  |TAMS 0x0000000085600000, 0x0000000085500000| Complete 
|  86|0x0000000085600000, 0x0000000085700000, 0x0000000085700000|100%|HC|  |TAMS 0x0000000085700000, 0x0000000085600000| Complete 
|  87|0x0000000085700000, 0x0000000085800000, 0x0000000085800000|100%|HS|  |TAMS 0x0000000085800000, 0x0000000085700000| Complete 
|  88|0x0000000085800000, 0x0000000085900000, 0x0000000085900000|100%|HC|  |TAMS 0x0000000085900000, 0x0000000085800000| Complete 
|  89|0x0000000085900000, 0x0000000085a00000, 0x0000000085a00000|100%|HC|  |TAMS 0x0000000085a00000, 0x0000000085900000| Complete 
|  90|0x0000000085a00000, 0x0000000085b00000, 0x0000000085b00000|100%|HS|  |TAMS 0x0000000085b00000, 0x0000000085a00000| Complete 
|  91|0x0000000085b00000, 0x0000000085c00000, 0x0000000085c00000|100%|HS|  |TAMS 0x0000000085c00000, 0x0000000085b00000| Complete 
|  92|0x0000000085c00000, 0x0000000085d00000, 0x0000000085d00000|100%|HC|  |TAMS 0x0000000085d00000, 0x0000000085c00000| Complete 
|  93|0x0000000085d00000, 0x0000000085e00000, 0x0000000085e00000|100%|HC|  |TAMS 0x0000000085e00000, 0x0000000085d00000| Complete 
|  94|0x0000000085e00000, 0x0000000085f00000, 0x0000000085f00000|100%|HC|  |TAMS 0x0000000085f00000, 0x0000000085e00000| Complete 
|  95|0x0000000085f00000, 0x0000000086000000, 0x0000000086000000|100%| O|  |TAMS 0x0000000086000000, 0x0000000085f00000| Untracked 
|  96|0x0000000086000000, 0x0000000086100000, 0x0000000086100000|100%| O|  |TAMS 0x0000000086100000, 0x0000000086000000| Untracked 
|  97|0x0000000086100000, 0x0000000086200000, 0x0000000086200000|100%| O|  |TAMS 0x0000000086200000, 0x0000000086100000| Untracked 
|  98|0x0000000086200000, 0x0000000086300000, 0x0000000086300000|100%| O|  |TAMS 0x0000000086300000, 0x0000000086200000| Untracked 
|  99|0x0000000086300000, 0x0000000086400000, 0x0000000086400000|100%| O|  |TAMS 0x0000000086400000, 0x0000000086300000| Untracked 
| 100|0x0000000086400000, 0x0000000086500000, 0x0000000086500000|100%| O|  |TAMS 0x0000000086500000, 0x0000000086400000| Untracked 
| 101|0x0000000086500000, 0x0000000086600000, 0x0000000086600000|100%| O|  |TAMS 0x0000000086600000, 0x0000000086500000| Untracked 
| 102|0x0000000086600000, 0x0000000086700000, 0x0000000086700000|100%| O|  |TAMS 0x0000000086700000, 0x0000000086600000| Untracked 
| 103|0x0000000086700000, 0x0000000086800000, 0x0000000086800000|100%| O|  |TAMS 0x0000000086800000, 0x0000000086700000| Untracked 
| 104|0x0000000086800000, 0x0000000086900000, 0x0000000086900000|100%| O|  |TAMS 0x0000000086900000, 0x0000000086800000| Untracked 
| 105|0x0000000086900000, 0x0000000086a00000, 0x0000000086a00000|100%| O|  |TAMS 0x0000000086a00000, 0x0000000086900000| Untracked 
| 106|0x0000000086a00000, 0x0000000086b00000, 0x0000000086b00000|100%| O|  |TAMS 0x0000000086b00000, 0x0000000086a00000| Untracked 
| 107|0x0000000086b00000, 0x0000000086c00000, 0x0000000086c00000|100%| O|  |TAMS 0x0000000086c00000, 0x0000000086b00000| Untracked 
| 108|0x0000000086c00000, 0x0000000086ce2c00, 0x0000000086d00000| 88%| O|  |TAMS 0x0000000086ce2c00, 0x0000000086c00000| Untracked 
| 109|0x0000000086d00000, 0x0000000086d00000, 0x0000000086e00000|  0%| F|  |TAMS 0x0000000086d00000, 0x0000000086d00000| Untracked 
| 110|0x0000000086e00000, 0x0000000086e00000, 0x0000000086f00000|  0%| F|  |TAMS 0x0000000086e00000, 0x0000000086e00000| Untracked 
| 111|0x0000000086f00000, 0x0000000086f00000, 0x0000000087000000|  0%| F|  |TAMS 0x0000000086f00000, 0x0000000086f00000| Untracked 
| 112|0x0000000087000000, 0x0000000087000000, 0x0000000087100000|  0%| F|  |TAMS 0x0000000087000000, 0x0000000087000000| Untracked 
| 113|0x0000000087100000, 0x0000000087100000, 0x0000000087200000|  0%| F|  |TAMS 0x0000000087100000, 0x0000000087100000| Untracked 
| 114|0x0000000087200000, 0x0000000087200000, 0x0000000087300000|  0%| F|  |TAMS 0x0000000087200000, 0x0000000087200000| Untracked 
| 115|0x0000000087300000, 0x0000000087300000, 0x0000000087400000|  0%| F|  |TAMS 0x0000000087300000, 0x0000000087300000| Untracked 
| 116|0x0000000087400000, 0x0000000087400000, 0x0000000087500000|  0%| F|  |TAMS 0x0000000087400000, 0x0000000087400000| Untracked 
| 117|0x0000000087500000, 0x0000000087500000, 0x0000000087600000|  0%| F|  |TAMS 0x0000000087500000, 0x0000000087500000| Untracked 
| 118|0x0000000087600000, 0x0000000087600000, 0x0000000087700000|  0%| F|  |TAMS 0x0000000087600000, 0x0000000087600000| Untracked 
| 119|0x0000000087700000, 0x0000000087700000, 0x0000000087800000|  0%| F|  |TAMS 0x0000000087700000, 0x0000000087700000| Untracked 
| 120|0x0000000087800000, 0x0000000087800000, 0x0000000087900000|  0%| F|  |TAMS 0x0000000087800000, 0x0000000087800000| Untracked 
| 121|0x0000000087900000, 0x0000000087900000, 0x0000000087a00000|  0%| F|  |TAMS 0x0000000087900000, 0x0000000087900000| Untracked 
| 122|0x0000000087a00000, 0x0000000087a00000, 0x0000000087b00000|  0%| F|  |TAMS 0x0000000087a00000, 0x0000000087a00000| Untracked 
| 123|0x0000000087b00000, 0x0000000087b00000, 0x0000000087c00000|  0%| F|  |TAMS 0x0000000087b00000, 0x0000000087b00000| Untracked 
| 124|0x0000000087c00000, 0x0000000087c00000, 0x0000000087d00000|  0%| F|  |TAMS 0x0000000087c00000, 0x0000000087c00000| Untracked 
| 125|0x0000000087d00000, 0x0000000087d00000, 0x0000000087e00000|  0%| F|  |TAMS 0x0000000087d00000, 0x0000000087d00000| Untracked 
| 126|0x0000000087e00000, 0x0000000087e00000, 0x0000000087f00000|  0%| F|  |TAMS 0x0000000087e00000, 0x0000000087e00000| Untracked 
| 127|0x0000000087f00000, 0x0000000087f00000, 0x0000000088000000|  0%| F|  |TAMS 0x0000000087f00000, 0x0000000087f00000| Untracked 
| 128|0x0000000088000000, 0x0000000088000000, 0x0000000088100000|  0%| F|  |TAMS 0x0000000088000000, 0x0000000088000000| Untracked 
| 129|0x0000000088100000, 0x0000000088100000, 0x0000000088200000|  0%| F|  |TAMS 0x0000000088100000, 0x0000000088100000| Untracked 
| 130|0x0000000088200000, 0x0000000088200000, 0x0000000088300000|  0%| F|  |TAMS 0x0000000088200000, 0x0000000088200000| Untracked 
| 131|0x0000000088300000, 0x0000000088300000, 0x0000000088400000|  0%| F|  |TAMS 0x0000000088300000, 0x0000000088300000| Untracked 
| 132|0x0000000088400000, 0x0000000088400000, 0x0000000088500000|  0%| F|  |TAMS 0x0000000088400000, 0x0000000088400000| Untracked 
| 133|0x0000000088500000, 0x0000000088500000, 0x0000000088600000|  0%| F|  |TAMS 0x0000000088500000, 0x0000000088500000| Untracked 
| 134|0x0000000088600000, 0x0000000088600000, 0x0000000088700000|  0%| F|  |TAMS 0x0000000088600000, 0x0000000088600000| Untracked 
| 135|0x0000000088700000, 0x0000000088700000, 0x0000000088800000|  0%| F|  |TAMS 0x0000000088700000, 0x0000000088700000| Untracked 
| 136|0x0000000088800000, 0x0000000088800000, 0x0000000088900000|  0%| F|  |TAMS 0x0000000088800000, 0x0000000088800000| Untracked 
| 137|0x0000000088900000, 0x00000000889b3e98, 0x0000000088a00000| 70%| S|CS|TAMS 0x0000000088900000, 0x0000000088900000| Complete 
| 138|0x0000000088a00000, 0x0000000088b00000, 0x0000000088b00000|100%| S|CS|TAMS 0x0000000088a00000, 0x0000000088a00000| Complete 
| 139|0x0000000088b00000, 0x0000000088c00000, 0x0000000088c00000|100%| S|CS|TAMS 0x0000000088b00000, 0x0000000088b00000| Complete 
| 140|0x0000000088c00000, 0x0000000088c00000, 0x0000000088d00000|  0%| F|  |TAMS 0x0000000088c00000, 0x0000000088c00000| Untracked 
| 141|0x0000000088d00000, 0x0000000088d00000, 0x0000000088e00000|  0%| F|  |TAMS 0x0000000088d00000, 0x0000000088d00000| Untracked 
| 142|0x0000000088e00000, 0x0000000088e00000, 0x0000000088f00000|  0%| F|  |TAMS 0x0000000088e00000, 0x0000000088e00000| Untracked 
| 143|0x0000000088f00000, 0x0000000088f00000, 0x0000000089000000|  0%| F|  |TAMS 0x0000000088f00000, 0x0000000088f00000| Untracked 
| 144|0x0000000089000000, 0x0000000089000000, 0x0000000089100000|  0%| F|  |TAMS 0x0000000089000000, 0x0000000089000000| Untracked 
| 145|0x0000000089100000, 0x0000000089100000, 0x0000000089200000|  0%| F|  |TAMS 0x0000000089100000, 0x0000000089100000| Untracked 
| 146|0x0000000089200000, 0x0000000089200000, 0x0000000089300000|  0%| F|  |TAMS 0x0000000089200000, 0x0000000089200000| Untracked 
| 147|0x0000000089300000, 0x0000000089300000, 0x0000000089400000|  0%| F|  |TAMS 0x0000000089300000, 0x0000000089300000| Untracked 
| 148|0x0000000089400000, 0x0000000089400000, 0x0000000089500000|  0%| F|  |TAMS 0x0000000089400000, 0x0000000089400000| Untracked 
| 149|0x0000000089500000, 0x0000000089500000, 0x0000000089600000|  0%| F|  |TAMS 0x0000000089500000, 0x0000000089500000| Untracked 
| 150|0x0000000089600000, 0x0000000089600000, 0x0000000089700000|  0%| F|  |TAMS 0x0000000089600000, 0x0000000089600000| Untracked 
| 151|0x0000000089700000, 0x0000000089780800, 0x0000000089800000| 50%| E|  |TAMS 0x0000000089700000, 0x0000000089700000| Complete 
| 152|0x0000000089800000, 0x0000000089900000, 0x0000000089900000|100%| E|CS|TAMS 0x0000000089800000, 0x0000000089800000| Complete 
| 153|0x0000000089900000, 0x0000000089a00000, 0x0000000089a00000|100%| E|CS|TAMS 0x0000000089900000, 0x0000000089900000| Complete 
| 154|0x0000000089a00000, 0x0000000089b00000, 0x0000000089b00000|100%| E|CS|TAMS 0x0000000089a00000, 0x0000000089a00000| Complete 
| 155|0x0000000089b00000, 0x0000000089c00000, 0x0000000089c00000|100%| E|CS|TAMS 0x0000000089b00000, 0x0000000089b00000| Complete 
| 156|0x0000000089c00000, 0x0000000089d00000, 0x0000000089d00000|100%| E|CS|TAMS 0x0000000089c00000, 0x0000000089c00000| Complete 
| 157|0x0000000089d00000, 0x0000000089e00000, 0x0000000089e00000|100%| E|CS|TAMS 0x0000000089d00000, 0x0000000089d00000| Complete 
| 158|0x0000000089e00000, 0x0000000089f00000, 0x0000000089f00000|100%| E|CS|TAMS 0x0000000089e00000, 0x0000000089e00000| Complete 
| 159|0x0000000089f00000, 0x000000008a000000, 0x000000008a000000|100%| E|CS|TAMS 0x0000000089f00000, 0x0000000089f00000| Complete 
| 160|0x000000008a000000, 0x000000008a100000, 0x000000008a100000|100%| E|CS|TAMS 0x000000008a000000, 0x000000008a000000| Complete 
| 161|0x000000008a100000, 0x000000008a200000, 0x000000008a200000|100%| E|CS|TAMS 0x000000008a100000, 0x000000008a100000| Complete 
| 162|0x000000008a200000, 0x000000008a300000, 0x000000008a300000|100%| E|CS|TAMS 0x000000008a200000, 0x000000008a200000| Complete 
| 163|0x000000008a300000, 0x000000008a400000, 0x000000008a400000|100%| E|CS|TAMS 0x000000008a300000, 0x000000008a300000| Complete 
| 164|0x000000008a400000, 0x000000008a500000, 0x000000008a500000|100%| E|CS|TAMS 0x000000008a400000, 0x000000008a400000| Complete 
| 165|0x000000008a500000, 0x000000008a600000, 0x000000008a600000|100%| E|CS|TAMS 0x000000008a500000, 0x000000008a500000| Complete 
| 166|0x000000008a600000, 0x000000008a700000, 0x000000008a700000|100%| E|CS|TAMS 0x000000008a600000, 0x000000008a600000| Complete 
| 167|0x000000008a700000, 0x000000008a800000, 0x000000008a800000|100%| E|CS|TAMS 0x000000008a700000, 0x000000008a700000| Complete 
| 168|0x000000008a800000, 0x000000008a900000, 0x000000008a900000|100%| E|CS|TAMS 0x000000008a800000, 0x000000008a800000| Complete 
| 169|0x000000008a900000, 0x000000008aa00000, 0x000000008aa00000|100%| E|CS|TAMS 0x000000008a900000, 0x000000008a900000| Complete 
| 170|0x000000008aa00000, 0x000000008ab00000, 0x000000008ab00000|100%| E|CS|TAMS 0x000000008aa00000, 0x000000008aa00000| Complete 
| 171|0x000000008ab00000, 0x000000008ac00000, 0x000000008ac00000|100%| E|CS|TAMS 0x000000008ab00000, 0x000000008ab00000| Complete 

Card table byte_map: [0x000001fb5f930000,0x000001fb5fd30000] _byte_map_base: 0x000001fb5f530000

Marking Bits (Prev, Next): (CMBitMap*) 0x000001fb4c72ec90, (CMBitMap*) 0x000001fb4c72ec58
 Prev Bits: [0x000001fb62130000, 0x000001fb64130000)
 Next Bits: [0x000001fb60130000, 0x000001fb62130000)

Polling page: 0x000001fb4bed0000

Metaspace:

Usage:
  Non-class:     82.38 MB capacity,    80.74 MB ( 98%) used,     1.39 MB (  2%) free+waste,   249.56 KB ( <1%) overhead. 
      Class:     12.88 MB capacity,    11.99 MB ( 93%) used,   792.04 KB (  6%) free+waste,   115.69 KB ( <1%) overhead. 
       Both:     95.26 MB capacity,    92.74 MB ( 97%) used,     2.16 MB (  2%) free+waste,   365.25 KB ( <1%) overhead. 

Virtual space:
  Non-class space:       84.00 MB reserved,      82.50 MB ( 98%) committed 
      Class space:        1.00 GB reserved,      13.00 MB (  1%) committed 
             Both:        1.08 GB reserved,      95.50 MB (  9%) committed 

Chunk freelists:
   Non-Class:  0 bytes
       Class:  27.00 KB
        Both:  27.00 KB

MaxMetaspaceSize: 17179869184.00 GB
CompressedClassSpaceSize: 1.00 GB
Initial GC threshold: 20.80 MB
Current GC threshold: 156.67 MB
CDS: off

CodeHeap 'non-profiled nmethods': size=120000Kb used=5429Kb max_used=5429Kb free=114570Kb
 bounds [0x000001fb57cd0000, 0x000001fb58220000, 0x000001fb5f200000]
CodeHeap 'profiled nmethods': size=120000Kb used=19979Kb max_used=19979Kb free=100021Kb
 bounds [0x000001fb507a0000, 0x000001fb51b30000, 0x000001fb57cd0000]
CodeHeap 'non-nmethods': size=5760Kb used=2388Kb max_used=2427Kb free=3371Kb
 bounds [0x000001fb50200000, 0x000001fb50470000, 0x000001fb507a0000]
 total_blobs=10368 nmethods=9460 adapters=820
 compilation: enabled
              stopped_count=0, restarted_count=0
 full_count=0

Compilation events (20 events):
Event: 37.327 Thread 0x000001fb674cf800 nmethod 9685 0x000001fb5821ca10 code [0x000001fb5821cbc0, 0x000001fb5821cc58]
Event: 37.327 Thread 0x000001fb674cf800 9687       3       org.gradle.api.internal.file.AbstractFileResolver::convertObjectToFile (55 bytes)
Event: 37.329 Thread 0x000001fb674cf800 nmethod 9687 0x000001fb51b1d310 code [0x000001fb51b1d5e0, 0x000001fb51b1e4a8]
Event: 37.329 Thread 0x000001fb674cf800 9686       1       org.gradle.api.internal.artifacts.configurations.DefaultConfiguration$ArtifactViewConfiguration::access$3100 (5 bytes)
Event: 37.329 Thread 0x000001fb674cf800 nmethod 9686 0x000001fb5821cd10 code [0x000001fb5821cec0, 0x000001fb5821cf58]
Event: 37.329 Thread 0x000001fb674cf800 9688       3       org.gradle.internal.instantiation.generator.ManagedObjectFactory::newInstance (121 bytes)
Event: 37.331 Thread 0x000001fb674cf800 nmethod 9688 0x000001fb51b1e910 code [0x000001fb51b1ed60, 0x000001fb51b21138]
Event: 37.331 Thread 0x000001fb674cf800 9689       3       com.google.common.collect.ImmutableCollection::<init> (5 bytes)
Event: 37.332 Thread 0x000001fb674cf800 nmethod 9689 0x000001fb51b21890 code [0x000001fb51b21a40, 0x000001fb51b21bf8]
Event: 37.332 Thread 0x000001fb674cf800 9691       3       com.google.common.base.Preconditions::checkPositionIndex (8 bytes)
Event: 37.333 Thread 0x000001fb674cf800 nmethod 9691 0x000001fb51b21d10 code [0x000001fb51b21ee0, 0x000001fb51b22198]
Event: 37.333 Thread 0x000001fb674cf800 9693       3       com.google.common.base.CharMatcher$Is::matches (14 bytes)
Event: 37.333 Thread 0x000001fb674cf800 nmethod 9693 0x000001fb51b22310 code [0x000001fb51b224c0, 0x000001fb51b22618]
Event: 37.333 Thread 0x000001fb674cf800 9692       3       com.google.common.base.Preconditions::checkPositionIndex (25 bytes)
Event: 37.334 Thread 0x000001fb674cf800 nmethod 9692 0x000001fb51b22690 code [0x000001fb51b22860, 0x000001fb51b22ab8]
Event: 37.334 Thread 0x000001fb674cf800 9694       1       com.google.common.base.CharMatcher$None::matches (2 bytes)
Event: 37.334 Thread 0x000001fb674cf800 nmethod 9694 0x000001fb5821d010 code [0x000001fb5821d1c0, 0x000001fb5821d278]
Event: 37.334 Thread 0x000001fb674cf800 9695       1       org.gradle.api.internal.AbstractTask::getState (5 bytes)
Event: 37.334 Thread 0x000001fb674cf800 nmethod 9695 0x000001fb5821d310 code [0x000001fb5821d4c0, 0x000001fb5821d578]
Event: 37.335 Thread 0x000001fb674cf800 9696       3       org.gradle.api.internal.DefaultNamedDomainObjectCollection::doAdd (63 bytes)

GC Heap History (20 events):
Event: 21.064 GC heap before
{Heap before GC invocations=56 (full 0):
 garbage-first heap   total 146432K, used 110942K [0x0000000080000000, 0x0000000100000000)
  region size 1024K, 38 young (38912K), 3 survivors (3072K)
 Metaspace       used 67625K, capacity 69518K, committed 69632K, reserved 1110016K
  class space    used 8698K, capacity 9400K, committed 9472K, reserved 1048576K
}
Event: 21.077 GC heap after
{Heap after GC invocations=57 (full 0):
 garbage-first heap   total 146432K, used 76749K [0x0000000080000000, 0x0000000100000000)
  region size 1024K, 3 young (3072K), 3 survivors (3072K)
 Metaspace       used 67625K, capacity 69518K, committed 69632K, reserved 1110016K
  class space    used 8698K, capacity 9400K, committed 9472K, reserved 1048576K
}
Event: 22.000 GC heap before
{Heap before GC invocations=58 (full 0):
 garbage-first heap   total 146432K, used 112589K [0x0000000080000000, 0x0000000100000000)
  region size 1024K, 38 young (38912K), 3 survivors (3072K)
 Metaspace       used 71194K, capacity 73179K, committed 73344K, reserved 1112064K
  class space    used 9120K, capacity 9806K, committed 9856K, reserved 1048576K
}
Event: 22.013 GC heap after
{Heap after GC invocations=59 (full 0):
 garbage-first heap   total 176128K, used 79863K [0x0000000080000000, 0x0000000100000000)
  region size 1024K, 5 young (5120K), 5 survivors (5120K)
 Metaspace       used 71194K, capacity 73179K, committed 73344K, reserved 1112064K
  class space    used 9120K, capacity 9806K, committed 9856K, reserved 1048576K
}
Event: 23.229 GC heap before
{Heap before GC invocations=59 (full 0):
 garbage-first heap   total 176128K, used 124919K [0x0000000080000000, 0x0000000100000000)
  region size 1024K, 48 young (49152K), 5 survivors (5120K)
 Metaspace       used 73765K, capacity 75824K, committed 76032K, reserved 1116160K
  class space    used 9479K, capacity 10187K, committed 10240K, reserved 1048576K
}
Event: 23.241 GC heap after
{Heap after GC invocations=60 (full 0):
 garbage-first heap   total 176128K, used 83052K [0x0000000080000000, 0x0000000100000000)
  region size 1024K, 6 young (6144K), 6 survivors (6144K)
 Metaspace       used 73765K, capacity 75824K, committed 76032K, reserved 1116160K
  class space    used 9479K, capacity 10187K, committed 10240K, reserved 1048576K
}
Event: 26.454 GC heap before
{Heap before GC invocations=60 (full 0):
 garbage-first heap   total 176128K, used 130156K [0x0000000080000000, 0x0000000100000000)
  region size 1024K, 52 young (53248K), 6 survivors (6144K)
 Metaspace       used 75567K, capacity 77854K, committed 78208K, reserved 1116160K
  class space    used 9695K, capacity 10498K, committed 10624K, reserved 1048576K
}
Event: 26.464 GC heap after
{Heap after GC invocations=61 (full 0):
 garbage-first heap   total 176128K, used 86513K [0x0000000080000000, 0x0000000100000000)
  region size 1024K, 7 young (7168K), 7 survivors (7168K)
 Metaspace       used 75567K, capacity 77854K, committed 78208K, reserved 1116160K
  class space    used 9695K, capacity 10498K, committed 10624K, reserved 1048576K
}
Event: 28.671 GC heap before
{Heap before GC invocations=61 (full 0):
 garbage-first heap   total 176128K, used 136689K [0x0000000080000000, 0x0000000100000000)
  region size 1024K, 56 young (57344K), 7 survivors (7168K)
 Metaspace       used 80009K, capacity 82173K, committed 82432K, reserved 1120256K
  class space    used 10443K, capacity 11228K, committed 11264K, reserved 1048576K
}
Event: 28.694 GC heap after
{Heap after GC invocations=62 (full 0):
 garbage-first heap   total 176128K, used 89652K [0x0000000080000000, 0x0000000100000000)
  region size 1024K, 7 young (7168K), 7 survivors (7168K)
 Metaspace       used 80009K, capacity 82173K, committed 82432K, reserved 1120256K
  class space    used 10443K, capacity 11228K, committed 11264K, reserved 1048576K
}
Event: 29.816 GC heap before
{Heap before GC invocations=63 (full 0):
 garbage-first heap   total 176128K, used 134708K [0x0000000080000000, 0x0000000100000000)
  region size 1024K, 52 young (53248K), 7 survivors (7168K)
 Metaspace       used 82791K, capacity 84926K, committed 84992K, reserved 1122304K
  class space    used 10724K, capacity 11481K, committed 11520K, reserved 1048576K
}
Event: 29.834 GC heap after
{Heap after GC invocations=64 (full 0):
 garbage-first heap   total 176128K, used 94956K [0x0000000080000000, 0x0000000100000000)
  region size 1024K, 8 young (8192K), 8 survivors (8192K)
 Metaspace       used 82791K, capacity 84926K, committed 84992K, reserved 1122304K
  class space    used 10724K, capacity 11481K, committed 11520K, reserved 1048576K
}
Event: 32.460 GC heap before
{Heap before GC invocations=65 (full 0):
 garbage-first heap   total 176128K, used 151276K [0x0000000080000000, 0x0000000100000000)
  region size 1024K, 54 young (55296K), 8 survivors (8192K)
 Metaspace       used 85578K, capacity 88035K, committed 88320K, reserved 1126400K
  class space    used 11114K, capacity 11990K, committed 12032K, reserved 1048576K
}
Event: 32.484 GC heap after
{Heap after GC invocations=66 (full 0):
 garbage-first heap   total 176128K, used 111531K [0x0000000080000000, 0x0000000100000000)
  region size 1024K, 6 young (6144K), 6 survivors (6144K)
 Metaspace       used 85578K, capacity 88035K, committed 88320K, reserved 1126400K
  class space    used 11114K, capacity 11990K, committed 12032K, reserved 1048576K
}
Event: 32.670 GC heap before
{Heap before GC invocations=66 (full 0):
 garbage-first heap   total 176128K, used 116651K [0x0000000080000000, 0x0000000100000000)
  region size 1024K, 13 young (13312K), 6 survivors (6144K)
 Metaspace       used 86291K, capacity 88789K, committed 88960K, reserved 1126400K
  class space    used 11192K, capacity 12089K, committed 12160K, reserved 1048576K
}
Event: 32.681 GC heap after
{Heap after GC invocations=67 (full 0):
 garbage-first heap   total 176128K, used 112753K [0x0000000080000000, 0x0000000100000000)
  region size 1024K, 2 young (2048K), 2 survivors (2048K)
 Metaspace       used 86291K, capacity 88789K, committed 88960K, reserved 1126400K
  class space    used 11192K, capacity 12089K, committed 12160K, reserved 1048576K
}
Event: 34.839 GC heap before
{Heap before GC invocations=68 (full 0):
 garbage-first heap   total 176128K, used 142449K [0x0000000080000000, 0x0000000100000000)
  region size 1024K, 30 young (30720K), 2 survivors (2048K)
 Metaspace       used 89899K, capacity 92336K, committed 92672K, reserved 1130496K
  class space    used 11601K, capacity 12438K, committed 12544K, reserved 1048576K
}
Event: 34.850 GC heap after
{Heap after GC invocations=69 (full 0):
 garbage-first heap   total 176128K, used 112523K [0x0000000080000000, 0x0000000100000000)
  region size 1024K, 1 young (1024K), 1 survivors (1024K)
 Metaspace       used 89899K, capacity 92336K, committed 92672K, reserved 1130496K
  class space    used 11601K, capacity 12438K, committed 12544K, reserved 1048576K
}
Event: 36.355 GC heap before
{Heap before GC invocations=69 (full 0):
 garbage-first heap   total 176128K, used 144267K [0x0000000080000000, 0x0000000100000000)
  region size 1024K, 32 young (32768K), 1 survivors (1024K)
 Metaspace       used 93476K, capacity 95927K, committed 96256K, reserved 1132544K
  class space    used 12083K, capacity 12960K, committed 13056K, reserved 1048576K
}
Event: 36.364 GC heap after
{Heap after GC invocations=70 (full 0):
 garbage-first heap   total 176128K, used 114266K [0x0000000080000000, 0x0000000100000000)
  region size 1024K, 3 young (3072K), 3 survivors (3072K)
 Metaspace       used 93476K, capacity 95927K, committed 96256K, reserved 1132544K
  class space    used 12083K, capacity 12960K, committed 13056K, reserved 1048576K
}

Deoptimization events (20 events):
Event: 36.304 Thread 0x000001fb69846000 DEOPT PACKING pc=0x000001fb57f45c1c sp=0x000000b6680faf60
Event: 36.304 Thread 0x000001fb69846000 DEOPT UNPACKING pc=0x000001fb5024a1af sp=0x000000b6680faef8 mode 2
Event: 36.314 Thread 0x000001fb69846000 DEOPT PACKING pc=0x000001fb514c6b56 sp=0x000000b6680f8fb0
Event: 36.314 Thread 0x000001fb69846000 DEOPT UNPACKING pc=0x000001fb5024a95e sp=0x000000b6680f8550 mode 0
Event: 36.413 Thread 0x000001fb69846000 DEOPT PACKING pc=0x000001fb5168f3f0 sp=0x000000b6680f7fe0
Event: 36.413 Thread 0x000001fb69846000 DEOPT UNPACKING pc=0x000001fb5024a95e sp=0x000000b6680f74c0 mode 0
Event: 36.422 Thread 0x000001fb69846000 Uncommon trap: trap_request=0xffffffde fr.pc=0x000001fb581baecc relative=0x000000000000036c
Event: 36.422 Thread 0x000001fb69846000 Uncommon trap: reason=class_check action=maybe_recompile pc=0x000001fb581baecc method=com.sun.beans.TypeResolver.erase(Ljava/lang/reflect/Type;)Ljava/lang/Class; @ 35 c2
Event: 36.422 Thread 0x000001fb69846000 DEOPT PACKING pc=0x000001fb581baecc sp=0x000000b6680f6320
Event: 36.422 Thread 0x000001fb69846000 DEOPT UNPACKING pc=0x000001fb5024a1af sp=0x000000b6680f6260 mode 2
Event: 36.499 Thread 0x000001fb69846000 DEOPT PACKING pc=0x000001fb51a857b8 sp=0x000000b6680f8c80
Event: 36.499 Thread 0x000001fb69846000 DEOPT UNPACKING pc=0x000001fb5024a95e sp=0x000000b6680f8188 mode 0
Event: 36.595 Thread 0x000001fb69846000 DEOPT PACKING pc=0x000001fb514c7312 sp=0x000000b6680f9000
Event: 36.595 Thread 0x000001fb69846000 DEOPT UNPACKING pc=0x000001fb5024a95e sp=0x000000b6680f85a0 mode 0
Event: 37.200 Thread 0x000001fb69846000 DEOPT PACKING pc=0x000001fb51a857b8 sp=0x000000b6680f7fe0
Event: 37.200 Thread 0x000001fb69846000 DEOPT UNPACKING pc=0x000001fb5024a95e sp=0x000000b6680f74e8 mode 0
Event: 37.203 Thread 0x000001fb69846000 DEOPT PACKING pc=0x000001fb514c6b56 sp=0x000000b6680f7d50
Event: 37.203 Thread 0x000001fb69846000 DEOPT UNPACKING pc=0x000001fb5024a95e sp=0x000000b6680f72f0 mode 0
Event: 37.329 Thread 0x000001fb69846000 DEOPT PACKING pc=0x000001fb51a857b8 sp=0x000000b6680f7780
Event: 37.329 Thread 0x000001fb69846000 DEOPT UNPACKING pc=0x000001fb5024a95e sp=0x000000b6680f6c88 mode 0

Classes redefined (0 events):
No events

Internal exceptions (20 events):
Event: 35.902 Thread 0x000001fb69846000 Exception <a 'sun/nio/fs/WindowsException'{0x0000000089bc1318}> (0x0000000089bc1318) thrown at [./src/hotspot/share/prims/jni.cpp, line 615]
Event: 35.902 Thread 0x000001fb69846000 Exception <a 'sun/nio/fs/WindowsException'{0x0000000089bc23e8}> (0x0000000089bc23e8) thrown at [./src/hotspot/share/prims/jni.cpp, line 615]
Event: 35.903 Thread 0x000001fb69846000 Exception <a 'sun/nio/fs/WindowsException'{0x0000000089bc3508}> (0x0000000089bc3508) thrown at [./src/hotspot/share/prims/jni.cpp, line 615]
Event: 35.903 Thread 0x000001fb69846000 Exception <a 'sun/nio/fs/WindowsException'{0x0000000089bc4628}> (0x0000000089bc4628) thrown at [./src/hotspot/share/prims/jni.cpp, line 615]
Event: 36.324 Thread 0x000001fb69846000 Exception <a 'java/lang/ClassNotFoundException'{0x0000000088e6a8f8}: com/google/gms/googleservices/GoogleServicesTask_DecoratedBeanInfo> (0x0000000088e6a8f8) thrown at [./src/hotspot/share/classfile/systemDictionary.cpp, line 231]
Event: 36.326 Thread 0x000001fb69846000 Exception <a 'java/lang/ClassNotFoundException'{0x0000000088e86388}: com/google/gms/googleservices/GoogleServicesTaskBeanInfo> (0x0000000088e86388) thrown at [./src/hotspot/share/classfile/systemDictionary.cpp, line 231]
Event: 36.327 Thread 0x000001fb69846000 Exception <a 'java/lang/ClassNotFoundException'{0x0000000088ea2458}: com/google/gms/googleservices/GoogleServicesTaskCustomizer> (0x0000000088ea2458) thrown at [./src/hotspot/share/classfile/systemDictionary.cpp, line 231]
Event: 36.331 Thread 0x000001fb69846000 Exception <a 'java/lang/ClassNotFoundException'{0x0000000088ed7c78}: com/google/gms/googleservices/GoogleServicesTask_DecoratedCustomizer> (0x0000000088ed7c78) thrown at [./src/hotspot/share/classfile/systemDictionary.cpp, line 231]
Event: 36.345 Thread 0x000001fb69846000 Exception <a 'java/lang/ClassNotFoundException'{0x0000000088c5ee10}: org/gradle/api/internal/file/DefaultFilePropertyFactory$DefaultDirectoryVarBeanInfo> (0x0000000088c5ee10) thrown at [./src/hotspot/share/classfile/systemDictionary.cpp, line 231]
Event: 36.346 Thread 0x000001fb69846000 Exception <a 'java/lang/ClassNotFoundException'{0x0000000088c7c3c8}: org/gradle/api/internal/file/DefaultFilePropertyFactory$AbstractFileVarBeanInfo> (0x0000000088c7c3c8) thrown at [./src/hotspot/share/classfile/systemDictionary.cpp, line 231]
Event: 36.347 Thread 0x000001fb69846000 Exception <a 'java/lang/ClassNotFoundException'{0x0000000088c99c60}: org/gradle/api/internal/file/DefaultFilePropertyFactory$AbstractFileVarCustomizer> (0x0000000088c99c60) thrown at [./src/hotspot/share/classfile/systemDictionary.cpp, line 231]
Event: 36.354 Thread 0x000001fb69846000 Exception <a 'java/lang/ClassNotFoundException'{0x0000000088cf74a0}: org/gradle/api/internal/file/DefaultFilePropertyFactory$DefaultDirectoryVarCustomizer> (0x0000000088cf74a0) thrown at [./src/hotspot/share/classfile/systemDictionary.cpp, line 231]
Event: 36.384 Thread 0x000001fb69846000 Exception <a 'java/lang/ClassNotFoundException'{0x000000008ab785a8}: com/android/build/gradle/internal/api/ReadOnlyBuildTypeBeanInfo> (0x000000008ab785a8) thrown at [./src/hotspot/share/classfile/systemDictionary.cpp, line 231]
Event: 36.386 Thread 0x000001fb69846000 Exception <a 'java/lang/ClassNotFoundException'{0x000000008ab95888}: com/android/build/gradle/internal/api/ReadOnlyBaseConfigBeanInfo> (0x000000008ab95888) thrown at [./src/hotspot/share/classfile/systemDictionary.cpp, line 231]
Event: 36.388 Thread 0x000001fb69846000 Exception <a 'java/lang/ClassNotFoundException'{0x000000008abb2ef0}: com/android/build/gradle/internal/api/ReadOnlyBaseConfigCustomizer> (0x000000008abb2ef0) thrown at [./src/hotspot/share/classfile/systemDictionary.cpp, line 231]
Event: 36.390 Thread 0x000001fb69846000 Exception <a 'java/lang/ClassNotFoundException'{0x000000008abe03e8}: com/android/build/gradle/internal/api/ReadOnlyBuildTypeCustomizer> (0x000000008abe03e8) thrown at [./src/hotspot/share/classfile/systemDictionary.cpp, line 231]
Event: 36.418 Thread 0x000001fb69846000 Exception <a 'java/lang/ClassNotFoundException'{0x000000008a950060}: com/android/build/gradle/internal/api/ImmutableFlavorListBeanInfo> (0x000000008a950060) thrown at [./src/hotspot/share/classfile/systemDictionary.cpp, line 231]
Event: 36.421 Thread 0x000001fb69846000 Exception <a 'java/lang/ClassNotFoundException'{0x000000008a96df20}: com/android/build/gradle/internal/api/ImmutableFlavorListCustomizer> (0x000000008a96df20) thrown at [./src/hotspot/share/classfile/systemDictionary.cpp, line 231]
Event: 36.467 Thread 0x000001fb69846000 Exception <a 'java/lang/NoSuchMethodError'{0x000000008a9f35b8}: 'int java.lang.invoke.DirectMethodHandle$Holder.invokeSpecialIFC(java.lang.Object, java.lang.Object, java.lang.Object)'> (0x000000008a9f35b8) thrown at [./src/hotspot/share/interpreter/linkResolver.cpp, line 773]
Event: 36.735 Thread 0x000001fb69846000 Exception <a 'java/lang/NoSuchMethodError'{0x000000008a6e8770}: 'java.lang.Object java.lang.invoke.Invokers$Holder.linkToTargetMethod(java.lang.Object, java.lang.Object, java.lang.Object, int, java.lang.Object, java.lang.Object)'> (0x000000008a6e8770) thrown at [./src/hotspot/share/interpreter/linkResolver.cpp, line 773]

Events (20 events):
Event: 37.286 loading class com/android/build/api/variant/DexPackagingOptions
Event: 37.286 loading class com/android/build/api/variant/DexPackagingOptions done
Event: 37.286 loading class com/android/build/api/variant/impl/JniLibsApkPackagingImpl
Event: 37.286 loading class com/android/build/api/variant/impl/JniLibsApkPackagingImpl done
Event: 37.287 loading class com/android/build/api/variant/JniLibsApkPackaging
Event: 37.287 loading class com/android/build/api/variant/JniLibsApkPackaging done
Event: 37.288 loading class com/android/build/api/variant/impl/JniLibsApkPackagingImpl$useLegacyPackaging$1
Event: 37.288 loading class com/android/build/api/variant/impl/JniLibsApkPackagingImpl$useLegacyPackaging$1 done
Event: 37.289 loading class com/android/build/api/variant/impl/JniLibsApkPackagingImpl$useLegacyPackagingFromBundle$1
Event: 37.289 loading class com/android/build/api/variant/impl/JniLibsApkPackagingImpl$useLegacyPackagingFromBundle$1 done
Event: 37.290 loading class com/android/build/api/variant/impl/ResourcesApkPackagingImpl
Event: 37.290 loading class com/android/build/api/variant/impl/ResourcesApkPackagingImpl done
Event: 37.290 loading class com/android/build/api/variant/impl/ResourcesApkPackagingImpl$excludes$1
Event: 37.290 loading class com/android/build/api/variant/impl/ResourcesApkPackagingImpl$excludes$1 done
Event: 37.292 loading class com/android/build/gradle/internal/tasks/PerModuleBundleTaskKt
Event: 37.292 loading class com/android/build/gradle/internal/tasks/PerModuleBundleTaskKt done
Event: 37.293 loading class com/android/build/gradle/internal/signing/SigningConfigDataProvider$Companion
Event: 37.293 loading class com/android/build/gradle/internal/signing/SigningConfigDataProvider$Companion done
Event: 37.294 loading class com/android/build/gradle/internal/signing/SigningConfigDataProvider$Companion$create$1
Event: 37.294 loading class com/android/build/gradle/internal/signing/SigningConfigDataProvider$Companion$create$1 done


Dynamic libraries:
0x00007ff6870b0000 - 0x00007ff6870ba000 	C:\Program Files\Android\Android Studio\jre\bin\java.exe
0x00007ffd62be0000 - 0x00007ffd62de9000 	C:\WINDOWS\SYSTEM32\ntdll.dll
0x00007ffd61440000 - 0x00007ffd614fd000 	C:\WINDOWS\System32\KERNEL32.DLL
0x00007ffd60410000 - 0x00007ffd60789000 	C:\WINDOWS\System32\KERNELBASE.dll
0x00007ffd60230000 - 0x00007ffd60341000 	C:\WINDOWS\System32\ucrtbase.dll
0x00007ffd44ea0000 - 0x00007ffd44eb9000 	C:\Program Files\Android\Android Studio\jre\bin\jli.dll
0x00007ffd44230000 - 0x00007ffd44247000 	C:\Program Files\Android\Android Studio\jre\bin\VCRUNTIME140.dll
0x00007ffd60ff0000 - 0x00007ffd6119c000 	C:\WINDOWS\System32\USER32.dll
0x00007ffd60790000 - 0x00007ffd607b6000 	C:\WINDOWS\System32\win32u.dll
0x00007ffd52060000 - 0x00007ffd52305000 	C:\WINDOWS\WinSxS\amd64_microsoft.windows.common-controls_6595b64144ccf1df_6.0.22000.120_none_9d947278b86cc467\COMCTL32.dll
0x00007ffd61410000 - 0x00007ffd61439000 	C:\WINDOWS\System32\GDI32.dll
0x00007ffd62620000 - 0x00007ffd626c3000 	C:\WINDOWS\System32\msvcrt.dll
0x00007ffd608e0000 - 0x00007ffd609f2000 	C:\WINDOWS\System32\gdi32full.dll
0x00007ffd607c0000 - 0x00007ffd6085d000 	C:\WINDOWS\System32\msvcp_win.dll
0x00007ffd60f90000 - 0x00007ffd60fc1000 	C:\WINDOWS\System32\IMM32.DLL
0x00007ffd29520000 - 0x00007ffd295bd000 	C:\Program Files\Android\Android Studio\jre\bin\msvcp140.dll
0x00007ffced9d0000 - 0x00007ffcee4b5000 	C:\Program Files\Android\Android Studio\jre\bin\server\jvm.dll
0x00007ffd60a70000 - 0x00007ffd60b1e000 	C:\WINDOWS\System32\ADVAPI32.dll
0x00007ffd626d0000 - 0x00007ffd6276e000 	C:\WINDOWS\System32\sechost.dll
0x00007ffd60e70000 - 0x00007ffd60f90000 	C:\WINDOWS\System32\RPCRT4.dll
0x00007ffd62850000 - 0x00007ffd62858000 	C:\WINDOWS\System32\PSAPI.DLL
0x00007ffd49810000 - 0x00007ffd49819000 	C:\WINDOWS\SYSTEM32\WSOCK32.dll
0x00007ffd59d50000 - 0x00007ffd59d83000 	C:\WINDOWS\SYSTEM32\WINMM.dll
0x00007ffd58550000 - 0x00007ffd5855a000 	C:\WINDOWS\SYSTEM32\VERSION.dll
0x00007ffd627e0000 - 0x00007ffd6284f000 	C:\WINDOWS\System32\WS2_32.dll
0x00007ffd5f230000 - 0x00007ffd5f248000 	C:\WINDOWS\SYSTEM32\kernel.appcore.dll
0x00007ffd497f0000 - 0x00007ffd49801000 	C:\Program Files\Android\Android Studio\jre\bin\verify.dll
0x00007ffd5dad0000 - 0x00007ffd5dcf1000 	C:\WINDOWS\SYSTEM32\DBGHELP.DLL
0x00007ffd49000000 - 0x00007ffd49031000 	C:\WINDOWS\SYSTEM32\dbgcore.DLL
0x00007ffd60860000 - 0x00007ffd608df000 	C:\WINDOWS\System32\bcryptPrimitives.dll
0x00007ffd497c0000 - 0x00007ffd497e9000 	C:\Program Files\Android\Android Studio\jre\bin\java.dll
0x00007ffd3bfa0000 - 0x00007ffd3bfab000 	C:\Program Files\Android\Android Studio\jre\bin\jimage.dll
0x00007ffd3a590000 - 0x00007ffd3a5a8000 	C:\Program Files\Android\Android Studio\jre\bin\zip.dll
0x00007ffd61500000 - 0x00007ffd61cb8000 	C:\WINDOWS\System32\SHELL32.dll
0x00007ffd5e230000 - 0x00007ffd5ea97000 	C:\WINDOWS\SYSTEM32\windows.storage.dll
0x00007ffd62220000 - 0x00007ffd62599000 	C:\WINDOWS\System32\combase.dll
0x00007ffd5e0c0000 - 0x00007ffd5e226000 	C:\WINDOWS\SYSTEM32\wintypes.dll
0x00007ffd62ab0000 - 0x00007ffd62b9a000 	C:\WINDOWS\System32\SHCORE.dll
0x00007ffd60e10000 - 0x00007ffd60e6d000 	C:\WINDOWS\System32\shlwapi.dll
0x00007ffd5fff0000 - 0x00007ffd60011000 	C:\WINDOWS\SYSTEM32\profapi.dll
0x00007ffd3a570000 - 0x00007ffd3a58a000 	C:\Program Files\Android\Android Studio\jre\bin\net.dll
0x00007ffd589e0000 - 0x00007ffd58aec000 	C:\WINDOWS\SYSTEM32\WINHTTP.dll
0x00007ffd5f660000 - 0x00007ffd5f6c7000 	C:\WINDOWS\system32\mswsock.dll
0x00007ffd3a550000 - 0x00007ffd3a564000 	C:\Program Files\Android\Android Studio\jre\bin\nio.dll
0x00007ffd426e0000 - 0x00007ffd42707000 	C:\Users\asus\.gradle\native\e1d6ef7f7dcc3fd88c89a11ec53ec762bb8ba0a96d01ffa2cd45eb1d1d8dd5c5\windows-amd64\native-platform.dll
0x00007ffd22680000 - 0x00007ffd227c4000 	C:\Users\asus\.gradle\native\5664cfc778a61ccfe75a443a1ab52a65af34e5dc3c78e0209fed803814484fcb\windows-amd64\native-platform-file-events.dll
0x00007ffd51fa0000 - 0x00007ffd51faa000 	C:\Program Files\Android\Android Studio\jre\bin\management.dll
0x00007ffd51f90000 - 0x00007ffd51f9d000 	C:\Program Files\Android\Android Studio\jre\bin\management_ext.dll
0x00007ffd5f8a0000 - 0x00007ffd5f8b8000 	C:\WINDOWS\SYSTEM32\CRYPTSP.dll
0x00007ffd5f120000 - 0x00007ffd5f155000 	C:\WINDOWS\system32\rsaenh.dll
0x00007ffd5f750000 - 0x00007ffd5f779000 	C:\WINDOWS\SYSTEM32\USERENV.dll
0x00007ffd5faa0000 - 0x00007ffd5fac7000 	C:\WINDOWS\SYSTEM32\bcrypt.dll
0x00007ffd5f8c0000 - 0x00007ffd5f8cc000 	C:\WINDOWS\SYSTEM32\CRYPTBASE.dll
0x00007ffd5ecf0000 - 0x00007ffd5ed1d000 	C:\WINDOWS\SYSTEM32\IPHLPAPI.DLL
0x00007ffd62860000 - 0x00007ffd62869000 	C:\WINDOWS\System32\NSI.dll
0x00007ffd589c0000 - 0x00007ffd589d9000 	C:\WINDOWS\SYSTEM32\dhcpcsvc6.DLL
0x00007ffd58da0000 - 0x00007ffd58dbe000 	C:\WINDOWS\SYSTEM32\dhcpcsvc.DLL
0x00007ffd5ed60000 - 0x00007ffd5ee48000 	C:\WINDOWS\SYSTEM32\DNSAPI.dll

dbghelp: loaded successfully - version: 4.0.5 - missing functions: none
symbol engine: initialized successfully - sym options: 0x614 - pdb path: .;C:\Program Files\Android\Android Studio\jre\bin;C:\WINDOWS\SYSTEM32;C:\WINDOWS\WinSxS\amd64_microsoft.windows.common-controls_6595b64144ccf1df_6.0.22000.120_none_9d947278b86cc467;C:\Program Files\Android\Android Studio\jre\bin\server;C:\Users\asus\.gradle\native\e1d6ef7f7dcc3fd88c89a11ec53ec762bb8ba0a96d01ffa2cd45eb1d1d8dd5c5\windows-amd64;C:\Users\asus\.gradle\native\5664cfc778a61ccfe75a443a1ab52a65af34e5dc3c78e0209fed803814484fcb\windows-amd64

VM Arguments:
jvm_args: --add-opens=java.base/java.util=ALL-UNNAMED --add-opens=java.base/java.lang=ALL-UNNAMED --add-opens=java.base/java.lang.invoke=ALL-UNNAMED --add-opens=java.base/java.util=ALL-UNNAMED --add-opens=java.prefs/java.util.prefs=ALL-UNNAMED --add-opens=java.prefs/java.util.prefs=ALL-UNNAMED --add-opens=java.base/java.nio.charset=ALL-UNNAMED --add-opens=java.base/java.net=ALL-UNNAMED --add-opens=java.base/java.util.concurrent.atomic=ALL-UNNAMED -Xmx2048m -Dfile.encoding=UTF-8 -Duser.country=US -Duser.language=en -Duser.variant 
java_command: org.gradle.launcher.daemon.bootstrap.GradleDaemon 7.3.3
java_class_path (initial): C:\Users\asus\.gradle\wrapper\dists\gradle-7.3.3-bin\6a41zxkdtcxs8rphpq6y0069z\gradle-7.3.3\lib\gradle-launcher-7.3.3.jar
Launcher Type: SUN_STANDARD

[Global flags]
     intx CICompilerCount                          = 4                                         {product} {ergonomic}
     uint ConcGCThreads                            = 2                                         {product} {ergonomic}
     uint G1ConcRefinementThreads                  = 8                                         {product} {ergonomic}
   size_t G1HeapRegionSize                         = 1048576                                   {product} {ergonomic}
    uintx GCDrainStackTargetSize                   = 64                                        {product} {ergonomic}
   size_t InitialHeapSize                          = 58720256                                  {product} {ergonomic}
   size_t MarkStackSize                            = 4194304                                   {product} {ergonomic}
   size_t MaxHeapSize                              = 2147483648                                {product} {command line}
   size_t MaxNewSize                               = 1287651328                                {product} {ergonomic}
   size_t MinHeapDeltaBytes                        = 1048576                                   {product} {ergonomic}
    uintx NonNMethodCodeHeapSize                   = 5836300                                {pd product} {ergonomic}
    uintx NonProfiledCodeHeapSize                  = 122910970                              {pd product} {ergonomic}
    uintx ProfiledCodeHeapSize                     = 122910970                              {pd product} {ergonomic}
    uintx ReservedCodeCacheSize                    = 251658240                              {pd product} {ergonomic}
     bool SegmentedCodeCache                       = true                                      {product} {ergonomic}
     bool UseCompressedClassPointers               = true                                 {lp64_product} {ergonomic}
     bool UseCompressedOops                        = true                                 {lp64_product} {ergonomic}
     bool UseG1GC                                  = true                                      {product} {ergonomic}
     bool UseLargePagesIndividualAllocation        = false                                  {pd product} {ergonomic}

Logging:
Log output configuration:
 #0: stdout all=warning uptime,level,tags
 #1: stderr all=off uptime,level,tags

Environment Variables:
PATH=C:\Program Files\Common Files\Oracle\Java\javapath;C:\Windows\system32;C:\Windows;C:\Windows\System32\Wbem;C:\Windows\System32\WindowsPowerShell\v1.0\;C:\Windows\System32\OpenSSH\;C:\Program Files (x86)\NVIDIA Corporation\PhysX\Common;C:\Program Files\NVIDIA Corporation\NVIDIA NvDLISR;C:\Program Files (x86)\mingw-w64\i686-8.1.0-posix-dwarf-rt_v6-rev0\mingw32\bin;C:\WINDOWS\system32;C:\WINDOWS;C:\WINDOWS\System32\Wbem;C:\WINDOWS\System32\WindowsPowerShell\v1.0\;C:\WINDOWS\System32\OpenSSH\;C:\Program Files\dotnet\;C:\Program Files\Microsoft SQL Server\130\Tools\Binn\;C:\Program Files\Microsoft SQL Server\Client SDK\ODBC\170\Tools\Binn\;C:\Program Files\Java\jdk-17.0.2\bin;C:\Users\asus\Documents\openssl-0.9.8k_X64 (1)\bin;C:\Users\asus\AppData\Local\Microsoft\WindowsApps;C:\Program Files\mingw-w64\x86_64-8.1.0-posix-seh-rt_v6-rev0\mingw64\bin;C:\Users\asus\.dotnet\tools;C:\Program Files\Java\jdk-17.0.2\bin;;C:\Program Files\JetBrains\IntelliJ IDEA Community Edition 2021.3.3\bin;
USERNAME=asus
OS=Windows_NT
PROCESSOR_IDENTIFIER=AMD64 Family 23 Model 24 Stepping 1, AuthenticAMD



---------------  S Y S T E M  ---------------

OS: Windows 10 , 64 bit Build 22000 (10.0.22000.708)
OS uptime: 0 days 1:52 hours

CPU:total 8 (initial active 8) (8 cores per cpu, 2 threads per core) family 23 model 24 stepping 1 microcode 0x0, cmov, cx8, fxsr, mmx, sse, sse2, sse3, ssse3, sse4.1, sse4.2, popcnt, avx, avx2, aes, clmul, mmxext, 3dnowpref, lzcnt, sse4a, ht, tsc, tscinvbit, tscinv, bmi1, bmi2, adx, sha, fma

Memory: 4k page, system-wide physical 3531M (258M free)
TotalPageFile size 10699M (AvailPageFile size 20M)
current process WorkingSet (physical memory assigned to process): 341M, peak: 374M
current process commit charge ("private bytes"): 467M, peak: 467M

vm_info: OpenJDK 64-Bit Server VM (11.0.12+7-b1504.28-7817840) for windows-amd64 JRE (11.0.12+7-b1504.28-7817840), built on Oct 13 2021 22:12:33 by "builder" with MS VC++ 14.0 (VS2015)

END.
