#
# There is insufficient memory for the Java Runtime Environment to continue.
# Native memory allocation (mmap) failed to map 44040192 bytes for Failed to commit area from 0x000000008cf00000 to 0x000000008f900000 of length 44040192.
# Possible reasons:
#   The system is out of physical RAM or swap space
#   The process is running with CompressedOops enabled, and the Java Heap may be blocking the growth of the native heap
# Possible solutions:
#   Reduce memory load on the system
#   Increase physical memory or swap space
#   Check if swap backing store is full
#   Decrease Java heap size (-Xmx/-Xms)
#   Decrease number of Java threads
#   Decrease Java thread stack sizes (-Xss)
#   Set larger code cache with -XX:ReservedCodeCacheSize=
#   JVM is running with Unscaled Compressed Oops mode in which the Java heap is
#     placed in the first 4GB address space. The Java Heap base address is the
#     maximum limit for the native heap growth. Please use -XX:HeapBaseMinAddress
#     to set the Java Heap base and to place the Java Heap above 4GB virtual address.
# This output file may be truncated or incomplete.
#
#  Out of Memory Error (./src/hotspot/os/windows/os_windows.cpp:3521), pid=1576, tid=1140
#
# JRE version: OpenJDK Runtime Environment (11.0.12+7) (build 11.0.12+7-b1504.28-7817840)
# Java VM: OpenJDK 64-Bit Server VM (11.0.12+7-b1504.28-7817840, mixed mode, tiered, compressed oops, g1 gc, windows-amd64)
# No core dump will be written. Minidumps are not enabled by default on client versions of Windows
#

---------------  S U M M A R Y ------------

Command Line: --add-opens=java.base/java.util=ALL-UNNAMED --add-opens=java.base/java.lang=ALL-UNNAMED --add-opens=java.base/java.lang.invoke=ALL-UNNAMED --add-opens=java.base/java.util=ALL-UNNAMED --add-opens=java.prefs/java.util.prefs=ALL-UNNAMED --add-opens=java.prefs/java.util.prefs=ALL-UNNAMED --add-opens=java.base/java.nio.charset=ALL-UNNAMED --add-opens=java.base/java.net=ALL-UNNAMED --add-opens=java.base/java.util.concurrent.atomic=ALL-UNNAMED -Xmx2048m -Dfile.encoding=UTF-8 -Duser.country=US -Duser.language=en -Duser.variant org.gradle.launcher.daemon.bootstrap.GradleDaemon 7.3.3

Host: AMD Ryzen 5 3500U with Radeon Vega Mobile Gfx  , 8 cores, 3G,  Windows 10 , 64 bit Build 22000 (10.0.22000.708)
Time: Thu Jul 14 11:57:00 2022 SE Asia Standard Time elapsed time: 22.029292 seconds (0d 0h 0m 22s)

---------------  T H R E A D  ---------------

Current thread (0x0000020749469000):  VMThread "VM Thread" [stack: 0x000000725a500000,0x000000725a600000] [id=1140]

Stack: [0x000000725a500000,0x000000725a600000]
[error occurred during error reporting (printing stack bounds), id 0xc0000005, EXCEPTION_ACCESS_VIOLATION (0xc0000005) at pc=0x0000020732b2112d]

Native frames: (J=compiled Java code, j=interpreted, Vv=VM code, C=native code)
V  [jvm.dll+0x5fbcea]
V  [jvm.dll+0x731905]
V  [jvm.dll+0x732f1d]
V  [jvm.dll+0x733535]
V  [jvm.dll+0x7334eb]
V  [jvm.dll+0x5fb080]
V  [jvm.dll+0x5fb818]
C  [ntdll.dll+0xa8e4f]
C  [ntdll.dll+0x35e9a]
C  [ntdll.dll+0xa7e5e]
C  0x0000020732b2112d

VM_Operation (0x00000072633fa410): G1CollectForAllocation, mode: safepoint, requested by thread 0x0000020750984000


---------------  P R O C E S S  ---------------

Threads class SMR info:
_java_thread_list=0x000002074a383e40, length=141, elements={
0x000002072f00f800, 0x000002074946a800, 0x0000020749478000, 0x00000207494ce800,
0x00000207494cf800, 0x00000207494d1000, 0x00000207494d5000, 0x00000207494da000,
0x00000207494de000, 0x0000020749f36000, 0x000002074b4a2800, 0x000002074b6ac000,
0x000002074bc50800, 0x000002074bd94800, 0x000002074b5a1000, 0x000002074bbed800,
0x000002074b287800, 0x000002074bf94000, 0x000002074bf95800, 0x000002074bceb000,
0x000002074bcec000, 0x000002074bce6800, 0x000002074bce8000, 0x000002074bced000,
0x000002074bce7000, 0x000002074bce9000, 0x000002074bce9800, 0x000002074bcea800,
0x000002074a868000, 0x000002074a867800, 0x000002074a865000, 0x000002074a869000,
0x000002074a863000, 0x000002074a869800, 0x000002074a86a800, 0x000002074a86b800,
0x000002074a86c000, 0x000002074a866800, 0x000002074a872000, 0x000002074a86f800,
0x000002074a870000, 0x000002074a86d000, 0x000002074a86e000, 0x000002074a86e800,
0x000002074a871000, 0x000002074fb51000, 0x000002074fb4e000, 0x000002074fb50000,
0x000002074fb4f800, 0x000002074fb4e800, 0x000002074fb4b800, 0x000002074fb52000,
0x000002074fb4c000, 0x000002074fb52800, 0x000002074fb4d000, 0x000002074fb56000,
0x000002074fb55000, 0x000002074fb57800, 0x000002074fb57000, 0x000002074fb58800,
0x000002074fb59000, 0x000002074fb53800, 0x000002074fb5a000, 0x000002074fb54800,
0x000002074e687000, 0x000002074e685800, 0x000002074e686800, 0x000002074e688000,
0x000002074e684000, 0x000002074e684800, 0x000002074e683000, 0x000002074e68d800,
0x000002074e689000, 0x000002074e68c000, 0x000002074e68d000, 0x000002074e68b000,
0x000002074e68a800, 0x000002074e689800, 0x000002074e690000, 0x000002074e68f800,
0x000002074e68e800, 0x000002074e692000, 0x000002074e691000, 0x000002074e673000,
0x000002074e677000, 0x000002074e678000, 0x000002074e674000, 0x000002074e679000,
0x000002074e679800, 0x000002074e67a800, 0x000002074e676800, 0x000002074e675800,
0x000002074e674800, 0x000002074e67f800, 0x000002074e67e800, 0x000002074e680000,
0x000002074e681000, 0x000002074e67b000, 0x000002074e682000, 0x000002074e67c000,
0x000002074e67d000, 0x000002074e67d800, 0x000002074faf5000, 0x000002074faf3800,
0x000002074faf6000, 0x000002074faf4800, 0x000002074faf2800, 0x000002074faf0800,
0x000002074faf2000, 0x000002074faf7000, 0x000002074faf1000, 0x000002074fafa000,
0x000002074faf9800, 0x000002074faf7800, 0x000002074fafb000, 0x000002074fafb800,
0x000002074fafc800, 0x000002074fafd800, 0x000002074fafe000, 0x000002074faf8800,
0x000002074faff000, 0x000002075097f800, 0x0000020750984800, 0x0000020750983000,
0x000002075097f000, 0x0000020750986800, 0x0000020750981800, 0x0000020750987000,
0x0000020750988000, 0x0000020750985800, 0x0000020750982000, 0x0000020750988800,
0x0000020750989800, 0x0000020750984000, 0x000002075098b000, 0x000002075098a800,
0x000002075098c000, 0x000002075098d000, 0x000002075098d800, 0x0000020750484800,
0x0000020750483800
}

Java Threads: ( => current thread )
  0x000002072f00f800 JavaThread "main" [_thread_blocked, id=18216, stack(0x0000007259f00000,0x000000725a000000)]
  0x000002074946a800 JavaThread "Reference Handler" daemon [_thread_blocked, id=17912, stack(0x000000725a600000,0x000000725a700000)]
  0x0000020749478000 JavaThread "Finalizer" daemon [_thread_blocked, id=13336, stack(0x000000725a700000,0x000000725a800000)]
  0x00000207494ce800 JavaThread "Signal Dispatcher" daemon [_thread_blocked, id=9908, stack(0x000000725a800000,0x000000725a900000)]
  0x00000207494cf800 JavaThread "Attach Listener" daemon [_thread_blocked, id=4624, stack(0x000000725a900000,0x000000725aa00000)]
  0x00000207494d1000 JavaThread "Service Thread" daemon [_thread_blocked, id=10952, stack(0x000000725aa00000,0x000000725ab00000)]
  0x00000207494d5000 JavaThread "C2 CompilerThread0" daemon [_thread_blocked, id=3416, stack(0x000000725ab00000,0x000000725ac00000)]
  0x00000207494da000 JavaThread "C1 CompilerThread0" daemon [_thread_blocked, id=10644, stack(0x000000725ac00000,0x000000725ad00000)]
  0x00000207494de000 JavaThread "Sweeper thread" daemon [_thread_blocked, id=7876, stack(0x000000725ad00000,0x000000725ae00000)]
  0x0000020749f36000 JavaThread "Common-Cleaner" daemon [_thread_blocked, id=14008, stack(0x000000725ae00000,0x000000725af00000)]
  0x000002074b4a2800 JavaThread "Daemon health stats" [_thread_blocked, id=8480, stack(0x000000725b100000,0x000000725b200000)]
  0x000002074b6ac000 JavaThread "Incoming local TCP Connector on port 50547" [_thread_in_native, id=8788, stack(0x000000725b200000,0x000000725b300000)]
  0x000002074bc50800 JavaThread "Daemon periodic checks" [_thread_blocked, id=8032, stack(0x000000725b300000,0x000000725b400000)]
  0x000002074bd94800 JavaThread "Daemon" [_thread_blocked, id=9664, stack(0x000000725b400000,0x000000725b500000)]
  0x000002074b5a1000 JavaThread "Handler for socket connection from /127.0.0.1:50547 to /127.0.0.1:50548" [_thread_in_native, id=14268, stack(0x000000725b500000,0x000000725b600000)]
  0x000002074bbed800 JavaThread "Cancel handler" [_thread_blocked, id=10604, stack(0x000000725b600000,0x000000725b700000)]
  0x000002074b287800 JavaThread "Daemon worker" [_thread_blocked, id=1788, stack(0x000000725b700000,0x000000725b800000)]
  0x000002074bf94000 JavaThread "Asynchronous log dispatcher for DefaultDaemonConnection: socket connection from /127.0.0.1:50547 to /127.0.0.1:50548" [_thread_blocked, id=17624, stack(0x000000725be00000,0x000000725bf00000)]
  0x000002074bf95800 JavaThread "Stdin handler" [_thread_blocked, id=12960, stack(0x000000725bf00000,0x000000725c000000)]
  0x000002074bceb000 JavaThread "Daemon client event forwarder" [_thread_blocked, id=7160, stack(0x000000725c000000,0x000000725c100000)]
  0x000002074bcec000 JavaThread "Cache worker for journal cache (C:\Users\asus\.gradle\caches\journal-1)" [_thread_blocked, id=13516, stack(0x000000725c100000,0x000000725c200000)]
  0x000002074bce6800 JavaThread "File lock request listener" [_thread_in_native, id=2520, stack(0x000000725c200000,0x000000725c300000)]
  0x000002074bce8000 JavaThread "Cache worker for file hash cache (C:\Users\asus\.gradle\caches\7.3.3\fileHashes)" [_thread_blocked, id=7192, stack(0x000000725c300000,0x000000725c400000)]
  0x000002074bced000 JavaThread "Cache worker for file hash cache (C:\Users\asus\AndroidStudioProjects\UnicornRace\.gradle\7.3.3\fileHashes)" [_thread_blocked, id=17508, stack(0x000000725c500000,0x000000725c600000)]
  0x000002074bce7000 JavaThread "File watcher server" daemon [_thread_blocked, id=8452, stack(0x000000725c600000,0x000000725c700000)]
  0x000002074bce9000 JavaThread "File watcher consumer" daemon [_thread_blocked, id=9656, stack(0x000000725c700000,0x000000725c800000)]
  0x000002074bce9800 JavaThread "Cache worker for checksums cache (C:\Users\asus\AndroidStudioProjects\UnicornRace\.gradle\7.3.3\checksums)" [_thread_blocked, id=8532, stack(0x000000725c800000,0x000000725c900000)]
  0x000002074bcea800 JavaThread "Cache worker for cache directory md-supplier (C:\Users\asus\.gradle\caches\7.3.3\md-supplier)" [_thread_blocked, id=5804, stack(0x000000725c900000,0x000000725ca00000)]
  0x000002074a868000 JavaThread "Cache worker for cache directory md-rule (C:\Users\asus\.gradle\caches\7.3.3\md-rule)" [_thread_blocked, id=3668, stack(0x000000725ca00000,0x000000725cb00000)]
  0x000002074a867800 JavaThread "Cache worker for execution history cache (C:\Users\asus\.gradle\caches\7.3.3\executionHistory)" [_thread_blocked, id=16372, stack(0x000000725cb00000,0x000000725cc00000)]
  0x000002074a865000 JavaThread "jar transforms" [_thread_blocked, id=18392, stack(0x000000725cc00000,0x000000725cd00000)]
  0x000002074a869000 JavaThread "Cache worker for file content cache (C:\Users\asus\.gradle\caches\7.3.3\fileContent)" [_thread_blocked, id=13408, stack(0x000000725cd00000,0x000000725ce00000)]
  0x000002074a863000 JavaThread "jar transforms Thread 2" [_thread_blocked, id=8816, stack(0x000000725ce00000,0x000000725cf00000)]
  0x000002074a869800 JavaThread "Cache worker for dependencies-accessors (C:\Users\asus\AndroidStudioProjects\UnicornRace\.gradle\7.3.3\dependencies-accessors)" [_thread_blocked, id=12236, stack(0x000000725cf00000,0x000000725d000000)]
  0x000002074a86a800 JavaThread "jar transforms Thread 3" [_thread_blocked, id=8832, stack(0x000000725d000000,0x000000725d100000)]
  0x000002074a86b800 JavaThread "Cache worker for Build Output Cleanup Cache (C:\Users\asus\AndroidStudioProjects\UnicornRace\.gradle\buildOutputCleanup)" [_thread_blocked, id=4956, stack(0x000000725d100000,0x000000725d200000)]
  0x000002074a86c000 JavaThread "Unconstrained build operations" [_thread_blocked, id=1548, stack(0x000000725d200000,0x000000725d300000)]
  0x000002074a866800 JavaThread "Unconstrained build operations Thread 2" [_thread_blocked, id=17568, stack(0x000000725d300000,0x000000725d400000)]
  0x000002074a872000 JavaThread "Unconstrained build operations Thread 3" [_thread_blocked, id=11832, stack(0x000000725d400000,0x000000725d500000)]
  0x000002074a86f800 JavaThread "Unconstrained build operations Thread 4" [_thread_blocked, id=2320, stack(0x000000725d500000,0x000000725d600000)]
  0x000002074a870000 JavaThread "Unconstrained build operations Thread 5" [_thread_blocked, id=10472, stack(0x000000725d600000,0x000000725d700000)]
  0x000002074a86d000 JavaThread "Unconstrained build operations Thread 6" [_thread_blocked, id=16984, stack(0x000000725d700000,0x000000725d800000)]
  0x000002074a86e000 JavaThread "Unconstrained build operations Thread 7" [_thread_blocked, id=13520, stack(0x000000725d800000,0x000000725d900000)]
  0x000002074a86e800 JavaThread "Unconstrained build operations Thread 8" [_thread_blocked, id=8476, stack(0x000000725d900000,0x000000725da00000)]
  0x000002074a871000 JavaThread "Unconstrained build operations Thread 9" [_thread_blocked, id=12920, stack(0x000000725da00000,0x000000725db00000)]
  0x000002074fb51000 JavaThread "Unconstrained build operations Thread 10" [_thread_blocked, id=11240, stack(0x000000725db00000,0x000000725dc00000)]
  0x000002074fb4e000 JavaThread "Unconstrained build operations Thread 11" [_thread_blocked, id=5312, stack(0x000000725dc00000,0x000000725dd00000)]
  0x000002074fb50000 JavaThread "Unconstrained build operations Thread 12" [_thread_blocked, id=9568, stack(0x000000725dd00000,0x000000725de00000)]
  0x000002074fb4f800 JavaThread "Unconstrained build operations Thread 13" [_thread_blocked, id=2500, stack(0x000000725de00000,0x000000725df00000)]
  0x000002074fb4e800 JavaThread "Unconstrained build operations Thread 14" [_thread_blocked, id=9256, stack(0x000000725df00000,0x000000725e000000)]
  0x000002074fb4b800 JavaThread "Unconstrained build operations Thread 15" [_thread_blocked, id=3104, stack(0x000000725e000000,0x000000725e100000)]
  0x000002074fb52000 JavaThread "Unconstrained build operations Thread 16" [_thread_blocked, id=9836, stack(0x000000725e100000,0x000000725e200000)]
  0x000002074fb4c000 JavaThread "Unconstrained build operations Thread 17" [_thread_blocked, id=16596, stack(0x000000725e200000,0x000000725e300000)]
  0x000002074fb52800 JavaThread "Unconstrained build operations Thread 18" [_thread_blocked, id=18412, stack(0x000000725e300000,0x000000725e400000)]
  0x000002074fb4d000 JavaThread "Unconstrained build operations Thread 19" [_thread_blocked, id=18224, stack(0x000000725e400000,0x000000725e500000)]
  0x000002074fb56000 JavaThread "Unconstrained build operations Thread 20" [_thread_blocked, id=18236, stack(0x000000725e500000,0x000000725e600000)]
  0x000002074fb55000 JavaThread "Unconstrained build operations Thread 21" [_thread_blocked, id=3480, stack(0x000000725e600000,0x000000725e700000)]
  0x000002074fb57800 JavaThread "Unconstrained build operations Thread 22" [_thread_blocked, id=3088, stack(0x000000725e700000,0x000000725e800000)]
  0x000002074fb57000 JavaThread "Unconstrained build operations Thread 23" [_thread_blocked, id=10480, stack(0x000000725e800000,0x000000725e900000)]
  0x000002074fb58800 JavaThread "Unconstrained build operations Thread 24" [_thread_blocked, id=3928, stack(0x000000725e900000,0x000000725ea00000)]
  0x000002074fb59000 JavaThread "Unconstrained build operations Thread 25" [_thread_blocked, id=4412, stack(0x000000725ea00000,0x000000725eb00000)]
  0x000002074fb53800 JavaThread "Unconstrained build operations Thread 26" [_thread_blocked, id=6320, stack(0x000000725eb00000,0x000000725ec00000)]
  0x000002074fb5a000 JavaThread "Unconstrained build operations Thread 27" [_thread_blocked, id=10288, stack(0x000000725ec00000,0x000000725ed00000)]
  0x000002074fb54800 JavaThread "Unconstrained build operations Thread 28" [_thread_blocked, id=7028, stack(0x000000725ed00000,0x000000725ee00000)]
  0x000002074e687000 JavaThread "Unconstrained build operations Thread 29" [_thread_blocked, id=8364, stack(0x000000725ee00000,0x000000725ef00000)]
  0x000002074e685800 JavaThread "Unconstrained build operations Thread 30" [_thread_blocked, id=18184, stack(0x000000725ef00000,0x000000725f000000)]
  0x000002074e686800 JavaThread "Unconstrained build operations Thread 31" [_thread_blocked, id=7440, stack(0x000000725f000000,0x000000725f100000)]
  0x000002074e688000 JavaThread "Unconstrained build operations Thread 32" [_thread_blocked, id=13116, stack(0x000000725f100000,0x000000725f200000)]
  0x000002074e684000 JavaThread "Unconstrained build operations Thread 33" [_thread_blocked, id=5180, stack(0x000000725f200000,0x000000725f300000)]
  0x000002074e684800 JavaThread "Unconstrained build operations Thread 34" [_thread_blocked, id=10352, stack(0x000000725f300000,0x000000725f400000)]
  0x000002074e683000 JavaThread "Unconstrained build operations Thread 35" [_thread_blocked, id=2412, stack(0x000000725f400000,0x000000725f500000)]
  0x000002074e68d800 JavaThread "Unconstrained build operations Thread 36" [_thread_blocked, id=7728, stack(0x000000725f500000,0x000000725f600000)]
  0x000002074e689000 JavaThread "Unconstrained build operations Thread 37" [_thread_blocked, id=16808, stack(0x000000725f600000,0x000000725f700000)]
  0x000002074e68c000 JavaThread "Unconstrained build operations Thread 38" [_thread_blocked, id=7744, stack(0x000000725f700000,0x000000725f800000)]
  0x000002074e68d000 JavaThread "Unconstrained build operations Thread 39" [_thread_blocked, id=6932, stack(0x000000725f800000,0x000000725f900000)]
  0x000002074e68b000 JavaThread "Unconstrained build operations Thread 40" [_thread_blocked, id=14208, stack(0x000000725f900000,0x000000725fa00000)]
  0x000002074e68a800 JavaThread "Unconstrained build operations Thread 41" [_thread_blocked, id=8928, stack(0x000000725fa00000,0x000000725fb00000)]
  0x000002074e689800 JavaThread "Unconstrained build operations Thread 42" [_thread_blocked, id=15756, stack(0x000000725fb00000,0x000000725fc00000)]
  0x000002074e690000 JavaThread "Unconstrained build operations Thread 43" [_thread_blocked, id=13716, stack(0x000000725fc00000,0x000000725fd00000)]
  0x000002074e68f800 JavaThread "Unconstrained build operations Thread 44" [_thread_blocked, id=9104, stack(0x000000725fd00000,0x000000725fe00000)]
  0x000002074e68e800 JavaThread "Unconstrained build operations Thread 45" [_thread_blocked, id=18056, stack(0x000000725fe00000,0x000000725ff00000)]
  0x000002074e692000 JavaThread "Unconstrained build operations Thread 46" [_thread_blocked, id=1756, stack(0x000000725ff00000,0x0000007260000000)]
  0x000002074e691000 JavaThread "Unconstrained build operations Thread 47" [_thread_blocked, id=7752, stack(0x0000007260000000,0x0000007260100000)]
  0x000002074e673000 JavaThread "Unconstrained build operations Thread 48" [_thread_blocked, id=5572, stack(0x0000007260100000,0x0000007260200000)]
  0x000002074e677000 JavaThread "Unconstrained build operations Thread 49" [_thread_blocked, id=804, stack(0x0000007260200000,0x0000007260300000)]
  0x000002074e678000 JavaThread "Unconstrained build operations Thread 50" [_thread_blocked, id=1976, stack(0x0000007260300000,0x0000007260400000)]
  0x000002074e674000 JavaThread "Unconstrained build operations Thread 51" [_thread_blocked, id=13940, stack(0x0000007260400000,0x0000007260500000)]
  0x000002074e679000 JavaThread "Unconstrained build operations Thread 52" [_thread_blocked, id=11368, stack(0x0000007260500000,0x0000007260600000)]
  0x000002074e679800 JavaThread "Unconstrained build operations Thread 53" [_thread_blocked, id=5908, stack(0x0000007260600000,0x0000007260700000)]
  0x000002074e67a800 JavaThread "Unconstrained build operations Thread 54" [_thread_blocked, id=9288, stack(0x0000007260700000,0x0000007260800000)]
  0x000002074e676800 JavaThread "Unconstrained build operations Thread 55" [_thread_blocked, id=10136, stack(0x0000007260800000,0x0000007260900000)]
  0x000002074e675800 JavaThread "Unconstrained build operations Thread 56" [_thread_blocked, id=17232, stack(0x0000007260900000,0x0000007260a00000)]
  0x000002074e674800 JavaThread "Unconstrained build operations Thread 57" [_thread_blocked, id=11932, stack(0x0000007260a00000,0x0000007260b00000)]
  0x000002074e67f800 JavaThread "Unconstrained build operations Thread 58" [_thread_blocked, id=7760, stack(0x0000007260b00000,0x0000007260c00000)]
  0x000002074e67e800 JavaThread "Unconstrained build operations Thread 59" [_thread_blocked, id=7220, stack(0x0000007260c00000,0x0000007260d00000)]
  0x000002074e680000 JavaThread "Unconstrained build operations Thread 60" [_thread_blocked, id=17924, stack(0x0000007260d00000,0x0000007260e00000)]
  0x000002074e681000 JavaThread "Unconstrained build operations Thread 61" [_thread_blocked, id=13224, stack(0x0000007260e00000,0x0000007260f00000)]
  0x000002074e67b000 JavaThread "Unconstrained build operations Thread 62" [_thread_blocked, id=3988, stack(0x0000007260f00000,0x0000007261000000)]
  0x000002074e682000 JavaThread "Unconstrained build operations Thread 63" [_thread_blocked, id=11456, stack(0x0000007261000000,0x0000007261100000)]
  0x000002074e67c000 JavaThread "Unconstrained build operations Thread 64" [_thread_blocked, id=13128, stack(0x0000007261100000,0x0000007261200000)]
  0x000002074e67d000 JavaThread "Unconstrained build operations Thread 65" [_thread_blocked, id=11744, stack(0x0000007261200000,0x0000007261300000)]
  0x000002074e67d800 JavaThread "Unconstrained build operations Thread 66" [_thread_blocked, id=3580, stack(0x0000007261300000,0x0000007261400000)]
  0x000002074faf5000 JavaThread "Unconstrained build operations Thread 67" [_thread_blocked, id=12512, stack(0x0000007261400000,0x0000007261500000)]
  0x000002074faf3800 JavaThread "Unconstrained build operations Thread 68" [_thread_blocked, id=14324, stack(0x0000007261500000,0x0000007261600000)]
  0x000002074faf6000 JavaThread "Unconstrained build operations Thread 69" [_thread_blocked, id=11948, stack(0x0000007261600000,0x0000007261700000)]
  0x000002074faf4800 JavaThread "Unconstrained build operations Thread 70" [_thread_blocked, id=15732, stack(0x0000007261700000,0x0000007261800000)]
  0x000002074faf2800 JavaThread "Unconstrained build operations Thread 71" [_thread_blocked, id=17416, stack(0x0000007261800000,0x0000007261900000)]
  0x000002074faf0800 JavaThread "Unconstrained build operations Thread 72" [_thread_blocked, id=8776, stack(0x0000007261900000,0x0000007261a00000)]
  0x000002074faf2000 JavaThread "Unconstrained build operations Thread 73" [_thread_blocked, id=12320, stack(0x0000007261a00000,0x0000007261b00000)]
  0x000002074faf7000 JavaThread "Unconstrained build operations Thread 74" [_thread_blocked, id=13156, stack(0x0000007261b00000,0x0000007261c00000)]
  0x000002074faf1000 JavaThread "Unconstrained build operations Thread 75" [_thread_blocked, id=14944, stack(0x0000007261c00000,0x0000007261d00000)]
  0x000002074fafa000 JavaThread "Unconstrained build operations Thread 76" [_thread_blocked, id=11124, stack(0x0000007261d00000,0x0000007261e00000)]
  0x000002074faf9800 JavaThread "Unconstrained build operations Thread 77" [_thread_blocked, id=9924, stack(0x0000007261e00000,0x0000007261f00000)]
  0x000002074faf7800 JavaThread "Unconstrained build operations Thread 78" [_thread_blocked, id=7644, stack(0x0000007261f00000,0x0000007262000000)]
  0x000002074fafb000 JavaThread "Unconstrained build operations Thread 79" [_thread_blocked, id=5324, stack(0x0000007262000000,0x0000007262100000)]
  0x000002074fafb800 JavaThread "Unconstrained build operations Thread 80" [_thread_blocked, id=6908, stack(0x0000007262100000,0x0000007262200000)]
  0x000002074fafc800 JavaThread "jar transforms Thread 4" [_thread_blocked, id=14512, stack(0x0000007262200000,0x0000007262300000)]
  0x000002074fafd800 JavaThread "jar transforms Thread 5" [_thread_blocked, id=1688, stack(0x0000007262300000,0x0000007262400000)]
  0x000002074fafe000 JavaThread "jar transforms Thread 6" [_thread_blocked, id=17636, stack(0x0000007262400000,0x0000007262500000)]
  0x000002074faf8800 JavaThread "jar transforms Thread 7" [_thread_blocked, id=15832, stack(0x0000007262500000,0x0000007262600000)]
  0x000002074faff000 JavaThread "jar transforms Thread 8" [_thread_blocked, id=17984, stack(0x0000007262600000,0x0000007262700000)]
  0x000002075097f800 JavaThread "Memory manager" [_thread_blocked, id=18080, stack(0x0000007262700000,0x0000007262800000)]
  0x0000020750984800 JavaThread "build event listener" [_thread_blocked, id=5208, stack(0x0000007262800000,0x0000007262900000)]
  0x0000020750983000 JavaThread "pool-3-thread-1" [_thread_blocked, id=14240, stack(0x0000007262900000,0x0000007262a00000)]
  0x000002075097f000 JavaThread "build event listener" [_thread_blocked, id=15428, stack(0x0000007262a00000,0x0000007262b00000)]
  0x0000020750986800 JavaThread "Execution worker for ':'" [_thread_blocked, id=17152, stack(0x0000007262b00000,0x0000007262c00000)]
  0x0000020750981800 JavaThread "Execution worker for ':' Thread 2" [_thread_blocked, id=17144, stack(0x0000007262c00000,0x0000007262d00000)]
  0x0000020750987000 JavaThread "Execution worker for ':' Thread 3" [_thread_blocked, id=7316, stack(0x0000007262d00000,0x0000007262e00000)]
  0x0000020750988000 JavaThread "Execution worker for ':' Thread 4" [_thread_blocked, id=9208, stack(0x0000007262e00000,0x0000007262f00000)]
  0x0000020750985800 JavaThread "Execution worker for ':' Thread 5" [_thread_blocked, id=18276, stack(0x0000007262f00000,0x0000007263000000)]
  0x0000020750982000 JavaThread "Execution worker for ':' Thread 6" [_thread_blocked, id=16160, stack(0x0000007263000000,0x0000007263100000)]
  0x0000020750988800 JavaThread "Execution worker for ':' Thread 7" [_thread_blocked, id=7704, stack(0x0000007263100000,0x0000007263200000)]
  0x0000020750989800 JavaThread "Cache worker for execution history cache (C:\Users\asus\AndroidStudioProjects\UnicornRace\.gradle\7.3.3\executionHistory)" [_thread_blocked, id=32, stack(0x0000007263200000,0x0000007263300000)]
  0x0000020750984000 JavaThread "WorkerExecutor Queue" [_thread_blocked, id=16692, stack(0x0000007263300000,0x0000007263400000)]
  0x000002075098b000 JavaThread "WorkerExecutor Queue Thread 2" [_thread_blocked, id=13828, stack(0x0000007263400000,0x0000007263500000)]
  0x000002075098a800 JavaThread "WorkerExecutor Queue Thread 3" [_thread_blocked, id=7364, stack(0x0000007263500000,0x0000007263600000)]
  0x000002075098c000 JavaThread "WorkerExecutor Queue Thread 4" [_thread_blocked, id=17936, stack(0x0000007263600000,0x0000007263700000)]
  0x000002075098d000 JavaThread "WorkerExecutor Queue Thread 5" [_thread_blocked, id=8612, stack(0x0000007263700000,0x0000007263800000)]
  0x000002075098d800 JavaThread "WorkerExecutor Queue Thread 6" [_thread_blocked, id=17376, stack(0x0000007263800000,0x0000007263900000)]
  0x0000020750484800 JavaThread "WorkerExecutor Queue Thread 7" [_thread_blocked, id=11444, stack(0x0000007263900000,0x0000007263a00000)]
  0x0000020750483800 JavaThread "WorkerExecutor Queue Thread 8" [_thread_blocked, id=17644, stack(0x0000007263a00000,0x0000007263b00000)]

Other Threads:
=>0x0000020749469000 VMThread "VM Thread" [stack: 0x000000725a500000,0x000000725a600000] [id=1140]
  0x0000020749f6b800 WatcherThread [stack: 0x000000725af00000,0x000000725b000000] [id=8756]
  0x000002072f028000 GCTaskThread "GC Thread#0" [stack: 0x000000725a000000,0x000000725a100000] [id=13584]
  0x000002074a709000 GCTaskThread "GC Thread#1" [stack: 0x000000725b000000,0x000000725b100000] [id=11628]
  0x000002074c244800 GCTaskThread "GC Thread#2" [stack: 0x000000725b800000,0x000000725b900000] [id=11340]
  0x000002074bc29000 GCTaskThread "GC Thread#3" [stack: 0x000000725b900000,0x000000725ba00000] [id=10980]
  0x000002074bc2a000 GCTaskThread "GC Thread#4" [stack: 0x000000725ba00000,0x000000725bb00000] [id=6616]
  0x000002074b4d7800 GCTaskThread "GC Thread#5" [stack: 0x000000725bb00000,0x000000725bc00000] [id=3164]
  0x000002074b4d8000 GCTaskThread "GC Thread#6" [stack: 0x000000725bc00000,0x000000725bd00000] [id=8864]
  0x000002074ae56000 GCTaskThread "GC Thread#7" [stack: 0x000000725bd00000,0x000000725be00000] [id=10080]
  0x000002072f05b800 ConcurrentGCThread "G1 Main Marker" [stack: 0x000000725a100000,0x000000725a200000] [id=13016]
  0x000002072f05d800 ConcurrentGCThread "G1 Conc#0" [stack: 0x000000725a200000,0x000000725a300000] [id=18240]
  0x000002074c0c8000 ConcurrentGCThread "G1 Conc#1" [stack: 0x000000725c400000,0x000000725c500000] [id=7736]
  0x000002072f0b4800 ConcurrentGCThread "G1 Refine#0" [stack: 0x000000725a300000,0x000000725a400000] [id=12720]
  0x000002072f0b5800 ConcurrentGCThread "G1 Young RemSet Sampling" [stack: 0x000000725a400000,0x000000725a500000] [id=6924]

Threads with active compile tasks:
C2 CompilerThread0  22057 10813       4       com.android.utils.XmlUtils::append (645 bytes)
C1 CompilerThread0  22058 11208       2       com.android.aaptcompiler.ResourceConfigValue::<init> (17 bytes)

VM state:at safepoint (normal execution)

VM Mutex/Monitor currently owned by a thread:  ([mutex/lock_event])
[0x000002072f00c070] Threads_lock - owner thread: 0x0000020749469000
[0x000002072f00bc80] Heap_lock - owner thread: 0x0000020750984000

Heap address: 0x0000000080000000, size: 2048 MB, Compressed Oops mode: 32-bit
Narrow klass base: 0x0000000000000000, Narrow klass shift: 3
Compressed class space size: 1073741824 Address: 0x0000000100000000

Heap:
 garbage-first heap   total 254976K, used 143718K [0x0000000080000000, 0x0000000100000000)
  region size 1024K, 4 young (4096K), 4 survivors (4096K)
 Metaspace       used 90002K, capacity 92220K, committed 92544K, reserved 1130496K
  class space    used 11477K, capacity 12296K, committed 12416K, reserved 1048576K
Heap Regions: E=young(eden), S=young(survivor), O=old, HS=humongous(starts), HC=humongous(continues), CS=collection set, F=free, A=archive, TAMS=top-at-mark-start (previous, next)
|   0|0x0000000080000000, 0x0000000080100000, 0x0000000080100000|100%| O|  |TAMS 0x0000000080100000, 0x0000000080100000| Untracked 
|   1|0x0000000080100000, 0x0000000080200000, 0x0000000080200000|100%| O|  |TAMS 0x0000000080200000, 0x0000000080200000| Untracked 
|   2|0x0000000080200000, 0x0000000080300000, 0x0000000080300000|100%| O|  |TAMS 0x0000000080300000, 0x0000000080300000| Untracked 
|   3|0x0000000080300000, 0x0000000080400000, 0x0000000080400000|100%|HS|  |TAMS 0x0000000080400000, 0x0000000080400000| Complete 
|   4|0x0000000080400000, 0x0000000080500000, 0x0000000080500000|100%|HC|  |TAMS 0x0000000080500000, 0x0000000080500000| Complete 
|   5|0x0000000080500000, 0x0000000080600000, 0x0000000080600000|100%|HC|  |TAMS 0x0000000080600000, 0x0000000080600000| Complete 
|   6|0x0000000080600000, 0x0000000080700000, 0x0000000080700000|100%| O|  |TAMS 0x0000000080700000, 0x0000000080700000| Untracked 
|   7|0x0000000080700000, 0x0000000080800000, 0x0000000080800000|100%| O|  |TAMS 0x0000000080800000, 0x0000000080800000| Untracked 
|   8|0x0000000080800000, 0x0000000080900000, 0x0000000080900000|100%| O|  |TAMS 0x0000000080900000, 0x0000000080900000| Untracked 
|   9|0x0000000080900000, 0x0000000080a00000, 0x0000000080a00000|100%| O|  |TAMS 0x0000000080a00000, 0x0000000080a00000| Untracked 
|  10|0x0000000080a00000, 0x0000000080b00000, 0x0000000080b00000|100%| O|  |TAMS 0x0000000080b00000, 0x0000000080b00000| Untracked 
|  11|0x0000000080b00000, 0x0000000080c00000, 0x0000000080c00000|100%| O|  |TAMS 0x0000000080c00000, 0x0000000080c00000| Untracked 
|  12|0x0000000080c00000, 0x0000000080d00000, 0x0000000080d00000|100%| O|  |TAMS 0x0000000080d00000, 0x0000000080d00000| Untracked 
|  13|0x0000000080d00000, 0x0000000080e00000, 0x0000000080e00000|100%| O|  |TAMS 0x0000000080e00000, 0x0000000080e00000| Untracked 
|  14|0x0000000080e00000, 0x0000000080f00000, 0x0000000080f00000|100%| O|  |TAMS 0x0000000080f00000, 0x0000000080f00000| Untracked 
|  15|0x0000000080f00000, 0x0000000081000000, 0x0000000081000000|100%| O|  |TAMS 0x0000000081000000, 0x0000000081000000| Untracked 
|  16|0x0000000081000000, 0x0000000081100000, 0x0000000081100000|100%| O|  |TAMS 0x0000000081100000, 0x0000000081100000| Untracked 
|  17|0x0000000081100000, 0x0000000081200000, 0x0000000081200000|100%| O|  |TAMS 0x0000000081200000, 0x0000000081200000| Untracked 
|  18|0x0000000081200000, 0x0000000081300000, 0x0000000081300000|100%| O|  |TAMS 0x0000000081300000, 0x0000000081300000| Untracked 
|  19|0x0000000081300000, 0x0000000081400000, 0x0000000081400000|100%| O|  |TAMS 0x0000000081400000, 0x0000000081400000| Untracked 
|  20|0x0000000081400000, 0x0000000081500000, 0x0000000081500000|100%| O|  |TAMS 0x0000000081500000, 0x0000000081500000| Untracked 
|  21|0x0000000081500000, 0x0000000081600000, 0x0000000081600000|100%| O|  |TAMS 0x0000000081600000, 0x0000000081600000| Untracked 
|  22|0x0000000081600000, 0x0000000081700000, 0x0000000081700000|100%| O|  |TAMS 0x0000000081700000, 0x0000000081700000| Untracked 
|  23|0x0000000081700000, 0x0000000081800000, 0x0000000081800000|100%| O|  |TAMS 0x0000000081800000, 0x0000000081800000| Untracked 
|  24|0x0000000081800000, 0x0000000081900000, 0x0000000081900000|100%| O|  |TAMS 0x0000000081900000, 0x0000000081900000| Untracked 
|  25|0x0000000081900000, 0x0000000081a00000, 0x0000000081a00000|100%| O|  |TAMS 0x0000000081a00000, 0x0000000081a00000| Untracked 
|  26|0x0000000081a00000, 0x0000000081b00000, 0x0000000081b00000|100%| O|  |TAMS 0x0000000081b00000, 0x0000000081b00000| Untracked 
|  27|0x0000000081b00000, 0x0000000081c00000, 0x0000000081c00000|100%| O|  |TAMS 0x0000000081c00000, 0x0000000081c00000| Untracked 
|  28|0x0000000081c00000, 0x0000000081d00000, 0x0000000081d00000|100%| O|  |TAMS 0x0000000081d00000, 0x0000000081d00000| Untracked 
|  29|0x0000000081d00000, 0x0000000081e00000, 0x0000000081e00000|100%| O|  |TAMS 0x0000000081e00000, 0x0000000081e00000| Untracked 
|  30|0x0000000081e00000, 0x0000000081f00000, 0x0000000081f00000|100%|HS|  |TAMS 0x0000000081f00000, 0x0000000081f00000| Complete 
|  31|0x0000000081f00000, 0x0000000082000000, 0x0000000082000000|100%|HS|  |TAMS 0x0000000082000000, 0x0000000082000000| Complete 
|  32|0x0000000082000000, 0x0000000082100000, 0x0000000082100000|100%|HS|  |TAMS 0x0000000082100000, 0x0000000082100000| Complete 
|  33|0x0000000082100000, 0x0000000082200000, 0x0000000082200000|100%|HC|  |TAMS 0x0000000082200000, 0x0000000082200000| Complete 
|  34|0x0000000082200000, 0x0000000082300000, 0x0000000082300000|100%| O|  |TAMS 0x0000000082300000, 0x0000000082300000| Untracked 
|  35|0x0000000082300000, 0x0000000082400000, 0x0000000082400000|100%| O|  |TAMS 0x0000000082400000, 0x0000000082400000| Untracked 
|  36|0x0000000082400000, 0x0000000082500000, 0x0000000082500000|100%| O|  |TAMS 0x0000000082500000, 0x0000000082500000| Untracked 
|  37|0x0000000082500000, 0x0000000082600000, 0x0000000082600000|100%| O|  |TAMS 0x0000000082600000, 0x0000000082600000| Untracked 
|  38|0x0000000082600000, 0x0000000082700000, 0x0000000082700000|100%| O|  |TAMS 0x0000000082700000, 0x0000000082700000| Untracked 
|  39|0x0000000082700000, 0x0000000082800000, 0x0000000082800000|100%| O|  |TAMS 0x0000000082800000, 0x0000000082800000| Untracked 
|  40|0x0000000082800000, 0x0000000082900000, 0x0000000082900000|100%| O|  |TAMS 0x0000000082900000, 0x0000000082900000| Untracked 
|  41|0x0000000082900000, 0x0000000082a00000, 0x0000000082a00000|100%| O|  |TAMS 0x0000000082a00000, 0x0000000082a00000| Untracked 
|  42|0x0000000082a00000, 0x0000000082b00000, 0x0000000082b00000|100%| O|  |TAMS 0x0000000082b00000, 0x0000000082b00000| Untracked 
|  43|0x0000000082b00000, 0x0000000082c00000, 0x0000000082c00000|100%| O|  |TAMS 0x0000000082c00000, 0x0000000082c00000| Untracked 
|  44|0x0000000082c00000, 0x0000000082d00000, 0x0000000082d00000|100%| O|  |TAMS 0x0000000082d00000, 0x0000000082d00000| Untracked 
|  45|0x0000000082d00000, 0x0000000082e00000, 0x0000000082e00000|100%| O|  |TAMS 0x0000000082e00000, 0x0000000082e00000| Untracked 
|  46|0x0000000082e00000, 0x0000000082f00000, 0x0000000082f00000|100%| O|  |TAMS 0x0000000082f00000, 0x0000000082f00000| Untracked 
|  47|0x0000000082f00000, 0x0000000083000000, 0x0000000083000000|100%| O|  |TAMS 0x0000000083000000, 0x0000000083000000| Untracked 
|  48|0x0000000083000000, 0x0000000083100000, 0x0000000083100000|100%| O|  |TAMS 0x0000000083100000, 0x0000000083100000| Untracked 
|  49|0x0000000083100000, 0x0000000083200000, 0x0000000083200000|100%| O|  |TAMS 0x0000000083200000, 0x0000000083200000| Untracked 
|  50|0x0000000083200000, 0x0000000083300000, 0x0000000083300000|100%| O|  |TAMS 0x0000000083300000, 0x0000000083300000| Untracked 
|  51|0x0000000083300000, 0x0000000083400000, 0x0000000083400000|100%| O|  |TAMS 0x0000000083400000, 0x0000000083400000| Untracked 
|  52|0x0000000083400000, 0x0000000083500000, 0x0000000083500000|100%| O|  |TAMS 0x0000000083500000, 0x0000000083500000| Untracked 
|  53|0x0000000083500000, 0x0000000083600000, 0x0000000083600000|100%| O|  |TAMS 0x0000000083600000, 0x0000000083600000| Untracked 
|  54|0x0000000083600000, 0x0000000083700000, 0x0000000083700000|100%| O|  |TAMS 0x0000000083700000, 0x0000000083700000| Untracked 
|  55|0x0000000083700000, 0x0000000083800000, 0x0000000083800000|100%| O|  |TAMS 0x0000000083800000, 0x0000000083800000| Untracked 
|  56|0x0000000083800000, 0x0000000083900000, 0x0000000083900000|100%| O|  |TAMS 0x0000000083900000, 0x0000000083900000| Untracked 
|  57|0x0000000083900000, 0x0000000083a00000, 0x0000000083a00000|100%| O|  |TAMS 0x0000000083a00000, 0x0000000083a00000| Untracked 
|  58|0x0000000083a00000, 0x0000000083b00000, 0x0000000083b00000|100%| O|  |TAMS 0x0000000083b00000, 0x0000000083b00000| Untracked 
|  59|0x0000000083b00000, 0x0000000083c00000, 0x0000000083c00000|100%| O|  |TAMS 0x0000000083c00000, 0x0000000083c00000| Untracked 
|  60|0x0000000083c00000, 0x0000000083d00000, 0x0000000083d00000|100%| O|  |TAMS 0x0000000083d00000, 0x0000000083d00000| Untracked 
|  61|0x0000000083d00000, 0x0000000083e00000, 0x0000000083e00000|100%| O|  |TAMS 0x0000000083e00000, 0x0000000083e00000| Untracked 
|  62|0x0000000083e00000, 0x0000000083f00000, 0x0000000083f00000|100%| O|  |TAMS 0x0000000083f00000, 0x0000000083f00000| Untracked 
|  63|0x0000000083f00000, 0x0000000084000000, 0x0000000084000000|100%| O|  |TAMS 0x0000000084000000, 0x0000000084000000| Untracked 
|  64|0x0000000084000000, 0x0000000084100000, 0x0000000084100000|100%| O|  |TAMS 0x0000000084100000, 0x0000000084100000| Untracked 
|  65|0x0000000084100000, 0x0000000084200000, 0x0000000084200000|100%| O|  |TAMS 0x0000000084200000, 0x0000000084200000| Untracked 
|  66|0x0000000084200000, 0x0000000084300000, 0x0000000084300000|100%| O|  |TAMS 0x0000000084300000, 0x0000000084300000| Untracked 
|  67|0x0000000084300000, 0x0000000084400000, 0x0000000084400000|100%| O|  |TAMS 0x0000000084400000, 0x0000000084400000| Untracked 
|  68|0x0000000084400000, 0x0000000084500000, 0x0000000084500000|100%| O|  |TAMS 0x0000000084500000, 0x0000000084500000| Untracked 
|  69|0x0000000084500000, 0x0000000084600000, 0x0000000084600000|100%| O|  |TAMS 0x0000000084600000, 0x0000000084600000| Untracked 
|  70|0x0000000084600000, 0x0000000084700000, 0x0000000084700000|100%| O|  |TAMS 0x0000000084700000, 0x0000000084700000| Untracked 
|  71|0x0000000084700000, 0x0000000084800000, 0x0000000084800000|100%| O|  |TAMS 0x0000000084800000, 0x0000000084800000| Untracked 
|  72|0x0000000084800000, 0x0000000084900000, 0x0000000084900000|100%| O|  |TAMS 0x0000000084900000, 0x0000000084900000| Untracked 
|  73|0x0000000084900000, 0x0000000084a00000, 0x0000000084a00000|100%| O|  |TAMS 0x0000000084a00000, 0x0000000084a00000| Untracked 
|  74|0x0000000084a00000, 0x0000000084b00000, 0x0000000084b00000|100%| O|  |TAMS 0x0000000084b00000, 0x0000000084b00000| Untracked 
|  75|0x0000000084b00000, 0x0000000084c00000, 0x0000000084c00000|100%| O|  |TAMS 0x0000000084c00000, 0x0000000084c00000| Untracked 
|  76|0x0000000084c00000, 0x0000000084d00000, 0x0000000084d00000|100%| O|  |TAMS 0x0000000084d00000, 0x0000000084d00000| Untracked 
|  77|0x0000000084d00000, 0x0000000084e00000, 0x0000000084e00000|100%| O|  |TAMS 0x0000000084e00000, 0x0000000084e00000| Untracked 
|  78|0x0000000084e00000, 0x0000000084f00000, 0x0000000084f00000|100%| O|  |TAMS 0x0000000084f00000, 0x0000000084f00000| Untracked 
|  79|0x0000000084f00000, 0x0000000085000000, 0x0000000085000000|100%| O|  |TAMS 0x0000000085000000, 0x0000000085000000| Untracked 
|  80|0x0000000085000000, 0x0000000085100000, 0x0000000085100000|100%| O|  |TAMS 0x0000000085100000, 0x0000000085100000| Untracked 
|  81|0x0000000085100000, 0x0000000085200000, 0x0000000085200000|100%| O|  |TAMS 0x0000000085200000, 0x0000000085200000| Untracked 
|  82|0x0000000085200000, 0x0000000085300000, 0x0000000085300000|100%| O|  |TAMS 0x0000000085300000, 0x0000000085300000| Untracked 
|  83|0x0000000085300000, 0x0000000085400000, 0x0000000085400000|100%| O|  |TAMS 0x0000000085400000, 0x0000000085400000| Untracked 
|  84|0x0000000085400000, 0x0000000085500000, 0x0000000085500000|100%| O|  |TAMS 0x0000000085500000, 0x0000000085500000| Untracked 
|  85|0x0000000085500000, 0x0000000085600000, 0x0000000085600000|100%| O|  |TAMS 0x0000000085600000, 0x0000000085600000| Untracked 
|  86|0x0000000085600000, 0x0000000085700000, 0x0000000085700000|100%| O|  |TAMS 0x0000000085700000, 0x0000000085700000| Untracked 
|  87|0x0000000085700000, 0x0000000085800000, 0x0000000085800000|100%| O|  |TAMS 0x0000000085800000, 0x0000000085800000| Untracked 
|  88|0x0000000085800000, 0x0000000085900000, 0x0000000085900000|100%| O|  |TAMS 0x0000000085900000, 0x0000000085900000| Untracked 
|  89|0x0000000085900000, 0x0000000085a00000, 0x0000000085a00000|100%| O|  |TAMS 0x0000000085a00000, 0x0000000085a00000| Untracked 
|  90|0x0000000085a00000, 0x0000000085b00000, 0x0000000085b00000|100%| O|  |TAMS 0x0000000085b00000, 0x0000000085b00000| Untracked 
|  91|0x0000000085b00000, 0x0000000085c00000, 0x0000000085c00000|100%| O|  |TAMS 0x0000000085c00000, 0x0000000085c00000| Untracked 
|  92|0x0000000085c00000, 0x0000000085d00000, 0x0000000085d00000|100%| O|  |TAMS 0x0000000085d00000, 0x0000000085d00000| Untracked 
|  93|0x0000000085d00000, 0x0000000085e00000, 0x0000000085e00000|100%| O|  |TAMS 0x0000000085e00000, 0x0000000085e00000| Untracked 
|  94|0x0000000085e00000, 0x0000000085f00000, 0x0000000085f00000|100%| O|  |TAMS 0x0000000085f00000, 0x0000000085f00000| Untracked 
|  95|0x0000000085f00000, 0x0000000086000000, 0x0000000086000000|100%| O|  |TAMS 0x0000000086000000, 0x0000000086000000| Untracked 
|  96|0x0000000086000000, 0x0000000086100000, 0x0000000086100000|100%| O|  |TAMS 0x0000000086100000, 0x0000000086100000| Untracked 
|  97|0x0000000086100000, 0x0000000086200000, 0x0000000086200000|100%| O|  |TAMS 0x0000000086200000, 0x0000000086200000| Untracked 
|  98|0x0000000086200000, 0x0000000086300000, 0x0000000086300000|100%| O|  |TAMS 0x0000000086300000, 0x0000000086300000| Untracked 
|  99|0x0000000086300000, 0x0000000086400000, 0x0000000086400000|100%| O|  |TAMS 0x0000000086400000, 0x0000000086400000| Untracked 
| 100|0x0000000086400000, 0x0000000086500000, 0x0000000086500000|100%| O|  |TAMS 0x0000000086500000, 0x0000000086500000| Untracked 
| 101|0x0000000086500000, 0x0000000086600000, 0x0000000086600000|100%| O|  |TAMS 0x0000000086600000, 0x0000000086600000| Untracked 
| 102|0x0000000086600000, 0x0000000086700000, 0x0000000086700000|100%| O|  |TAMS 0x0000000086700000, 0x0000000086700000| Untracked 
| 103|0x0000000086700000, 0x0000000086800000, 0x0000000086800000|100%| O|  |TAMS 0x0000000086800000, 0x0000000086800000| Untracked 
| 104|0x0000000086800000, 0x0000000086900000, 0x0000000086900000|100%| O|  |TAMS 0x0000000086900000, 0x0000000086900000| Untracked 
| 105|0x0000000086900000, 0x0000000086a00000, 0x0000000086a00000|100%| O|  |TAMS 0x0000000086a00000, 0x0000000086a00000| Untracked 
| 106|0x0000000086a00000, 0x0000000086b00000, 0x0000000086b00000|100%| O|  |TAMS 0x0000000086b00000, 0x0000000086b00000| Untracked 
| 107|0x0000000086b00000, 0x0000000086c00000, 0x0000000086c00000|100%| O|  |TAMS 0x0000000086c00000, 0x0000000086c00000| Untracked 
| 108|0x0000000086c00000, 0x0000000086d00000, 0x0000000086d00000|100%|HS|  |TAMS 0x0000000086d00000, 0x0000000086d00000| Complete 
| 109|0x0000000086d00000, 0x0000000086e00000, 0x0000000086e00000|100%| O|  |TAMS 0x0000000086e00000, 0x0000000086e00000| Untracked 
| 110|0x0000000086e00000, 0x0000000086f00000, 0x0000000086f00000|100%| O|  |TAMS 0x0000000086f00000, 0x0000000086f00000| Untracked 
| 111|0x0000000086f00000, 0x0000000087000000, 0x0000000087000000|100%| O|  |TAMS 0x0000000087000000, 0x0000000087000000| Untracked 
| 112|0x0000000087000000, 0x0000000087100000, 0x0000000087100000|100%| O|  |TAMS 0x0000000087100000, 0x0000000087100000| Untracked 
| 113|0x0000000087100000, 0x0000000087200000, 0x0000000087200000|100%| O|  |TAMS 0x0000000087200000, 0x0000000087200000| Untracked 
| 114|0x0000000087200000, 0x0000000087300000, 0x0000000087300000|100%| O|  |TAMS 0x0000000087300000, 0x0000000087300000| Untracked 
| 115|0x0000000087300000, 0x0000000087400000, 0x0000000087400000|100%| O|  |TAMS 0x0000000087400000, 0x0000000087400000| Untracked 
| 116|0x0000000087400000, 0x0000000087500000, 0x0000000087500000|100%| O|  |TAMS 0x0000000087500000, 0x0000000087500000| Untracked 
| 117|0x0000000087500000, 0x0000000087600000, 0x0000000087600000|100%| O|  |TAMS 0x0000000087600000, 0x0000000087600000| Untracked 
| 118|0x0000000087600000, 0x0000000087700000, 0x0000000087700000|100%| O|  |TAMS 0x0000000087700000, 0x0000000087700000| Untracked 
| 119|0x0000000087700000, 0x0000000087800000, 0x0000000087800000|100%| O|  |TAMS 0x0000000087800000, 0x0000000087800000| Untracked 
| 120|0x0000000087800000, 0x0000000087900000, 0x0000000087900000|100%| O|  |TAMS 0x0000000087900000, 0x0000000087900000| Untracked 
| 121|0x0000000087900000, 0x0000000087a00000, 0x0000000087a00000|100%| O|  |TAMS 0x0000000087a00000, 0x0000000087a00000| Untracked 
| 122|0x0000000087a00000, 0x0000000087b00000, 0x0000000087b00000|100%| O|  |TAMS 0x0000000087b00000, 0x0000000087b00000| Untracked 
| 123|0x0000000087b00000, 0x0000000087c00000, 0x0000000087c00000|100%| O|  |TAMS 0x0000000087c00000, 0x0000000087c00000| Untracked 
| 124|0x0000000087c00000, 0x0000000087d00000, 0x0000000087d00000|100%| O|  |TAMS 0x0000000087d00000, 0x0000000087d00000| Untracked 
| 125|0x0000000087d00000, 0x0000000087e00000, 0x0000000087e00000|100%| O|  |TAMS 0x0000000087e00000, 0x0000000087e00000| Untracked 
| 126|0x0000000087e00000, 0x0000000087f00000, 0x0000000087f00000|100%| O|  |TAMS 0x0000000087e88600, 0x0000000087f00000| Untracked 
| 127|0x0000000087f00000, 0x0000000088000000, 0x0000000088000000|100%| O|  |TAMS 0x0000000087f00000, 0x0000000088000000| Untracked 
| 128|0x0000000088000000, 0x0000000088100000, 0x0000000088100000|100%| O|  |TAMS 0x0000000088000000, 0x0000000088100000| Untracked 
| 129|0x0000000088100000, 0x0000000088200000, 0x0000000088200000|100%| O|  |TAMS 0x0000000088100000, 0x0000000088200000| Untracked 
| 130|0x0000000088200000, 0x0000000088300000, 0x0000000088300000|100%| O|  |TAMS 0x0000000088200000, 0x0000000088300000| Untracked 
| 131|0x0000000088300000, 0x0000000088400000, 0x0000000088400000|100%| O|  |TAMS 0x0000000088400000, 0x0000000088400000| Untracked 
| 132|0x0000000088400000, 0x00000000884af000, 0x0000000088500000| 68%| O|  |TAMS 0x0000000088400000, 0x00000000884af000| Untracked 
| 133|0x0000000088500000, 0x0000000088500000, 0x0000000088600000|  0%| F|  |TAMS 0x0000000088500000, 0x0000000088500000| Untracked 
| 134|0x0000000088600000, 0x0000000088600000, 0x0000000088700000|  0%| F|  |TAMS 0x0000000088600000, 0x0000000088600000| Untracked 
| 135|0x0000000088700000, 0x0000000088700000, 0x0000000088800000|  0%| F|  |TAMS 0x0000000088700000, 0x0000000088700000| Untracked 
| 136|0x0000000088800000, 0x0000000088800000, 0x0000000088900000|  0%| F|  |TAMS 0x0000000088800000, 0x0000000088800000| Untracked 
| 137|0x0000000088900000, 0x0000000088900000, 0x0000000088a00000|  0%| F|  |TAMS 0x0000000088900000, 0x0000000088900000| Untracked 
| 138|0x0000000088a00000, 0x0000000088a00000, 0x0000000088b00000|  0%| F|  |TAMS 0x0000000088a00000, 0x0000000088a00000| Untracked 
| 139|0x0000000088b00000, 0x0000000088b00000, 0x0000000088c00000|  0%| F|  |TAMS 0x0000000088b00000, 0x0000000088b00000| Untracked 
| 140|0x0000000088c00000, 0x0000000088c00000, 0x0000000088d00000|  0%| F|  |TAMS 0x0000000088c00000, 0x0000000088c00000| Untracked 
| 141|0x0000000088d00000, 0x0000000088d00000, 0x0000000088e00000|  0%| F|  |TAMS 0x0000000088d00000, 0x0000000088d00000| Untracked 
| 142|0x0000000088e00000, 0x0000000088e00000, 0x0000000088f00000|  0%| F|  |TAMS 0x0000000088e00000, 0x0000000088e00000| Untracked 
| 143|0x0000000088f00000, 0x0000000088f00000, 0x0000000089000000|  0%| F|  |TAMS 0x0000000088f00000, 0x0000000088f00000| Untracked 
| 144|0x0000000089000000, 0x0000000089000000, 0x0000000089100000|  0%| F|  |TAMS 0x0000000089000000, 0x0000000089000000| Untracked 
| 145|0x0000000089100000, 0x0000000089100000, 0x0000000089200000|  0%| F|  |TAMS 0x0000000089100000, 0x0000000089100000| Untracked 
| 146|0x0000000089200000, 0x0000000089300000, 0x0000000089300000|100%| O|  |TAMS 0x0000000089200000, 0x0000000089300000| Untracked 
| 147|0x0000000089300000, 0x0000000089400000, 0x0000000089400000|100%| O|  |TAMS 0x0000000089300000, 0x0000000089400000| Untracked 
| 148|0x0000000089400000, 0x0000000089500000, 0x0000000089500000|100%| O|  |TAMS 0x0000000089400000, 0x0000000089500000| Untracked 
| 149|0x0000000089500000, 0x0000000089600000, 0x0000000089600000|100%| O|  |TAMS 0x0000000089500000, 0x0000000089600000| Untracked 
| 150|0x0000000089600000, 0x0000000089600000, 0x0000000089700000|  0%| F|  |TAMS 0x0000000089600000, 0x0000000089600000| Untracked 
| 151|0x0000000089700000, 0x0000000089700000, 0x0000000089800000|  0%| F|  |TAMS 0x0000000089700000, 0x0000000089700000| Untracked 
| 152|0x0000000089800000, 0x0000000089800000, 0x0000000089900000|  0%| F|  |TAMS 0x0000000089800000, 0x0000000089800000| Untracked 
| 153|0x0000000089900000, 0x0000000089900000, 0x0000000089a00000|  0%| F|  |TAMS 0x0000000089900000, 0x0000000089900000| Untracked 
| 154|0x0000000089a00000, 0x0000000089a00000, 0x0000000089b00000|  0%| F|  |TAMS 0x0000000089a00000, 0x0000000089a00000| Untracked 
| 155|0x0000000089b00000, 0x0000000089b00000, 0x0000000089c00000|  0%| F|  |TAMS 0x0000000089b00000, 0x0000000089b00000| Untracked 
| 156|0x0000000089c00000, 0x0000000089c00000, 0x0000000089d00000|  0%| F|  |TAMS 0x0000000089c00000, 0x0000000089c00000| Untracked 
| 157|0x0000000089d00000, 0x0000000089d00000, 0x0000000089e00000|  0%| F|  |TAMS 0x0000000089d00000, 0x0000000089d00000| Untracked 
| 158|0x0000000089e00000, 0x0000000089e00000, 0x0000000089f00000|  0%| F|  |TAMS 0x0000000089e00000, 0x0000000089e00000| Untracked 
| 159|0x0000000089f00000, 0x0000000089f00000, 0x000000008a000000|  0%| F|  |TAMS 0x0000000089f00000, 0x0000000089f00000| Untracked 
| 160|0x000000008a000000, 0x000000008a000000, 0x000000008a100000|  0%| F|  |TAMS 0x000000008a000000, 0x000000008a000000| Untracked 
| 161|0x000000008a100000, 0x000000008a100000, 0x000000008a200000|  0%| F|  |TAMS 0x000000008a100000, 0x000000008a100000| Untracked 
| 162|0x000000008a200000, 0x000000008a200000, 0x000000008a300000|  0%| F|  |TAMS 0x000000008a200000, 0x000000008a200000| Untracked 
| 163|0x000000008a300000, 0x000000008a300000, 0x000000008a400000|  0%| F|  |TAMS 0x000000008a300000, 0x000000008a300000| Untracked 
| 164|0x000000008a400000, 0x000000008a400000, 0x000000008a500000|  0%| F|  |TAMS 0x000000008a400000, 0x000000008a400000| Untracked 
| 165|0x000000008a500000, 0x000000008a500000, 0x000000008a600000|  0%| F|  |TAMS 0x000000008a500000, 0x000000008a500000| Untracked 
| 166|0x000000008a600000, 0x000000008a600000, 0x000000008a700000|  0%| F|  |TAMS 0x000000008a600000, 0x000000008a600000| Untracked 
| 167|0x000000008a700000, 0x000000008a700000, 0x000000008a800000|  0%| F|  |TAMS 0x000000008a700000, 0x000000008a700000| Untracked 
| 168|0x000000008a800000, 0x000000008a800000, 0x000000008a900000|  0%| F|  |TAMS 0x000000008a800000, 0x000000008a800000| Untracked 
| 169|0x000000008a900000, 0x000000008a900000, 0x000000008aa00000|  0%| F|  |TAMS 0x000000008a900000, 0x000000008a900000| Untracked 
| 170|0x000000008aa00000, 0x000000008aa00000, 0x000000008ab00000|  0%| F|  |TAMS 0x000000008aa00000, 0x000000008aa00000| Untracked 
| 171|0x000000008ab00000, 0x000000008ab00000, 0x000000008ac00000|  0%| F|  |TAMS 0x000000008ab00000, 0x000000008ab00000| Untracked 
| 172|0x000000008ac00000, 0x000000008ac00000, 0x000000008ad00000|  0%| F|  |TAMS 0x000000008ac00000, 0x000000008ac00000| Untracked 
| 173|0x000000008ad00000, 0x000000008ad00000, 0x000000008ae00000|  0%| F|  |TAMS 0x000000008ad00000, 0x000000008ad00000| Untracked 
| 174|0x000000008ae00000, 0x000000008ae00000, 0x000000008af00000|  0%| F|  |TAMS 0x000000008ae00000, 0x000000008ae00000| Untracked 
| 175|0x000000008af00000, 0x000000008af00000, 0x000000008b000000|  0%| F|  |TAMS 0x000000008af00000, 0x000000008af00000| Untracked 
| 176|0x000000008b000000, 0x000000008b000000, 0x000000008b100000|  0%| F|  |TAMS 0x000000008b000000, 0x000000008b000000| Untracked 
| 177|0x000000008b100000, 0x000000008b100000, 0x000000008b200000|  0%| F|  |TAMS 0x000000008b100000, 0x000000008b100000| Untracked 
| 178|0x000000008b200000, 0x000000008b200000, 0x000000008b300000|  0%| F|  |TAMS 0x000000008b200000, 0x000000008b200000| Untracked 
| 179|0x000000008b300000, 0x000000008b300000, 0x000000008b400000|  0%| F|  |TAMS 0x000000008b300000, 0x000000008b300000| Untracked 
| 180|0x000000008b400000, 0x000000008b4aaa80, 0x000000008b500000| 66%| S|CS|TAMS 0x000000008b400000, 0x000000008b400000| Complete 
| 181|0x000000008b500000, 0x000000008b600000, 0x000000008b600000|100%| S|CS|TAMS 0x000000008b500000, 0x000000008b500000| Complete 
| 182|0x000000008b600000, 0x000000008b700000, 0x000000008b700000|100%| S|CS|TAMS 0x000000008b600000, 0x000000008b600000| Complete 
| 183|0x000000008b700000, 0x000000008b800000, 0x000000008b800000|100%| S|CS|TAMS 0x000000008b700000, 0x000000008b700000| Complete 
| 184|0x000000008b800000, 0x000000008b800000, 0x000000008b900000|  0%| F|  |TAMS 0x000000008b800000, 0x000000008b800000| Untracked 
| 185|0x000000008b900000, 0x000000008b900000, 0x000000008ba00000|  0%| F|  |TAMS 0x000000008b900000, 0x000000008b900000| Untracked 
| 186|0x000000008ba00000, 0x000000008ba00000, 0x000000008bb00000|  0%| F|  |TAMS 0x000000008ba00000, 0x000000008ba00000| Untracked 
| 187|0x000000008bb00000, 0x000000008bb00000, 0x000000008bc00000|  0%| F|  |TAMS 0x000000008bb00000, 0x000000008bb00000| Untracked 
| 188|0x000000008bc00000, 0x000000008bc00000, 0x000000008bd00000|  0%| F|  |TAMS 0x000000008bc00000, 0x000000008bc00000| Untracked 
| 189|0x000000008bd00000, 0x000000008bd00000, 0x000000008be00000|  0%| F|  |TAMS 0x000000008bd00000, 0x000000008bd00000| Untracked 
| 190|0x000000008be00000, 0x000000008be00000, 0x000000008bf00000|  0%| F|  |TAMS 0x000000008be00000, 0x000000008be00000| Untracked 
| 191|0x000000008bf00000, 0x000000008bf00000, 0x000000008c000000|  0%| F|  |TAMS 0x000000008bf00000, 0x000000008bf00000| Untracked 
| 192|0x000000008c000000, 0x000000008c000000, 0x000000008c100000|  0%| F|  |TAMS 0x000000008c000000, 0x000000008c000000| Untracked 
| 193|0x000000008c100000, 0x000000008c100000, 0x000000008c200000|  0%| F|  |TAMS 0x000000008c100000, 0x000000008c100000| Untracked 
| 194|0x000000008c200000, 0x000000008c200000, 0x000000008c300000|  0%| F|  |TAMS 0x000000008c200000, 0x000000008c200000| Untracked 
| 195|0x000000008c300000, 0x000000008c300000, 0x000000008c400000|  0%| F|  |TAMS 0x000000008c300000, 0x000000008c300000| Untracked 
| 196|0x000000008c400000, 0x000000008c400000, 0x000000008c500000|  0%| F|  |TAMS 0x000000008c400000, 0x000000008c400000| Untracked 
| 197|0x000000008c500000, 0x000000008c500000, 0x000000008c600000|  0%| F|  |TAMS 0x000000008c500000, 0x000000008c500000| Untracked 
| 198|0x000000008c600000, 0x000000008c600000, 0x000000008c700000|  0%| F|  |TAMS 0x000000008c600000, 0x000000008c600000| Untracked 
| 199|0x000000008c700000, 0x000000008c700000, 0x000000008c800000|  0%| F|  |TAMS 0x000000008c700000, 0x000000008c700000| Untracked 
| 200|0x000000008c800000, 0x000000008c800000, 0x000000008c900000|  0%| F|  |TAMS 0x000000008c800000, 0x000000008c800000| Untracked 
| 201|0x000000008c900000, 0x000000008c900000, 0x000000008ca00000|  0%| F|  |TAMS 0x000000008c900000, 0x000000008c900000| Untracked 
| 202|0x000000008ca00000, 0x000000008ca00000, 0x000000008cb00000|  0%| F|  |TAMS 0x000000008ca00000, 0x000000008ca00000| Untracked 
| 203|0x000000008cb00000, 0x000000008cb00000, 0x000000008cc00000|  0%| F|  |TAMS 0x000000008cb00000, 0x000000008cb00000| Untracked 
| 204|0x000000008cc00000, 0x000000008cc00000, 0x000000008cd00000|  0%| F|  |TAMS 0x000000008cc00000, 0x000000008cc00000| Untracked 
| 205|0x000000008cd00000, 0x000000008cd00000, 0x000000008ce00000|  0%| F|  |TAMS 0x000000008cd00000, 0x000000008cd00000| Untracked 
| 206|0x000000008ce00000, 0x000000008ce00000, 0x000000008cf00000|  0%| F|  |TAMS 0x000000008ce00000, 0x000000008ce00000| Untracked 

Card table byte_map: [0x0000020742260000,0x0000020742660000] _byte_map_base: 0x0000020741e60000

Marking Bits (Prev, Next): (CMBitMap*) 0x000002072f052b50, (CMBitMap*) 0x000002072f052b18
 Prev Bits: [0x0000020744a60000, 0x0000020746a60000)
 Next Bits: [0x0000020742a60000, 0x0000020744a60000)

Polling page: 0x000002072cf70000

Metaspace:

Usage:
  Non-class:     78.05 MB capacity,    76.68 MB ( 98%) used,     1.12 MB (  1%) free+waste,   248.19 KB ( <1%) overhead. 
      Class:     12.01 MB capacity,    11.21 MB ( 93%) used,   705.45 KB (  6%) free+waste,   112.63 KB ( <1%) overhead. 
       Both:     90.06 MB capacity,    87.89 MB ( 98%) used,     1.81 MB (  2%) free+waste,   360.81 KB ( <1%) overhead. 

Virtual space:
  Non-class space:       80.00 MB reserved,      78.25 MB ( 98%) committed 
      Class space:        1.00 GB reserved,      12.13 MB (  1%) committed 
             Both:        1.08 GB reserved,      90.38 MB (  8%) committed 

Chunk freelists:
   Non-Class:  204.00 KB
       Class:  120.00 KB
        Both:  324.00 KB

MaxMetaspaceSize: 17179869184.00 GB
CompressedClassSpaceSize: 1.00 GB
Initial GC threshold: 20.80 MB
Current GC threshold: 147.50 MB
CDS: off

CodeHeap 'non-profiled nmethods': size=120000Kb used=5253Kb max_used=5253Kb free=114746Kb
 bounds [0x000002073a5f0000, 0x000002073ab20000, 0x0000020741b20000]
CodeHeap 'profiled nmethods': size=120000Kb used=22471Kb max_used=22471Kb free=97529Kb
 bounds [0x00000207330c0000, 0x00000207346c0000, 0x000002073a5f0000]
CodeHeap 'non-nmethods': size=5760Kb used=2378Kb max_used=2436Kb free=3382Kb
 bounds [0x0000020732b20000, 0x0000020732d90000, 0x00000207330c0000]
 total_blobs=11794 nmethods=10899 adapters=807
 compilation: enabled
              stopped_count=0, restarted_count=0
 full_count=0

Compilation events (20 events):
Event: 22.009 Thread 0x00000207494da000 nmethod 11185 0x00000207346ad090 code [0x00000207346ad260, 0x00000207346ad748]
Event: 22.009 Thread 0x00000207494da000 11183       2       com.ctc.wstx.sr.BasicStreamReader::handleStartElem (296 bytes)
Event: 22.010 Thread 0x00000207494da000 nmethod 11183 0x00000207346ad910 code [0x00000207346adbc0, 0x00000207346ae2a8]
Event: 22.011 Thread 0x00000207494da000 11210  s    2       java.util.jar.JarFile::getInputStream (72 bytes)
Event: 22.011 Thread 0x00000207494da000 nmethod 11210 0x00000207346ae890 code [0x00000207346aeaa0, 0x00000207346aef78]
Event: 22.011 Thread 0x00000207494da000 11184       2       com.ctc.wstx.sr.BasicStreamReader::withStartElement (39 bytes)
Event: 22.011 Thread 0x00000207494da000 nmethod 11184 0x00000207346af110 code [0x00000207346af320, 0x00000207346af6c8]
Event: 22.011 Thread 0x00000207494da000 11178       2       com.ctc.wstx.sr.InputElementStack::pop (96 bytes)
Event: 22.012 Thread 0x00000207494da000 nmethod 11178 0x00000207346af910 code [0x00000207346afb00, 0x00000207346aff08]
Event: 22.012 Thread 0x00000207494da000 11180       2       kotlin.comparisons.ComparisonsKt__ComparisonsKt::nullsFirst (18 bytes)
Event: 22.012 Thread 0x00000207494da000 nmethod 11180 0x00000207346b0110 code [0x00000207346b0300, 0x00000207346b0618]
Event: 22.012 Thread 0x00000207494da000 11207       2       kotlin.comparisons.ComparisonsKt__ComparisonsKt::naturalOrder (21 bytes)
Event: 22.012 Thread 0x00000207494da000 nmethod 11207 0x00000207346b0810 code [0x00000207346b09c0, 0x00000207346b0a98]
Event: 22.012 Thread 0x00000207494da000 11198       2       com.android.aaptcompiler.Visibility::<init> (38 bytes)
Event: 22.013 Thread 0x00000207494da000 nmethod 11198 0x00000207346b0b10 code [0x00000207346b0da0, 0x00000207346b1498]
Event: 22.013 Thread 0x00000207494da000 11211       2       java.util.Collections$SetFromMap::remove (19 bytes)
Event: 22.013 Thread 0x00000207494da000 nmethod 11211 0x00000207346b1890 code [0x00000207346b1a40, 0x00000207346b1b68]
Event: 22.013 Thread 0x00000207494da000 11083       1       org.codehaus.stax2.ri.evt.EndElementEventImpl::getName (5 bytes)
Event: 22.013 Thread 0x00000207494da000 nmethod 11083 0x000002073ab11310 code [0x000002073ab114c0, 0x000002073ab11578]
Event: 22.013 Thread 0x00000207494da000 11208       2       com.android.aaptcompiler.ResourceConfigValue::<init> (17 bytes)

GC Heap History (20 events):
Event: 17.206 GC heap after
{Heap after GC invocations=51 (full 0):
 garbage-first heap   total 176128K, used 75040K [0x0000000080000000, 0x0000000100000000)
  region size 1024K, 4 young (4096K), 4 survivors (4096K)
 Metaspace       used 84978K, capacity 87356K, committed 87552K, reserved 1124352K
  class space    used 11077K, capacity 11971K, committed 12032K, reserved 1048576K
}
Event: 17.954 GC heap before
{Heap before GC invocations=52 (full 0):
 garbage-first heap   total 176128K, used 127264K [0x0000000080000000, 0x0000000100000000)
  region size 1024K, 52 young (53248K), 4 survivors (4096K)
 Metaspace       used 86356K, capacity 88794K, committed 88960K, reserved 1126400K
  class space    used 11241K, capacity 12145K, committed 12160K, reserved 1048576K
}
Event: 17.975 GC heap after
{Heap after GC invocations=53 (full 0):
 garbage-first heap   total 176128K, used 92595K [0x0000000080000000, 0x0000000100000000)
  region size 1024K, 7 young (7168K), 7 survivors (7168K)
 Metaspace       used 86356K, capacity 88794K, committed 88960K, reserved 1126400K
  class space    used 11241K, capacity 12145K, committed 12160K, reserved 1048576K
}
Event: 18.871 GC heap before
{Heap before GC invocations=53 (full 0):
 garbage-first heap   total 176128K, used 129459K [0x0000000080000000, 0x0000000100000000)
  region size 1024K, 43 young (44032K), 7 survivors (7168K)
 Metaspace       used 86907K, capacity 89295K, committed 89600K, reserved 1126400K
  class space    used 11283K, capacity 12182K, committed 12288K, reserved 1048576K
}
Event: 18.884 GC heap after
{Heap after GC invocations=54 (full 0):
 garbage-first heap   total 176128K, used 100037K [0x0000000080000000, 0x0000000100000000)
  region size 1024K, 6 young (6144K), 6 survivors (6144K)
 Metaspace       used 86907K, capacity 89295K, committed 89600K, reserved 1126400K
  class space    used 11283K, capacity 12182K, committed 12288K, reserved 1048576K
}
Event: 19.435 GC heap before
{Heap before GC invocations=55 (full 0):
 garbage-first heap   total 176128K, used 132805K [0x0000000080000000, 0x0000000100000000)
  region size 1024K, 39 young (39936K), 6 survivors (6144K)
 Metaspace       used 86824K, capacity 89095K, committed 89600K, reserved 1126400K
  class space    used 11208K, capacity 12046K, committed 12288K, reserved 1048576K
}
Event: 19.447 GC heap after
{Heap after GC invocations=56 (full 0):
 garbage-first heap   total 176128K, used 107520K [0x0000000080000000, 0x0000000100000000)
  region size 1024K, 5 young (5120K), 5 survivors (5120K)
 Metaspace       used 86824K, capacity 89095K, committed 89600K, reserved 1126400K
  class space    used 11208K, capacity 12046K, committed 12288K, reserved 1048576K
}
Event: 19.571 GC heap before
{Heap before GC invocations=56 (full 0):
 garbage-first heap   total 176128K, used 116736K [0x0000000080000000, 0x0000000100000000)
  region size 1024K, 16 young (16384K), 5 survivors (5120K)
 Metaspace       used 86824K, capacity 89095K, committed 89600K, reserved 1126400K
  class space    used 11208K, capacity 12046K, committed 12288K, reserved 1048576K
}
Event: 19.579 GC heap after
{Heap after GC invocations=57 (full 0):
 garbage-first heap   total 211968K, used 111968K [0x0000000080000000, 0x0000000100000000)
  region size 1024K, 4 young (4096K), 4 survivors (4096K)
 Metaspace       used 86824K, capacity 89095K, committed 89600K, reserved 1126400K
  class space    used 11208K, capacity 12046K, committed 12288K, reserved 1048576K
}
Event: 20.018 GC heap before
{Heap before GC invocations=58 (full 0):
 garbage-first heap   total 211968K, used 150880K [0x0000000080000000, 0x0000000100000000)
  region size 1024K, 39 young (39936K), 4 survivors (4096K)
 Metaspace       used 87036K, capacity 89226K, committed 89856K, reserved 1126400K
  class space    used 11229K, capacity 12047K, committed 12288K, reserved 1048576K
}
Event: 20.037 GC heap after
{Heap after GC invocations=59 (full 0):
 garbage-first heap   total 211968K, used 125699K [0x0000000080000000, 0x0000000100000000)
  region size 1024K, 5 young (5120K), 5 survivors (5120K)
 Metaspace       used 87036K, capacity 89226K, committed 89856K, reserved 1126400K
  class space    used 11229K, capacity 12047K, committed 12288K, reserved 1048576K
}
Event: 20.416 GC heap before
{Heap before GC invocations=59 (full 0):
 garbage-first heap   total 211968K, used 134915K [0x0000000080000000, 0x0000000100000000)
  region size 1024K, 16 young (16384K), 5 survivors (5120K)
 Metaspace       used 87229K, capacity 89419K, committed 90112K, reserved 1126400K
  class space    used 11239K, capacity 12047K, committed 12288K, reserved 1048576K
}
Event: 20.424 GC heap after
{Heap after GC invocations=60 (full 0):
 garbage-first heap   total 211968K, used 126955K [0x0000000080000000, 0x0000000100000000)
  region size 1024K, 2 young (2048K), 2 survivors (2048K)
 Metaspace       used 87229K, capacity 89419K, committed 90112K, reserved 1126400K
  class space    used 11239K, capacity 12047K, committed 12288K, reserved 1048576K
}
Event: 21.151 GC heap before
{Heap before GC invocations=61 (full 0):
 garbage-first heap   total 211968K, used 162795K [0x0000000080000000, 0x0000000100000000)
  region size 1024K, 30 young (30720K), 2 survivors (2048K)
 Metaspace       used 87354K, capacity 89583K, committed 90112K, reserved 1126400K
  class space    used 11246K, capacity 12080K, committed 12288K, reserved 1048576K
}
Event: 21.163 GC heap after
{Heap after GC invocations=62 (full 0):
 garbage-first heap   total 211968K, used 130340K [0x0000000080000000, 0x0000000100000000)
  region size 1024K, 4 young (4096K), 4 survivors (4096K)
 Metaspace       used 87354K, capacity 89583K, committed 90112K, reserved 1126400K
  class space    used 11246K, capacity 12080K, committed 12288K, reserved 1048576K
}
Event: 21.395 GC heap before
{Heap before GC invocations=62 (full 0):
 garbage-first heap   total 211968K, used 141604K [0x0000000080000000, 0x0000000100000000)
  region size 1024K, 17 young (17408K), 4 survivors (4096K)
 Metaspace       used 87382K, capacity 89589K, committed 90112K, reserved 1126400K
  class space    used 11249K, capacity 12082K, committed 12288K, reserved 1048576K
}
Event: 21.408 GC heap after
{Heap after GC invocations=63 (full 0):
 garbage-first heap   total 211968K, used 135713K [0x0000000080000000, 0x0000000100000000)
  region size 1024K, 5 young (5120K), 5 survivors (5120K)
 Metaspace       used 87382K, capacity 89589K, committed 90112K, reserved 1126400K
  class space    used 11249K, capacity 12082K, committed 12288K, reserved 1048576K
}
Event: 21.696 GC heap before
{Heap before GC invocations=64 (full 0):
 garbage-first heap   total 211968K, used 175649K [0x0000000080000000, 0x0000000100000000)
  region size 1024K, 28 young (28672K), 5 survivors (5120K)
 Metaspace       used 87927K, capacity 90200K, committed 90624K, reserved 1128448K
  class space    used 11296K, capacity 12101K, committed 12288K, reserved 1048576K
}
Event: 21.706 GC heap after
{Heap after GC invocations=65 (full 0):
 garbage-first heap   total 211968K, used 139710K [0x0000000080000000, 0x0000000100000000)
  region size 1024K, 4 young (4096K), 4 survivors (4096K)
 Metaspace       used 87927K, capacity 90200K, committed 90624K, reserved 1128448K
  class space    used 11296K, capacity 12101K, committed 12288K, reserved 1048576K
}
Event: 22.014 GC heap before
{Heap before GC invocations=65 (full 0):
 garbage-first heap   total 211968K, used 162238K [0x0000000080000000, 0x0000000100000000)
  region size 1024K, 27 young (27648K), 4 survivors (4096K)
 Metaspace       used 90002K, capacity 92220K, committed 92544K, reserved 1130496K
  class space    used 11477K, capacity 12296K, committed 12416K, reserved 1048576K
}

Deoptimization events (20 events):
Event: 21.903 Thread 0x0000020750483800 Uncommon trap: trap_request=0xffffff4d fr.pc=0x000002073a75329c relative=0x000000000000007c
Event: 21.903 Thread 0x000002075098d800 Uncommon trap: trap_request=0xffffff4d fr.pc=0x000002073a75329c relative=0x000000000000007c
Event: 21.903 Thread 0x0000020750483800 Uncommon trap: reason=unstable_if action=reinterpret pc=0x000002073a75329c method=java.lang.String.codePointAt(I)I @ 4 c2
Event: 21.903 Thread 0x000002075098d800 Uncommon trap: reason=unstable_if action=reinterpret pc=0x000002073a75329c method=java.lang.String.codePointAt(I)I @ 4 c2
Event: 21.903 Thread 0x0000020750484800 Uncommon trap: trap_request=0xffffff4d fr.pc=0x000002073a75329c relative=0x000000000000007c
Event: 21.903 Thread 0x0000020750484800 Uncommon trap: reason=unstable_if action=reinterpret pc=0x000002073a75329c method=java.lang.String.codePointAt(I)I @ 4 c2
Event: 21.903 Thread 0x0000020750483800 DEOPT PACKING pc=0x000002073a75329c sp=0x0000007263afd860
Event: 21.903 Thread 0x0000020750484800 DEOPT PACKING pc=0x000002073a75329c sp=0x00000072639fd840
Event: 21.903 Thread 0x0000020750484800 DEOPT UNPACKING pc=0x0000020732b6a1af sp=0x00000072639fd7e8 mode 2
Event: 21.903 Thread 0x000002075098d800 DEOPT PACKING pc=0x000002073a75329c sp=0x00000072638fdb80
Event: 21.903 Thread 0x0000020750483800 DEOPT UNPACKING pc=0x0000020732b6a1af sp=0x0000007263afd808 mode 2
Event: 21.903 Thread 0x000002075098d800 DEOPT UNPACKING pc=0x0000020732b6a1af sp=0x00000072638fdb28 mode 2
Event: 21.903 Thread 0x000002075098b000 Uncommon trap: trap_request=0xffffff4d fr.pc=0x000002073a75329c relative=0x000000000000007c
Event: 21.905 Thread 0x000002075098b000 Uncommon trap: reason=unstable_if action=reinterpret pc=0x000002073a75329c method=java.lang.String.codePointAt(I)I @ 4 c2
Event: 21.905 Thread 0x000002075098b000 DEOPT PACKING pc=0x000002073a75329c sp=0x00000072634fd940
Event: 21.905 Thread 0x000002075098b000 DEOPT UNPACKING pc=0x0000020732b6a1af sp=0x00000072634fd8e8 mode 2
Event: 21.938 Thread 0x0000020750484800 Uncommon trap: trap_request=0xffffff4d fr.pc=0x000002073a782ac0 relative=0x0000000000000480
Event: 21.938 Thread 0x0000020750484800 Uncommon trap: reason=unstable_if action=reinterpret pc=0x000002073a782ac0 method=java.lang.String.substring(I)Ljava/lang/String; @ 43 c2
Event: 21.938 Thread 0x0000020750484800 DEOPT PACKING pc=0x000002073a782ac0 sp=0x00000072639fd810
Event: 21.938 Thread 0x0000020750484800 DEOPT UNPACKING pc=0x0000020732b6a1af sp=0x00000072639fd7e8 mode 2

Classes redefined (0 events):
No events

Internal exceptions (20 events):
Event: 16.105 Thread 0x0000020750986800 Implicit null exception at 0x000002073a83f8f7 to 0x000002073a83fa80
Event: 16.117 Thread 0x0000020750986800 Exception <a 'java/lang/IncompatibleClassChangeError'{0x0000000086cc5df0}: Found class java.lang.Object, but interface was expected> (0x0000000086cc5df0) thrown at [./src/hotspot/share/interpreter/linkResolver.cpp, line 839]
Event: 16.154 Thread 0x0000020750986800 Exception <a 'java/lang/NoSuchMethodError'{0x0000000086977d40}: 'int java.lang.invoke.DirectMethodHandle$Holder.invokeStaticInit(java.lang.Object, java.lang.Object, java.lang.Object, java.lang.Object, java.lang.Object)'> (0x0000000086977d40) thrown at [./src/hotspot/share/interpreter/linkResolver.cpp, line 773]
Event: 16.468 Thread 0x0000020750986800 Exception <a 'java/lang/NoSuchMethodError'{0x0000000088a42830}: 'void java.lang.invoke.DirectMethodHandle$Holder.invokeStatic(java.lang.Object, java.lang.Object, java.lang.Object, java.lang.Object, int, java.lang.Object, java.lang.Object)'> (0x0000000088a42830) thrown at [./src/hotspot/share/interpreter/linkResolver.cpp, line 773]
Event: 16.504 Thread 0x000002074a866800 Exception <a 'java/lang/NoSuchMethodError'{0x0000000088109c38}: 'java.lang.Object java.lang.invoke.DirectMethodHandle$Holder.invokeSpecialIFC(java.lang.Object, java.lang.Object, java.lang.Object)'> (0x0000000088109c38) thrown at [./src/hotspot/share/interpreter/linkResolver.cpp, line 773]
Event: 16.504 Thread 0x000002074a86e800 Exception <a 'java/lang/NoSuchMethodError'{0x000000008811c638}: 'java.lang.Object java.lang.invoke.DirectMethodHandle$Holder.invokeSpecialIFC(java.lang.Object, java.lang.Object, java.lang.Object)'> (0x000000008811c638) thrown at [./src/hotspot/share/interpreter/linkResolver.cpp, line 773]
Event: 16.504 Thread 0x000002074a870000 Exception <a 'java/lang/NoSuchMethodError'{0x0000000088147038}: 'java.lang.Object java.lang.invoke.DirectMethodHandle$Holder.invokeSpecialIFC(java.lang.Object, java.lang.Object, java.lang.Object)'> (0x0000000088147038) thrown at [./src/hotspot/share/interpreter/linkResolver.cpp, line 773]
Event: 16.504 Thread 0x000002074a86c000 Exception <a 'java/lang/NoSuchMethodError'{0x00000000882fe108}: 'java.lang.Object java.lang.invoke.DirectMethodHandle$Holder.invokeSpecialIFC(java.lang.Object, java.lang.Object, java.lang.Object)'> (0x00000000882fe108) thrown at [./src/hotspot/share/interpreter/linkResolver.cpp, line 773]
Event: 16.504 Thread 0x000002074a86d000 Exception <a 'java/lang/NoSuchMethodError'{0x00000000882c3580}: 'java.lang.Object java.lang.invoke.DirectMethodHandle$Holder.invokeSpecialIFC(java.lang.Object, java.lang.Object, java.lang.Object)'> (0x00000000882c3580) thrown at [./src/hotspot/share/interpreter/linkResolver.cpp, line 773]
Event: 16.504 Thread 0x000002074a872000 Exception <a 'java/lang/NoSuchMethodError'{0x0000000088291f60}: 'java.lang.Object java.lang.invoke.DirectMethodHandle$Holder.invokeSpecialIFC(java.lang.Object, java.lang.Object, java.lang.Object)'> (0x0000000088291f60) thrown at [./src/hotspot/share/interpreter/linkResolver.cpp, line 773]
Event: 16.700 Thread 0x000002074a86e000 Exception <a 'java/lang/NoSuchMethodError'{0x0000000086e71298}: 'void java.lang.invoke.DirectMethodHandle$Holder.invokeVirtual(java.lang.Object, java.lang.Object)'> (0x0000000086e71298) thrown at [./src/hotspot/share/interpreter/linkResolver.cpp, line 773]
Event: 16.700 Thread 0x000002074fafa000 Exception <a 'java/lang/NoSuchMethodError'{0x0000000086e870a0}: 'void java.lang.invoke.DirectMethodHandle$Holder.invokeVirtual(java.lang.Object, java.lang.Object)'> (0x0000000086e870a0) thrown at [./src/hotspot/share/interpreter/linkResolver.cpp, line 773]
Event: 16.700 Thread 0x000002074a86e800 Exception <a 'java/lang/NoSuchMethodError'{0x0000000087b2f0e0}: 'void java.lang.invoke.DirectMethodHandle$Holder.invokeVirtual(java.lang.Object, java.lang.Object)'> (0x0000000087b2f0e0) thrown at [./src/hotspot/share/interpreter/linkResolver.cpp, line 773]
Event: 17.444 Thread 0x000002074a86d000 Implicit null exception at 0x000002073a9f0edb to 0x000002073a9f0f6c
Event: 19.587 Thread 0x0000020750986800 Implicit null exception at 0x000002073aa9ad68 to 0x000002073aa9af98
Event: 20.044 Thread 0x0000020750986800 Implicit null exception at 0x000002073aa4021a to 0x000002073aa40c03
Event: 21.453 Thread 0x0000020750986800 Implicit null exception at 0x000002073aaddccf to 0x000002073aae2d5c
Event: 21.538 Thread 0x0000020750986800 Exception <a 'java/lang/NoSuchMethodError'{0x000000008cb5fef8}: <clinit>> (0x000000008cb5fef8) thrown at [./src/hotspot/share/prims/jni.cpp, line 1365]
Event: 21.562 Thread 0x0000020750986800 Exception <a 'java/lang/NoSuchMethodError'{0x000000008cad5868}: <clinit>> (0x000000008cad5868) thrown at [./src/hotspot/share/prims/jni.cpp, line 1365]
Event: 21.582 Thread 0x0000020750986800 Exception <a 'java/lang/NoSuchMethodError'{0x000000008c7052c8}: <clinit>> (0x000000008c7052c8) thrown at [./src/hotspot/share/prims/jni.cpp, line 1365]

Events (20 events):
Event: 22.007 loading class com/android/aapt/Resources$AllowNewOrBuilder done
Event: 22.008 loading class kotlin/ranges/IntRange
Event: 22.008 loading class kotlin/ranges/IntRange done
Event: 22.009 loading class com/android/aapt/Resources$StagedIdOrBuilder
Event: 22.009 loading class com/android/aapt/Resources$StagedIdOrBuilder done
Event: 22.009 loading class kotlin/ranges/ClosedRange
Event: 22.009 loading class kotlin/ranges/ClosedRange done
Event: 22.011 loading class com/android/aapt/Resources$EntryIdOrBuilder
Event: 22.011 loading class com/android/aapt/Resources$EntryIdOrBuilder done
Event: 22.011 loading class kotlin/ranges/IntProgression
Event: 22.011 loading class kotlin/ranges/IntProgression done
Event: 22.013 loading class com/android/aapt/Resources$VisibilityOrBuilder
Event: 22.013 loading class com/android/aapt/Resources$VisibilityOrBuilder done
Event: 22.013 loading class kotlin/ranges/IntProgression$Companion
Event: 22.013 loading class kotlin/ranges/IntProgression$Companion done
Event: 22.013 loading class com/android/aapt/Resources$OverlayableItemOrBuilder
Event: 22.013 loading class com/android/aapt/Resources$OverlayableItemOrBuilder done
Event: 22.014 loading class kotlin/ranges/IntRange$Companion
Event: 22.014 loading class kotlin/ranges/IntRange$Companion done
Event: 22.014 Executing VM operation: G1CollectForAllocation


Dynamic libraries:
0x00007ff78af40000 - 0x00007ff78af4a000 	C:\Program Files\Android\Android Studio\jre\bin\java.exe
0x00007ff910940000 - 0x00007ff910b49000 	C:\WINDOWS\SYSTEM32\ntdll.dll
0x00007ff90efb0000 - 0x00007ff90f06d000 	C:\WINDOWS\System32\KERNEL32.DLL
0x00007ff90e450000 - 0x00007ff90e7c9000 	C:\WINDOWS\System32\KERNELBASE.dll
0x00007ff90e330000 - 0x00007ff90e441000 	C:\WINDOWS\System32\ucrtbase.dll
0x00007ff8f3610000 - 0x00007ff8f3629000 	C:\Program Files\Android\Android Studio\jre\bin\jli.dll
0x00007ff8e86c0000 - 0x00007ff8e86d7000 	C:\Program Files\Android\Android Studio\jre\bin\VCRUNTIME140.dll
0x00007ff910750000 - 0x00007ff9108fc000 	C:\WINDOWS\System32\USER32.dll
0x00007ff90e190000 - 0x00007ff90e1b6000 	C:\WINDOWS\System32\win32u.dll
0x00007ff90f070000 - 0x00007ff90f099000 	C:\WINDOWS\System32\GDI32.dll
0x00007ff8f6de0000 - 0x00007ff8f7085000 	C:\WINDOWS\WinSxS\amd64_microsoft.windows.common-controls_6595b64144ccf1df_6.0.22000.120_none_9d947278b86cc467\COMCTL32.dll
0x00007ff90df50000 - 0x00007ff90e062000 	C:\WINDOWS\System32\gdi32full.dll
0x00007ff90e0f0000 - 0x00007ff90e18d000 	C:\WINDOWS\System32\msvcp_win.dll
0x00007ff910430000 - 0x00007ff9104d3000 	C:\WINDOWS\System32\msvcrt.dll
0x00007ff90f1d0000 - 0x00007ff90f201000 	C:\WINDOWS\System32\IMM32.DLL
0x00007ff8d5790000 - 0x00007ff8d582d000 	C:\Program Files\Android\Android Studio\jre\bin\msvcp140.dll
0x00007ff88ef10000 - 0x00007ff88f9f5000 	C:\Program Files\Android\Android Studio\jre\bin\server\jvm.dll
0x00007ff90f0a0000 - 0x00007ff90f14e000 	C:\WINDOWS\System32\ADVAPI32.dll
0x00007ff90e7f0000 - 0x00007ff90e88e000 	C:\WINDOWS\System32\sechost.dll
0x00007ff910280000 - 0x00007ff9103a0000 	C:\WINDOWS\System32\RPCRT4.dll
0x00007ff90ec20000 - 0x00007ff90ec28000 	C:\WINDOWS\System32\PSAPI.DLL
0x00007ff9064d0000 - 0x00007ff9064da000 	C:\WINDOWS\SYSTEM32\VERSION.dll
0x00007ff9079f0000 - 0x00007ff907a23000 	C:\WINDOWS\SYSTEM32\WINMM.dll
0x00007ff8f6d90000 - 0x00007ff8f6d99000 	C:\WINDOWS\SYSTEM32\WSOCK32.dll
0x00007ff90f210000 - 0x00007ff90f27f000 	C:\WINDOWS\System32\WS2_32.dll
0x00007ff90cf90000 - 0x00007ff90cfa8000 	C:\WINDOWS\SYSTEM32\kernel.appcore.dll
0x00007ff8e9f60000 - 0x00007ff8e9f71000 	C:\Program Files\Android\Android Studio\jre\bin\verify.dll
0x00007ff90b830000 - 0x00007ff90ba51000 	C:\WINDOWS\SYSTEM32\DBGHELP.DLL
0x00007ff8f7160000 - 0x00007ff8f7191000 	C:\WINDOWS\SYSTEM32\dbgcore.DLL
0x00007ff90e070000 - 0x00007ff90e0ef000 	C:\WINDOWS\System32\bcryptPrimitives.dll
0x00007ff8e8340000 - 0x00007ff8e8369000 	C:\Program Files\Android\Android Studio\jre\bin\java.dll
0x00007ff8f6d80000 - 0x00007ff8f6d8b000 	C:\Program Files\Android\Android Studio\jre\bin\jimage.dll
0x00007ff8e8320000 - 0x00007ff8e8338000 	C:\Program Files\Android\Android Studio\jre\bin\zip.dll
0x00007ff90f9a0000 - 0x00007ff910158000 	C:\WINDOWS\System32\SHELL32.dll
0x00007ff90bf90000 - 0x00007ff90c7f8000 	C:\WINDOWS\SYSTEM32\windows.storage.dll
0x00007ff90ec30000 - 0x00007ff90efa9000 	C:\WINDOWS\System32\combase.dll
0x00007ff90be20000 - 0x00007ff90bf86000 	C:\WINDOWS\SYSTEM32\wintypes.dll
0x00007ff90f8b0000 - 0x00007ff90f99a000 	C:\WINDOWS\System32\SHCORE.dll
0x00007ff90e890000 - 0x00007ff90e8ed000 	C:\WINDOWS\System32\shlwapi.dll
0x00007ff90dd50000 - 0x00007ff90dd71000 	C:\WINDOWS\SYSTEM32\profapi.dll
0x00007ff8e8300000 - 0x00007ff8e831a000 	C:\Program Files\Android\Android Studio\jre\bin\net.dll
0x00007ff906860000 - 0x00007ff90696c000 	C:\WINDOWS\SYSTEM32\WINHTTP.dll
0x00007ff90d3f0000 - 0x00007ff90d457000 	C:\WINDOWS\system32\mswsock.dll
0x00007ff8e8120000 - 0x00007ff8e8134000 	C:\Program Files\Android\Android Studio\jre\bin\nio.dll
0x00007ff8f3770000 - 0x00007ff8f3797000 	C:\Users\asus\.gradle\native\e1d6ef7f7dcc3fd88c89a11ec53ec762bb8ba0a96d01ffa2cd45eb1d1d8dd5c5\windows-amd64\native-platform.dll
0x00007ff8b31b0000 - 0x00007ff8b32f4000 	C:\Users\asus\.gradle\native\5664cfc778a61ccfe75a443a1ab52a65af34e5dc3c78e0209fed803814484fcb\windows-amd64\native-platform-file-events.dll
0x00007ff8e9f50000 - 0x00007ff8e9f5a000 	C:\Program Files\Android\Android Studio\jre\bin\management.dll
0x00007ff8e8110000 - 0x00007ff8e811d000 	C:\Program Files\Android\Android Studio\jre\bin\management_ext.dll
0x00007ff90d690000 - 0x00007ff90d6a8000 	C:\WINDOWS\SYSTEM32\CRYPTSP.dll
0x00007ff90cef0000 - 0x00007ff90cf25000 	C:\WINDOWS\system32\rsaenh.dll
0x00007ff90d530000 - 0x00007ff90d559000 	C:\WINDOWS\SYSTEM32\USERENV.dll
0x00007ff90d800000 - 0x00007ff90d827000 	C:\WINDOWS\SYSTEM32\bcrypt.dll
0x00007ff90d680000 - 0x00007ff90d68c000 	C:\WINDOWS\SYSTEM32\CRYPTBASE.dll
0x00007ff90cac0000 - 0x00007ff90caed000 	C:\WINDOWS\SYSTEM32\IPHLPAPI.DLL
0x00007ff90f1c0000 - 0x00007ff90f1c9000 	C:\WINDOWS\System32\NSI.dll
0x00007ff906840000 - 0x00007ff906859000 	C:\WINDOWS\SYSTEM32\dhcpcsvc6.DLL
0x00007ff907480000 - 0x00007ff90749e000 	C:\WINDOWS\SYSTEM32\dhcpcsvc.DLL
0x00007ff90caf0000 - 0x00007ff90cbd8000 	C:\WINDOWS\SYSTEM32\DNSAPI.dll

dbghelp: loaded successfully - version: 4.0.5 - missing functions: none
symbol engine: initialized successfully - sym options: 0x614 - pdb path: .;C:\Program Files\Android\Android Studio\jre\bin;C:\WINDOWS\SYSTEM32;C:\WINDOWS\WinSxS\amd64_microsoft.windows.common-controls_6595b64144ccf1df_6.0.22000.120_none_9d947278b86cc467;C:\Program Files\Android\Android Studio\jre\bin\server;C:\Users\asus\.gradle\native\e1d6ef7f7dcc3fd88c89a11ec53ec762bb8ba0a96d01ffa2cd45eb1d1d8dd5c5\windows-amd64;C:\Users\asus\.gradle\native\5664cfc778a61ccfe75a443a1ab52a65af34e5dc3c78e0209fed803814484fcb\windows-amd64

VM Arguments:
jvm_args: --add-opens=java.base/java.util=ALL-UNNAMED --add-opens=java.base/java.lang=ALL-UNNAMED --add-opens=java.base/java.lang.invoke=ALL-UNNAMED --add-opens=java.base/java.util=ALL-UNNAMED --add-opens=java.prefs/java.util.prefs=ALL-UNNAMED --add-opens=java.prefs/java.util.prefs=ALL-UNNAMED --add-opens=java.base/java.nio.charset=ALL-UNNAMED --add-opens=java.base/java.net=ALL-UNNAMED --add-opens=java.base/java.util.concurrent.atomic=ALL-UNNAMED -Xmx2048m -Dfile.encoding=UTF-8 -Duser.country=US -Duser.language=en -Duser.variant 
java_command: org.gradle.launcher.daemon.bootstrap.GradleDaemon 7.3.3
java_class_path (initial): C:\Users\asus\.gradle\wrapper\dists\gradle-7.3.3-bin\6a41zxkdtcxs8rphpq6y0069z\gradle-7.3.3\lib\gradle-launcher-7.3.3.jar
Launcher Type: SUN_STANDARD

[Global flags]
     intx CICompilerCount                          = 4                                         {product} {ergonomic}
     uint ConcGCThreads                            = 2                                         {product} {ergonomic}
     uint G1ConcRefinementThreads                  = 8                                         {product} {ergonomic}
   size_t G1HeapRegionSize                         = 1048576                                   {product} {ergonomic}
    uintx GCDrainStackTargetSize                   = 64                                        {product} {ergonomic}
   size_t InitialHeapSize                          = 58720256                                  {product} {ergonomic}
   size_t MarkStackSize                            = 4194304                                   {product} {ergonomic}
   size_t MaxHeapSize                              = 2147483648                                {product} {command line}
   size_t MaxNewSize                               = 1287651328                                {product} {ergonomic}
   size_t MinHeapDeltaBytes                        = 1048576                                   {product} {ergonomic}
    uintx NonNMethodCodeHeapSize                   = 5836300                                {pd product} {ergonomic}
    uintx NonProfiledCodeHeapSize                  = 122910970                              {pd product} {ergonomic}
    uintx ProfiledCodeHeapSize                     = 122910970                              {pd product} {ergonomic}
    uintx ReservedCodeCacheSize                    = 251658240                              {pd product} {ergonomic}
     bool SegmentedCodeCache                       = true                                      {product} {ergonomic}
     bool UseCompressedClassPointers               = true                                 {lp64_product} {ergonomic}
     bool UseCompressedOops                        = true                                 {lp64_product} {ergonomic}
     bool UseG1GC                                  = true                                      {product} {ergonomic}
     bool UseLargePagesIndividualAllocation        = false                                  {pd product} {ergonomic}

Logging:
Log output configuration:
 #0: stdout all=warning uptime,level,tags
 #1: stderr all=off uptime,level,tags

Environment Variables:
PATH=C:\Program Files\Common Files\Oracle\Java\javapath;C:\Windows\system32;C:\Windows;C:\Windows\System32\Wbem;C:\Windows\System32\WindowsPowerShell\v1.0\;C:\Windows\System32\OpenSSH\;C:\Program Files (x86)\NVIDIA Corporation\PhysX\Common;C:\Program Files\NVIDIA Corporation\NVIDIA NvDLISR;C:\Program Files (x86)\mingw-w64\i686-8.1.0-posix-dwarf-rt_v6-rev0\mingw32\bin;C:\WINDOWS\system32;C:\WINDOWS;C:\WINDOWS\System32\Wbem;C:\WINDOWS\System32\WindowsPowerShell\v1.0\;C:\WINDOWS\System32\OpenSSH\;C:\Program Files\dotnet\;C:\Program Files\Microsoft SQL Server\130\Tools\Binn\;C:\Program Files\Microsoft SQL Server\Client SDK\ODBC\170\Tools\Binn\;C:\Program Files\Java\jdk-17.0.2\bin;C:\Users\asus\Documents\openssl-0.9.8k_X64 (1)\bin;C:\Users\asus\AppData\Local\Microsoft\WindowsApps;C:\Program Files\mingw-w64\x86_64-8.1.0-posix-seh-rt_v6-rev0\mingw64\bin;C:\Users\asus\.dotnet\tools;C:\Program Files\Java\jdk-17.0.2\bin;;C:\Program Files\JetBrains\IntelliJ IDEA Community Edition 2021.3.3\bin;
USERNAME=asus
OS=Windows_NT
PROCESSOR_IDENTIFIER=AMD64 Family 23 Model 24 Stepping 1, AuthenticAMD



---------------  S Y S T E M  ---------------

OS: Windows 10 , 64 bit Build 22000 (10.0.22000.708)
OS uptime: 0 days 0:36 hours

CPU:total 8 (initial active 8) (8 cores per cpu, 2 threads per core) family 23 model 24 stepping 1 microcode 0x0, cmov, cx8, fxsr, mmx, sse, sse2, sse3, ssse3, sse4.1, sse4.2, popcnt, avx, avx2, aes, clmul, mmxext, 3dnowpref, lzcnt, sse4a, ht, tsc, tscinvbit, tscinv, bmi1, bmi2, adx, sha, fma

Memory: 4k page, system-wide physical 3531M (66M free)
TotalPageFile size 10699M (AvailPageFile size 41M)
current process WorkingSet (physical memory assigned to process): 469M, peak: 469M
current process commit charge ("private bytes"): 506M, peak: 548M

vm_info: OpenJDK 64-Bit Server VM (11.0.12+7-b1504.28-7817840) for windows-amd64 JRE (11.0.12+7-b1504.28-7817840), built on Oct 13 2021 22:12:33 by "builder" with MS VC++ 14.0 (VS2015)

END.
