#
# There is insufficient memory for the Java Runtime Environment to continue.
# Native memory allocation (mmap) failed to map 25165824 bytes for Failed to commit area from 0x0000000087700000 to 0x0000000088f00000 of length 25165824.
# Possible reasons:
#   The system is out of physical RAM or swap space
#   The process is running with CompressedOops enabled, and the Java Heap may be blocking the growth of the native heap
# Possible solutions:
#   Reduce memory load on the system
#   Increase physical memory or swap space
#   Check if swap backing store is full
#   Decrease Java heap size (-Xmx/-Xms)
#   Decrease number of Java threads
#   Decrease Java thread stack sizes (-Xss)
#   Set larger code cache with -XX:ReservedCodeCacheSize=
#   JVM is running with Unscaled Compressed Oops mode in which the Java heap is
#     placed in the first 4GB address space. The Java Heap base address is the
#     maximum limit for the native heap growth. Please use -XX:HeapBaseMinAddress
#     to set the Java Heap base and to place the Java Heap above 4GB virtual address.
# This output file may be truncated or incomplete.
#
#  Out of Memory Error (./src/hotspot/os/windows/os_windows.cpp:3521), pid=15520, tid=10088
#
# JRE version: OpenJDK Runtime Environment (11.0.12+7) (build 11.0.12+7-b1504.28-7817840)
# Java VM: OpenJDK 64-Bit Server VM (11.0.12+7-b1504.28-7817840, mixed mode, tiered, compressed oops, g1 gc, windows-amd64)
# No core dump will be written. Minidumps are not enabled by default on client versions of Windows
#

---------------  S U M M A R Y ------------

Command Line: --add-opens=java.base/java.util=ALL-UNNAMED --add-opens=java.base/java.lang=ALL-UNNAMED --add-opens=java.base/java.lang.invoke=ALL-UNNAMED --add-opens=java.base/java.util=ALL-UNNAMED --add-opens=java.prefs/java.util.prefs=ALL-UNNAMED --add-opens=java.prefs/java.util.prefs=ALL-UNNAMED --add-opens=java.base/java.nio.charset=ALL-UNNAMED --add-opens=java.base/java.net=ALL-UNNAMED --add-opens=java.base/java.util.concurrent.atomic=ALL-UNNAMED -Xmx2048m -Dfile.encoding=UTF-8 -Duser.country=US -Duser.language=en -Duser.variant org.gradle.launcher.daemon.bootstrap.GradleDaemon 7.3.3

Host: AMD Ryzen 5 3500U with Radeon Vega Mobile Gfx  , 8 cores, 3G,  Windows 10 , 64 bit Build 22000 (10.0.22000.708)
Time: Thu Jul 14 00:18:41 2022 SE Asia Standard Time elapsed time: 46.680182 seconds (0d 0h 0m 46s)

---------------  T H R E A D  ---------------

Current thread (0x00000190716a5800):  VMThread "VM Thread" [stack: 0x00000014c2000000,0x00000014c2100000] [id=10088]

Stack: [0x00000014c2000000,0x00000014c2100000]
[error occurred during error reporting (printing stack bounds), id 0xc0000005, EXCEPTION_ACCESS_VIOLATION (0xc0000005) at pc=0x000001905ad8112d]

Native frames: (J=compiled Java code, j=interpreted, Vv=VM code, C=native code)
V  [jvm.dll+0x5fbcea]
V  [jvm.dll+0x731905]
V  [jvm.dll+0x732f1d]
V  [jvm.dll+0x733535]
V  [jvm.dll+0x7334eb]
V  [jvm.dll+0x5fb080]
V  [jvm.dll+0x5fb818]
C  [ntdll.dll+0xa8e4f]
C  [ntdll.dll+0x35e9a]
C  [ntdll.dll+0xa7e5e]
C  0x000001905ad8112d

VM_Operation (0x00000014c33f2e70): G1CollectForAllocation, mode: safepoint, requested by thread 0x00000190739cd000


---------------  P R O C E S S  ---------------

Threads class SMR info:
_java_thread_list=0x0000019078612360, length=123, elements={
0x000001905726e000, 0x00000190716a7800, 0x00000190716ac800, 0x000001907170b800,
0x000001907170d000, 0x000001907170e800, 0x0000019071710800, 0x0000019071715000,
0x0000019071719800, 0x000001907217a000, 0x0000019073fff800, 0x0000019072186800,
0x00000190738c9800, 0x00000190741ef800, 0x00000190736d9800, 0x0000019073f81800,
0x00000190739cd000, 0x00000190739ce000, 0x0000019073ac2800, 0x0000019072fce000,
0x0000019072fce800, 0x0000019072fd1000, 0x0000019072fcf800, 0x0000019072fd2000,
0x0000019072fcd000, 0x0000019072fcc000, 0x0000019072fd0800, 0x0000019072fd3000,
0x0000019073592800, 0x000001907358e800, 0x0000019073594000, 0x0000019073591800,
0x0000019073593000, 0x0000019073595000, 0x000001907358f000, 0x0000019073590000,
0x0000019073591000, 0x00000190760b3000, 0x00000190760b0800, 0x00000190760b4000,
0x00000190760b1800, 0x00000190760b2000, 0x00000190760af000, 0x00000190760b6800,
0x00000190760b8800, 0x00000190760b4800, 0x00000190760b9800, 0x00000190760ba800,
0x00000190760b7000, 0x00000190760bb000, 0x00000190760b8000, 0x00000190760b5800,
0x00000190760bd000, 0x00000190760bc000, 0x00000190767bb000, 0x00000190767c1000,
0x00000190767c1800, 0x00000190767c0000, 0x00000190767bf000, 0x00000190767bc000,
0x00000190767c2800, 0x00000190767be800, 0x00000190767bc800, 0x00000190767c3000,
0x00000190767bd800, 0x00000190767c5800, 0x00000190767c9000, 0x00000190767ca000,
0x00000190767c4000, 0x00000190767c6800, 0x00000190767c5000, 0x00000190767c8000,
0x00000190767c7800, 0x0000019076b0f800, 0x0000019076b09800, 0x0000019076b0d800,
0x0000019076b0c000, 0x0000019076b0e800, 0x0000019076b0d000, 0x0000019076b10000,
0x0000019076b0b000, 0x0000019076b0a800, 0x0000019076b15000, 0x0000019076b11800,
0x0000019076b16000, 0x0000019076b16800, 0x0000019076b14000, 0x0000019076b12800,
0x0000019076b11000, 0x0000019076b17800, 0x0000019076b18800, 0x0000019076b13800,
0x000001907826e000, 0x000001907826a800, 0x0000019078268000, 0x000001907826e800,
0x000001907826b800, 0x0000019078269000, 0x000001907826d000, 0x000001907826c800,
0x000001907826f800, 0x000001907826a000, 0x0000019078273800, 0x0000019078272000,
0x0000019078276000, 0x0000019078274800, 0x0000019078273000, 0x0000019078275000,
0x0000019078270800, 0x0000019078277000, 0x0000019078271000, 0x0000019076754800,
0x0000019076753000, 0x0000019076752000, 0x0000019076751000, 0x000001907674f800,
0x0000019076750800, 0x0000019076753800, 0x000001907674e800, 0x0000019076759800,
0x0000019076757800, 0x0000019076756000, 0x0000019076758800
}

Java Threads: ( => current thread )
  0x000001905726e000 JavaThread "main" [_thread_blocked, id=17968, stack(0x00000014c1a00000,0x00000014c1b00000)]
  0x00000190716a7800 JavaThread "Reference Handler" daemon [_thread_blocked, id=17884, stack(0x00000014c2100000,0x00000014c2200000)]
  0x00000190716ac800 JavaThread "Finalizer" daemon [_thread_blocked, id=17892, stack(0x00000014c2200000,0x00000014c2300000)]
  0x000001907170b800 JavaThread "Signal Dispatcher" daemon [_thread_blocked, id=5232, stack(0x00000014c2300000,0x00000014c2400000)]
  0x000001907170d000 JavaThread "Attach Listener" daemon [_thread_blocked, id=14576, stack(0x00000014c2400000,0x00000014c2500000)]
  0x000001907170e800 JavaThread "Service Thread" daemon [_thread_blocked, id=792, stack(0x00000014c2500000,0x00000014c2600000)]
  0x0000019071710800 JavaThread "C2 CompilerThread0" daemon [_thread_blocked, id=4208, stack(0x00000014c2600000,0x00000014c2700000)]
  0x0000019071715000 JavaThread "C1 CompilerThread0" daemon [_thread_blocked, id=3984, stack(0x00000014c2700000,0x00000014c2800000)]
  0x0000019071719800 JavaThread "Sweeper thread" daemon [_thread_blocked, id=11716, stack(0x00000014c2800000,0x00000014c2900000)]
  0x000001907217a000 JavaThread "Common-Cleaner" daemon [_thread_blocked, id=16216, stack(0x00000014c2900000,0x00000014c2a00000)]
  0x0000019073fff800 JavaThread "Daemon health stats" [_thread_blocked, id=15816, stack(0x00000014c2d00000,0x00000014c2e00000)]
  0x0000019072186800 JavaThread "Incoming local TCP Connector on port 50266" [_thread_in_native, id=17960, stack(0x00000014c2e00000,0x00000014c2f00000)]
  0x00000190738c9800 JavaThread "Daemon periodic checks" [_thread_blocked, id=14204, stack(0x00000014c2f00000,0x00000014c3000000)]
  0x00000190741ef800 JavaThread "Daemon" [_thread_blocked, id=14552, stack(0x00000014c3000000,0x00000014c3100000)]
  0x00000190736d9800 JavaThread "Handler for socket connection from /127.0.0.1:50266 to /127.0.0.1:50267" [_thread_in_native, id=13880, stack(0x00000014c3100000,0x00000014c3200000)]
  0x0000019073f81800 JavaThread "Cancel handler" [_thread_blocked, id=13604, stack(0x00000014c3200000,0x00000014c3300000)]
  0x00000190739cd000 JavaThread "Daemon worker" [_thread_blocked, id=12556, stack(0x00000014c3300000,0x00000014c3400000)]
  0x00000190739ce000 JavaThread "Asynchronous log dispatcher for DefaultDaemonConnection: socket connection from /127.0.0.1:50266 to /127.0.0.1:50267" [_thread_blocked, id=4700, stack(0x00000014c3400000,0x00000014c3500000)]
  0x0000019073ac2800 JavaThread "Stdin handler" [_thread_blocked, id=15720, stack(0x00000014c3500000,0x00000014c3600000)]
  0x0000019072fce000 JavaThread "Daemon client event forwarder" [_thread_blocked, id=8608, stack(0x00000014c3c00000,0x00000014c3d00000)]
  0x0000019072fce800 JavaThread "Cache worker for journal cache (C:\Users\asus\.gradle\caches\journal-1)" [_thread_blocked, id=17304, stack(0x00000014c3d00000,0x00000014c3e00000)]
  0x0000019072fd1000 JavaThread "File lock request listener" [_thread_in_native, id=13156, stack(0x00000014c3e00000,0x00000014c3f00000)]
  0x0000019072fcf800 JavaThread "Cache worker for file hash cache (C:\Users\asus\.gradle\caches\7.3.3\fileHashes)" [_thread_blocked, id=18356, stack(0x00000014c4000000,0x00000014c4100000)]
  0x0000019072fd2000 JavaThread "Cache worker for file hash cache (C:\Users\asus\AndroidStudioProjects\UnicornRace\.gradle\7.3.3\fileHashes)" [_thread_blocked, id=17820, stack(0x00000014c4100000,0x00000014c4200000)]
  0x0000019072fcd000 JavaThread "File lock release action executor" [_thread_blocked, id=15168, stack(0x00000014c4200000,0x00000014c4300000)]
  0x0000019072fcc000 JavaThread "File watcher server" daemon [_thread_in_native, id=14332, stack(0x00000014c4300000,0x00000014c4400000)]
  0x0000019072fd0800 JavaThread "File watcher consumer" daemon [_thread_blocked, id=14808, stack(0x00000014c4400000,0x00000014c4500000)]
  0x0000019072fd3000 JavaThread "jar transforms" [_thread_blocked, id=18388, stack(0x00000014c4500000,0x00000014c4600000)]
  0x0000019073592800 JavaThread "jar transforms Thread 2" [_thread_blocked, id=17484, stack(0x00000014c4600000,0x00000014c4700000)]
  0x000001907358e800 JavaThread "jar transforms Thread 3" [_thread_blocked, id=15328, stack(0x00000014c4700000,0x00000014c4800000)]
  0x0000019073594000 JavaThread "jar transforms Thread 4" [_thread_blocked, id=15324, stack(0x00000014c4800000,0x00000014c4900000)]
  0x0000019073591800 JavaThread "jar transforms Thread 5" [_thread_blocked, id=1040, stack(0x00000014c4900000,0x00000014c4a00000)]
  0x0000019073593000 JavaThread "jar transforms Thread 6" [_thread_blocked, id=17052, stack(0x00000014c4a00000,0x00000014c4b00000)]
  0x0000019073595000 JavaThread "jar transforms Thread 7" [_thread_blocked, id=17532, stack(0x00000014c4b00000,0x00000014c4c00000)]
  0x000001907358f000 JavaThread "jar transforms Thread 8" [_thread_blocked, id=2880, stack(0x00000014c4c00000,0x00000014c4d00000)]
  0x0000019073590000 JavaThread "Cache worker for checksums cache (C:\Users\asus\AndroidStudioProjects\UnicornRace\.gradle\7.3.3\checksums)" [_thread_blocked, id=17540, stack(0x00000014c4d00000,0x00000014c4e00000)]
  0x0000019073591000 JavaThread "Cache worker for cache directory md-supplier (C:\Users\asus\.gradle\caches\7.3.3\md-supplier)" [_thread_blocked, id=17556, stack(0x00000014c4e00000,0x00000014c4f00000)]
  0x00000190760b3000 JavaThread "Cache worker for cache directory md-rule (C:\Users\asus\.gradle\caches\7.3.3\md-rule)" [_thread_blocked, id=17648, stack(0x00000014c4f00000,0x00000014c5000000)]
  0x00000190760b0800 JavaThread "Cache worker for execution history cache (C:\Users\asus\.gradle\caches\7.3.3\executionHistory)" [_thread_blocked, id=17592, stack(0x00000014c5000000,0x00000014c5100000)]
  0x00000190760b4000 JavaThread "Cache worker for file content cache (C:\Users\asus\.gradle\caches\7.3.3\fileContent)" [_thread_blocked, id=15340, stack(0x00000014c5100000,0x00000014c5200000)]
  0x00000190760b1800 JavaThread "Cache worker for dependencies-accessors (C:\Users\asus\AndroidStudioProjects\UnicornRace\.gradle\7.3.3\dependencies-accessors)" [_thread_blocked, id=18196, stack(0x00000014c5400000,0x00000014c5500000)]
  0x00000190760b2000 JavaThread "Cache worker for Build Output Cleanup Cache (C:\Users\asus\AndroidStudioProjects\UnicornRace\.gradle\buildOutputCleanup)" [_thread_blocked, id=18188, stack(0x00000014c5500000,0x00000014c5600000)]
  0x00000190760af000 JavaThread "Unconstrained build operations" [_thread_blocked, id=18208, stack(0x00000014c5600000,0x00000014c5700000)]
  0x00000190760b6800 JavaThread "Unconstrained build operations Thread 2" [_thread_blocked, id=7956, stack(0x00000014c5700000,0x00000014c5800000)]
  0x00000190760b8800 JavaThread "Unconstrained build operations Thread 3" [_thread_blocked, id=17508, stack(0x00000014c5800000,0x00000014c5900000)]
  0x00000190760b4800 JavaThread "Unconstrained build operations Thread 4" [_thread_blocked, id=18184, stack(0x00000014c5900000,0x00000014c5a00000)]
  0x00000190760b9800 JavaThread "Unconstrained build operations Thread 5" [_thread_blocked, id=4416, stack(0x00000014c5a00000,0x00000014c5b00000)]
  0x00000190760ba800 JavaThread "Unconstrained build operations Thread 6" [_thread_blocked, id=17452, stack(0x00000014c5b00000,0x00000014c5c00000)]
  0x00000190760b7000 JavaThread "Unconstrained build operations Thread 7" [_thread_blocked, id=15080, stack(0x00000014c5c00000,0x00000014c5d00000)]
  0x00000190760bb000 JavaThread "Unconstrained build operations Thread 8" [_thread_blocked, id=3300, stack(0x00000014c5d00000,0x00000014c5e00000)]
  0x00000190760b8000 JavaThread "Unconstrained build operations Thread 9" [_thread_blocked, id=17964, stack(0x00000014c5e00000,0x00000014c5f00000)]
  0x00000190760b5800 JavaThread "Unconstrained build operations Thread 10" [_thread_blocked, id=18156, stack(0x00000014c5f00000,0x00000014c6000000)]
  0x00000190760bd000 JavaThread "Unconstrained build operations Thread 11" [_thread_blocked, id=12888, stack(0x00000014c6000000,0x00000014c6100000)]
  0x00000190760bc000 JavaThread "Unconstrained build operations Thread 12" [_thread_blocked, id=18036, stack(0x00000014c6100000,0x00000014c6200000)]
  0x00000190767bb000 JavaThread "Unconstrained build operations Thread 13" [_thread_blocked, id=18024, stack(0x00000014c6200000,0x00000014c6300000)]
  0x00000190767c1000 JavaThread "Unconstrained build operations Thread 14" [_thread_blocked, id=18128, stack(0x00000014c6300000,0x00000014c6400000)]
  0x00000190767c1800 JavaThread "Unconstrained build operations Thread 15" [_thread_blocked, id=14080, stack(0x00000014c6400000,0x00000014c6500000)]
  0x00000190767c0000 JavaThread "Unconstrained build operations Thread 16" [_thread_blocked, id=9964, stack(0x00000014c6500000,0x00000014c6600000)]
  0x00000190767bf000 JavaThread "Unconstrained build operations Thread 17" [_thread_blocked, id=1244, stack(0x00000014c6600000,0x00000014c6700000)]
  0x00000190767bc000 JavaThread "Unconstrained build operations Thread 18" [_thread_blocked, id=15084, stack(0x00000014c6700000,0x00000014c6800000)]
  0x00000190767c2800 JavaThread "Unconstrained build operations Thread 19" [_thread_blocked, id=14580, stack(0x00000014c6800000,0x00000014c6900000)]
  0x00000190767be800 JavaThread "Unconstrained build operations Thread 20" [_thread_blocked, id=14796, stack(0x00000014c6900000,0x00000014c6a00000)]
  0x00000190767bc800 JavaThread "Unconstrained build operations Thread 21" [_thread_blocked, id=17940, stack(0x00000014c6a00000,0x00000014c6b00000)]
  0x00000190767c3000 JavaThread "Unconstrained build operations Thread 22" [_thread_blocked, id=14728, stack(0x00000014c6b00000,0x00000014c6c00000)]
  0x00000190767bd800 JavaThread "Unconstrained build operations Thread 23" [_thread_blocked, id=14360, stack(0x00000014c6c00000,0x00000014c6d00000)]
  0x00000190767c5800 JavaThread "Unconstrained build operations Thread 24" [_thread_blocked, id=1976, stack(0x00000014c6d00000,0x00000014c6e00000)]
  0x00000190767c9000 JavaThread "Unconstrained build operations Thread 25" [_thread_blocked, id=14396, stack(0x00000014c6e00000,0x00000014c6f00000)]
  0x00000190767ca000 JavaThread "Unconstrained build operations Thread 26" [_thread_blocked, id=14300, stack(0x00000014c6f00000,0x00000014c7000000)]
  0x00000190767c4000 JavaThread "Unconstrained build operations Thread 27" [_thread_blocked, id=14400, stack(0x00000014c7000000,0x00000014c7100000)]
  0x00000190767c6800 JavaThread "Unconstrained build operations Thread 28" [_thread_blocked, id=1776, stack(0x00000014c7100000,0x00000014c7200000)]
  0x00000190767c5000 JavaThread "Unconstrained build operations Thread 29" [_thread_blocked, id=14404, stack(0x00000014c7200000,0x00000014c7300000)]
  0x00000190767c8000 JavaThread "Unconstrained build operations Thread 30" [_thread_blocked, id=13996, stack(0x00000014c7300000,0x00000014c7400000)]
  0x00000190767c7800 JavaThread "Unconstrained build operations Thread 31" [_thread_blocked, id=14000, stack(0x00000014c7400000,0x00000014c7500000)]
  0x0000019076b0f800 JavaThread "Unconstrained build operations Thread 32" [_thread_blocked, id=14144, stack(0x00000014c7500000,0x00000014c7600000)]
  0x0000019076b09800 JavaThread "Unconstrained build operations Thread 33" [_thread_blocked, id=14284, stack(0x00000014c7600000,0x00000014c7700000)]
  0x0000019076b0d800 JavaThread "Unconstrained build operations Thread 34" [_thread_blocked, id=12896, stack(0x00000014c7700000,0x00000014c7800000)]
  0x0000019076b0c000 JavaThread "Unconstrained build operations Thread 35" [_thread_blocked, id=17972, stack(0x00000014c7800000,0x00000014c7900000)]
  0x0000019076b0e800 JavaThread "Unconstrained build operations Thread 36" [_thread_blocked, id=13460, stack(0x00000014c7900000,0x00000014c7a00000)]
  0x0000019076b0d000 JavaThread "Unconstrained build operations Thread 37" [_thread_blocked, id=18260, stack(0x00000014c7a00000,0x00000014c7b00000)]
  0x0000019076b10000 JavaThread "Unconstrained build operations Thread 38" [_thread_blocked, id=18264, stack(0x00000014c7b00000,0x00000014c7c00000)]
  0x0000019076b0b000 JavaThread "Unconstrained build operations Thread 39" [_thread_blocked, id=18256, stack(0x00000014c7c00000,0x00000014c7d00000)]
  0x0000019076b0a800 JavaThread "Unconstrained build operations Thread 40" [_thread_blocked, id=10272, stack(0x00000014c7d00000,0x00000014c7e00000)]
  0x0000019076b15000 JavaThread "Unconstrained build operations Thread 41" [_thread_blocked, id=17776, stack(0x00000014c7e00000,0x00000014c7f00000)]
  0x0000019076b11800 JavaThread "Unconstrained build operations Thread 42" [_thread_blocked, id=7588, stack(0x00000014c7f00000,0x00000014c8000000)]
  0x0000019076b16000 JavaThread "Unconstrained build operations Thread 43" [_thread_blocked, id=16284, stack(0x00000014c8000000,0x00000014c8100000)]
  0x0000019076b16800 JavaThread "Unconstrained build operations Thread 44" [_thread_blocked, id=18300, stack(0x00000014c8100000,0x00000014c8200000)]
  0x0000019076b14000 JavaThread "Unconstrained build operations Thread 45" [_thread_blocked, id=3356, stack(0x00000014c8200000,0x00000014c8300000)]
  0x0000019076b12800 JavaThread "Unconstrained build operations Thread 46" [_thread_blocked, id=13264, stack(0x00000014c8300000,0x00000014c8400000)]
  0x0000019076b11000 JavaThread "Unconstrained build operations Thread 47" [_thread_blocked, id=3184, stack(0x00000014c8400000,0x00000014c8500000)]
  0x0000019076b17800 JavaThread "Unconstrained build operations Thread 48" [_thread_blocked, id=17812, stack(0x00000014c8500000,0x00000014c8600000)]
  0x0000019076b18800 JavaThread "Unconstrained build operations Thread 49" [_thread_blocked, id=15984, stack(0x00000014c8600000,0x00000014c8700000)]
  0x0000019076b13800 JavaThread "Unconstrained build operations Thread 50" [_thread_blocked, id=13308, stack(0x00000014c8700000,0x00000014c8800000)]
  0x000001907826e000 JavaThread "Unconstrained build operations Thread 51" [_thread_blocked, id=1580, stack(0x00000014c8800000,0x00000014c8900000)]
  0x000001907826a800 JavaThread "Unconstrained build operations Thread 52" [_thread_blocked, id=2212, stack(0x00000014c8900000,0x00000014c8a00000)]
  0x0000019078268000 JavaThread "Unconstrained build operations Thread 53" [_thread_blocked, id=7080, stack(0x00000014c8a00000,0x00000014c8b00000)]
  0x000001907826e800 JavaThread "Unconstrained build operations Thread 54" [_thread_blocked, id=15124, stack(0x00000014c8b00000,0x00000014c8c00000)]
  0x000001907826b800 JavaThread "Unconstrained build operations Thread 55" [_thread_blocked, id=7096, stack(0x00000014c8c00000,0x00000014c8d00000)]
  0x0000019078269000 JavaThread "Unconstrained build operations Thread 56" [_thread_blocked, id=11824, stack(0x00000014c8d00000,0x00000014c8e00000)]
  0x000001907826d000 JavaThread "Unconstrained build operations Thread 57" [_thread_blocked, id=5388, stack(0x00000014c8e00000,0x00000014c8f00000)]
  0x000001907826c800 JavaThread "Unconstrained build operations Thread 58" [_thread_blocked, id=5516, stack(0x00000014c8f00000,0x00000014c9000000)]
  0x000001907826f800 JavaThread "Unconstrained build operations Thread 59" [_thread_blocked, id=14252, stack(0x00000014c9000000,0x00000014c9100000)]
  0x000001907826a000 JavaThread "Unconstrained build operations Thread 60" [_thread_blocked, id=5352, stack(0x00000014c9100000,0x00000014c9200000)]
  0x0000019078273800 JavaThread "Unconstrained build operations Thread 61" [_thread_blocked, id=17864, stack(0x00000014c9200000,0x00000014c9300000)]
  0x0000019078272000 JavaThread "Unconstrained build operations Thread 62" [_thread_blocked, id=7092, stack(0x00000014c9300000,0x00000014c9400000)]
  0x0000019078276000 JavaThread "Unconstrained build operations Thread 63" [_thread_blocked, id=10804, stack(0x00000014c9400000,0x00000014c9500000)]
  0x0000019078274800 JavaThread "Unconstrained build operations Thread 64" [_thread_blocked, id=15156, stack(0x00000014c9500000,0x00000014c9600000)]
  0x0000019078273000 JavaThread "Unconstrained build operations Thread 65" [_thread_blocked, id=18232, stack(0x00000014c9600000,0x00000014c9700000)]
  0x0000019078275000 JavaThread "Unconstrained build operations Thread 66" [_thread_blocked, id=12000, stack(0x00000014c9700000,0x00000014c9800000)]
  0x0000019078270800 JavaThread "Unconstrained build operations Thread 67" [_thread_blocked, id=8016, stack(0x00000014c9800000,0x00000014c9900000)]
  0x0000019078277000 JavaThread "Unconstrained build operations Thread 68" [_thread_blocked, id=17788, stack(0x00000014c9900000,0x00000014c9a00000)]
  0x0000019078271000 JavaThread "Unconstrained build operations Thread 69" [_thread_blocked, id=17804, stack(0x00000014c9a00000,0x00000014c9b00000)]
  0x0000019076754800 JavaThread "Unconstrained build operations Thread 70" [_thread_blocked, id=17808, stack(0x00000014c9b00000,0x00000014c9c00000)]
  0x0000019076753000 JavaThread "Unconstrained build operations Thread 71" [_thread_blocked, id=4412, stack(0x00000014c9c00000,0x00000014c9d00000)]
  0x0000019076752000 JavaThread "Unconstrained build operations Thread 72" [_thread_blocked, id=17792, stack(0x00000014c9d00000,0x00000014c9e00000)]
  0x0000019076751000 JavaThread "Unconstrained build operations Thread 73" [_thread_blocked, id=11052, stack(0x00000014c9e00000,0x00000014c9f00000)]
  0x000001907674f800 JavaThread "Unconstrained build operations Thread 74" [_thread_blocked, id=14052, stack(0x00000014c9f00000,0x00000014ca000000)]
  0x0000019076750800 JavaThread "Unconstrained build operations Thread 75" [_thread_blocked, id=10108, stack(0x00000014ca000000,0x00000014ca100000)]
  0x0000019076753800 JavaThread "Unconstrained build operations Thread 76" [_thread_blocked, id=17796, stack(0x00000014ca100000,0x00000014ca200000)]
  0x000001907674e800 JavaThread "Unconstrained build operations Thread 77" [_thread_blocked, id=17616, stack(0x00000014ca200000,0x00000014ca300000)]
  0x0000019076759800 JavaThread "Unconstrained build operations Thread 78" [_thread_blocked, id=8916, stack(0x00000014ca300000,0x00000014ca400000)]
  0x0000019076757800 JavaThread "Unconstrained build operations Thread 79" [_thread_blocked, id=8848, stack(0x00000014ca400000,0x00000014ca500000)]
  0x0000019076756000 JavaThread "Unconstrained build operations Thread 80" [_thread_blocked, id=14972, stack(0x00000014ca500000,0x00000014ca600000)]
  0x0000019076758800 JavaThread "Memory manager" [_thread_blocked, id=9516, stack(0x00000014ca600000,0x00000014ca700000)]

Other Threads:
=>0x00000190716a5800 VMThread "VM Thread" [stack: 0x00000014c2000000,0x00000014c2100000] [id=10088]
  0x00000190721ab000 WatcherThread [stack: 0x00000014c2a00000,0x00000014c2b00000] [id=11380]
  0x0000019057286800 GCTaskThread "GC Thread#0" [stack: 0x00000014c1b00000,0x00000014c1c00000] [id=14316]
  0x0000019073386000 GCTaskThread "GC Thread#1" [stack: 0x00000014c2c00000,0x00000014c2d00000] [id=13052]
  0x0000019073ac3800 GCTaskThread "GC Thread#2" [stack: 0x00000014c3600000,0x00000014c3700000] [id=4036]
  0x0000019074168000 GCTaskThread "GC Thread#3" [stack: 0x00000014c3700000,0x00000014c3800000] [id=14232]
  0x0000019074169000 GCTaskThread "GC Thread#4" [stack: 0x00000014c3800000,0x00000014c3900000] [id=12640]
  0x0000019074169800 GCTaskThread "GC Thread#5" [stack: 0x00000014c3900000,0x00000014c3a00000] [id=1056]
  0x000001907416a000 GCTaskThread "GC Thread#6" [stack: 0x00000014c3a00000,0x00000014c3b00000] [id=8940]
  0x0000019073e7d000 GCTaskThread "GC Thread#7" [stack: 0x00000014c3b00000,0x00000014c3c00000] [id=13640]
  0x00000190572b9000 ConcurrentGCThread "G1 Main Marker" [stack: 0x00000014c1c00000,0x00000014c1d00000] [id=16116]
  0x00000190572ba800 ConcurrentGCThread "G1 Conc#0" [stack: 0x00000014c1d00000,0x00000014c1e00000] [id=17980]
  0x0000019072ed9800 ConcurrentGCThread "G1 Conc#1" [stack: 0x00000014c3f00000,0x00000014c4000000] [id=4568]
  0x0000019057314800 ConcurrentGCThread "G1 Refine#0" [stack: 0x00000014c1e00000,0x00000014c1f00000] [id=14172]
  0x0000019057315800 ConcurrentGCThread "G1 Young RemSet Sampling" [stack: 0x00000014c1f00000,0x00000014c2000000] [id=3844]

Threads with active compile tasks:
C2 CompilerThread0  46726 6706       4       org.gradle.internal.instantiation.generator.AbstractClassGenerator$InjectionAnnotationValidator::validateMethod (502 bytes)

VM state:at safepoint (normal execution)

VM Mutex/Monitor currently owned by a thread:  ([mutex/lock_event])
[0x0000019057262210] Threads_lock - owner thread: 0x00000190716a5800
[0x000001905726c2f0] Heap_lock - owner thread: 0x00000190739cd000

Heap address: 0x0000000080000000, size: 2048 MB, Compressed Oops mode: 32-bit
Narrow klass base: 0x0000000000000000, Narrow klass shift: 3
Compressed class space size: 1073741824 Address: 0x0000000100000000

Heap:
 garbage-first heap   total 146432K, used 77888K [0x0000000080000000, 0x0000000100000000)
  region size 1024K, 2 young (2048K), 2 survivors (2048K)
 Metaspace       used 66856K, capacity 68716K, committed 68864K, reserved 1110016K
  class space    used 8486K, capacity 9147K, committed 9216K, reserved 1048576K
Heap Regions: E=young(eden), S=young(survivor), O=old, HS=humongous(starts), HC=humongous(continues), CS=collection set, F=free, A=archive, TAMS=top-at-mark-start (previous, next)
|   0|0x0000000080000000, 0x0000000080100000, 0x0000000080100000|100%| O|  |TAMS 0x0000000080100000, 0x0000000080000000| Untracked 
|   1|0x0000000080100000, 0x0000000080200000, 0x0000000080200000|100%| O|  |TAMS 0x0000000080200000, 0x0000000080100000| Untracked 
|   2|0x0000000080200000, 0x0000000080300000, 0x0000000080300000|100%| O|  |TAMS 0x0000000080300000, 0x0000000080200000| Untracked 
|   3|0x0000000080300000, 0x0000000080400000, 0x0000000080400000|100%|HS|  |TAMS 0x0000000080400000, 0x0000000080300000| Complete 
|   4|0x0000000080400000, 0x0000000080500000, 0x0000000080500000|100%|HC|  |TAMS 0x0000000080500000, 0x0000000080400000| Complete 
|   5|0x0000000080500000, 0x0000000080600000, 0x0000000080600000|100%|HC|  |TAMS 0x0000000080600000, 0x0000000080500000| Complete 
|   6|0x0000000080600000, 0x0000000080700000, 0x0000000080700000|100%| O|  |TAMS 0x0000000080700000, 0x0000000080600000| Untracked 
|   7|0x0000000080700000, 0x0000000080800000, 0x0000000080800000|100%| O|  |TAMS 0x0000000080800000, 0x0000000080700000| Untracked 
|   8|0x0000000080800000, 0x0000000080900000, 0x0000000080900000|100%| O|  |TAMS 0x0000000080900000, 0x0000000080800000| Untracked 
|   9|0x0000000080900000, 0x0000000080a00000, 0x0000000080a00000|100%| O|  |TAMS 0x0000000080a00000, 0x0000000080900000| Untracked 
|  10|0x0000000080a00000, 0x0000000080b00000, 0x0000000080b00000|100%| O|  |TAMS 0x0000000080b00000, 0x0000000080a00000| Untracked 
|  11|0x0000000080b00000, 0x0000000080c00000, 0x0000000080c00000|100%| O|  |TAMS 0x0000000080c00000, 0x0000000080b00000| Untracked 
|  12|0x0000000080c00000, 0x0000000080d00000, 0x0000000080d00000|100%| O|  |TAMS 0x0000000080d00000, 0x0000000080c00000| Untracked 
|  13|0x0000000080d00000, 0x0000000080e00000, 0x0000000080e00000|100%| O|  |TAMS 0x0000000080e00000, 0x0000000080d00000| Untracked 
|  14|0x0000000080e00000, 0x0000000080f00000, 0x0000000080f00000|100%| O|  |TAMS 0x0000000080f00000, 0x0000000080e00000| Untracked 
|  15|0x0000000080f00000, 0x0000000081000000, 0x0000000081000000|100%| O|  |TAMS 0x0000000081000000, 0x0000000080f00000| Untracked 
|  16|0x0000000081000000, 0x0000000081100000, 0x0000000081100000|100%| O|  |TAMS 0x0000000081100000, 0x0000000081000000| Untracked 
|  17|0x0000000081100000, 0x0000000081200000, 0x0000000081200000|100%| O|  |TAMS 0x0000000081200000, 0x0000000081100000| Untracked 
|  18|0x0000000081200000, 0x0000000081300000, 0x0000000081300000|100%|HS|  |TAMS 0x0000000081300000, 0x0000000081200000| Complete 
|  19|0x0000000081300000, 0x0000000081400000, 0x0000000081400000|100%|HC|  |TAMS 0x0000000081400000, 0x0000000081300000| Complete 
|  20|0x0000000081400000, 0x0000000081500000, 0x0000000081500000|100%|HS|  |TAMS 0x0000000081500000, 0x0000000081400000| Complete 
|  21|0x0000000081500000, 0x0000000081600000, 0x0000000081600000|100%|HC|  |TAMS 0x0000000081600000, 0x0000000081500000| Complete 
|  22|0x0000000081600000, 0x0000000081700000, 0x0000000081700000|100%|HC|  |TAMS 0x0000000081700000, 0x0000000081600000| Complete 
|  23|0x0000000081700000, 0x0000000081800000, 0x0000000081800000|100%|HS|  |TAMS 0x0000000081800000, 0x0000000081700000| Complete 
|  24|0x0000000081800000, 0x0000000081900000, 0x0000000081900000|100%| O|  |TAMS 0x0000000081900000, 0x0000000081800000| Untracked 
|  25|0x0000000081900000, 0x0000000081a00000, 0x0000000081a00000|100%|HS|  |TAMS 0x0000000081a00000, 0x0000000081900000| Complete 
|  26|0x0000000081a00000, 0x0000000081b00000, 0x0000000081b00000|100%|HC|  |TAMS 0x0000000081b00000, 0x0000000081a00000| Complete 
|  27|0x0000000081b00000, 0x0000000081c00000, 0x0000000081c00000|100%|HC|  |TAMS 0x0000000081c00000, 0x0000000081b00000| Complete 
|  28|0x0000000081c00000, 0x0000000081d00000, 0x0000000081d00000|100%|HC|  |TAMS 0x0000000081d00000, 0x0000000081c00000| Complete 
|  29|0x0000000081d00000, 0x0000000081e00000, 0x0000000081e00000|100%| O|  |TAMS 0x0000000081e00000, 0x0000000081d00000| Untracked 
|  30|0x0000000081e00000, 0x0000000081f00000, 0x0000000081f00000|100%| O|  |TAMS 0x0000000081f00000, 0x0000000081e00000| Untracked 
|  31|0x0000000081f00000, 0x0000000082000000, 0x0000000082000000|100%| O|  |TAMS 0x0000000082000000, 0x0000000081f00000| Untracked 
|  32|0x0000000082000000, 0x0000000082100000, 0x0000000082100000|100%| O|  |TAMS 0x0000000082100000, 0x0000000082000000| Untracked 
|  33|0x0000000082100000, 0x0000000082200000, 0x0000000082200000|100%| O|  |TAMS 0x0000000082200000, 0x0000000082100000| Untracked 
|  34|0x0000000082200000, 0x0000000082300000, 0x0000000082300000|100%| O|  |TAMS 0x0000000082300000, 0x0000000082200000| Untracked 
|  35|0x0000000082300000, 0x0000000082400000, 0x0000000082400000|100%| O|  |TAMS 0x0000000082400000, 0x0000000082300000| Untracked 
|  36|0x0000000082400000, 0x0000000082500000, 0x0000000082500000|100%| O|  |TAMS 0x0000000082500000, 0x0000000082400000| Untracked 
|  37|0x0000000082500000, 0x0000000082600000, 0x0000000082600000|100%| O|  |TAMS 0x0000000082600000, 0x0000000082500000| Untracked 
|  38|0x0000000082600000, 0x00000000826ffff8, 0x0000000082700000| 99%| O|  |TAMS 0x00000000826ffff8, 0x0000000082600000| Untracked 
|  39|0x0000000082700000, 0x0000000082800000, 0x0000000082800000|100%| O|  |TAMS 0x0000000082800000, 0x0000000082700000| Untracked 
|  40|0x0000000082800000, 0x0000000082900000, 0x0000000082900000|100%|HS|  |TAMS 0x0000000082900000, 0x0000000082800000| Complete 
|  41|0x0000000082900000, 0x0000000082a00000, 0x0000000082a00000|100%| O|  |TAMS 0x0000000082a00000, 0x0000000082900000| Untracked 
|  42|0x0000000082a00000, 0x0000000082b00000, 0x0000000082b00000|100%|HS|  |TAMS 0x0000000082b00000, 0x0000000082a00000| Complete 
|  43|0x0000000082b00000, 0x0000000082c00000, 0x0000000082c00000|100%|HC|  |TAMS 0x0000000082c00000, 0x0000000082b00000| Complete 
|  44|0x0000000082c00000, 0x0000000082d00000, 0x0000000082d00000|100%|HC|  |TAMS 0x0000000082d00000, 0x0000000082c00000| Complete 
|  45|0x0000000082d00000, 0x0000000082e00000, 0x0000000082e00000|100%| O|  |TAMS 0x0000000082e00000, 0x0000000082d00000| Untracked 
|  46|0x0000000082e00000, 0x0000000082f00000, 0x0000000082f00000|100%| O|  |TAMS 0x0000000082f00000, 0x0000000082e00000| Untracked 
|  47|0x0000000082f00000, 0x0000000083000000, 0x0000000083000000|100%| O|  |TAMS 0x0000000083000000, 0x0000000082f00000| Untracked 
|  48|0x0000000083000000, 0x0000000083100000, 0x0000000083100000|100%| O|  |TAMS 0x0000000083100000, 0x0000000083000000| Untracked 
|  49|0x0000000083100000, 0x0000000083200000, 0x0000000083200000|100%| O|  |TAMS 0x0000000083200000, 0x0000000083100000| Untracked 
|  50|0x0000000083200000, 0x0000000083300000, 0x0000000083300000|100%|HS|  |TAMS 0x0000000083300000, 0x0000000083200000| Complete 
|  51|0x0000000083300000, 0x0000000083400000, 0x0000000083400000|100%|HC|  |TAMS 0x0000000083400000, 0x0000000083300000| Complete 
|  52|0x0000000083400000, 0x0000000083500000, 0x0000000083500000|100%|HC|  |TAMS 0x0000000083500000, 0x0000000083400000| Complete 
|  53|0x0000000083500000, 0x0000000083600000, 0x0000000083600000|100%|HC|  |TAMS 0x0000000083600000, 0x0000000083500000| Complete 
|  54|0x0000000083600000, 0x0000000083700000, 0x0000000083700000|100%| O|  |TAMS 0x0000000083700000, 0x0000000083600000| Untracked 
|  55|0x0000000083700000, 0x0000000083800000, 0x0000000083800000|100%| O|  |TAMS 0x0000000083800000, 0x0000000083700000| Untracked 
|  56|0x0000000083800000, 0x0000000083900000, 0x0000000083900000|100%| O|  |TAMS 0x0000000083900000, 0x0000000083800000| Untracked 
|  57|0x0000000083900000, 0x0000000083a00000, 0x0000000083a00000|100%| O|  |TAMS 0x0000000083a00000, 0x0000000083900000| Untracked 
|  58|0x0000000083a00000, 0x0000000083b00000, 0x0000000083b00000|100%|HS|  |TAMS 0x0000000083b00000, 0x0000000083a00000| Complete 
|  59|0x0000000083b00000, 0x0000000083c00000, 0x0000000083c00000|100%|HS|  |TAMS 0x0000000083c00000, 0x0000000083b00000| Complete 
|  60|0x0000000083c00000, 0x0000000083d00000, 0x0000000083d00000|100%| O|  |TAMS 0x0000000083d00000, 0x0000000083c00000| Untracked 
|  61|0x0000000083d00000, 0x0000000083e00000, 0x0000000083e00000|100%| O|  |TAMS 0x0000000083e00000, 0x0000000083d00000| Untracked 
|  62|0x0000000083e00000, 0x0000000083f00000, 0x0000000083f00000|100%| O|  |TAMS 0x0000000083f00000, 0x0000000083e00000| Untracked 
|  63|0x0000000083f00000, 0x0000000084000000, 0x0000000084000000|100%| O|  |TAMS 0x0000000084000000, 0x0000000083f00000| Untracked 
|  64|0x0000000084000000, 0x0000000084100000, 0x0000000084100000|100%|HS|  |TAMS 0x0000000084100000, 0x0000000084000000| Complete 
|  65|0x0000000084100000, 0x0000000084200000, 0x0000000084200000|100%|HC|  |TAMS 0x0000000084200000, 0x0000000084100000| Complete 
|  66|0x0000000084200000, 0x0000000084300000, 0x0000000084300000|100%| O|  |TAMS 0x0000000084300000, 0x0000000084200000| Untracked 
|  67|0x0000000084300000, 0x0000000084400000, 0x0000000084400000|100%| O|  |TAMS 0x0000000084400000, 0x0000000084300000| Untracked 
|  68|0x0000000084400000, 0x0000000084500000, 0x0000000084500000|100%| O|  |TAMS 0x0000000084500000, 0x0000000084400000| Untracked 
|  69|0x0000000084500000, 0x0000000084600000, 0x0000000084600000|100%| O|  |TAMS 0x0000000084600000, 0x0000000084500000| Untracked 
|  70|0x0000000084600000, 0x0000000084700000, 0x0000000084700000|100%| O|  |TAMS 0x0000000084700000, 0x0000000084600000| Untracked 
|  71|0x0000000084700000, 0x0000000084800000, 0x0000000084800000|100%| O|  |TAMS 0x0000000084800000, 0x0000000084700000| Untracked 
|  72|0x0000000084800000, 0x0000000084900000, 0x0000000084900000|100%| O|  |TAMS 0x000000008485de00, 0x0000000084800000| Untracked 
|  73|0x0000000084900000, 0x0000000084a00000, 0x0000000084a00000|100%| O|  |TAMS 0x0000000084900000, 0x0000000084900000| Untracked 
|  74|0x0000000084a00000, 0x0000000084abb000, 0x0000000084b00000| 73%| O|  |TAMS 0x0000000084a00000, 0x0000000084a00000| Untracked 
|  75|0x0000000084b00000, 0x0000000084b00000, 0x0000000084c00000|  0%| F|  |TAMS 0x0000000084b00000, 0x0000000084b00000| Untracked 
|  76|0x0000000084c00000, 0x0000000084c00000, 0x0000000084d00000|  0%| F|  |TAMS 0x0000000084c00000, 0x0000000084c00000| Untracked 
|  77|0x0000000084d00000, 0x0000000084d00000, 0x0000000084e00000|  0%| F|  |TAMS 0x0000000084d00000, 0x0000000084d00000| Untracked 
|  78|0x0000000084e00000, 0x0000000084e00000, 0x0000000084f00000|  0%| F|  |TAMS 0x0000000084e00000, 0x0000000084e00000| Untracked 
|  79|0x0000000084f00000, 0x0000000084f00000, 0x0000000085000000|  0%| F|  |TAMS 0x0000000084f00000, 0x0000000084f00000| Untracked 
|  80|0x0000000085000000, 0x0000000085000000, 0x0000000085100000|  0%| F|  |TAMS 0x0000000085000000, 0x0000000085000000| Untracked 
|  81|0x0000000085100000, 0x0000000085100000, 0x0000000085200000|  0%| F|  |TAMS 0x0000000085100000, 0x0000000085100000| Untracked 
|  82|0x0000000085200000, 0x0000000085200000, 0x0000000085300000|  0%| F|  |TAMS 0x0000000085200000, 0x0000000085200000| Untracked 
|  83|0x0000000085300000, 0x0000000085300000, 0x0000000085400000|  0%| F|  |TAMS 0x0000000085300000, 0x0000000085300000| Untracked 
|  84|0x0000000085400000, 0x0000000085400000, 0x0000000085500000|  0%| F|  |TAMS 0x0000000085400000, 0x0000000085400000| Untracked 
|  85|0x0000000085500000, 0x0000000085500000, 0x0000000085600000|  0%| F|  |TAMS 0x0000000085500000, 0x0000000085500000| Untracked 
|  86|0x0000000085600000, 0x0000000085600000, 0x0000000085700000|  0%| F|  |TAMS 0x0000000085600000, 0x0000000085600000| Untracked 
|  87|0x0000000085700000, 0x0000000085700000, 0x0000000085800000|  0%| F|  |TAMS 0x0000000085700000, 0x0000000085700000| Untracked 
|  88|0x0000000085800000, 0x0000000085800000, 0x0000000085900000|  0%| F|  |TAMS 0x0000000085800000, 0x0000000085800000| Untracked 
|  89|0x0000000085900000, 0x0000000085900000, 0x0000000085a00000|  0%| F|  |TAMS 0x0000000085900000, 0x0000000085900000| Untracked 
|  90|0x0000000085a00000, 0x0000000085a00000, 0x0000000085b00000|  0%| F|  |TAMS 0x0000000085a00000, 0x0000000085a00000| Untracked 
|  91|0x0000000085b00000, 0x0000000085b00000, 0x0000000085c00000|  0%| F|  |TAMS 0x0000000085b00000, 0x0000000085b00000| Untracked 
|  92|0x0000000085c00000, 0x0000000085c00000, 0x0000000085d00000|  0%| F|  |TAMS 0x0000000085c00000, 0x0000000085c00000| Untracked 
|  93|0x0000000085d00000, 0x0000000085d00000, 0x0000000085e00000|  0%| F|  |TAMS 0x0000000085d00000, 0x0000000085d00000| Untracked 
|  94|0x0000000085e00000, 0x0000000085e00000, 0x0000000085f00000|  0%| F|  |TAMS 0x0000000085e00000, 0x0000000085e00000| Untracked 
|  95|0x0000000085f00000, 0x0000000085f00000, 0x0000000086000000|  0%| F|  |TAMS 0x0000000085f00000, 0x0000000085f00000| Untracked 
|  96|0x0000000086000000, 0x00000000860551d0, 0x0000000086100000| 33%| S|CS|TAMS 0x0000000086000000, 0x0000000086000000| Complete 
|  97|0x0000000086100000, 0x0000000086100000, 0x0000000086200000|  0%| F|  |TAMS 0x0000000086100000, 0x0000000086100000| Untracked 
|  98|0x0000000086200000, 0x0000000086200000, 0x0000000086300000|  0%| F|  |TAMS 0x0000000086200000, 0x0000000086200000| Untracked 
|  99|0x0000000086300000, 0x0000000086400000, 0x0000000086400000|100%| S|CS|TAMS 0x0000000086300000, 0x0000000086300000| Complete 
| 100|0x0000000086400000, 0x0000000086400000, 0x0000000086500000|  0%| F|  |TAMS 0x0000000086400000, 0x0000000086400000| Untracked 
| 101|0x0000000086500000, 0x0000000086500000, 0x0000000086600000|  0%| F|  |TAMS 0x0000000086500000, 0x0000000086500000| Untracked 
| 102|0x0000000086600000, 0x0000000086600000, 0x0000000086700000|  0%| F|  |TAMS 0x0000000086600000, 0x0000000086600000| Untracked 
| 103|0x0000000086700000, 0x0000000086700000, 0x0000000086800000|  0%| F|  |TAMS 0x0000000086700000, 0x0000000086700000| Untracked 
| 104|0x0000000086800000, 0x0000000086800000, 0x0000000086900000|  0%| F|  |TAMS 0x0000000086800000, 0x0000000086800000| Untracked 
| 105|0x0000000086900000, 0x0000000086900000, 0x0000000086a00000|  0%| F|  |TAMS 0x0000000086900000, 0x0000000086900000| Untracked 
| 106|0x0000000086a00000, 0x0000000086a00000, 0x0000000086b00000|  0%| F|  |TAMS 0x0000000086a00000, 0x0000000086a00000| Untracked 
| 107|0x0000000086b00000, 0x0000000086b00000, 0x0000000086c00000|  0%| F|  |TAMS 0x0000000086b00000, 0x0000000086b00000| Untracked 
| 108|0x0000000086c00000, 0x0000000086c00000, 0x0000000086d00000|  0%| F|  |TAMS 0x0000000086c00000, 0x0000000086c00000| Untracked 
| 109|0x0000000086d00000, 0x0000000086d00000, 0x0000000086e00000|  0%| F|  |TAMS 0x0000000086d00000, 0x0000000086d00000| Untracked 
| 110|0x0000000086e00000, 0x0000000086e00000, 0x0000000086f00000|  0%| F|  |TAMS 0x0000000086e00000, 0x0000000086e00000| Untracked 
| 111|0x0000000086f00000, 0x0000000086f00000, 0x0000000087000000|  0%| F|  |TAMS 0x0000000086f00000, 0x0000000086f00000| Untracked 
| 112|0x0000000087000000, 0x0000000087000000, 0x0000000087100000|  0%| F|  |TAMS 0x0000000087000000, 0x0000000087000000| Untracked 
| 113|0x0000000087100000, 0x0000000087100000, 0x0000000087200000|  0%| F|  |TAMS 0x0000000087100000, 0x0000000087100000| Untracked 
| 114|0x0000000087200000, 0x0000000087200000, 0x0000000087300000|  0%| F|  |TAMS 0x0000000087200000, 0x0000000087200000| Untracked 
| 115|0x0000000087300000, 0x0000000087300000, 0x0000000087400000|  0%| F|  |TAMS 0x0000000087300000, 0x0000000087300000| Untracked 
| 116|0x0000000087400000, 0x0000000087400000, 0x0000000087500000|  0%| F|  |TAMS 0x0000000087400000, 0x0000000087400000| Untracked 
| 117|0x0000000087500000, 0x0000000087500000, 0x0000000087600000|  0%| F|  |TAMS 0x0000000087500000, 0x0000000087500000| Untracked 
| 118|0x0000000087600000, 0x0000000087600000, 0x0000000087700000|  0%| F|  |TAMS 0x0000000087600000, 0x0000000087600000| Untracked 

Card table byte_map: [0x000001906a4b0000,0x000001906a8b0000] _byte_map_base: 0x000001906a0b0000

Marking Bits (Prev, Next): (CMBitMap*) 0x00000190572b0050, (CMBitMap*) 0x00000190572b0018
 Prev Bits: [0x000001906ccb0000, 0x000001906ecb0000)
 Next Bits: [0x000001906acb0000, 0x000001906ccb0000)

Polling page: 0x0000019056a50000

Metaspace:

Usage:
  Non-class:     58.17 MB capacity,    57.00 MB ( 98%) used,     1.00 MB (  2%) free+waste,   172.38 KB ( <1%) overhead. 
      Class:      8.93 MB capacity,     8.29 MB ( 93%) used,   579.53 KB (  6%) free+waste,    81.44 KB ( <1%) overhead. 
       Both:     67.11 MB capacity,    65.29 MB ( 97%) used,     1.57 MB (  2%) free+waste,   253.81 KB ( <1%) overhead. 

Virtual space:
  Non-class space:       60.00 MB reserved,      58.25 MB ( 97%) committed 
      Class space:        1.00 GB reserved,       9.00 MB ( <1%) committed 
             Both:        1.06 GB reserved,      67.25 MB (  6%) committed 

Chunk freelists:
   Non-Class:  15.00 KB
       Class:  5.00 KB
        Both:  20.00 KB

MaxMetaspaceSize: 17179869184.00 GB
CompressedClassSpaceSize: 1.00 GB
Initial GC threshold: 20.80 MB
Current GC threshold: 110.21 MB
CDS: off

CodeHeap 'non-profiled nmethods': size=120000Kb used=3587Kb max_used=3587Kb free=116412Kb
 bounds [0x0000019062850000, 0x0000019062be0000, 0x0000019069d80000]
CodeHeap 'profiled nmethods': size=120000Kb used=14675Kb max_used=14675Kb free=105324Kb
 bounds [0x000001905b320000, 0x000001905c180000, 0x0000019062850000]
CodeHeap 'non-nmethods': size=5760Kb used=2349Kb max_used=2384Kb free=3410Kb
 bounds [0x000001905ad80000, 0x000001905aff0000, 0x000001905b320000]
 total_blobs=7566 nmethods=6710 adapters=766
 compilation: enabled
              stopped_count=0, restarted_count=0
 full_count=0

Compilation events (20 events):
Event: 46.611 Thread 0x0000019071715000 6797       3       org.objectweb.asm.MethodWriter::computeMethodInfoSize (571 bytes)
Event: 46.614 Thread 0x0000019071715000 nmethod 6797 0x000001905c16c090 code [0x000001905c16c3e0, 0x000001905c16d3e8]
Event: 46.614 Thread 0x0000019071715000 6796       3       kotlin.reflect.jvm.internal.pcollections.IntTree::get (60 bytes)
Event: 46.614 Thread 0x0000019071715000 nmethod 6796 0x000001905c16db10 code [0x000001905c16dce0, 0x000001905c16df58]
Event: 46.617 Thread 0x0000019071715000 6799       3       org.gradle.internal.instantiation.generator.AsmBackedClassGenerator$ClassBuilderImpl::applyConventionMappingToSetter (177 bytes)
Event: 46.620 Thread 0x0000019071715000 nmethod 6799 0x000001905c16e090 code [0x000001905c16e460, 0x000001905c16faa8]
Event: 46.620 Thread 0x0000019071710800 nmethod 6650 0x0000019062bc9210 code [0x0000019062bc9500, 0x0000019062bccf60]
Event: 46.620 Thread 0x0000019071710800 6746  s    4       java.io.ByteArrayOutputStream::write (32 bytes)
Event: 46.630 Thread 0x0000019071710800 nmethod 6746 0x0000019062bce810 code [0x0000019062bce9c0, 0x0000019062bcf0d8]
Event: 46.630 Thread 0x0000019071710800 6696       4       org.objectweb.asm.Type::getArgumentsAndReturnSizes (140 bytes)
Event: 46.637 Thread 0x0000019071715000 6800       3       org.codehaus.groovy.reflection.CachedClass::<init> (247 bytes)
Event: 46.640 Thread 0x0000019071715000 nmethod 6800 0x000001905c170310 code [0x000001905c170800, 0x000001905c173578]
Event: 46.640 Thread 0x0000019071715000 6801       3       org.codehaus.groovy.reflection.CachedClass$4::initValue (63 bytes)
Event: 46.641 Thread 0x0000019071715000 nmethod 6801 0x000001905c174090 code [0x000001905c174300, 0x000001905c174c28]
Event: 46.641 Thread 0x0000019071715000 6802       1       org.codehaus.groovy.runtime.metaclass.NewStaticMetaMethod::isStatic (2 bytes)
Event: 46.642 Thread 0x0000019071715000 nmethod 6802 0x0000019062bcf310 code [0x0000019062bcf4c0, 0x0000019062bcf578]
Event: 46.648 Thread 0x0000019071710800 nmethod 6696 0x0000019062bcf610 code [0x0000019062bcf820, 0x0000019062bcfed0]
Event: 46.648 Thread 0x0000019071710800 6714       4       org.objectweb.asm.Type::getInternalName (16 bytes)
Event: 46.656 Thread 0x0000019071710800 nmethod 6714 0x0000019062bd0510 code [0x0000019062bd06c0, 0x0000019062bd0c38]
Event: 46.656 Thread 0x0000019071710800 6706       4       org.gradle.internal.instantiation.generator.AbstractClassGenerator$InjectionAnnotationValidator::validateMethod (502 bytes)

GC Heap History (20 events):
Event: 41.513 GC heap after
{Heap after GC invocations=66 (full 0):
 garbage-first heap   total 83968K, used 70909K [0x0000000080000000, 0x0000000100000000)
  region size 1024K, 1 young (1024K), 1 survivors (1024K)
 Metaspace       used 51816K, capacity 53500K, committed 53632K, reserved 1095680K
  class space    used 6663K, capacity 7239K, committed 7296K, reserved 1048576K
}
Event: 41.623 GC heap before
{Heap before GC invocations=66 (full 0):
 garbage-first heap   total 83968K, used 73981K [0x0000000080000000, 0x0000000100000000)
  region size 1024K, 4 young (4096K), 1 survivors (1024K)
 Metaspace       used 52094K, capacity 53763K, committed 53888K, reserved 1095680K
  class space    used 6710K, capacity 7284K, committed 7296K, reserved 1048576K
}
Event: 41.627 GC heap after
{Heap after GC invocations=67 (full 0):
 garbage-first heap   total 83968K, used 71020K [0x0000000080000000, 0x0000000100000000)
  region size 1024K, 1 young (1024K), 1 survivors (1024K)
 Metaspace       used 52094K, capacity 53763K, committed 53888K, reserved 1095680K
  class space    used 6710K, capacity 7284K, committed 7296K, reserved 1048576K
}
Event: 41.727 GC heap before
{Heap before GC invocations=68 (full 0):
 garbage-first heap   total 83968K, used 73068K [0x0000000080000000, 0x0000000100000000)
  region size 1024K, 4 young (4096K), 1 survivors (1024K)
 Metaspace       used 52474K, capacity 54147K, committed 54272K, reserved 1095680K
  class space    used 6762K, capacity 7348K, committed 7424K, reserved 1048576K
}
Event: 41.729 GC heap after
{Heap after GC invocations=69 (full 0):
 garbage-first heap   total 101376K, used 71116K [0x0000000080000000, 0x0000000100000000)
  region size 1024K, 1 young (1024K), 1 survivors (1024K)
 Metaspace       used 52474K, capacity 54147K, committed 54272K, reserved 1095680K
  class space    used 6762K, capacity 7348K, committed 7424K, reserved 1048576K
}
Event: 42.015 GC heap before
{Heap before GC invocations=69 (full 0):
 garbage-first heap   total 101376K, used 79308K [0x0000000080000000, 0x0000000100000000)
  region size 1024K, 10 young (10240K), 1 survivors (1024K)
 Metaspace       used 53724K, capacity 55443K, committed 55680K, reserved 1097728K
  class space    used 6899K, capacity 7483K, committed 7552K, reserved 1048576K
}
Event: 42.020 GC heap after
{Heap after GC invocations=70 (full 0):
 garbage-first heap   total 101376K, used 71294K [0x0000000080000000, 0x0000000100000000)
  region size 1024K, 1 young (1024K), 1 survivors (1024K)
 Metaspace       used 53724K, capacity 55443K, committed 55680K, reserved 1097728K
  class space    used 6899K, capacity 7483K, committed 7552K, reserved 1048576K
}
Event: 42.525 GC heap before
{Heap before GC invocations=71 (full 0):
 garbage-first heap   total 101376K, used 81534K [0x0000000080000000, 0x0000000100000000)
  region size 1024K, 11 young (11264K), 1 survivors (1024K)
 Metaspace       used 54956K, capacity 56697K, committed 56960K, reserved 1097728K
  class space    used 7067K, capacity 7684K, committed 7808K, reserved 1048576K
}
Event: 42.528 GC heap after
{Heap after GC invocations=72 (full 0):
 garbage-first heap   total 101376K, used 71614K [0x0000000080000000, 0x0000000100000000)
  region size 1024K, 1 young (1024K), 1 survivors (1024K)
 Metaspace       used 54956K, capacity 56697K, committed 56960K, reserved 1097728K
  class space    used 7067K, capacity 7684K, committed 7808K, reserved 1048576K
}
Event: 42.989 GC heap before
{Heap before GC invocations=72 (full 0):
 garbage-first heap   total 101376K, used 80830K [0x0000000080000000, 0x0000000100000000)
  region size 1024K, 11 young (11264K), 1 survivors (1024K)
 Metaspace       used 56257K, capacity 57944K, committed 58112K, reserved 1099776K
  class space    used 7226K, capacity 7847K, committed 7936K, reserved 1048576K
}
Event: 42.995 GC heap after
{Heap after GC invocations=73 (full 0):
 garbage-first heap   total 101376K, used 71981K [0x0000000080000000, 0x0000000100000000)
  region size 1024K, 2 young (2048K), 2 survivors (2048K)
 Metaspace       used 56257K, capacity 57944K, committed 58112K, reserved 1099776K
  class space    used 7226K, capacity 7847K, committed 7936K, reserved 1048576K
}
Event: 43.575 GC heap before
{Heap before GC invocations=74 (full 0):
 garbage-first heap   total 101376K, used 81197K [0x0000000080000000, 0x0000000100000000)
  region size 1024K, 12 young (12288K), 2 survivors (2048K)
 Metaspace       used 57698K, capacity 59443K, committed 59520K, reserved 1101824K
  class space    used 7420K, capacity 8026K, committed 8064K, reserved 1048576K
}
Event: 43.580 GC heap after
{Heap after GC invocations=75 (full 0):
 garbage-first heap   total 121856K, used 72471K [0x0000000080000000, 0x0000000100000000)
  region size 1024K, 2 young (2048K), 2 survivors (2048K)
 Metaspace       used 57698K, capacity 59443K, committed 59520K, reserved 1101824K
  class space    used 7420K, capacity 8026K, committed 8064K, reserved 1048576K
}
Event: 44.439 GC heap before
{Heap before GC invocations=75 (full 0):
 garbage-first heap   total 121856K, used 90903K [0x0000000080000000, 0x0000000100000000)
  region size 1024K, 20 young (20480K), 2 survivors (2048K)
 Metaspace       used 60659K, capacity 62415K, committed 62592K, reserved 1103872K
  class space    used 7706K, capacity 8292K, committed 8320K, reserved 1048576K
}
Event: 44.446 GC heap after
{Heap after GC invocations=76 (full 0):
 garbage-first heap   total 121856K, used 73011K [0x0000000080000000, 0x0000000100000000)
  region size 1024K, 3 young (3072K), 3 survivors (3072K)
 Metaspace       used 60659K, capacity 62415K, committed 62592K, reserved 1103872K
  class space    used 7706K, capacity 8292K, committed 8320K, reserved 1048576K
}
Event: 45.571 GC heap before
{Heap before GC invocations=77 (full 0):
 garbage-first heap   total 121856K, used 92467K [0x0000000080000000, 0x0000000100000000)
  region size 1024K, 22 young (22528K), 3 survivors (3072K)
 Metaspace       used 63793K, capacity 65732K, committed 65920K, reserved 1105920K
  class space    used 8122K, capacity 8819K, committed 8832K, reserved 1048576K
}
Event: 45.576 GC heap after
{Heap after GC invocations=78 (full 0):
 garbage-first heap   total 121856K, used 74611K [0x0000000080000000, 0x0000000100000000)
  region size 1024K, 3 young (3072K), 3 survivors (3072K)
 Metaspace       used 63793K, capacity 65732K, committed 65920K, reserved 1105920K
  class space    used 8122K, capacity 8819K, committed 8832K, reserved 1048576K
}
Event: 46.050 GC heap before
{Heap before GC invocations=78 (full 0):
 garbage-first heap   total 121856K, used 94067K [0x0000000080000000, 0x0000000100000000)
  region size 1024K, 23 young (23552K), 3 survivors (3072K)
 Metaspace       used 65376K, capacity 67242K, committed 67456K, reserved 1107968K
  class space    used 8305K, capacity 8980K, committed 9088K, reserved 1048576K
}
Event: 46.060 GC heap after
{Heap after GC invocations=79 (full 0):
 garbage-first heap   total 121856K, used 76691K [0x0000000080000000, 0x0000000100000000)
  region size 1024K, 3 young (3072K), 3 survivors (3072K)
 Metaspace       used 65376K, capacity 67242K, committed 67456K, reserved 1107968K
  class space    used 8305K, capacity 8980K, committed 9088K, reserved 1048576K
}
Event: 46.664 GC heap before
{Heap before GC invocations=80 (full 0):
 garbage-first heap   total 121856K, used 96147K [0x0000000080000000, 0x0000000100000000)
  region size 1024K, 22 young (22528K), 3 survivors (3072K)
 Metaspace       used 66856K, capacity 68716K, committed 68864K, reserved 1110016K
  class space    used 8486K, capacity 9147K, committed 9216K, reserved 1048576K
}

Deoptimization events (20 events):
Event: 45.755 Thread 0x00000190739cd000 DEOPT PACKING pc=0x000001905bf33a42 sp=0x00000014c33f3270
Event: 45.755 Thread 0x00000190739cd000 DEOPT UNPACKING pc=0x000001905adca95e sp=0x00000014c33f26c8 mode 0
Event: 45.755 Thread 0x00000190739cd000 DEOPT PACKING pc=0x000001905bf33a42 sp=0x00000014c33f3270
Event: 45.755 Thread 0x00000190739cd000 DEOPT UNPACKING pc=0x000001905adca95e sp=0x00000014c33f26c8 mode 0
Event: 45.755 Thread 0x00000190739cd000 DEOPT PACKING pc=0x000001905bf33a42 sp=0x00000014c33f3270
Event: 45.755 Thread 0x00000190739cd000 DEOPT UNPACKING pc=0x000001905adca95e sp=0x00000014c33f26c8 mode 0
Event: 45.755 Thread 0x00000190739cd000 DEOPT PACKING pc=0x000001905bf33a42 sp=0x00000014c33f3270
Event: 45.755 Thread 0x00000190739cd000 DEOPT UNPACKING pc=0x000001905adca95e sp=0x00000014c33f26c8 mode 0
Event: 45.760 Thread 0x00000190739cd000 Uncommon trap: trap_request=0xffffffc6 fr.pc=0x0000019062a4b294 relative=0x0000000000002f14
Event: 45.760 Thread 0x00000190739cd000 Uncommon trap: reason=bimorphic_or_optimized_type_check action=maybe_recompile pc=0x0000019062a4b294 method=jdk.internal.loader.Resource.getBytes()[B @ 115 c2
Event: 45.760 Thread 0x00000190739cd000 DEOPT PACKING pc=0x0000019062a4b294 sp=0x00000014c33f39b0
Event: 45.760 Thread 0x00000190739cd000 DEOPT UNPACKING pc=0x000001905adca1af sp=0x00000014c33f39c0 mode 2
Event: 45.763 Thread 0x00000190739cd000 Uncommon trap: trap_request=0xffffffc6 fr.pc=0x0000019062a4b294 relative=0x0000000000002f14
Event: 45.763 Thread 0x00000190739cd000 Uncommon trap: reason=bimorphic_or_optimized_type_check action=maybe_recompile pc=0x0000019062a4b294 method=jdk.internal.loader.Resource.getBytes()[B @ 115 c2
Event: 45.763 Thread 0x00000190739cd000 DEOPT PACKING pc=0x0000019062a4b294 sp=0x00000014c33f0680
Event: 45.763 Thread 0x00000190739cd000 DEOPT UNPACKING pc=0x000001905adca1af sp=0x00000014c33f0690 mode 2
Event: 45.968 Thread 0x00000190739cd000 Uncommon trap: trap_request=0xffffff4d fr.pc=0x0000019062adbc0c relative=0x0000000000002e8c
Event: 45.968 Thread 0x00000190739cd000 Uncommon trap: reason=unstable_if action=reinterpret pc=0x0000019062adbc0c method=java.util.regex.Pattern.has(I)Z @ 6 c2
Event: 45.968 Thread 0x00000190739cd000 DEOPT PACKING pc=0x0000019062adbc0c sp=0x00000014c33f65a0
Event: 45.968 Thread 0x00000190739cd000 DEOPT UNPACKING pc=0x000001905adca1af sp=0x00000014c33f6520 mode 2

Classes redefined (0 events):
No events

Internal exceptions (20 events):
Event: 41.486 Thread 0x00000190739cd000 Exception <a 'java/lang/ClassNotFoundException'{0x0000000084f54810}: org/gradle/plugin/use/internal/PluginRequestCollector$PluginDependenciesSpecImplCustomizer> (0x0000000084f54810) thrown at [./src/hotspot/share/classfile/systemDictionary.cpp, line 231]
Event: 41.905 Thread 0x00000190739cd000 Exception <a 'java/lang/NoSuchMethodError'{0x0000000085c26aa8}: 'java.lang.Object java.lang.invoke.DirectMethodHandle$Holder.invokeStatic(java.lang.Object, java.lang.Object, java.lang.Object, java.lang.Object, int)'> (0x0000000085c26aa8) thrown at [./src/hotspot/share/interpreter/linkResolver.cpp, line 773]
Event: 41.906 Thread 0x00000190739cd000 Exception <a 'java/lang/NoSuchMethodError'{0x0000000085c2b4a0}: 'java.lang.Object java.lang.invoke.DirectMethodHandle$Holder.invokeSpecial(java.lang.Object, java.lang.Object, java.lang.Object, java.lang.Object, java.lang.Object, int)'> (0x0000000085c2b4a0) thrown at [./src/hotspot/share/interpreter/linkResolver.cpp, line 773]
Event: 41.907 Thread 0x00000190739cd000 Exception <a 'java/lang/NoSuchMethodError'{0x0000000085c2fd70}: 'java.lang.Object java.lang.invoke.Invokers$Holder.linkToTargetMethod(java.lang.Object, java.lang.Object, java.lang.Object, int, java.lang.Object)'> (0x0000000085c2fd70) thrown at [./src/hotspot/share/interpreter/linkResolver.cpp, line 773]
Event: 42.739 Thread 0x00000190739cd000 Exception <a 'java/lang/NoSuchMethodError'{0x00000000860d65d0}: 'java.lang.Object java.lang.invoke.DirectMethodHandle$Holder.invokeSpecial(java.lang.Object, java.lang.Object, int, int, java.lang.Object, java.lang.Object, java.lang.Object)'> (0x00000000860d65d0) thrown at [./src/hotspot/share/interpreter/linkResolver.cpp, line 773]
Event: 42.739 Thread 0x00000190739cd000 Exception <a 'java/lang/NoSuchMethodError'{0x00000000860dadf8}: 'java.lang.Object java.lang.invoke.DelegatingMethodHandle$Holder.reinvoke_L(java.lang.Object, int, int, java.lang.Object, java.lang.Object, java.lang.Object)'> (0x00000000860dadf8) thrown at [./src/hotspot/share/interpreter/linkResolver.cpp, line 773]
Event: 43.397 Thread 0x00000190739cd000 Exception <a 'java/lang/NoSuchMethodError'{0x0000000085c543b8}: 'int java.lang.invoke.DirectMethodHandle$Holder.invokeInterface(java.lang.Object, java.lang.Object, java.lang.Object, java.lang.Object)'> (0x0000000085c543b8) thrown at [./src/hotspot/share/interpreter/linkResolver.cpp, line 773]
Event: 44.611 Thread 0x00000190739cd000 Exception <a 'java/lang/NoSuchMethodError'{0x00000000874286d8}: 'void java.lang.invoke.DirectMethodHandle$Holder.invokeInterface(java.lang.Object, java.lang.Object, java.lang.Object, java.lang.Object)'> (0x00000000874286d8) thrown at [./src/hotspot/share/interpreter/linkResolver.cpp, line 773]
Event: 45.128 Thread 0x00000190739cd000 Exception <a 'java/lang/IncompatibleClassChangeError'{0x0000000086c4e020}: Found class java.lang.Object, but interface was expected> (0x0000000086c4e020) thrown at [./src/hotspot/share/interpreter/linkResolver.cpp, line 839]
Event: 45.254 Thread 0x00000190739cd000 Implicit null exception at 0x0000019062ae2754 to 0x0000019062ae2948
Event: 45.477 Thread 0x00000190739cd000 Implicit null exception at 0x000001906299858b to 0x0000019062998664
Event: 45.611 Thread 0x00000190739cd000 Implicit null exception at 0x00000190629f872c to 0x00000190629f88da
Event: 45.829 Thread 0x00000190739cd000 Exception <a 'sun/nio/fs/WindowsException'{0x0000000086986878}> (0x0000000086986878) thrown at [./src/hotspot/share/prims/jni.cpp, line 615]
Event: 46.641 Thread 0x00000190739cd000 Exception <a 'java/lang/ClassNotFoundException'{0x00000000865233c8}: org/gradle/api/plugins/internal/DefaultBasePluginConventionBeanInfo> (0x00000000865233c8) thrown at [./src/hotspot/share/classfile/systemDictionary.cpp, line 231]
Event: 46.643 Thread 0x00000190739cd000 Exception <a 'java/lang/ClassNotFoundException'{0x0000000086560e40}: org/gradle/api/plugins/BasePluginConventionBeanInfo> (0x0000000086560e40) thrown at [./src/hotspot/share/classfile/systemDictionary.cpp, line 231]
Event: 46.646 Thread 0x00000190739cd000 Exception <a 'java/lang/ClassNotFoundException'{0x000000008659dab0}: org/gradle/api/plugins/BasePluginConventionCustomizer> (0x000000008659dab0) thrown at [./src/hotspot/share/classfile/systemDictionary.cpp, line 231]
Event: 46.649 Thread 0x00000190739cd000 Exception <a 'java/lang/ClassNotFoundException'{0x00000000865eb6c0}: org/gradle/api/plugins/internal/DefaultBasePluginConventionCustomizer> (0x00000000865eb6c0) thrown at [./src/hotspot/share/classfile/systemDictionary.cpp, line 231]
Event: 46.657 Thread 0x00000190739cd000 Exception <a 'java/lang/ClassNotFoundException'{0x000000008646c718}: org/gradle/api/plugins/internal/DefaultJavaPluginConventionBeanInfo> (0x000000008646c718) thrown at [./src/hotspot/share/classfile/systemDictionary.cpp, line 231]
Event: 46.660 Thread 0x00000190739cd000 Exception <a 'java/lang/ClassNotFoundException'{0x00000000864a9ed8}: org/gradle/api/plugins/JavaPluginConventionBeanInfo> (0x00000000864a9ed8) thrown at [./src/hotspot/share/classfile/systemDictionary.cpp, line 231]
Event: 46.663 Thread 0x00000190739cd000 Exception <a 'java/lang/ClassNotFoundException'{0x00000000864e6dc8}: org/gradle/api/plugins/JavaPluginConventionCustomizer> (0x00000000864e6dc8) thrown at [./src/hotspot/share/classfile/systemDictionary.cpp, line 231]

Events (20 events):
Event: 46.657 loading class org/gradle/api/plugins/internal/DefaultJavaPluginConventionBeanInfo done
Event: 46.657 loading class org/gradle/api/plugins/JavaPluginConventionBeanInfo
Event: 46.657 loading class org/gradle/api/plugins/JavaPluginConventionBeanInfo done
Event: 46.659 loading class org/gradle/api/plugins/JavaPluginConventionBeanInfo
Event: 46.659 loading class org/gradle/api/plugins/JavaPluginConventionBeanInfo done
Event: 46.659 loading class org/gradle/api/plugins/JavaPluginConventionBeanInfo
Event: 46.659 loading class org/gradle/api/plugins/JavaPluginConventionBeanInfo done
Event: 46.660 loading class org/gradle/api/plugins/JavaPluginConventionBeanInfo
Event: 46.660 loading class org/gradle/api/plugins/JavaPluginConventionBeanInfo done
Event: 46.660 loading class org/gradle/api/plugins/JavaPluginConventionCustomizer
Event: 46.660 loading class org/gradle/api/plugins/JavaPluginConventionCustomizer done
Event: 46.661 loading class org/gradle/api/plugins/JavaPluginConventionCustomizer
Event: 46.661 loading class org/gradle/api/plugins/JavaPluginConventionCustomizer done
Event: 46.661 loading class org/gradle/api/plugins/JavaPluginConventionCustomizer
Event: 46.661 loading class org/gradle/api/plugins/JavaPluginConventionCustomizer done
Event: 46.663 loading class org/gradle/api/plugins/JavaPluginConventionCustomizer
Event: 46.663 loading class org/gradle/api/plugins/JavaPluginConventionCustomizer done
Event: 46.664 loading class org/gradle/api/plugins/internal/DefaultJavaPluginConventionCustomizer
Event: 46.664 loading class org/gradle/api/plugins/internal/DefaultJavaPluginConventionCustomizer done
Event: 46.664 Executing VM operation: G1CollectForAllocation


Dynamic libraries:
0x00007ff60b080000 - 0x00007ff60b08a000 	C:\Program Files\Android\Android Studio\jre\bin\java.exe
0x00007ffd38be0000 - 0x00007ffd38de9000 	C:\WINDOWS\SYSTEM32\ntdll.dll
0x00007ffd37490000 - 0x00007ffd3754d000 	C:\WINDOWS\System32\KERNEL32.DLL
0x00007ffd36200000 - 0x00007ffd36579000 	C:\WINDOWS\System32\KERNELBASE.dll
0x00007ffd36800000 - 0x00007ffd36911000 	C:\WINDOWS\System32\ucrtbase.dll
0x00007ffd1a700000 - 0x00007ffd1a719000 	C:\Program Files\Android\Android Studio\jre\bin\jli.dll
0x00007ffd38080000 - 0x00007ffd3822c000 	C:\WINDOWS\System32\USER32.dll
0x00007ffd36a40000 - 0x00007ffd36a66000 	C:\WINDOWS\System32\win32u.dll
0x00007ffd37a30000 - 0x00007ffd37a59000 	C:\WINDOWS\System32\GDI32.dll
0x00007ffd36920000 - 0x00007ffd36a32000 	C:\WINDOWS\System32\gdi32full.dll
0x00007ffd36760000 - 0x00007ffd367fd000 	C:\WINDOWS\System32\msvcp_win.dll
0x00007ffd1a6e0000 - 0x00007ffd1a6f7000 	C:\Program Files\Android\Android Studio\jre\bin\VCRUNTIME140.dll
0x00007ffd1f660000 - 0x00007ffd1f905000 	C:\WINDOWS\WinSxS\amd64_microsoft.windows.common-controls_6595b64144ccf1df_6.0.22000.120_none_9d947278b86cc467\COMCTL32.dll
0x00007ffd38230000 - 0x00007ffd382d3000 	C:\WINDOWS\System32\msvcrt.dll
0x00007ffd38b60000 - 0x00007ffd38b91000 	C:\WINDOWS\System32\IMM32.DLL
0x00007ffd0f7f0000 - 0x00007ffd0f88d000 	C:\Program Files\Android\Android Studio\jre\bin\msvcp140.dll
0x00007ffca9760000 - 0x00007ffcaa245000 	C:\Program Files\Android\Android Studio\jre\bin\server\jvm.dll
0x00007ffd37230000 - 0x00007ffd372de000 	C:\WINDOWS\System32\ADVAPI32.dll
0x00007ffd38ac0000 - 0x00007ffd38b5e000 	C:\WINDOWS\System32\sechost.dll
0x00007ffd382e0000 - 0x00007ffd38400000 	C:\WINDOWS\System32\RPCRT4.dll
0x00007ffd37960000 - 0x00007ffd37968000 	C:\WINDOWS\System32\PSAPI.DLL
0x00007ffd174d0000 - 0x00007ffd174d9000 	C:\WINDOWS\SYSTEM32\WSOCK32.dll
0x00007ffd37ad0000 - 0x00007ffd37b3f000 	C:\WINDOWS\System32\WS2_32.dll
0x00007ffd30aa0000 - 0x00007ffd30ad3000 	C:\WINDOWS\SYSTEM32\WINMM.dll
0x00007ffd2e5e0000 - 0x00007ffd2e5ea000 	C:\WINDOWS\SYSTEM32\VERSION.dll
0x00007ffd35230000 - 0x00007ffd35248000 	C:\WINDOWS\SYSTEM32\kernel.appcore.dll
0x00007ffd06d30000 - 0x00007ffd06d41000 	C:\Program Files\Android\Android Studio\jre\bin\verify.dll
0x00007ffd33ad0000 - 0x00007ffd33cf1000 	C:\WINDOWS\SYSTEM32\DBGHELP.DLL
0x00007ffd1f910000 - 0x00007ffd1f941000 	C:\WINDOWS\SYSTEM32\dbgcore.DLL
0x00007ffd360c0000 - 0x00007ffd3613f000 	C:\WINDOWS\System32\bcryptPrimitives.dll
0x00007ffd06d00000 - 0x00007ffd06d29000 	C:\Program Files\Android\Android Studio\jre\bin\java.dll
0x00007ffd16400000 - 0x00007ffd1640b000 	C:\Program Files\Android\Android Studio\jre\bin\jimage.dll
0x00007ffd05eb0000 - 0x00007ffd05ec8000 	C:\Program Files\Android\Android Studio\jre\bin\zip.dll
0x00007ffd36a70000 - 0x00007ffd37228000 	C:\WINDOWS\System32\SHELL32.dll
0x00007ffd34230000 - 0x00007ffd34a98000 	C:\WINDOWS\SYSTEM32\windows.storage.dll
0x00007ffd37b40000 - 0x00007ffd37eb9000 	C:\WINDOWS\System32\combase.dll
0x00007ffd340c0000 - 0x00007ffd34226000 	C:\WINDOWS\SYSTEM32\wintypes.dll
0x00007ffd37340000 - 0x00007ffd3742a000 	C:\WINDOWS\System32\SHCORE.dll
0x00007ffd372e0000 - 0x00007ffd3733d000 	C:\WINDOWS\System32\shlwapi.dll
0x00007ffd35ff0000 - 0x00007ffd36011000 	C:\WINDOWS\SYSTEM32\profapi.dll
0x00007ffd04f50000 - 0x00007ffd04f6a000 	C:\Program Files\Android\Android Studio\jre\bin\net.dll
0x00007ffd2eb00000 - 0x00007ffd2ec0c000 	C:\WINDOWS\SYSTEM32\WINHTTP.dll
0x00007ffd356e0000 - 0x00007ffd35747000 	C:\WINDOWS\system32\mswsock.dll
0x00007ffd04f30000 - 0x00007ffd04f44000 	C:\Program Files\Android\Android Studio\jre\bin\nio.dll
0x00007ffd330b0000 - 0x00007ffd330d7000 	C:\Users\asus\.gradle\native\e1d6ef7f7dcc3fd88c89a11ec53ec762bb8ba0a96d01ffa2cd45eb1d1d8dd5c5\windows-amd64\native-platform.dll
0x00007ffd0e210000 - 0x00007ffd0e354000 	C:\Users\asus\.gradle\native\5664cfc778a61ccfe75a443a1ab52a65af34e5dc3c78e0209fed803814484fcb\windows-amd64\native-platform-file-events.dll
0x00007ffd04f20000 - 0x00007ffd04f2a000 	C:\Program Files\Android\Android Studio\jre\bin\management.dll
0x00007ffd03b00000 - 0x00007ffd03b0d000 	C:\Program Files\Android\Android Studio\jre\bin\management_ext.dll
0x00007ffd35920000 - 0x00007ffd35938000 	C:\WINDOWS\SYSTEM32\CRYPTSP.dll
0x00007ffd35190000 - 0x00007ffd351c5000 	C:\WINDOWS\system32\rsaenh.dll
0x00007ffd357d0000 - 0x00007ffd357f9000 	C:\WINDOWS\SYSTEM32\USERENV.dll
0x00007ffd35aa0000 - 0x00007ffd35ac7000 	C:\WINDOWS\SYSTEM32\bcrypt.dll
0x00007ffd35940000 - 0x00007ffd3594c000 	C:\WINDOWS\SYSTEM32\CRYPTBASE.dll
0x00007ffd34d60000 - 0x00007ffd34d8d000 	C:\WINDOWS\SYSTEM32\IPHLPAPI.DLL
0x00007ffd37970000 - 0x00007ffd37979000 	C:\WINDOWS\System32\NSI.dll
0x00007ffd2eae0000 - 0x00007ffd2eaf9000 	C:\WINDOWS\SYSTEM32\dhcpcsvc6.DLL
0x00007ffd2f820000 - 0x00007ffd2f83e000 	C:\WINDOWS\SYSTEM32\dhcpcsvc.DLL
0x00007ffd34d90000 - 0x00007ffd34e78000 	C:\WINDOWS\SYSTEM32\DNSAPI.dll

dbghelp: loaded successfully - version: 4.0.5 - missing functions: none
symbol engine: initialized successfully - sym options: 0x614 - pdb path: .;C:\Program Files\Android\Android Studio\jre\bin;C:\WINDOWS\SYSTEM32;C:\WINDOWS\WinSxS\amd64_microsoft.windows.common-controls_6595b64144ccf1df_6.0.22000.120_none_9d947278b86cc467;C:\Program Files\Android\Android Studio\jre\bin\server;C:\Users\asus\.gradle\native\e1d6ef7f7dcc3fd88c89a11ec53ec762bb8ba0a96d01ffa2cd45eb1d1d8dd5c5\windows-amd64;C:\Users\asus\.gradle\native\5664cfc778a61ccfe75a443a1ab52a65af34e5dc3c78e0209fed803814484fcb\windows-amd64

VM Arguments:
jvm_args: --add-opens=java.base/java.util=ALL-UNNAMED --add-opens=java.base/java.lang=ALL-UNNAMED --add-opens=java.base/java.lang.invoke=ALL-UNNAMED --add-opens=java.base/java.util=ALL-UNNAMED --add-opens=java.prefs/java.util.prefs=ALL-UNNAMED --add-opens=java.prefs/java.util.prefs=ALL-UNNAMED --add-opens=java.base/java.nio.charset=ALL-UNNAMED --add-opens=java.base/java.net=ALL-UNNAMED --add-opens=java.base/java.util.concurrent.atomic=ALL-UNNAMED -Xmx2048m -Dfile.encoding=UTF-8 -Duser.country=US -Duser.language=en -Duser.variant 
java_command: org.gradle.launcher.daemon.bootstrap.GradleDaemon 7.3.3
java_class_path (initial): C:\Users\asus\.gradle\wrapper\dists\gradle-7.3.3-bin\6a41zxkdtcxs8rphpq6y0069z\gradle-7.3.3\lib\gradle-launcher-7.3.3.jar
Launcher Type: SUN_STANDARD

[Global flags]
     intx CICompilerCount                          = 4                                         {product} {ergonomic}
     uint ConcGCThreads                            = 2                                         {product} {ergonomic}
     uint G1ConcRefinementThreads                  = 8                                         {product} {ergonomic}
   size_t G1HeapRegionSize                         = 1048576                                   {product} {ergonomic}
    uintx GCDrainStackTargetSize                   = 64                                        {product} {ergonomic}
   size_t InitialHeapSize                          = 58720256                                  {product} {ergonomic}
   size_t MarkStackSize                            = 4194304                                   {product} {ergonomic}
   size_t MaxHeapSize                              = 2147483648                                {product} {command line}
   size_t MaxNewSize                               = 1287651328                                {product} {ergonomic}
   size_t MinHeapDeltaBytes                        = 1048576                                   {product} {ergonomic}
    uintx NonNMethodCodeHeapSize                   = 5836300                                {pd product} {ergonomic}
    uintx NonProfiledCodeHeapSize                  = 122910970                              {pd product} {ergonomic}
    uintx ProfiledCodeHeapSize                     = 122910970                              {pd product} {ergonomic}
    uintx ReservedCodeCacheSize                    = 251658240                              {pd product} {ergonomic}
     bool SegmentedCodeCache                       = true                                      {product} {ergonomic}
     bool UseCompressedClassPointers               = true                                 {lp64_product} {ergonomic}
     bool UseCompressedOops                        = true                                 {lp64_product} {ergonomic}
     bool UseG1GC                                  = true                                      {product} {ergonomic}
     bool UseLargePagesIndividualAllocation        = false                                  {pd product} {ergonomic}

Logging:
Log output configuration:
 #0: stdout all=warning uptime,level,tags
 #1: stderr all=off uptime,level,tags

Environment Variables:
PATH=C:\Program Files\Common Files\Oracle\Java\javapath;C:\Windows\system32;C:\Windows;C:\Windows\System32\Wbem;C:\Windows\System32\WindowsPowerShell\v1.0\;C:\Windows\System32\OpenSSH\;C:\Program Files (x86)\NVIDIA Corporation\PhysX\Common;C:\Program Files\NVIDIA Corporation\NVIDIA NvDLISR;C:\Program Files (x86)\mingw-w64\i686-8.1.0-posix-dwarf-rt_v6-rev0\mingw32\bin;C:\WINDOWS\system32;C:\WINDOWS;C:\WINDOWS\System32\Wbem;C:\WINDOWS\System32\WindowsPowerShell\v1.0\;C:\WINDOWS\System32\OpenSSH\;C:\Program Files\dotnet\;C:\Program Files\Microsoft SQL Server\130\Tools\Binn\;C:\Program Files\Microsoft SQL Server\Client SDK\ODBC\170\Tools\Binn\;C:\Program Files\Java\jdk-17.0.2\bin;C:\Users\asus\Documents\openssl-0.9.8k_X64 (1)\bin;C:\Users\asus\AppData\Local\Microsoft\WindowsApps;C:\Program Files\mingw-w64\x86_64-8.1.0-posix-seh-rt_v6-rev0\mingw64\bin;C:\Users\asus\.dotnet\tools;C:\Program Files\Java\jdk-17.0.2\bin;;C:\Program Files\JetBrains\IntelliJ IDEA Community Edition 2021.3.3\bin;
USERNAME=asus
OS=Windows_NT
PROCESSOR_IDENTIFIER=AMD64 Family 23 Model 24 Stepping 1, AuthenticAMD



---------------  S Y S T E M  ---------------

OS: Windows 10 , 64 bit Build 22000 (10.0.22000.708)
OS uptime: 0 days 0:32 hours

CPU:total 8 (initial active 8) (8 cores per cpu, 2 threads per core) family 23 model 24 stepping 1 microcode 0x0, cmov, cx8, fxsr, mmx, sse, sse2, sse3, ssse3, sse4.1, sse4.2, popcnt, avx, avx2, aes, clmul, mmxext, 3dnowpref, lzcnt, sse4a, ht, tsc, tscinvbit, tscinv, bmi1, bmi2, adx, sha, fma

Memory: 4k page, system-wide physical 3531M (56M free)
TotalPageFile size 10699M (AvailPageFile size 21M)
current process WorkingSet (physical memory assigned to process): 255M, peak: 261M
current process commit charge ("private bytes"): 350M, peak: 374M

vm_info: OpenJDK 64-Bit Server VM (11.0.12+7-b1504.28-7817840) for windows-amd64 JRE (11.0.12+7-b1504.28-7817840), built on Oct 13 2021 22:12:33 by "builder" with MS VC++ 14.0 (VS2015)

END.
