#
# There is insufficient memory for the Java Runtime Environment to continue.
# Native memory allocation (malloc) failed to allocate 1016496 bytes for Chunk::new
# Possible reasons:
#   The system is out of physical RAM or swap space
#   The process is running with CompressedOops enabled, and the Java Heap may be blocking the growth of the native heap
# Possible solutions:
#   Reduce memory load on the system
#   Increase physical memory or swap space
#   Check if swap backing store is full
#   Decrease Java heap size (-Xmx/-Xms)
#   Decrease number of Java threads
#   Decrease Java thread stack sizes (-Xss)
#   Set larger code cache with -XX:ReservedCodeCacheSize=
#   JVM is running with Unscaled Compressed Oops mode in which the Java heap is
#     placed in the first 4GB address space. The Java Heap base address is the
#     maximum limit for the native heap growth. Please use -XX:HeapBaseMinAddress
#     to set the Java Heap base and to place the Java Heap above 4GB virtual address.
# This output file may be truncated or incomplete.
#
#  Out of Memory Error (./src/hotspot/share/memory/arena.cpp:197), pid=1128, tid=5564
#
# JRE version: OpenJDK Runtime Environment (11.0.12+7) (build 11.0.12+7-b1504.28-7817840)
# Java VM: OpenJDK 64-Bit Server VM (11.0.12+7-b1504.28-7817840, mixed mode, tiered, compressed oops, g1 gc, windows-amd64)
# No core dump will be written. Minidumps are not enabled by default on client versions of Windows
#

---------------  S U M M A R Y ------------

Command Line: --add-opens=java.base/java.util=ALL-UNNAMED --add-opens=java.base/java.lang=ALL-UNNAMED --add-opens=java.base/java.lang.invoke=ALL-UNNAMED --add-opens=java.base/java.util=ALL-UNNAMED --add-opens=java.prefs/java.util.prefs=ALL-UNNAMED --add-opens=java.prefs/java.util.prefs=ALL-UNNAMED --add-opens=java.base/java.nio.charset=ALL-UNNAMED --add-opens=java.base/java.net=ALL-UNNAMED --add-opens=java.base/java.util.concurrent.atomic=ALL-UNNAMED -Xmx2048m -Dfile.encoding=UTF-8 -Duser.country=US -Duser.language=en -Duser.variant org.gradle.launcher.daemon.bootstrap.GradleDaemon 7.3.3

Host: AMD Ryzen 5 3500U with Radeon Vega Mobile Gfx  , 8 cores, 3G,  Windows 10 , 64 bit Build 22000 (10.0.22000.708)
Time: Thu Jul 14 11:51:06 2022 SE Asia Standard Time elapsed time: 44.809416 seconds (0d 0h 0m 44s)

---------------  T H R E A D  ---------------

Current thread (0x000002637975f000):  JavaThread "C2 CompilerThread0" daemon [_thread_in_native, id=5564, stack(0x000000e4d6800000,0x000000e4d6900000)]


Current CompileTask:
C2:  44809 16896   !   4       com.google.common.cache.LocalCache$Segment::put (439 bytes)

Stack: [0x000000e4d6800000,0x000000e4d6900000]
Native frames: (J=compiled Java code, j=interpreted, Vv=VM code, C=native code)
V  [jvm.dll+0x5fbcea]
V  [jvm.dll+0x731905]
V  [jvm.dll+0x732f1d]
V  [jvm.dll+0x7335d3]
V  [jvm.dll+0x247bf8]
V  [jvm.dll+0xc018c]
V  [jvm.dll+0xc06cc]
V  [jvm.dll+0x35b31d]
V  [jvm.dll+0x328803]
V  [jvm.dll+0x327cfa]
V  [jvm.dll+0x200602]
V  [jvm.dll+0x1ff794]
V  [jvm.dll+0x18868c]
V  [jvm.dll+0x20e0d7]
V  [jvm.dll+0x20c901]
V  [jvm.dll+0x6f9b7f]
V  [jvm.dll+0x6f26a5]
V  [jvm.dll+0x5fabf6]
C  [ucrtbase.dll+0x26c0c]
C  [KERNEL32.DLL+0x154e0]
C  [ntdll.dll+0x485b]


---------------  P R O C E S S  ---------------

Threads class SMR info:
_java_thread_list=0x000002637a3a67e0, length=139, elements={
0x000002636e2bf000, 0x00000263796fd000, 0x0000026379709000, 0x000002637a091000,
0x000002637a092000, 0x000002637a093800, 0x000002637975f000, 0x0000026379762000,
0x000002637976f800, 0x000002637a1e2800, 0x000002637b656800, 0x000002637ab1d800,
0x000002637bbe3000, 0x000002637bbaf000, 0x000002637bbaf800, 0x000002637ae13000,
0x000002637ae14000, 0x000002637bc0e800, 0x000002637b144000, 0x000002637b146800,
0x000002637b144800, 0x000002637b145800, 0x000002637c620000, 0x000002637c621000,
0x000002637c61b000, 0x000002637c61d000, 0x000002637c61d800, 0x000002637c61c000,
0x000002637c61e800, 0x000002637c623800, 0x000002637c622800, 0x000002637c621800,
0x000002637c61f000, 0x000002637c629000, 0x000002637c626800, 0x000002637c62a000,
0x000002637c627800, 0x000002637c626000, 0x000002637c628000, 0x000002637ec7d800,
0x000002637ec81800, 0x000002637ec82000, 0x000002637ec84000, 0x000002637ec83000,
0x000002637ec7e000, 0x000002637ec84800, 0x000002637ec7f000, 0x000002637ec85800,
0x000002637ec7f800, 0x000002637ec86000, 0x000002637ec80800, 0x000002637ec8c000,
0x000002637ec87000, 0x000002637ec89800, 0x000002637ec8a800, 0x000002637ec88800,
0x000002637ec88000, 0x000002637ec8b000, 0x000002637e093000, 0x000002637e095800,
0x000002637e095000, 0x000002637e096800, 0x000002637e098000, 0x000002637e097800,
0x000002637e099000, 0x000002637e099800, 0x000002637e094000, 0x000002637e09a800,
0x000002637e09e000, 0x000002637e0a1000, 0x000002637e0a0800, 0x000002637e09e800,
0x000002637e09b800, 0x000002637e09c000, 0x000002637e09f800, 0x000002637e0a2000,
0x000002637e09d000, 0x000002637e3e7800, 0x000002637e3e9000, 0x000002637e3e9800,
0x000002637e3ea800, 0x000002637e3e5000, 0x000002637e3eb800, 0x000002637e3e8000,
0x000002637e3e6800, 0x000002637e3e5800, 0x000002637e3ee800, 0x000002637e3ee000,
0x000002637e3ef800, 0x000002637e3f1000, 0x000002637e3ed000, 0x000002637e3f0800,
0x000002637e3f2000, 0x000002637e3ec000, 0x000002637e3f2800, 0x000002637e3f3800,
0x000002637e5d3800, 0x000002637e5d0800, 0x000002637e5d1800, 0x000002637e5d2000,
0x000002637e5ce000, 0x000002637e5cf000, 0x000002637e5cf800, 0x000002637e5d7000,
0x000002637e5d8800, 0x000002637e5d3000, 0x000002637e5d5800, 0x000002637e5da800,
0x000002637e5d4800, 0x000002637e5d6000, 0x000002637e5db000, 0x000002637e5dc000,
0x000002637e5dc800, 0x000002637e5d8000, 0x000002637e5d9800, 0x000002637e3bf000,
0x000002637e3bb800, 0x000002637e3c0800, 0x000002637e3be000, 0x000002637e3c1000,
0x000002637e3bd000, 0x000002637e3bf800, 0x000002637e3c4800, 0x000002637e3c3800,
0x000002637e3c7800, 0x000002637e3c7000, 0x000002637e3c5800, 0x000002637e3c8800,
0x000002637e3c6000, 0x000002637e3c3000, 0x000002637e3c9800, 0x000002637e3ca000,
0x0000026311d87800, 0x0000026311d89000, 0x0000026311d8e800, 0x0000026311d8d000,
0x0000026311d8c000, 0x0000026311d8e000, 0x0000026311d88000
}

Java Threads: ( => current thread )
  0x000002636e2bf000 JavaThread "main" [_thread_blocked, id=1164, stack(0x000000e4d5c00000,0x000000e4d5d00000)]
  0x00000263796fd000 JavaThread "Reference Handler" daemon [_thread_blocked, id=4032, stack(0x000000e4d6300000,0x000000e4d6400000)]
  0x0000026379709000 JavaThread "Finalizer" daemon [_thread_blocked, id=8032, stack(0x000000e4d6400000,0x000000e4d6500000)]
  0x000002637a091000 JavaThread "Signal Dispatcher" daemon [_thread_blocked, id=14296, stack(0x000000e4d6500000,0x000000e4d6600000)]
  0x000002637a092000 JavaThread "Attach Listener" daemon [_thread_blocked, id=9884, stack(0x000000e4d6600000,0x000000e4d6700000)]
  0x000002637a093800 JavaThread "Service Thread" daemon [_thread_blocked, id=13156, stack(0x000000e4d6700000,0x000000e4d6800000)]
=>0x000002637975f000 JavaThread "C2 CompilerThread0" daemon [_thread_in_native, id=5564, stack(0x000000e4d6800000,0x000000e4d6900000)]
  0x0000026379762000 JavaThread "C1 CompilerThread0" daemon [_thread_blocked, id=2736, stack(0x000000e4d6900000,0x000000e4d6a00000)]
  0x000002637976f800 JavaThread "Sweeper thread" daemon [_thread_blocked, id=9480, stack(0x000000e4d6a00000,0x000000e4d6b00000)]
  0x000002637a1e2800 JavaThread "Common-Cleaner" daemon [_thread_blocked, id=12984, stack(0x000000e4d6b00000,0x000000e4d6c00000)]
  0x000002637b656800 JavaThread "Daemon health stats" [_thread_blocked, id=4296, stack(0x000000e4d6e00000,0x000000e4d6f00000)]
  0x000002637ab1d800 JavaThread "Incoming local TCP Connector on port 50484" [_thread_in_native, id=3024, stack(0x000000e4d6f00000,0x000000e4d7000000)]
  0x000002637bbe3000 JavaThread "Daemon periodic checks" [_thread_blocked, id=16680, stack(0x000000e4d7000000,0x000000e4d7100000)]
  0x000002637bbaf000 JavaThread "Daemon" [_thread_blocked, id=6172, stack(0x000000e4d7100000,0x000000e4d7200000)]
  0x000002637bbaf800 JavaThread "Handler for socket connection from /127.0.0.1:50484 to /127.0.0.1:50485" [_thread_in_native, id=5300, stack(0x000000e4d7200000,0x000000e4d7300000)]
  0x000002637ae13000 JavaThread "Cancel handler" [_thread_blocked, id=5612, stack(0x000000e4d7300000,0x000000e4d7400000)]
  0x000002637ae14000 JavaThread "Daemon worker" [_thread_blocked, id=10980, stack(0x000000e4d7400000,0x000000e4d7500000)]
  0x000002637bc0e800 JavaThread "Asynchronous log dispatcher for DefaultDaemonConnection: socket connection from /127.0.0.1:50484 to /127.0.0.1:50485" [_thread_blocked, id=16424, stack(0x000000e4d7b00000,0x000000e4d7c00000)]
  0x000002637b144000 JavaThread "Stdin handler" [_thread_blocked, id=9012, stack(0x000000e4d7c00000,0x000000e4d7d00000)]
  0x000002637b146800 JavaThread "Daemon client event forwarder" [_thread_blocked, id=18372, stack(0x000000e4d7d00000,0x000000e4d7e00000)]
  0x000002637b144800 JavaThread "Cache worker for journal cache (C:\Users\asus\.gradle\caches\journal-1)" [_thread_blocked, id=11640, stack(0x000000e4d7e00000,0x000000e4d7f00000)]
  0x000002637b145800 JavaThread "File lock request listener" [_thread_in_native, id=12888, stack(0x000000e4d7f00000,0x000000e4d8000000)]
  0x000002637c620000 JavaThread "Cache worker for file hash cache (C:\Users\asus\.gradle\caches\7.3.3\fileHashes)" [_thread_blocked, id=6584, stack(0x000000e4d8000000,0x000000e4d8100000)]
  0x000002637c621000 JavaThread "Cache worker for file hash cache (C:\Users\asus\AndroidStudioProjects\UnicornRace\.gradle\7.3.3\fileHashes)" [_thread_blocked, id=15844, stack(0x000000e4d8200000,0x000000e4d8300000)]
  0x000002637c61b000 JavaThread "File watcher server" daemon [_thread_in_native, id=2504, stack(0x000000e4d8300000,0x000000e4d8400000)]
  0x000002637c61d000 JavaThread "File watcher consumer" daemon [_thread_blocked, id=7256, stack(0x000000e4d8400000,0x000000e4d8500000)]
  0x000002637c61d800 JavaThread "Cache worker for checksums cache (C:\Users\asus\AndroidStudioProjects\UnicornRace\.gradle\7.3.3\checksums)" [_thread_blocked, id=16740, stack(0x000000e4d8500000,0x000000e4d8600000)]
  0x000002637c61c000 JavaThread "Cache worker for cache directory md-supplier (C:\Users\asus\.gradle\caches\7.3.3\md-supplier)" [_thread_blocked, id=1720, stack(0x000000e4d8600000,0x000000e4d8700000)]
  0x000002637c61e800 JavaThread "Cache worker for cache directory md-rule (C:\Users\asus\.gradle\caches\7.3.3\md-rule)" [_thread_blocked, id=9892, stack(0x000000e4d8700000,0x000000e4d8800000)]
  0x000002637c623800 JavaThread "Cache worker for execution history cache (C:\Users\asus\.gradle\caches\7.3.3\executionHistory)" [_thread_blocked, id=2944, stack(0x000000e4d8800000,0x000000e4d8900000)]
  0x000002637c622800 JavaThread "jar transforms" [_thread_blocked, id=17188, stack(0x000000e4d8900000,0x000000e4d8a00000)]
  0x000002637c621800 JavaThread "Cache worker for file content cache (C:\Users\asus\.gradle\caches\7.3.3\fileContent)" [_thread_blocked, id=12268, stack(0x000000e4d8a00000,0x000000e4d8b00000)]
  0x000002637c61f000 JavaThread "jar transforms Thread 2" [_thread_blocked, id=16864, stack(0x000000e4d8b00000,0x000000e4d8c00000)]
  0x000002637c629000 JavaThread "Cache worker for dependencies-accessors (C:\Users\asus\AndroidStudioProjects\UnicornRace\.gradle\7.3.3\dependencies-accessors)" [_thread_blocked, id=3924, stack(0x000000e4d8c00000,0x000000e4d8d00000)]
  0x000002637c626800 JavaThread "jar transforms Thread 3" [_thread_blocked, id=4352, stack(0x000000e4d8d00000,0x000000e4d8e00000)]
  0x000002637c62a000 JavaThread "Cache worker for Build Output Cleanup Cache (C:\Users\asus\AndroidStudioProjects\UnicornRace\.gradle\buildOutputCleanup)" [_thread_blocked, id=5276, stack(0x000000e4d8e00000,0x000000e4d8f00000)]
  0x000002637c627800 JavaThread "Unconstrained build operations" [_thread_blocked, id=3200, stack(0x000000e4d8f00000,0x000000e4d9000000)]
  0x000002637c626000 JavaThread "Unconstrained build operations Thread 2" [_thread_blocked, id=14156, stack(0x000000e4d9000000,0x000000e4d9100000)]
  0x000002637c628000 JavaThread "Unconstrained build operations Thread 3" [_thread_blocked, id=13916, stack(0x000000e4d9100000,0x000000e4d9200000)]
  0x000002637ec7d800 JavaThread "Unconstrained build operations Thread 4" [_thread_blocked, id=16436, stack(0x000000e4d9200000,0x000000e4d9300000)]
  0x000002637ec81800 JavaThread "Unconstrained build operations Thread 5" [_thread_blocked, id=9284, stack(0x000000e4d9300000,0x000000e4d9400000)]
  0x000002637ec82000 JavaThread "Unconstrained build operations Thread 6" [_thread_blocked, id=3112, stack(0x000000e4d9400000,0x000000e4d9500000)]
  0x000002637ec84000 JavaThread "Unconstrained build operations Thread 7" [_thread_blocked, id=7412, stack(0x000000e4d9500000,0x000000e4d9600000)]
  0x000002637ec83000 JavaThread "Unconstrained build operations Thread 8" [_thread_blocked, id=10344, stack(0x000000e4d9600000,0x000000e4d9700000)]
  0x000002637ec7e000 JavaThread "Unconstrained build operations Thread 9" [_thread_blocked, id=7360, stack(0x000000e4d9700000,0x000000e4d9800000)]
  0x000002637ec84800 JavaThread "Unconstrained build operations Thread 10" [_thread_blocked, id=17640, stack(0x000000e4d9800000,0x000000e4d9900000)]
  0x000002637ec7f000 JavaThread "Unconstrained build operations Thread 11" [_thread_blocked, id=16996, stack(0x000000e4d9900000,0x000000e4d9a00000)]
  0x000002637ec85800 JavaThread "Unconstrained build operations Thread 12" [_thread_blocked, id=17784, stack(0x000000e4d9a00000,0x000000e4d9b00000)]
  0x000002637ec7f800 JavaThread "Unconstrained build operations Thread 13" [_thread_blocked, id=7272, stack(0x000000e4d9b00000,0x000000e4d9c00000)]
  0x000002637ec86000 JavaThread "Unconstrained build operations Thread 14" [_thread_blocked, id=3800, stack(0x000000e4d9c00000,0x000000e4d9d00000)]
  0x000002637ec80800 JavaThread "Unconstrained build operations Thread 15" [_thread_blocked, id=10500, stack(0x000000e4d9d00000,0x000000e4d9e00000)]
  0x000002637ec8c000 JavaThread "Unconstrained build operations Thread 16" [_thread_blocked, id=13036, stack(0x000000e4d9e00000,0x000000e4d9f00000)]
  0x000002637ec87000 JavaThread "Unconstrained build operations Thread 17" [_thread_blocked, id=3760, stack(0x000000e4d9f00000,0x000000e4da000000)]
  0x000002637ec89800 JavaThread "Unconstrained build operations Thread 18" [_thread_blocked, id=11876, stack(0x000000e4da000000,0x000000e4da100000)]
  0x000002637ec8a800 JavaThread "Unconstrained build operations Thread 19" [_thread_blocked, id=3496, stack(0x000000e4da100000,0x000000e4da200000)]
  0x000002637ec88800 JavaThread "Unconstrained build operations Thread 20" [_thread_blocked, id=16020, stack(0x000000e4da200000,0x000000e4da300000)]
  0x000002637ec88000 JavaThread "Unconstrained build operations Thread 21" [_thread_blocked, id=11808, stack(0x000000e4da300000,0x000000e4da400000)]
  0x000002637ec8b000 JavaThread "Unconstrained build operations Thread 22" [_thread_blocked, id=10192, stack(0x000000e4da400000,0x000000e4da500000)]
  0x000002637e093000 JavaThread "Unconstrained build operations Thread 23" [_thread_blocked, id=15780, stack(0x000000e4da500000,0x000000e4da600000)]
  0x000002637e095800 JavaThread "Unconstrained build operations Thread 24" [_thread_blocked, id=1968, stack(0x000000e4da600000,0x000000e4da700000)]
  0x000002637e095000 JavaThread "Unconstrained build operations Thread 25" [_thread_blocked, id=9708, stack(0x000000e4da700000,0x000000e4da800000)]
  0x000002637e096800 JavaThread "Unconstrained build operations Thread 26" [_thread_blocked, id=10880, stack(0x000000e4da800000,0x000000e4da900000)]
  0x000002637e098000 JavaThread "Unconstrained build operations Thread 27" [_thread_blocked, id=8864, stack(0x000000e4da900000,0x000000e4daa00000)]
  0x000002637e097800 JavaThread "Unconstrained build operations Thread 28" [_thread_blocked, id=10348, stack(0x000000e4daa00000,0x000000e4dab00000)]
  0x000002637e099000 JavaThread "Unconstrained build operations Thread 29" [_thread_blocked, id=2388, stack(0x000000e4dab00000,0x000000e4dac00000)]
  0x000002637e099800 JavaThread "Unconstrained build operations Thread 30" [_thread_blocked, id=7476, stack(0x000000e4dac00000,0x000000e4dad00000)]
  0x000002637e094000 JavaThread "Unconstrained build operations Thread 31" [_thread_blocked, id=15784, stack(0x000000e4dad00000,0x000000e4dae00000)]
  0x000002637e09a800 JavaThread "Unconstrained build operations Thread 32" [_thread_blocked, id=9360, stack(0x000000e4dae00000,0x000000e4daf00000)]
  0x000002637e09e000 JavaThread "Unconstrained build operations Thread 33" [_thread_blocked, id=11856, stack(0x000000e4daf00000,0x000000e4db000000)]
  0x000002637e0a1000 JavaThread "Unconstrained build operations Thread 34" [_thread_blocked, id=2040, stack(0x000000e4db000000,0x000000e4db100000)]
  0x000002637e0a0800 JavaThread "Unconstrained build operations Thread 35" [_thread_blocked, id=17172, stack(0x000000e4db100000,0x000000e4db200000)]
  0x000002637e09e800 JavaThread "Unconstrained build operations Thread 36" [_thread_blocked, id=16956, stack(0x000000e4db200000,0x000000e4db300000)]
  0x000002637e09b800 JavaThread "Unconstrained build operations Thread 37" [_thread_in_native, id=2372, stack(0x000000e4db300000,0x000000e4db400000)]
  0x000002637e09c000 JavaThread "Unconstrained build operations Thread 38" [_thread_blocked, id=15832, stack(0x000000e4db400000,0x000000e4db500000)]
  0x000002637e09f800 JavaThread "Unconstrained build operations Thread 39" [_thread_blocked, id=10952, stack(0x000000e4db500000,0x000000e4db600000)]
  0x000002637e0a2000 JavaThread "Unconstrained build operations Thread 40" [_thread_blocked, id=16544, stack(0x000000e4db600000,0x000000e4db700000)]
  0x000002637e09d000 JavaThread "Unconstrained build operations Thread 41" [_thread_blocked, id=14960, stack(0x000000e4db700000,0x000000e4db800000)]
  0x000002637e3e7800 JavaThread "Unconstrained build operations Thread 42" [_thread_blocked, id=14272, stack(0x000000e4db800000,0x000000e4db900000)]
  0x000002637e3e9000 JavaThread "Unconstrained build operations Thread 43" [_thread_blocked, id=4624, stack(0x000000e4db900000,0x000000e4dba00000)]
  0x000002637e3e9800 JavaThread "Unconstrained build operations Thread 44" [_thread_blocked, id=13336, stack(0x000000e4dba00000,0x000000e4dbb00000)]
  0x000002637e3ea800 JavaThread "Unconstrained build operations Thread 45" [_thread_blocked, id=15080, stack(0x000000e4dbb00000,0x000000e4dbc00000)]
  0x000002637e3e5000 JavaThread "Unconstrained build operations Thread 46" [_thread_blocked, id=16208, stack(0x000000e4dbc00000,0x000000e4dbd00000)]
  0x000002637e3eb800 JavaThread "Unconstrained build operations Thread 47" [_thread_blocked, id=6272, stack(0x000000e4dbd00000,0x000000e4dbe00000)]
  0x000002637e3e8000 JavaThread "Unconstrained build operations Thread 48" [_thread_blocked, id=8360, stack(0x000000e4dbe00000,0x000000e4dbf00000)]
  0x000002637e3e6800 JavaThread "Unconstrained build operations Thread 49" [_thread_blocked, id=4708, stack(0x000000e4dbf00000,0x000000e4dc000000)]
  0x000002637e3e5800 JavaThread "Unconstrained build operations Thread 50" [_thread_blocked, id=13940, stack(0x000000e4dc000000,0x000000e4dc100000)]
  0x000002637e3ee800 JavaThread "Unconstrained build operations Thread 51" [_thread_blocked, id=3416, stack(0x000000e4dc100000,0x000000e4dc200000)]
  0x000002637e3ee000 JavaThread "Unconstrained build operations Thread 52" [_thread_blocked, id=4620, stack(0x000000e4dc200000,0x000000e4dc300000)]
  0x000002637e3ef800 JavaThread "Unconstrained build operations Thread 53" [_thread_blocked, id=14256, stack(0x000000e4dc300000,0x000000e4dc400000)]
  0x000002637e3f1000 JavaThread "Unconstrained build operations Thread 54" [_thread_blocked, id=16136, stack(0x000000e4dc400000,0x000000e4dc500000)]
  0x000002637e3ed000 JavaThread "Unconstrained build operations Thread 55" [_thread_blocked, id=17912, stack(0x000000e4dc500000,0x000000e4dc600000)]
  0x000002637e3f0800 JavaThread "Unconstrained build operations Thread 56" [_thread_blocked, id=10276, stack(0x000000e4dc600000,0x000000e4dc700000)]
  0x000002637e3f2000 JavaThread "Unconstrained build operations Thread 57" [_thread_blocked, id=2100, stack(0x000000e4dc700000,0x000000e4dc800000)]
  0x000002637e3ec000 JavaThread "Unconstrained build operations Thread 58" [_thread_blocked, id=14224, stack(0x000000e4dc800000,0x000000e4dc900000)]
  0x000002637e3f2800 JavaThread "Unconstrained build operations Thread 59" [_thread_blocked, id=13264, stack(0x000000e4dc900000,0x000000e4dca00000)]
  0x000002637e3f3800 JavaThread "Unconstrained build operations Thread 60" [_thread_blocked, id=1764, stack(0x000000e4dca00000,0x000000e4dcb00000)]
  0x000002637e5d3800 JavaThread "Unconstrained build operations Thread 61" [_thread_blocked, id=7116, stack(0x000000e4dcb00000,0x000000e4dcc00000)]
  0x000002637e5d0800 JavaThread "Unconstrained build operations Thread 62" [_thread_blocked, id=11820, stack(0x000000e4dcc00000,0x000000e4dcd00000)]
  0x000002637e5d1800 JavaThread "Unconstrained build operations Thread 63" [_thread_blocked, id=13476, stack(0x000000e4dcd00000,0x000000e4dce00000)]
  0x000002637e5d2000 JavaThread "Unconstrained build operations Thread 64" [_thread_blocked, id=2344, stack(0x000000e4dce00000,0x000000e4dcf00000)]
  0x000002637e5ce000 JavaThread "Unconstrained build operations Thread 65" [_thread_blocked, id=10956, stack(0x000000e4dcf00000,0x000000e4dd000000)]
  0x000002637e5cf000 JavaThread "Unconstrained build operations Thread 66" [_thread_blocked, id=15768, stack(0x000000e4dd000000,0x000000e4dd100000)]
  0x000002637e5cf800 JavaThread "Unconstrained build operations Thread 67" [_thread_blocked, id=17924, stack(0x000000e4dd100000,0x000000e4dd200000)]
  0x000002637e5d7000 JavaThread "Unconstrained build operations Thread 68" [_thread_blocked, id=7220, stack(0x000000e4dd200000,0x000000e4dd300000)]
  0x000002637e5d8800 JavaThread "Unconstrained build operations Thread 69" [_thread_blocked, id=13296, stack(0x000000e4dd300000,0x000000e4dd400000)]
  0x000002637e5d3000 JavaThread "Unconstrained build operations Thread 70" [_thread_blocked, id=8940, stack(0x000000e4dd400000,0x000000e4dd500000)]
  0x000002637e5d5800 JavaThread "Unconstrained build operations Thread 71" [_thread_blocked, id=16540, stack(0x000000e4dd500000,0x000000e4dd600000)]
  0x000002637e5da800 JavaThread "Unconstrained build operations Thread 72" [_thread_blocked, id=3292, stack(0x000000e4dd600000,0x000000e4dd700000)]
  0x000002637e5d4800 JavaThread "Unconstrained build operations Thread 73" [_thread_blocked, id=9104, stack(0x000000e4dd700000,0x000000e4dd800000)]
  0x000002637e5d6000 JavaThread "Unconstrained build operations Thread 74" [_thread_blocked, id=17480, stack(0x000000e4dd800000,0x000000e4dd900000)]
  0x000002637e5db000 JavaThread "Unconstrained build operations Thread 75" [_thread_blocked, id=14188, stack(0x000000e4dd900000,0x000000e4dda00000)]
  0x000002637e5dc000 JavaThread "Unconstrained build operations Thread 76" [_thread_blocked, id=9032, stack(0x000000e4dda00000,0x000000e4ddb00000)]
  0x000002637e5dc800 JavaThread "Unconstrained build operations Thread 77" [_thread_blocked, id=17772, stack(0x000000e4ddb00000,0x000000e4ddc00000)]
  0x000002637e5d8000 JavaThread "Unconstrained build operations Thread 78" [_thread_blocked, id=10212, stack(0x000000e4ddc00000,0x000000e4ddd00000)]
  0x000002637e5d9800 JavaThread "Unconstrained build operations Thread 79" [_thread_blocked, id=5572, stack(0x000000e4ddd00000,0x000000e4dde00000)]
  0x000002637e3bf000 JavaThread "Unconstrained build operations Thread 80" [_thread_blocked, id=12920, stack(0x000000e4dde00000,0x000000e4ddf00000)]
  0x000002637e3bb800 JavaThread "jar transforms Thread 4" [_thread_blocked, id=10000, stack(0x000000e4ddf00000,0x000000e4de000000)]
  0x000002637e3c0800 JavaThread "jar transforms Thread 5" [_thread_blocked, id=15284, stack(0x000000e4de000000,0x000000e4de100000)]
  0x000002637e3be000 JavaThread "jar transforms Thread 6" [_thread_blocked, id=7988, stack(0x000000e4de100000,0x000000e4de200000)]
  0x000002637e3c1000 JavaThread "jar transforms Thread 7" [_thread_blocked, id=10284, stack(0x000000e4de200000,0x000000e4de300000)]
  0x000002637e3bd000 JavaThread "jar transforms Thread 8" [_thread_blocked, id=16508, stack(0x000000e4de300000,0x000000e4de400000)]
  0x000002637e3bf800 JavaThread "Memory manager" [_thread_blocked, id=8816, stack(0x000000e4de400000,0x000000e4de500000)]
  0x000002637e3c4800 JavaThread "build event listener" [_thread_blocked, id=16624, stack(0x000000e4de500000,0x000000e4de600000)]
  0x000002637e3c3800 JavaThread "pool-3-thread-1" [_thread_blocked, id=9908, stack(0x000000e4de600000,0x000000e4de700000)]
  0x000002637e3c7800 JavaThread "build event listener" [_thread_blocked, id=6124, stack(0x000000e4de700000,0x000000e4de800000)]
  0x000002637e3c7000 JavaThread "Execution worker for ':'" [_thread_blocked, id=6880, stack(0x000000e4de800000,0x000000e4de900000)]
  0x000002637e3c5800 JavaThread "Execution worker for ':' Thread 2" [_thread_blocked, id=8020, stack(0x000000e4de900000,0x000000e4dea00000)]
  0x000002637e3c8800 JavaThread "Execution worker for ':' Thread 3" [_thread_blocked, id=14324, stack(0x000000e4dea00000,0x000000e4deb00000)]
  0x000002637e3c6000 JavaThread "Execution worker for ':' Thread 4" [_thread_blocked, id=17180, stack(0x000000e4deb00000,0x000000e4dec00000)]
  0x000002637e3c3000 JavaThread "Execution worker for ':' Thread 5" [_thread_blocked, id=8660, stack(0x000000e4dec00000,0x000000e4ded00000)]
  0x000002637e3c9800 JavaThread "Execution worker for ':' Thread 6" [_thread_blocked, id=14076, stack(0x000000e4ded00000,0x000000e4dee00000)]
  0x000002637e3ca000 JavaThread "Execution worker for ':' Thread 7" [_thread_blocked, id=5328, stack(0x000000e4dee00000,0x000000e4def00000)]
  0x0000026311d87800 JavaThread "Cache worker for execution history cache (C:\Users\asus\AndroidStudioProjects\UnicornRace\.gradle\7.3.3\executionHistory)" [_thread_blocked, id=11756, stack(0x000000e4def00000,0x000000e4df000000)]
  0x0000026311d89000 JavaThread "WorkerExecutor Queue Thread 2" [_thread_blocked, id=5412, stack(0x000000e4df200000,0x000000e4df300000)]
  0x0000026311d8e800 JavaThread "WorkerExecutor Queue Thread 5" [_thread_blocked, id=4920, stack(0x000000e4df800000,0x000000e4df900000)]
  0x0000026311d8d000 JavaThread "WorkerExecutor Queue Thread 7" [_thread_blocked, id=18404, stack(0x000000e4dfa00000,0x000000e4dfb00000)]
  0x0000026311d8c000 JavaThread "pool-4-thread-1" [_thread_blocked, id=9336, stack(0x000000e4dfb00000,0x000000e4dfc00000)]
  0x0000026311d8e000 JavaThread "stderr" [_thread_in_native, id=18260, stack(0x000000e4df000000,0x000000e4df100000)]
  0x0000026311d88000 JavaThread "stdout" [_thread_in_native, id=14064, stack(0x000000e4df600000,0x000000e4df700000)]

Other Threads:
  0x00000263796f9000 VMThread "VM Thread" [stack: 0x000000e4d6200000,0x000000e4d6300000] [id=1132]
  0x000002637a1f7800 WatcherThread [stack: 0x000000e4d6c00000,0x000000e4d6d00000] [id=10640]
  0x000002636e2d4800 GCTaskThread "GC Thread#0" [stack: 0x000000e4d5d00000,0x000000e4d5e00000] [id=2764]
  0x000002637aa6b000 GCTaskThread "GC Thread#1" [stack: 0x000000e4d6d00000,0x000000e4d6e00000] [id=9468]
  0x000002637bfc1000 GCTaskThread "GC Thread#2" [stack: 0x000000e4d7500000,0x000000e4d7600000] [id=12660]
  0x000002637bc0f800 GCTaskThread "GC Thread#3" [stack: 0x000000e4d7600000,0x000000e4d7700000] [id=16432]
  0x000002637bc10000 GCTaskThread "GC Thread#4" [stack: 0x000000e4d7700000,0x000000e4d7800000] [id=17116]
  0x000002637a89a800 GCTaskThread "GC Thread#5" [stack: 0x000000e4d7800000,0x000000e4d7900000] [id=2984]
  0x000002637a89b000 GCTaskThread "GC Thread#6" [stack: 0x000000e4d7900000,0x000000e4d7a00000] [id=17612]
  0x000002637a89c000 GCTaskThread "GC Thread#7" [stack: 0x000000e4d7a00000,0x000000e4d7b00000] [id=16016]
  0x000002636e307000 ConcurrentGCThread "G1 Main Marker" [stack: 0x000000e4d5e00000,0x000000e4d5f00000] [id=5320]
  0x000002636e309000 ConcurrentGCThread "G1 Conc#0" [stack: 0x000000e4d5f00000,0x000000e4d6000000] [id=5620]
  0x000002637c3a2000 ConcurrentGCThread "G1 Conc#1" [stack: 0x000000e4d8100000,0x000000e4d8200000] [id=15956]
  0x000002636e364800 ConcurrentGCThread "G1 Refine#0" [stack: 0x000000e4d6000000,0x000000e4d6100000] [id=12736]
  0x00000263116f9800 ConcurrentGCThread "G1 Refine#1" [stack: 0x000000e4df400000,0x000000e4df500000] [id=2972]
  0x000002636e366000 ConcurrentGCThread "G1 Young RemSet Sampling" [stack: 0x000000e4d6100000,0x000000e4d6200000] [id=11136]

Threads with active compile tasks:
C2 CompilerThread0  44888 16896   !   4       com.google.common.cache.LocalCache$Segment::put (439 bytes)

VM state:not at safepoint (normal execution)

VM Mutex/Monitor currently owned by a thread: None

Heap address: 0x0000000080000000, size: 2048 MB, Compressed Oops mode: 32-bit
Narrow klass base: 0x0000000000000000, Narrow klass shift: 3
Compressed class space size: 1073741824 Address: 0x0000000100000000

Heap:
 garbage-first heap   total 254976K, used 178911K [0x0000000080000000, 0x0000000100000000)
  region size 1024K, 70 young (71680K), 6 survivors (6144K)
 Metaspace       used 113100K, capacity 115704K, committed 115968K, reserved 1150976K
  class space    used 14119K, capacity 15086K, committed 15104K, reserved 1048576K
Heap Regions: E=young(eden), S=young(survivor), O=old, HS=humongous(starts), HC=humongous(continues), CS=collection set, F=free, A=archive, TAMS=top-at-mark-start (previous, next)
|   0|0x0000000080000000, 0x0000000080100000, 0x0000000080100000|100%| O|  |TAMS 0x0000000080100000, 0x0000000080000000| Untracked 
|   1|0x0000000080100000, 0x0000000080200000, 0x0000000080200000|100%| O|  |TAMS 0x0000000080200000, 0x0000000080100000| Untracked 
|   2|0x0000000080200000, 0x0000000080300000, 0x0000000080300000|100%| O|  |TAMS 0x0000000080300000, 0x0000000080200000| Untracked 
|   3|0x0000000080300000, 0x0000000080400000, 0x0000000080400000|100%|HS|  |TAMS 0x0000000080400000, 0x0000000080300000| Complete 
|   4|0x0000000080400000, 0x0000000080500000, 0x0000000080500000|100%|HC|  |TAMS 0x0000000080500000, 0x0000000080400000| Complete 
|   5|0x0000000080500000, 0x0000000080600000, 0x0000000080600000|100%|HC|  |TAMS 0x0000000080600000, 0x0000000080500000| Complete 
|   6|0x0000000080600000, 0x0000000080700000, 0x0000000080700000|100%| O|  |TAMS 0x0000000080700000, 0x0000000080600000| Untracked 
|   7|0x0000000080700000, 0x0000000080800000, 0x0000000080800000|100%| O|  |TAMS 0x0000000080800000, 0x0000000080700000| Untracked 
|   8|0x0000000080800000, 0x0000000080900000, 0x0000000080900000|100%| O|  |TAMS 0x0000000080900000, 0x0000000080800000| Untracked 
|   9|0x0000000080900000, 0x0000000080a00000, 0x0000000080a00000|100%| O|  |TAMS 0x0000000080a00000, 0x0000000080900000| Untracked 
|  10|0x0000000080a00000, 0x0000000080b00000, 0x0000000080b00000|100%| O|  |TAMS 0x0000000080b00000, 0x0000000080a00000| Untracked 
|  11|0x0000000080b00000, 0x0000000080c00000, 0x0000000080c00000|100%| O|  |TAMS 0x0000000080c00000, 0x0000000080b00000| Untracked 
|  12|0x0000000080c00000, 0x0000000080d00000, 0x0000000080d00000|100%| O|  |TAMS 0x0000000080d00000, 0x0000000080c00000| Untracked 
|  13|0x0000000080d00000, 0x0000000080e00000, 0x0000000080e00000|100%| O|  |TAMS 0x0000000080e00000, 0x0000000080d00000| Untracked 
|  14|0x0000000080e00000, 0x0000000080f00000, 0x0000000080f00000|100%| O|  |TAMS 0x0000000080f00000, 0x0000000080e00000| Untracked 
|  15|0x0000000080f00000, 0x0000000081000000, 0x0000000081000000|100%| O|  |TAMS 0x0000000081000000, 0x0000000080f00000| Untracked 
|  16|0x0000000081000000, 0x0000000081100000, 0x0000000081100000|100%| O|  |TAMS 0x0000000081100000, 0x0000000081000000| Untracked 
|  17|0x0000000081100000, 0x0000000081200000, 0x0000000081200000|100%| O|  |TAMS 0x0000000081200000, 0x0000000081100000| Untracked 
|  18|0x0000000081200000, 0x0000000081300000, 0x0000000081300000|100%| O|  |TAMS 0x0000000081300000, 0x0000000081200000| Untracked 
|  19|0x0000000081300000, 0x0000000081400000, 0x0000000081400000|100%| O|  |TAMS 0x0000000081400000, 0x0000000081300000| Untracked 
|  20|0x0000000081400000, 0x0000000081500000, 0x0000000081500000|100%| O|  |TAMS 0x0000000081500000, 0x0000000081400000| Untracked 
|  21|0x0000000081500000, 0x0000000081600000, 0x0000000081600000|100%| O|  |TAMS 0x0000000081600000, 0x0000000081500000| Untracked 
|  22|0x0000000081600000, 0x0000000081700000, 0x0000000081700000|100%| O|  |TAMS 0x0000000081700000, 0x0000000081600000| Untracked 
|  23|0x0000000081700000, 0x0000000081800000, 0x0000000081800000|100%| O|  |TAMS 0x0000000081800000, 0x0000000081700000| Untracked 
|  24|0x0000000081800000, 0x0000000081900000, 0x0000000081900000|100%| O|  |TAMS 0x0000000081900000, 0x0000000081800000| Untracked 
|  25|0x0000000081900000, 0x0000000081a00000, 0x0000000081a00000|100%| O|  |TAMS 0x0000000081a00000, 0x0000000081900000| Untracked 
|  26|0x0000000081a00000, 0x0000000081b00000, 0x0000000081b00000|100%| O|  |TAMS 0x0000000081b00000, 0x0000000081a00000| Untracked 
|  27|0x0000000081b00000, 0x0000000081c00000, 0x0000000081c00000|100%| O|  |TAMS 0x0000000081c00000, 0x0000000081b00000| Untracked 
|  28|0x0000000081c00000, 0x0000000081d00000, 0x0000000081d00000|100%| O|  |TAMS 0x0000000081d00000, 0x0000000081c00000| Untracked 
|  29|0x0000000081d00000, 0x0000000081e00000, 0x0000000081e00000|100%| O|  |TAMS 0x0000000081e00000, 0x0000000081d00000| Untracked 
|  30|0x0000000081e00000, 0x0000000081f00000, 0x0000000081f00000|100%|HS|  |TAMS 0x0000000081f00000, 0x0000000081e00000| Complete 
|  31|0x0000000081f00000, 0x0000000082000000, 0x0000000082000000|100%|HS|  |TAMS 0x0000000082000000, 0x0000000081f00000| Complete 
|  32|0x0000000082000000, 0x0000000082100000, 0x0000000082100000|100%|HS|  |TAMS 0x0000000082100000, 0x0000000082000000| Complete 
|  33|0x0000000082100000, 0x0000000082200000, 0x0000000082200000|100%|HC|  |TAMS 0x0000000082200000, 0x0000000082100000| Complete 
|  34|0x0000000082200000, 0x0000000082300000, 0x0000000082300000|100%| O|  |TAMS 0x0000000082300000, 0x0000000082200000| Untracked 
|  35|0x0000000082300000, 0x0000000082400000, 0x0000000082400000|100%| O|  |TAMS 0x0000000082400000, 0x0000000082300000| Untracked 
|  36|0x0000000082400000, 0x0000000082500000, 0x0000000082500000|100%| O|  |TAMS 0x0000000082500000, 0x0000000082400000| Untracked 
|  37|0x0000000082500000, 0x0000000082600000, 0x0000000082600000|100%| O|  |TAMS 0x0000000082600000, 0x0000000082500000| Untracked 
|  38|0x0000000082600000, 0x0000000082700000, 0x0000000082700000|100%| O|  |TAMS 0x0000000082700000, 0x0000000082600000| Untracked 
|  39|0x0000000082700000, 0x0000000082800000, 0x0000000082800000|100%| O|  |TAMS 0x0000000082800000, 0x0000000082700000| Untracked 
|  40|0x0000000082800000, 0x0000000082900000, 0x0000000082900000|100%| O|  |TAMS 0x0000000082900000, 0x0000000082800000| Untracked 
|  41|0x0000000082900000, 0x0000000082a00000, 0x0000000082a00000|100%| O|  |TAMS 0x0000000082a00000, 0x0000000082900000| Untracked 
|  42|0x0000000082a00000, 0x0000000082b00000, 0x0000000082b00000|100%| O|  |TAMS 0x0000000082b00000, 0x0000000082a00000| Untracked 
|  43|0x0000000082b00000, 0x0000000082c00000, 0x0000000082c00000|100%| O|  |TAMS 0x0000000082c00000, 0x0000000082b00000| Untracked 
|  44|0x0000000082c00000, 0x0000000082d00000, 0x0000000082d00000|100%| O|  |TAMS 0x0000000082d00000, 0x0000000082c00000| Untracked 
|  45|0x0000000082d00000, 0x0000000082e00000, 0x0000000082e00000|100%| O|  |TAMS 0x0000000082e00000, 0x0000000082d00000| Untracked 
|  46|0x0000000082e00000, 0x0000000082f00000, 0x0000000082f00000|100%| O|  |TAMS 0x0000000082f00000, 0x0000000082e00000| Untracked 
|  47|0x0000000082f00000, 0x0000000083000000, 0x0000000083000000|100%| O|  |TAMS 0x0000000083000000, 0x0000000082f00000| Untracked 
|  48|0x0000000083000000, 0x0000000083100000, 0x0000000083100000|100%| O|  |TAMS 0x0000000083100000, 0x0000000083000000| Untracked 
|  49|0x0000000083100000, 0x0000000083200000, 0x0000000083200000|100%| O|  |TAMS 0x0000000083200000, 0x0000000083100000| Untracked 
|  50|0x0000000083200000, 0x0000000083300000, 0x0000000083300000|100%| O|  |TAMS 0x0000000083300000, 0x0000000083200000| Untracked 
|  51|0x0000000083300000, 0x0000000083400000, 0x0000000083400000|100%| O|  |TAMS 0x0000000083400000, 0x0000000083300000| Untracked 
|  52|0x0000000083400000, 0x0000000083500000, 0x0000000083500000|100%| O|  |TAMS 0x0000000083500000, 0x0000000083400000| Untracked 
|  53|0x0000000083500000, 0x0000000083600000, 0x0000000083600000|100%| O|  |TAMS 0x0000000083600000, 0x0000000083500000| Untracked 
|  54|0x0000000083600000, 0x0000000083700000, 0x0000000083700000|100%| O|  |TAMS 0x0000000083700000, 0x0000000083600000| Untracked 
|  55|0x0000000083700000, 0x0000000083800000, 0x0000000083800000|100%| O|  |TAMS 0x0000000083800000, 0x0000000083700000| Untracked 
|  56|0x0000000083800000, 0x0000000083900000, 0x0000000083900000|100%| O|  |TAMS 0x0000000083900000, 0x0000000083800000| Untracked 
|  57|0x0000000083900000, 0x0000000083a00000, 0x0000000083a00000|100%| O|  |TAMS 0x0000000083a00000, 0x0000000083900000| Untracked 
|  58|0x0000000083a00000, 0x0000000083b00000, 0x0000000083b00000|100%| O|  |TAMS 0x0000000083b00000, 0x0000000083a00000| Untracked 
|  59|0x0000000083b00000, 0x0000000083c00000, 0x0000000083c00000|100%| O|  |TAMS 0x0000000083c00000, 0x0000000083b00000| Untracked 
|  60|0x0000000083c00000, 0x0000000083d00000, 0x0000000083d00000|100%| O|  |TAMS 0x0000000083d00000, 0x0000000083c00000| Untracked 
|  61|0x0000000083d00000, 0x0000000083e00000, 0x0000000083e00000|100%| O|  |TAMS 0x0000000083e00000, 0x0000000083d00000| Untracked 
|  62|0x0000000083e00000, 0x0000000083f00000, 0x0000000083f00000|100%| O|  |TAMS 0x0000000083f00000, 0x0000000083e00000| Untracked 
|  63|0x0000000083f00000, 0x0000000084000000, 0x0000000084000000|100%| O|  |TAMS 0x0000000084000000, 0x0000000083f00000| Untracked 
|  64|0x0000000084000000, 0x0000000084100000, 0x0000000084100000|100%| O|  |TAMS 0x0000000084100000, 0x0000000084000000| Untracked 
|  65|0x0000000084100000, 0x0000000084200000, 0x0000000084200000|100%| O|  |TAMS 0x0000000084200000, 0x0000000084100000| Untracked 
|  66|0x0000000084200000, 0x0000000084300000, 0x0000000084300000|100%| O|  |TAMS 0x0000000084300000, 0x0000000084200000| Untracked 
|  67|0x0000000084300000, 0x0000000084400000, 0x0000000084400000|100%| O|  |TAMS 0x0000000084400000, 0x0000000084300000| Untracked 
|  68|0x0000000084400000, 0x0000000084500000, 0x0000000084500000|100%| O|  |TAMS 0x0000000084500000, 0x0000000084400000| Untracked 
|  69|0x0000000084500000, 0x0000000084600000, 0x0000000084600000|100%| O|  |TAMS 0x0000000084600000, 0x0000000084500000| Untracked 
|  70|0x0000000084600000, 0x0000000084700000, 0x0000000084700000|100%| O|  |TAMS 0x0000000084700000, 0x0000000084600000| Untracked 
|  71|0x0000000084700000, 0x0000000084800000, 0x0000000084800000|100%| O|  |TAMS 0x0000000084800000, 0x0000000084700000| Untracked 
|  72|0x0000000084800000, 0x0000000084900000, 0x0000000084900000|100%| O|  |TAMS 0x0000000084900000, 0x0000000084800000| Untracked 
|  73|0x0000000084900000, 0x0000000084a00000, 0x0000000084a00000|100%| O|  |TAMS 0x0000000084a00000, 0x0000000084900000| Untracked 
|  74|0x0000000084a00000, 0x0000000084b00000, 0x0000000084b00000|100%| O|  |TAMS 0x0000000084b00000, 0x0000000084a00000| Untracked 
|  75|0x0000000084b00000, 0x0000000084c00000, 0x0000000084c00000|100%| O|  |TAMS 0x0000000084c00000, 0x0000000084b00000| Untracked 
|  76|0x0000000084c00000, 0x0000000084d00000, 0x0000000084d00000|100%| O|  |TAMS 0x0000000084d00000, 0x0000000084c00000| Untracked 
|  77|0x0000000084d00000, 0x0000000084e00000, 0x0000000084e00000|100%| O|  |TAMS 0x0000000084e00000, 0x0000000084d00000| Untracked 
|  78|0x0000000084e00000, 0x0000000084f00000, 0x0000000084f00000|100%| O|  |TAMS 0x0000000084f00000, 0x0000000084e00000| Untracked 
|  79|0x0000000084f00000, 0x0000000085000000, 0x0000000085000000|100%| O|  |TAMS 0x0000000085000000, 0x0000000084f00000| Untracked 
|  80|0x0000000085000000, 0x0000000085100000, 0x0000000085100000|100%| O|  |TAMS 0x0000000085100000, 0x0000000085000000| Untracked 
|  81|0x0000000085100000, 0x0000000085200000, 0x0000000085200000|100%| O|  |TAMS 0x0000000085200000, 0x0000000085100000| Untracked 
|  82|0x0000000085200000, 0x0000000085300000, 0x0000000085300000|100%| O|  |TAMS 0x0000000085300000, 0x0000000085200000| Untracked 
|  83|0x0000000085300000, 0x0000000085400000, 0x0000000085400000|100%| O|  |TAMS 0x0000000085300000, 0x0000000085300000| Untracked 
|  84|0x0000000085400000, 0x0000000085500000, 0x0000000085500000|100%| O|  |TAMS 0x0000000085500000, 0x0000000085400000| Untracked 
|  85|0x0000000085500000, 0x0000000085600000, 0x0000000085600000|100%| O|  |TAMS 0x0000000085500000, 0x0000000085500000| Untracked 
|  86|0x0000000085600000, 0x0000000085700000, 0x0000000085700000|100%| O|  |TAMS 0x0000000085600000, 0x0000000085600000| Untracked 
|  87|0x0000000085700000, 0x0000000085800000, 0x0000000085800000|100%| O|  |TAMS 0x0000000085800000, 0x0000000085700000| Untracked 
|  88|0x0000000085800000, 0x0000000085900000, 0x0000000085900000|100%| O|  |TAMS 0x0000000085900000, 0x0000000085800000| Untracked 
|  89|0x0000000085900000, 0x0000000085a00000, 0x0000000085a00000|100%| O|  |TAMS 0x0000000085a00000, 0x0000000085900000| Untracked 
|  90|0x0000000085a00000, 0x0000000085b00000, 0x0000000085b00000|100%| O|  |TAMS 0x0000000085aaa800, 0x0000000085a00000| Untracked 
|  91|0x0000000085b00000, 0x0000000085c00000, 0x0000000085c00000|100%| O|  |TAMS 0x0000000085b00000, 0x0000000085b00000| Untracked 
|  92|0x0000000085c00000, 0x0000000085d00000, 0x0000000085d00000|100%| O|  |TAMS 0x0000000085c00000, 0x0000000085c00000| Untracked 
|  93|0x0000000085d00000, 0x0000000085e00000, 0x0000000085e00000|100%| O|  |TAMS 0x0000000085d00000, 0x0000000085d00000| Untracked 
|  94|0x0000000085e00000, 0x0000000085f00000, 0x0000000085f00000|100%| O|  |TAMS 0x0000000085e00000, 0x0000000085e00000| Untracked 
|  95|0x0000000085f00000, 0x0000000086000000, 0x0000000086000000|100%| O|  |TAMS 0x0000000085f00000, 0x0000000085f00000| Untracked 
|  96|0x0000000086000000, 0x0000000086100000, 0x0000000086100000|100%| O|  |TAMS 0x0000000086000000, 0x0000000086000000| Untracked 
|  97|0x0000000086100000, 0x0000000086200000, 0x0000000086200000|100%| O|  |TAMS 0x0000000086100000, 0x0000000086100000| Untracked 
|  98|0x0000000086200000, 0x0000000086300000, 0x0000000086300000|100%| O|  |TAMS 0x0000000086200000, 0x0000000086200000| Untracked 
|  99|0x0000000086300000, 0x0000000086400000, 0x0000000086400000|100%| O|  |TAMS 0x0000000086300000, 0x0000000086300000| Untracked 
| 100|0x0000000086400000, 0x0000000086500000, 0x0000000086500000|100%| O|  |TAMS 0x0000000086500000, 0x0000000086400000| Untracked 
| 101|0x0000000086500000, 0x0000000086600000, 0x0000000086600000|100%| O|  |TAMS 0x0000000086500000, 0x0000000086500000| Untracked 
| 102|0x0000000086600000, 0x0000000086700000, 0x0000000086700000|100%| O|  |TAMS 0x0000000086600000, 0x0000000086600000| Untracked 
| 103|0x0000000086700000, 0x0000000086800000, 0x0000000086800000|100%| O|  |TAMS 0x0000000086700000, 0x0000000086700000| Untracked 
| 104|0x0000000086800000, 0x0000000086900000, 0x0000000086900000|100%|HS|  |TAMS 0x0000000086800000, 0x0000000086800000| Complete 
| 105|0x0000000086900000, 0x0000000086a00000, 0x0000000086a00000|100%|HC|  |TAMS 0x0000000086900000, 0x0000000086900000| Complete 
| 106|0x0000000086a00000, 0x0000000086a00000, 0x0000000086b00000|  0%| F|  |TAMS 0x0000000086a00000, 0x0000000086a00000| Untracked 
| 107|0x0000000086b00000, 0x0000000086b00000, 0x0000000086c00000|  0%| F|  |TAMS 0x0000000086b00000, 0x0000000086b00000| Untracked 
| 108|0x0000000086c00000, 0x0000000086c00000, 0x0000000086d00000|  0%| F|  |TAMS 0x0000000086c00000, 0x0000000086c00000| Untracked 
| 109|0x0000000086d00000, 0x0000000086d00000, 0x0000000086e00000|  0%| F|  |TAMS 0x0000000086d00000, 0x0000000086d00000| Untracked 
| 110|0x0000000086e00000, 0x0000000086e00000, 0x0000000086f00000|  0%| F|  |TAMS 0x0000000086e00000, 0x0000000086e00000| Untracked 
| 111|0x0000000086f00000, 0x0000000086f00000, 0x0000000087000000|  0%| F|  |TAMS 0x0000000086f00000, 0x0000000086f00000| Untracked 
| 112|0x0000000087000000, 0x0000000087000000, 0x0000000087100000|  0%| F|  |TAMS 0x0000000087000000, 0x0000000087000000| Untracked 
| 113|0x0000000087100000, 0x0000000087100000, 0x0000000087200000|  0%| F|  |TAMS 0x0000000087100000, 0x0000000087100000| Untracked 
| 114|0x0000000087200000, 0x0000000087200000, 0x0000000087300000|  0%| F|  |TAMS 0x0000000087200000, 0x0000000087200000| Untracked 
| 115|0x0000000087300000, 0x0000000087300000, 0x0000000087400000|  0%| F|  |TAMS 0x0000000087300000, 0x0000000087300000| Untracked 
| 116|0x0000000087400000, 0x0000000087400000, 0x0000000087500000|  0%| F|  |TAMS 0x0000000087400000, 0x0000000087400000| Untracked 
| 117|0x0000000087500000, 0x0000000087500000, 0x0000000087600000|  0%| F|  |TAMS 0x0000000087500000, 0x0000000087500000| Untracked 
| 118|0x0000000087600000, 0x0000000087600000, 0x0000000087700000|  0%| F|  |TAMS 0x0000000087600000, 0x0000000087600000| Untracked 
| 119|0x0000000087700000, 0x0000000087700000, 0x0000000087800000|  0%| F|  |TAMS 0x0000000087700000, 0x0000000087700000| Untracked 
| 120|0x0000000087800000, 0x0000000087800000, 0x0000000087900000|  0%| F|  |TAMS 0x0000000087800000, 0x0000000087800000| Untracked 
| 121|0x0000000087900000, 0x0000000087900000, 0x0000000087a00000|  0%| F|  |TAMS 0x0000000087900000, 0x0000000087900000| Untracked 
| 122|0x0000000087a00000, 0x0000000087a00000, 0x0000000087b00000|  0%| F|  |TAMS 0x0000000087a00000, 0x0000000087a00000| Untracked 
| 123|0x0000000087b00000, 0x0000000087b00000, 0x0000000087c00000|  0%| F|  |TAMS 0x0000000087b00000, 0x0000000087b00000| Untracked 
| 124|0x0000000087c00000, 0x0000000087c00000, 0x0000000087d00000|  0%| F|  |TAMS 0x0000000087c00000, 0x0000000087c00000| Untracked 
| 125|0x0000000087d00000, 0x0000000087d00000, 0x0000000087e00000|  0%| F|  |TAMS 0x0000000087d00000, 0x0000000087d00000| Untracked 
| 126|0x0000000087e00000, 0x0000000087e00000, 0x0000000087f00000|  0%| F|  |TAMS 0x0000000087e00000, 0x0000000087e00000| Untracked 
| 127|0x0000000087f00000, 0x0000000087f00000, 0x0000000088000000|  0%| F|  |TAMS 0x0000000087f00000, 0x0000000087f00000| Untracked 
| 128|0x0000000088000000, 0x0000000088000000, 0x0000000088100000|  0%| F|  |TAMS 0x0000000088000000, 0x0000000088000000| Untracked 
| 129|0x0000000088100000, 0x0000000088100000, 0x0000000088200000|  0%| F|  |TAMS 0x0000000088100000, 0x0000000088100000| Untracked 
| 130|0x0000000088200000, 0x0000000088200000, 0x0000000088300000|  0%| F|  |TAMS 0x0000000088200000, 0x0000000088200000| Untracked 
| 131|0x0000000088300000, 0x0000000088400000, 0x0000000088400000|100%| O|  |TAMS 0x0000000088400000, 0x0000000088300000| Untracked 
| 132|0x0000000088400000, 0x0000000088400000, 0x0000000088500000|  0%| F|  |TAMS 0x0000000088400000, 0x0000000088400000| Untracked 
| 133|0x0000000088500000, 0x0000000088500000, 0x0000000088600000|  0%| F|  |TAMS 0x0000000088500000, 0x0000000088500000| Untracked 
| 134|0x0000000088600000, 0x0000000088600000, 0x0000000088700000|  0%| F|  |TAMS 0x0000000088600000, 0x0000000088600000| Untracked 
| 135|0x0000000088700000, 0x0000000088700000, 0x0000000088800000|  0%| F|  |TAMS 0x0000000088700000, 0x0000000088700000| Untracked 
| 136|0x0000000088800000, 0x0000000088800000, 0x0000000088900000|  0%| F|  |TAMS 0x0000000088800000, 0x0000000088800000| Untracked 
| 137|0x0000000088900000, 0x0000000088900000, 0x0000000088a00000|  0%| F|  |TAMS 0x0000000088900000, 0x0000000088900000| Untracked 
| 138|0x0000000088a00000, 0x0000000088a00000, 0x0000000088b00000|  0%| F|  |TAMS 0x0000000088a00000, 0x0000000088a00000| Untracked 
| 139|0x0000000088b00000, 0x0000000088b00000, 0x0000000088c00000|  0%| F|  |TAMS 0x0000000088b00000, 0x0000000088b00000| Untracked 
| 140|0x0000000088c00000, 0x0000000088c00000, 0x0000000088d00000|  0%| F|  |TAMS 0x0000000088c00000, 0x0000000088c00000| Untracked 
| 141|0x0000000088d00000, 0x0000000088d00000, 0x0000000088e00000|  0%| F|  |TAMS 0x0000000088d00000, 0x0000000088d00000| Untracked 
| 142|0x0000000088e00000, 0x0000000088e00000, 0x0000000088f00000|  0%| F|  |TAMS 0x0000000088e00000, 0x0000000088e00000| Untracked 
| 143|0x0000000088f00000, 0x0000000088f00000, 0x0000000089000000|  0%| F|  |TAMS 0x0000000088f00000, 0x0000000088f00000| Untracked 
| 144|0x0000000089000000, 0x0000000089000000, 0x0000000089100000|  0%| F|  |TAMS 0x0000000089000000, 0x0000000089000000| Untracked 
| 145|0x0000000089100000, 0x0000000089100000, 0x0000000089200000|  0%| F|  |TAMS 0x0000000089100000, 0x0000000089100000| Untracked 
| 146|0x0000000089200000, 0x0000000089200000, 0x0000000089300000|  0%| F|  |TAMS 0x0000000089200000, 0x0000000089200000| Untracked 
| 147|0x0000000089300000, 0x0000000089300000, 0x0000000089400000|  0%| F|  |TAMS 0x0000000089300000, 0x0000000089300000| Untracked 
| 148|0x0000000089400000, 0x0000000089400000, 0x0000000089500000|  0%| F|  |TAMS 0x0000000089400000, 0x0000000089400000| Untracked 
| 149|0x0000000089500000, 0x0000000089500000, 0x0000000089600000|  0%| F|  |TAMS 0x0000000089500000, 0x0000000089500000| Untracked 
| 150|0x0000000089600000, 0x0000000089600000, 0x0000000089700000|  0%| F|  |TAMS 0x0000000089600000, 0x0000000089600000| Untracked 
| 151|0x0000000089700000, 0x0000000089700000, 0x0000000089800000|  0%| F|  |TAMS 0x0000000089700000, 0x0000000089700000| Untracked 
| 152|0x0000000089800000, 0x0000000089800000, 0x0000000089900000|  0%| F|  |TAMS 0x0000000089800000, 0x0000000089800000| Untracked 
| 153|0x0000000089900000, 0x0000000089900000, 0x0000000089a00000|  0%| F|  |TAMS 0x0000000089900000, 0x0000000089900000| Untracked 
| 154|0x0000000089a00000, 0x0000000089a00000, 0x0000000089b00000|  0%| F|  |TAMS 0x0000000089a00000, 0x0000000089a00000| Untracked 
| 155|0x0000000089b00000, 0x0000000089b00000, 0x0000000089c00000|  0%| F|  |TAMS 0x0000000089b00000, 0x0000000089b00000| Untracked 
| 156|0x0000000089c00000, 0x0000000089c00000, 0x0000000089d00000|  0%| F|  |TAMS 0x0000000089c00000, 0x0000000089c00000| Untracked 
| 157|0x0000000089d00000, 0x0000000089d00000, 0x0000000089e00000|  0%| F|  |TAMS 0x0000000089d00000, 0x0000000089d00000| Untracked 
| 158|0x0000000089e00000, 0x0000000089e00000, 0x0000000089f00000|  0%| F|  |TAMS 0x0000000089e00000, 0x0000000089e00000| Untracked 
| 159|0x0000000089f00000, 0x0000000089f00000, 0x000000008a000000|  0%| F|  |TAMS 0x0000000089f00000, 0x0000000089f00000| Untracked 
| 160|0x000000008a000000, 0x000000008a000000, 0x000000008a100000|  0%| F|  |TAMS 0x000000008a000000, 0x000000008a000000| Untracked 
| 161|0x000000008a100000, 0x000000008a100000, 0x000000008a200000|  0%| F|  |TAMS 0x000000008a100000, 0x000000008a100000| Untracked 
| 162|0x000000008a200000, 0x000000008a200000, 0x000000008a300000|  0%| F|  |TAMS 0x000000008a200000, 0x000000008a200000| Untracked 
| 163|0x000000008a300000, 0x000000008a300000, 0x000000008a400000|  0%| F|  |TAMS 0x000000008a300000, 0x000000008a300000| Untracked 
| 164|0x000000008a400000, 0x000000008a400000, 0x000000008a500000|  0%| F|  |TAMS 0x000000008a400000, 0x000000008a400000| Untracked 
| 165|0x000000008a500000, 0x000000008a500000, 0x000000008a600000|  0%| F|  |TAMS 0x000000008a500000, 0x000000008a500000| Untracked 
| 166|0x000000008a600000, 0x000000008a600000, 0x000000008a700000|  0%| F|  |TAMS 0x000000008a600000, 0x000000008a600000| Untracked 
| 167|0x000000008a700000, 0x000000008a700000, 0x000000008a800000|  0%| F|  |TAMS 0x000000008a700000, 0x000000008a700000| Untracked 
| 168|0x000000008a800000, 0x000000008a8b7c60, 0x000000008a900000| 71%| S|CS|TAMS 0x000000008a800000, 0x000000008a800000| Complete 
| 169|0x000000008a900000, 0x000000008aa00000, 0x000000008aa00000|100%| S|CS|TAMS 0x000000008a900000, 0x000000008a900000| Complete 
| 170|0x000000008aa00000, 0x000000008ab00000, 0x000000008ab00000|100%| S|CS|TAMS 0x000000008aa00000, 0x000000008aa00000| Complete 
| 171|0x000000008ab00000, 0x000000008ac00000, 0x000000008ac00000|100%| S|CS|TAMS 0x000000008ab00000, 0x000000008ab00000| Complete 
| 172|0x000000008ac00000, 0x000000008ad00000, 0x000000008ad00000|100%| S|CS|TAMS 0x000000008ac00000, 0x000000008ac00000| Complete 
| 173|0x000000008ad00000, 0x000000008ae00000, 0x000000008ae00000|100%| S|CS|TAMS 0x000000008ad00000, 0x000000008ad00000| Complete 
| 174|0x000000008ae00000, 0x000000008ae00000, 0x000000008af00000|  0%| F|  |TAMS 0x000000008ae00000, 0x000000008ae00000| Untracked 
| 175|0x000000008af00000, 0x000000008af00000, 0x000000008b000000|  0%| F|  |TAMS 0x000000008af00000, 0x000000008af00000| Untracked 
| 176|0x000000008b000000, 0x000000008b000000, 0x000000008b100000|  0%| F|  |TAMS 0x000000008b000000, 0x000000008b000000| Untracked 
| 177|0x000000008b100000, 0x000000008b100000, 0x000000008b200000|  0%| F|  |TAMS 0x000000008b100000, 0x000000008b100000| Untracked 
| 178|0x000000008b200000, 0x000000008b200000, 0x000000008b300000|  0%| F|  |TAMS 0x000000008b200000, 0x000000008b200000| Untracked 
| 179|0x000000008b300000, 0x000000008b300000, 0x000000008b400000|  0%| F|  |TAMS 0x000000008b300000, 0x000000008b300000| Untracked 
| 180|0x000000008b400000, 0x000000008b400000, 0x000000008b500000|  0%| F|  |TAMS 0x000000008b400000, 0x000000008b400000| Untracked 
| 181|0x000000008b500000, 0x000000008b500000, 0x000000008b600000|  0%| F|  |TAMS 0x000000008b500000, 0x000000008b500000| Untracked 
| 182|0x000000008b600000, 0x000000008b600000, 0x000000008b700000|  0%| F|  |TAMS 0x000000008b600000, 0x000000008b600000| Untracked 
| 183|0x000000008b700000, 0x000000008b700000, 0x000000008b800000|  0%| F|  |TAMS 0x000000008b700000, 0x000000008b700000| Untracked 
| 184|0x000000008b800000, 0x000000008b800000, 0x000000008b900000|  0%| F|  |TAMS 0x000000008b800000, 0x000000008b800000| Untracked 
| 185|0x000000008b900000, 0x000000008b96c408, 0x000000008ba00000| 42%| E|  |TAMS 0x000000008b900000, 0x000000008b900000| Complete 
| 186|0x000000008ba00000, 0x000000008bb00000, 0x000000008bb00000|100%| E|CS|TAMS 0x000000008ba00000, 0x000000008ba00000| Complete 
| 187|0x000000008bb00000, 0x000000008bc00000, 0x000000008bc00000|100%| E|  |TAMS 0x000000008bb00000, 0x000000008bb00000| Complete 
| 188|0x000000008bc00000, 0x000000008bd00000, 0x000000008bd00000|100%| E|CS|TAMS 0x000000008bc00000, 0x000000008bc00000| Complete 
| 189|0x000000008bd00000, 0x000000008be00000, 0x000000008be00000|100%| E|CS|TAMS 0x000000008bd00000, 0x000000008bd00000| Complete 
| 190|0x000000008be00000, 0x000000008bf00000, 0x000000008bf00000|100%| E|CS|TAMS 0x000000008be00000, 0x000000008be00000| Complete 
| 191|0x000000008bf00000, 0x000000008c000000, 0x000000008c000000|100%| E|CS|TAMS 0x000000008bf00000, 0x000000008bf00000| Complete 
| 192|0x000000008c000000, 0x000000008c100000, 0x000000008c100000|100%| E|CS|TAMS 0x000000008c000000, 0x000000008c000000| Complete 
| 193|0x000000008c100000, 0x000000008c200000, 0x000000008c200000|100%| E|CS|TAMS 0x000000008c100000, 0x000000008c100000| Complete 
| 194|0x000000008c200000, 0x000000008c300000, 0x000000008c300000|100%| E|CS|TAMS 0x000000008c200000, 0x000000008c200000| Complete 
| 195|0x000000008c300000, 0x000000008c400000, 0x000000008c400000|100%| E|CS|TAMS 0x000000008c300000, 0x000000008c300000| Complete 
| 196|0x000000008c400000, 0x000000008c500000, 0x000000008c500000|100%| E|CS|TAMS 0x000000008c400000, 0x000000008c400000| Complete 
| 197|0x000000008c500000, 0x000000008c600000, 0x000000008c600000|100%| E|CS|TAMS 0x000000008c500000, 0x000000008c500000| Complete 
| 198|0x000000008c600000, 0x000000008c700000, 0x000000008c700000|100%| E|CS|TAMS 0x000000008c600000, 0x000000008c600000| Complete 
| 199|0x000000008c700000, 0x000000008c800000, 0x000000008c800000|100%| E|CS|TAMS 0x000000008c700000, 0x000000008c700000| Complete 
| 200|0x000000008c800000, 0x000000008c900000, 0x000000008c900000|100%| E|CS|TAMS 0x000000008c800000, 0x000000008c800000| Complete 
| 201|0x000000008c900000, 0x000000008ca00000, 0x000000008ca00000|100%| E|CS|TAMS 0x000000008c900000, 0x000000008c900000| Complete 
| 202|0x000000008ca00000, 0x000000008cb00000, 0x000000008cb00000|100%| E|CS|TAMS 0x000000008ca00000, 0x000000008ca00000| Complete 
| 203|0x000000008cb00000, 0x000000008cc00000, 0x000000008cc00000|100%| E|CS|TAMS 0x000000008cb00000, 0x000000008cb00000| Complete 
| 204|0x000000008cc00000, 0x000000008cd00000, 0x000000008cd00000|100%| E|CS|TAMS 0x000000008cc00000, 0x000000008cc00000| Complete 
| 205|0x000000008cd00000, 0x000000008ce00000, 0x000000008ce00000|100%| E|CS|TAMS 0x000000008cd00000, 0x000000008cd00000| Complete 
| 206|0x000000008ce00000, 0x000000008cf00000, 0x000000008cf00000|100%| E|CS|TAMS 0x000000008ce00000, 0x000000008ce00000| Complete 
| 207|0x000000008cf00000, 0x000000008d000000, 0x000000008d000000|100%| E|CS|TAMS 0x000000008cf00000, 0x000000008cf00000| Complete 
| 208|0x000000008d000000, 0x000000008d100000, 0x000000008d100000|100%| E|CS|TAMS 0x000000008d000000, 0x000000008d000000| Complete 
| 209|0x000000008d100000, 0x000000008d200000, 0x000000008d200000|100%| E|CS|TAMS 0x000000008d100000, 0x000000008d100000| Complete 
| 210|0x000000008d200000, 0x000000008d300000, 0x000000008d300000|100%| E|CS|TAMS 0x000000008d200000, 0x000000008d200000| Complete 
| 211|0x000000008d300000, 0x000000008d400000, 0x000000008d400000|100%| E|CS|TAMS 0x000000008d300000, 0x000000008d300000| Complete 
| 212|0x000000008d400000, 0x000000008d500000, 0x000000008d500000|100%| E|CS|TAMS 0x000000008d400000, 0x000000008d400000| Complete 
| 213|0x000000008d500000, 0x000000008d600000, 0x000000008d600000|100%| E|CS|TAMS 0x000000008d500000, 0x000000008d500000| Complete 
| 214|0x000000008d600000, 0x000000008d700000, 0x000000008d700000|100%| E|CS|TAMS 0x000000008d600000, 0x000000008d600000| Complete 
| 215|0x000000008d700000, 0x000000008d800000, 0x000000008d800000|100%| E|CS|TAMS 0x000000008d700000, 0x000000008d700000| Complete 
| 216|0x000000008d800000, 0x000000008d900000, 0x000000008d900000|100%| E|CS|TAMS 0x000000008d800000, 0x000000008d800000| Complete 
| 217|0x000000008d900000, 0x000000008da00000, 0x000000008da00000|100%| E|CS|TAMS 0x000000008d900000, 0x000000008d900000| Complete 
| 218|0x000000008da00000, 0x000000008db00000, 0x000000008db00000|100%| E|CS|TAMS 0x000000008da00000, 0x000000008da00000| Complete 
| 219|0x000000008db00000, 0x000000008dc00000, 0x000000008dc00000|100%| E|CS|TAMS 0x000000008db00000, 0x000000008db00000| Complete 
| 220|0x000000008dc00000, 0x000000008dd00000, 0x000000008dd00000|100%| E|CS|TAMS 0x000000008dc00000, 0x000000008dc00000| Complete 
| 221|0x000000008dd00000, 0x000000008de00000, 0x000000008de00000|100%| E|CS|TAMS 0x000000008dd00000, 0x000000008dd00000| Complete 
| 222|0x000000008de00000, 0x000000008df00000, 0x000000008df00000|100%| E|CS|TAMS 0x000000008de00000, 0x000000008de00000| Complete 
| 223|0x000000008df00000, 0x000000008e000000, 0x000000008e000000|100%| E|CS|TAMS 0x000000008df00000, 0x000000008df00000| Complete 
| 224|0x000000008e000000, 0x000000008e100000, 0x000000008e100000|100%| E|CS|TAMS 0x000000008e000000, 0x000000008e000000| Complete 
| 225|0x000000008e100000, 0x000000008e200000, 0x000000008e200000|100%| E|CS|TAMS 0x000000008e100000, 0x000000008e100000| Complete 
| 226|0x000000008e200000, 0x000000008e300000, 0x000000008e300000|100%| E|CS|TAMS 0x000000008e200000, 0x000000008e200000| Complete 
| 227|0x000000008e300000, 0x000000008e400000, 0x000000008e400000|100%| E|CS|TAMS 0x000000008e300000, 0x000000008e300000| Complete 
| 228|0x000000008e400000, 0x000000008e500000, 0x000000008e500000|100%| E|CS|TAMS 0x000000008e400000, 0x000000008e400000| Complete 
| 229|0x000000008e500000, 0x000000008e600000, 0x000000008e600000|100%| E|CS|TAMS 0x000000008e500000, 0x000000008e500000| Complete 
| 230|0x000000008e600000, 0x000000008e700000, 0x000000008e700000|100%| E|CS|TAMS 0x000000008e600000, 0x000000008e600000| Complete 
| 231|0x000000008e700000, 0x000000008e800000, 0x000000008e800000|100%| E|CS|TAMS 0x000000008e700000, 0x000000008e700000| Complete 
| 232|0x000000008e800000, 0x000000008e900000, 0x000000008e900000|100%| E|CS|TAMS 0x000000008e800000, 0x000000008e800000| Complete 
| 233|0x000000008e900000, 0x000000008ea00000, 0x000000008ea00000|100%| E|CS|TAMS 0x000000008e900000, 0x000000008e900000| Complete 
| 234|0x000000008ea00000, 0x000000008eb00000, 0x000000008eb00000|100%| E|CS|TAMS 0x000000008ea00000, 0x000000008ea00000| Complete 
| 235|0x000000008eb00000, 0x000000008ec00000, 0x000000008ec00000|100%| E|CS|TAMS 0x000000008eb00000, 0x000000008eb00000| Complete 
| 236|0x000000008ec00000, 0x000000008ed00000, 0x000000008ed00000|100%| E|CS|TAMS 0x000000008ec00000, 0x000000008ec00000| Complete 
| 237|0x000000008ed00000, 0x000000008ee00000, 0x000000008ee00000|100%| E|CS|TAMS 0x000000008ed00000, 0x000000008ed00000| Complete 
| 238|0x000000008ee00000, 0x000000008ef00000, 0x000000008ef00000|100%| E|CS|TAMS 0x000000008ee00000, 0x000000008ee00000| Complete 
| 239|0x000000008ef00000, 0x000000008f000000, 0x000000008f000000|100%| E|CS|TAMS 0x000000008ef00000, 0x000000008ef00000| Complete 
| 240|0x000000008f000000, 0x000000008f100000, 0x000000008f100000|100%| E|CS|TAMS 0x000000008f000000, 0x000000008f000000| Complete 
| 241|0x000000008f100000, 0x000000008f200000, 0x000000008f200000|100%| E|CS|TAMS 0x000000008f100000, 0x000000008f100000| Complete 
| 242|0x000000008f200000, 0x000000008f300000, 0x000000008f300000|100%| E|CS|TAMS 0x000000008f200000, 0x000000008f200000| Complete 
| 243|0x000000008f300000, 0x000000008f400000, 0x000000008f400000|100%| E|CS|TAMS 0x000000008f300000, 0x000000008f300000| Complete 
| 244|0x000000008f400000, 0x000000008f500000, 0x000000008f500000|100%| E|CS|TAMS 0x000000008f400000, 0x000000008f400000| Complete 
| 245|0x000000008f500000, 0x000000008f600000, 0x000000008f600000|100%| E|CS|TAMS 0x000000008f500000, 0x000000008f500000| Complete 
| 246|0x000000008f600000, 0x000000008f700000, 0x000000008f700000|100%| E|CS|TAMS 0x000000008f600000, 0x000000008f600000| Complete 
| 247|0x000000008f700000, 0x000000008f800000, 0x000000008f800000|100%| E|CS|TAMS 0x000000008f700000, 0x000000008f700000| Complete 
| 248|0x000000008f800000, 0x000000008f900000, 0x000000008f900000|100%| E|CS|TAMS 0x000000008f800000, 0x000000008f800000| Complete 

Card table byte_map: [0x0000026372500000,0x0000026372900000] _byte_map_base: 0x0000026372100000

Marking Bits (Prev, Next): (CMBitMap*) 0x000002636e2fe4d0, (CMBitMap*) 0x000002636e2fe498
 Prev Bits: [0x0000026374d00000, 0x0000026376d00000)
 Next Bits: [0x0000026372d00000, 0x0000026374d00000)

Polling page: 0x000002636daa0000

Metaspace:

Usage:
  Non-class:     98.26 MB capacity,    96.66 MB ( 98%) used,     1.29 MB (  1%) free+waste,   310.44 KB ( <1%) overhead. 
      Class:     14.73 MB capacity,    13.79 MB ( 94%) used,   831.11 KB (  6%) free+waste,   135.88 KB ( <1%) overhead. 
       Both:    112.99 MB capacity,   110.45 MB ( 98%) used,     2.11 MB (  2%) free+waste,   446.31 KB ( <1%) overhead. 

Virtual space:
  Non-class space:      100.00 MB reserved,      98.50 MB ( 99%) committed 
      Class space:        1.00 GB reserved,      14.75 MB (  1%) committed 
             Both:        1.10 GB reserved,     113.25 MB ( 10%) committed 

Chunk freelists:
   Non-Class:  0 bytes
       Class:  18.00 KB
        Both:  18.00 KB

MaxMetaspaceSize: 17179869184.00 GB
CompressedClassSpaceSize: 1.00 GB
Initial GC threshold: 20.80 MB
Current GC threshold: 174.59 MB
CDS: off

CodeHeap 'non-profiled nmethods': size=120000Kb used=8272Kb max_used=8272Kb free=111727Kb
 bounds [0x0000026307ad0000, 0x00000263082f0000, 0x000002630f000000]
CodeHeap 'profiled nmethods': size=120000Kb used=33788Kb max_used=33788Kb free=86211Kb
 bounds [0x00000263005a0000, 0x00000263026a0000, 0x0000026307ad0000]
CodeHeap 'non-nmethods': size=5760Kb used=2442Kb max_used=2478Kb free=3318Kb
 bounds [0x0000026300000000, 0x0000026300280000, 0x00000263005a0000]
 total_blobs=17378 nmethods=16410 adapters=879
 compilation: enabled
              stopped_count=0, restarted_count=0
 full_count=0

Compilation events (20 events):
Event: 44.652 Thread 0x0000026379762000 nmethod 16879 0x000002630267cb90 code [0x000002630267cd40, 0x000002630267ce38]
Event: 44.656 Thread 0x0000026379762000 16883       3       java.lang.AbstractStringBuilder::append (45 bytes)
Event: 44.656 Thread 0x0000026379762000 nmethod 16883 0x000002630267ce90 code [0x000002630267d0c0, 0x000002630267d5d8]
Event: 44.658 Thread 0x0000026379762000 16886       3       java.lang.invoke.LambdaForm::<init> (115 bytes)
Event: 44.659 Thread 0x0000026379762000 nmethod 16886 0x000002630267d810 code [0x000002630267da20, 0x000002630267e088]
Event: 44.663 Thread 0x0000026379762000 16887       3       com.google.protobuf.CodedOutputStream$ArrayEncoder::writeMessage (12 bytes)
Event: 44.663 Thread 0x0000026379762000 nmethod 16887 0x000002630267e310 code [0x000002630267e520, 0x000002630267e938]
Event: 44.670 Thread 0x0000026379762000 16889       3       java.util.LinkedHashMap::afterNodeRemoval (65 bytes)
Event: 44.671 Thread 0x0000026379762000 nmethod 16889 0x000002630267eb10 code [0x000002630267ece0, 0x000002630267f158]
Event: 44.672 Thread 0x0000026379762000 16890       3       com.android.aaptcompiler.android.ResTableConfig::<init> (363 bytes)
Event: 44.674 Thread 0x0000026379762000 nmethod 16890 0x000002630267f290 code [0x000002630267f4a0, 0x0000026302680348]
Event: 44.679 Thread 0x000002637975f000 16894       4       java.io.FileCleanable::register (49 bytes)
Event: 44.685 Thread 0x000002637975f000 nmethod 16894 0x00000263082e3a90 code [0x00000263082e3c40, 0x00000263082e4048]
Event: 44.685 Thread 0x0000026379762000 16895       3       android.aapt.pb.internal.ResourcesInternal$CompiledFile$Builder::buildPartial (144 bytes)
Event: 44.687 Thread 0x000002637975f000 16896   !   4       com.google.common.cache.LocalCache$Segment::put (439 bytes)
Event: 44.688 Thread 0x0000026379762000 nmethod 16895 0x0000026302680690 code [0x00000263026809c0, 0x00000263026822f8]
Event: 44.746 Thread 0x0000026379762000 16901       3       kotlin.text.StringsKt__StringsKt::substringAfter (81 bytes)
Event: 44.748 Thread 0x0000026379762000 nmethod 16901 0x0000026302682990 code [0x0000026302682d20, 0x0000026302683f68]
Event: 44.765 Thread 0x0000026379762000 16902   !   3       com.android.aaptcompiler.ResourceCompiler::compileXml (552 bytes)
Event: 44.778 Thread 0x0000026379762000 nmethod 16902 0x0000026302684690 code [0x0000026302685280, 0x000002630268b958]

GC Heap History (20 events):
Event: 35.465 GC heap before
{Heap before GC invocations=69 (full 0):
 garbage-first heap   total 211968K, used 148832K [0x0000000080000000, 0x0000000100000000)
  region size 1024K, 44 young (45056K), 2 survivors (2048K)
 Metaspace       used 104504K, capacity 106998K, committed 107264K, reserved 1142784K
  class space    used 13164K, capacity 14052K, committed 14080K, reserved 1048576K
}
Event: 35.468 GC heap after
{Heap after GC invocations=70 (full 0):
 garbage-first heap   total 211968K, used 104935K [0x0000000080000000, 0x0000000100000000)
  region size 1024K, 2 young (2048K), 2 survivors (2048K)
 Metaspace       used 104504K, capacity 106998K, committed 107264K, reserved 1142784K
  class space    used 13164K, capacity 14052K, committed 14080K, reserved 1048576K
}
Event: 35.490 GC heap before
{Heap before GC invocations=70 (full 0):
 garbage-first heap   total 211968K, used 112103K [0x0000000080000000, 0x0000000100000000)
  region size 1024K, 10 young (10240K), 2 survivors (2048K)
 Metaspace       used 104504K, capacity 106998K, committed 107264K, reserved 1142784K
  class space    used 13164K, capacity 14052K, committed 14080K, reserved 1048576K
}
Event: 35.494 GC heap after
{Heap after GC invocations=71 (full 0):
 garbage-first heap   total 211968K, used 96199K [0x0000000080000000, 0x0000000100000000)
  region size 1024K, 2 young (2048K), 2 survivors (2048K)
 Metaspace       used 104504K, capacity 106998K, committed 107264K, reserved 1142784K
  class space    used 13164K, capacity 14052K, committed 14080K, reserved 1048576K
}
Event: 35.680 GC heap before
{Heap before GC invocations=71 (full 0):
 garbage-first heap   total 211968K, used 146375K [0x0000000080000000, 0x0000000100000000)
  region size 1024K, 51 young (52224K), 2 survivors (2048K)
 Metaspace       used 104504K, capacity 106998K, committed 107264K, reserved 1142784K
  class space    used 13164K, capacity 14052K, committed 14080K, reserved 1048576K
}
Event: 35.683 GC heap after
{Heap after GC invocations=72 (full 0):
 garbage-first heap   total 211968K, used 97053K [0x0000000080000000, 0x0000000100000000)
  region size 1024K, 2 young (2048K), 2 survivors (2048K)
 Metaspace       used 104504K, capacity 106998K, committed 107264K, reserved 1142784K
  class space    used 13164K, capacity 14052K, committed 14080K, reserved 1048576K
}
Event: 38.345 GC heap before
{Heap before GC invocations=72 (full 0):
 garbage-first heap   total 211968K, used 153373K [0x0000000080000000, 0x0000000100000000)
  region size 1024K, 55 young (56320K), 2 survivors (2048K)
 Metaspace       used 106270K, capacity 108709K, committed 109056K, reserved 1144832K
  class space    used 13341K, capacity 14223K, committed 14336K, reserved 1048576K
}
Event: 38.351 GC heap after
{Heap after GC invocations=73 (full 0):
 garbage-first heap   total 211968K, used 97303K [0x0000000080000000, 0x0000000100000000)
  region size 1024K, 5 young (5120K), 5 survivors (5120K)
 Metaspace       used 106270K, capacity 108709K, committed 109056K, reserved 1144832K
  class space    used 13341K, capacity 14223K, committed 14336K, reserved 1048576K
}
Event: 39.201 GC heap before
{Heap before GC invocations=73 (full 0):
 garbage-first heap   total 211968K, used 153623K [0x0000000080000000, 0x0000000100000000)
  region size 1024K, 60 young (61440K), 5 survivors (5120K)
 Metaspace       used 109506K, capacity 111994K, committed 112256K, reserved 1146880K
  class space    used 13767K, capacity 14678K, committed 14720K, reserved 1048576K
}
Event: 39.209 GC heap after
{Heap after GC invocations=74 (full 0):
 garbage-first heap   total 211968K, used 97477K [0x0000000080000000, 0x0000000100000000)
  region size 1024K, 5 young (5120K), 5 survivors (5120K)
 Metaspace       used 109506K, capacity 111994K, committed 112256K, reserved 1146880K
  class space    used 13767K, capacity 14678K, committed 14720K, reserved 1048576K
}
Event: 40.359 GC heap before
{Heap before GC invocations=74 (full 0):
 garbage-first heap   total 211968K, used 156869K [0x0000000080000000, 0x0000000100000000)
  region size 1024K, 64 young (65536K), 5 survivors (5120K)
 Metaspace       used 110507K, capacity 113008K, committed 113152K, reserved 1146880K
  class space    used 13849K, capacity 14751K, committed 14848K, reserved 1048576K
}
Event: 40.375 GC heap after
{Heap after GC invocations=75 (full 0):
 garbage-first heap   total 211968K, used 100999K [0x0000000080000000, 0x0000000100000000)
  region size 1024K, 8 young (8192K), 8 survivors (8192K)
 Metaspace       used 110507K, capacity 113008K, committed 113152K, reserved 1146880K
  class space    used 13849K, capacity 14751K, committed 14848K, reserved 1048576K
}
Event: 41.002 GC heap before
{Heap before GC invocations=75 (full 0):
 garbage-first heap   total 211968K, used 161415K [0x0000000080000000, 0x0000000100000000)
  region size 1024K, 68 young (69632K), 8 survivors (8192K)
 Metaspace       used 111461K, capacity 113985K, committed 114304K, reserved 1148928K
  class space    used 13969K, capacity 14882K, committed 14976K, reserved 1048576K
}
Event: 41.021 GC heap after
{Heap after GC invocations=76 (full 0):
 garbage-first heap   total 211968K, used 102198K [0x0000000080000000, 0x0000000100000000)
  region size 1024K, 6 young (6144K), 6 survivors (6144K)
 Metaspace       used 111461K, capacity 113985K, committed 114304K, reserved 1148928K
  class space    used 13969K, capacity 14882K, committed 14976K, reserved 1048576K
}
Event: 41.928 GC heap before
{Heap before GC invocations=76 (full 0):
 garbage-first heap   total 211968K, used 163638K [0x0000000080000000, 0x0000000100000000)
  region size 1024K, 67 young (68608K), 6 survivors (6144K)
 Metaspace       used 111572K, capacity 114068K, committed 114304K, reserved 1148928K
  class space    used 13973K, capacity 14886K, committed 14976K, reserved 1048576K
}
Event: 41.948 GC heap after
{Heap after GC invocations=77 (full 0):
 garbage-first heap   total 211968K, used 107816K [0x0000000080000000, 0x0000000100000000)
  region size 1024K, 7 young (7168K), 7 survivors (7168K)
 Metaspace       used 111572K, capacity 114068K, committed 114304K, reserved 1148928K
  class space    used 13973K, capacity 14886K, committed 14976K, reserved 1048576K
}
Event: 42.513 GC heap before
{Heap before GC invocations=77 (full 0):
 garbage-first heap   total 211968K, used 167208K [0x0000000080000000, 0x0000000100000000)
  region size 1024K, 66 young (67584K), 7 survivors (7168K)
 Metaspace       used 111745K, capacity 114239K, committed 114560K, reserved 1148928K
  class space    used 13996K, capacity 14900K, committed 14976K, reserved 1048576K
}
Event: 42.532 GC heap after
{Heap after GC invocations=78 (full 0):
 garbage-first heap   total 254976K, used 112548K [0x0000000080000000, 0x0000000100000000)
  region size 1024K, 5 young (5120K), 5 survivors (5120K)
 Metaspace       used 111745K, capacity 114239K, committed 114560K, reserved 1148928K
  class space    used 13996K, capacity 14900K, committed 14976K, reserved 1048576K
}
Event: 43.012 GC heap before
{Heap before GC invocations=78 (full 0):
 garbage-first heap   total 254976K, used 188324K [0x0000000080000000, 0x0000000100000000)
  region size 1024K, 80 young (81920K), 5 survivors (5120K)
 Metaspace       used 112118K, capacity 114656K, committed 114816K, reserved 1148928K
  class space    used 14040K, capacity 14947K, committed 14976K, reserved 1048576K
}
Event: 43.021 GC heap after
{Heap after GC invocations=79 (full 0):
 garbage-first heap   total 254976K, used 113375K [0x0000000080000000, 0x0000000100000000)
  region size 1024K, 6 young (6144K), 6 survivors (6144K)
 Metaspace       used 112118K, capacity 114656K, committed 114816K, reserved 1148928K
  class space    used 14040K, capacity 14947K, committed 14976K, reserved 1048576K
}

Deoptimization events (20 events):
Event: 44.365 Thread 0x000002637e09b800 DEOPT PACKING pc=0x0000026301fd5d40 sp=0x000000e4db3fab90
Event: 44.366 Thread 0x000002637e09b800 DEOPT UNPACKING pc=0x000002630004a95e sp=0x000000e4db3fa078 mode 0
Event: 44.393 Thread 0x000002637e09b800 DEOPT PACKING pc=0x0000026301fd5d40 sp=0x000000e4db3fab90
Event: 44.393 Thread 0x000002637e09b800 DEOPT UNPACKING pc=0x000002630004a95e sp=0x000000e4db3fa078 mode 0
Event: 44.421 Thread 0x000002637e09b800 DEOPT PACKING pc=0x0000026301fd5d40 sp=0x000000e4db3fab90
Event: 44.421 Thread 0x000002637e09b800 DEOPT UNPACKING pc=0x000002630004a95e sp=0x000000e4db3fa078 mode 0
Event: 44.450 Thread 0x000002637e09b800 DEOPT PACKING pc=0x0000026301fd5d40 sp=0x000000e4db3fab90
Event: 44.450 Thread 0x000002637e09b800 DEOPT UNPACKING pc=0x000002630004a95e sp=0x000000e4db3fa078 mode 0
Event: 44.484 Thread 0x000002637e09b800 DEOPT PACKING pc=0x0000026301fd5d40 sp=0x000000e4db3fab90
Event: 44.484 Thread 0x000002637e09b800 DEOPT UNPACKING pc=0x000002630004a95e sp=0x000000e4db3fa078 mode 0
Event: 44.518 Thread 0x000002637e09b800 DEOPT PACKING pc=0x0000026301fd5d40 sp=0x000000e4db3fab90
Event: 44.518 Thread 0x000002637e09b800 DEOPT UNPACKING pc=0x000002630004a95e sp=0x000000e4db3fa078 mode 0
Event: 44.653 Thread 0x000002637e3ea800 Uncommon trap: trap_request=0xffffffc6 fr.pc=0x0000026307cec650 relative=0x00000000000008f0
Event: 44.653 Thread 0x000002637e3ea800 Uncommon trap: reason=bimorphic_or_optimized_type_check action=maybe_recompile pc=0x0000026307cec650 method=java.lang.Throwable.<init>(Ljava/lang/String;Ljava/lang/Throwable;)V @ 24 c2
Event: 44.653 Thread 0x000002637e3ea800 DEOPT PACKING pc=0x0000026307cec650 sp=0x000000e4dbbfb160
Event: 44.653 Thread 0x000002637e3ea800 DEOPT UNPACKING pc=0x000002630004a1af sp=0x000000e4dbbfb128 mode 2
Event: 44.659 Thread 0x000002637e3ea800 Uncommon trap: trap_request=0xffffffc6 fr.pc=0x0000026307cec650 relative=0x00000000000008f0
Event: 44.659 Thread 0x000002637e3ea800 Uncommon trap: reason=bimorphic_or_optimized_type_check action=maybe_recompile pc=0x0000026307cec650 method=java.lang.Throwable.<init>(Ljava/lang/String;Ljava/lang/Throwable;)V @ 24 c2
Event: 44.659 Thread 0x000002637e3ea800 DEOPT PACKING pc=0x0000026307cec650 sp=0x000000e4dbbfb190
Event: 44.659 Thread 0x000002637e3ea800 DEOPT UNPACKING pc=0x000002630004a1af sp=0x000000e4dbbfb158 mode 2

Classes redefined (0 events):
No events

Internal exceptions (20 events):
Event: 42.551 Thread 0x000002637b146800 Exception <a 'java/lang/NoSuchMethodError'{0x000000008f45ee80}: <clinit>> (0x000000008f45ee80) thrown at [./src/hotspot/share/prims/jni.cpp, line 1365]
Event: 43.039 Thread 0x000002637e3c3000 Exception <a 'sun/nio/fs/WindowsException'{0x000000008f787830}> (0x000000008f787830) thrown at [./src/hotspot/share/prims/jni.cpp, line 615]
Event: 43.039 Thread 0x000002637e3c3000 Exception <a 'sun/nio/fs/WindowsException'{0x000000008f788970}> (0x000000008f788970) thrown at [./src/hotspot/share/prims/jni.cpp, line 615]
Event: 43.040 Thread 0x000002637e3c3000 Exception <a 'sun/nio/fs/WindowsException'{0x000000008f788c68}> (0x000000008f788c68) thrown at [./src/hotspot/share/prims/jni.cpp, line 615]
Event: 43.056 Thread 0x000002637e3c3000 Exception <a 'sun/nio/fs/WindowsException'{0x000000008f40a9b8}> (0x000000008f40a9b8) thrown at [./src/hotspot/share/prims/jni.cpp, line 615]
Event: 43.056 Thread 0x000002637e3c3000 Exception <a 'sun/nio/fs/WindowsException'{0x000000008f40bac0}> (0x000000008f40bac0) thrown at [./src/hotspot/share/prims/jni.cpp, line 615]
Event: 43.124 Thread 0x000002637ae14000 Exception <a 'java/lang/NoSuchMethodError'{0x000000008f33ccb8}: <clinit>> (0x000000008f33ccb8) thrown at [./src/hotspot/share/prims/jni.cpp, line 1365]
Event: 43.124 Thread 0x000002637ae14000 Exception <a 'java/lang/NoSuchMethodError'{0x000000008f33ed48}: <clinit>> (0x000000008f33ed48) thrown at [./src/hotspot/share/prims/jni.cpp, line 1365]
Event: 43.125 Thread 0x000002637ae14000 Exception <a 'java/lang/NoSuchMethodError'{0x000000008f3423d8}: <clinit>> (0x000000008f3423d8) thrown at [./src/hotspot/share/prims/jni.cpp, line 1365]
Event: 43.128 Thread 0x000002637ae14000 Exception <a 'java/lang/NoSuchMethodError'{0x000000008f367338}: <clinit>> (0x000000008f367338) thrown at [./src/hotspot/share/prims/jni.cpp, line 1365]
Event: 43.128 Thread 0x000002637ae14000 Exception <a 'java/lang/NoSuchMethodError'{0x000000008f369010}: <clinit>> (0x000000008f369010) thrown at [./src/hotspot/share/prims/jni.cpp, line 1365]
Event: 43.256 Thread 0x000002637ae14000 Exception <a 'sun/nio/fs/WindowsException'{0x000000008f2e2470}> (0x000000008f2e2470) thrown at [./src/hotspot/share/prims/jni.cpp, line 615]
Event: 43.264 Thread 0x000002637ae14000 Exception <a 'sun/nio/fs/WindowsException'{0x000000008f2ec3b0}> (0x000000008f2ec3b0) thrown at [./src/hotspot/share/prims/jni.cpp, line 615]
Event: 43.345 Thread 0x000002637ae14000 Exception <a 'sun/nio/fs/WindowsException'{0x000000008f2f31a0}> (0x000000008f2f31a0) thrown at [./src/hotspot/share/prims/jni.cpp, line 615]
Event: 44.650 Thread 0x000002637ec8b000 Exception <a 'java/lang/NoSuchMethodError'{0x000000008c705948}: 'void java.lang.invoke.DirectMethodHandle$Holder.invokeStatic(java.lang.Object, long)'> (0x000000008c705948) thrown at [./src/hotspot/share/interpreter/linkResolver.cpp, line 773]
Event: 44.653 Thread 0x000002637e3ea800 Exception <a 'java/io/IOException'{0x000000008c1aa520}: CreateProcess error=1455, The paging file is too small for this operation to complete> (0x000000008c1aa520) thrown at [./src/hotspot/share/prims/jni.cpp, line 636]
Event: 44.656 Thread 0x000002637ec8b000 Exception <a 'java/lang/NoSuchMethodError'{0x000000008bc32028}: 'java.lang.Object java.lang.invoke.DirectMethodHandle$Holder.invokeStatic(java.lang.Object, long)'> (0x000000008bc32028) thrown at [./src/hotspot/share/interpreter/linkResolver.cpp, line 773]
Event: 44.667 Thread 0x000002637ec8b000 Exception <a 'java/lang/NoSuchMethodError'{0x000000008bc62cd8}: 'java.lang.Object java.lang.invoke.DirectMethodHandle$Holder.invokeStaticInit(java.lang.Object, java.lang.Object, long, java.lang.Object)'> (0x000000008bc62cd8) thrown at [./src/hotspot/share/interpreter/linkResolver.cpp, line 773]
Event: 44.673 Thread 0x000002637ec8b000 Exception <a 'java/lang/NoSuchMethodError'{0x000000008bc6a620}: 'java.lang.Object java.lang.invoke.DirectMethodHandle$Holder.invokeStatic(java.lang.Object, java.lang.Object, long)'> (0x000000008bc6a620) thrown at [./src/hotspot/share/interpreter/linkResolver.cpp, line 773]
Event: 44.676 Thread 0x000002637ec8b000 Exception <a 'java/lang/NoSuchMethodError'{0x000000008bc96240}: 'java.lang.Object java.lang.invoke.Invokers$Holder.linkToTargetMethod(java.lang.Object, long, java.lang.Object)'> (0x000000008bc96240) thrown at [./src/hotspot/share/interpreter/linkResolver.cpp, line 773]

Events (20 events):
Event: 44.658 loading class com/android/builder/internal/aapt/v2/Aapt2InternalException
Event: 44.658 loading class com/android/builder/internal/aapt/v2/Aapt2InternalException done
Event: 44.660 loading class java/lang/ProcessHandleImpl
Event: 44.662 loading class java/lang/ProcessHandleImpl done
Event: 44.679 loading class java/lang/ProcessImpl$2
Event: 44.680 loading class java/lang/ProcessImpl$2 done
Event: 44.680 loading class java/lang/Process$PipeInputStream
Event: 44.682 loading class java/lang/Process$PipeInputStream done
Event: 44.682 loading class com/android/utils/GrabProcessOutput$Wait
Event: 44.682 loading class com/android/utils/GrabProcessOutput$Wait done
Event: 44.683 loading class com/android/utils/GrabProcessOutput
Event: 44.684 loading class com/android/utils/GrabProcessOutput done
Event: 44.685 loading class com/android/utils/GrabProcessOutput$1
Event: 44.685 loading class com/android/utils/GrabProcessOutput$1 done
Event: 44.688 loading class com/android/utils/GrabProcessOutput$2
Event: 44.688 loading class com/android/utils/GrabProcessOutput$2 done
Event: 44.690 Thread 0x0000026311d8e000 Thread added: 0x0000026311d8e000
Event: 44.690 Thread 0x0000026311d88000 Thread added: 0x0000026311d88000
Event: 44.700 loading class com/google/common/util/concurrent/OverflowAvoidingLockSupport
Event: 44.700 loading class com/google/common/util/concurrent/OverflowAvoidingLockSupport done


Dynamic libraries:
0x00007ff66c9e0000 - 0x00007ff66c9ea000 	C:\Program Files\Android\Android Studio\jre\bin\java.exe
0x00007ff910940000 - 0x00007ff910b49000 	C:\WINDOWS\SYSTEM32\ntdll.dll
0x00007ff90efb0000 - 0x00007ff90f06d000 	C:\WINDOWS\System32\KERNEL32.DLL
0x00007ff90e450000 - 0x00007ff90e7c9000 	C:\WINDOWS\System32\KERNELBASE.dll
0x00007ff90e330000 - 0x00007ff90e441000 	C:\WINDOWS\System32\ucrtbase.dll
0x00007ff907ac0000 - 0x00007ff907ad9000 	C:\Program Files\Android\Android Studio\jre\bin\jli.dll
0x00007ff8fe200000 - 0x00007ff8fe217000 	C:\Program Files\Android\Android Studio\jre\bin\VCRUNTIME140.dll
0x00007ff910750000 - 0x00007ff9108fc000 	C:\WINDOWS\System32\USER32.dll
0x00007ff90e190000 - 0x00007ff90e1b6000 	C:\WINDOWS\System32\win32u.dll
0x00007ff8f6de0000 - 0x00007ff8f7085000 	C:\WINDOWS\WinSxS\amd64_microsoft.windows.common-controls_6595b64144ccf1df_6.0.22000.120_none_9d947278b86cc467\COMCTL32.dll
0x00007ff90f070000 - 0x00007ff90f099000 	C:\WINDOWS\System32\GDI32.dll
0x00007ff910430000 - 0x00007ff9104d3000 	C:\WINDOWS\System32\msvcrt.dll
0x00007ff90df50000 - 0x00007ff90e062000 	C:\WINDOWS\System32\gdi32full.dll
0x00007ff90e0f0000 - 0x00007ff90e18d000 	C:\WINDOWS\System32\msvcp_win.dll
0x00007ff90f1d0000 - 0x00007ff90f201000 	C:\WINDOWS\System32\IMM32.DLL
0x00007ff8e7d80000 - 0x00007ff8e7e1d000 	C:\Program Files\Android\Android Studio\jre\bin\msvcp140.dll
0x00007ff88ef10000 - 0x00007ff88f9f5000 	C:\Program Files\Android\Android Studio\jre\bin\server\jvm.dll
0x00007ff90f0a0000 - 0x00007ff90f14e000 	C:\WINDOWS\System32\ADVAPI32.dll
0x00007ff90e7f0000 - 0x00007ff90e88e000 	C:\WINDOWS\System32\sechost.dll
0x00007ff910280000 - 0x00007ff9103a0000 	C:\WINDOWS\System32\RPCRT4.dll
0x00007ff90ec20000 - 0x00007ff90ec28000 	C:\WINDOWS\System32\PSAPI.DLL
0x00007ff9079f0000 - 0x00007ff907a23000 	C:\WINDOWS\SYSTEM32\WINMM.dll
0x00007ff8f6d90000 - 0x00007ff8f6d99000 	C:\WINDOWS\SYSTEM32\WSOCK32.dll
0x00007ff90f210000 - 0x00007ff90f27f000 	C:\WINDOWS\System32\WS2_32.dll
0x00007ff9064d0000 - 0x00007ff9064da000 	C:\WINDOWS\SYSTEM32\VERSION.dll
0x00007ff90cf90000 - 0x00007ff90cfa8000 	C:\WINDOWS\SYSTEM32\kernel.appcore.dll
0x00007ff8e9f60000 - 0x00007ff8e9f71000 	C:\Program Files\Android\Android Studio\jre\bin\verify.dll
0x00007ff90b830000 - 0x00007ff90ba51000 	C:\WINDOWS\SYSTEM32\DBGHELP.DLL
0x00007ff8f7160000 - 0x00007ff8f7191000 	C:\WINDOWS\SYSTEM32\dbgcore.DLL
0x00007ff90e070000 - 0x00007ff90e0ef000 	C:\WINDOWS\System32\bcryptPrimitives.dll
0x00007ff8e8340000 - 0x00007ff8e8369000 	C:\Program Files\Android\Android Studio\jre\bin\java.dll
0x00007ff8f6d80000 - 0x00007ff8f6d8b000 	C:\Program Files\Android\Android Studio\jre\bin\jimage.dll
0x00007ff8e8320000 - 0x00007ff8e8338000 	C:\Program Files\Android\Android Studio\jre\bin\zip.dll
0x00007ff90f9a0000 - 0x00007ff910158000 	C:\WINDOWS\System32\SHELL32.dll
0x00007ff90bf90000 - 0x00007ff90c7f8000 	C:\WINDOWS\SYSTEM32\windows.storage.dll
0x00007ff90ec30000 - 0x00007ff90efa9000 	C:\WINDOWS\System32\combase.dll
0x00007ff90be20000 - 0x00007ff90bf86000 	C:\WINDOWS\SYSTEM32\wintypes.dll
0x00007ff90f8b0000 - 0x00007ff90f99a000 	C:\WINDOWS\System32\SHCORE.dll
0x00007ff90e890000 - 0x00007ff90e8ed000 	C:\WINDOWS\System32\shlwapi.dll
0x00007ff90dd50000 - 0x00007ff90dd71000 	C:\WINDOWS\SYSTEM32\profapi.dll
0x00007ff8e8300000 - 0x00007ff8e831a000 	C:\Program Files\Android\Android Studio\jre\bin\net.dll
0x00007ff906860000 - 0x00007ff90696c000 	C:\WINDOWS\SYSTEM32\WINHTTP.dll
0x00007ff90d3f0000 - 0x00007ff90d457000 	C:\WINDOWS\system32\mswsock.dll
0x00007ff8e8120000 - 0x00007ff8e8134000 	C:\Program Files\Android\Android Studio\jre\bin\nio.dll
0x00007ff8f3770000 - 0x00007ff8f3797000 	C:\Users\asus\.gradle\native\e1d6ef7f7dcc3fd88c89a11ec53ec762bb8ba0a96d01ffa2cd45eb1d1d8dd5c5\windows-amd64\native-platform.dll
0x00007ff8d6b20000 - 0x00007ff8d6c64000 	C:\Users\asus\.gradle\native\5664cfc778a61ccfe75a443a1ab52a65af34e5dc3c78e0209fed803814484fcb\windows-amd64\native-platform-file-events.dll
0x00007ff8e9f50000 - 0x00007ff8e9f5a000 	C:\Program Files\Android\Android Studio\jre\bin\management.dll
0x00007ff8e8110000 - 0x00007ff8e811d000 	C:\Program Files\Android\Android Studio\jre\bin\management_ext.dll
0x00007ff90d690000 - 0x00007ff90d6a8000 	C:\WINDOWS\SYSTEM32\CRYPTSP.dll
0x00007ff90cef0000 - 0x00007ff90cf25000 	C:\WINDOWS\system32\rsaenh.dll
0x00007ff90d530000 - 0x00007ff90d559000 	C:\WINDOWS\SYSTEM32\USERENV.dll
0x00007ff90d800000 - 0x00007ff90d827000 	C:\WINDOWS\SYSTEM32\bcrypt.dll
0x00007ff90d680000 - 0x00007ff90d68c000 	C:\WINDOWS\SYSTEM32\CRYPTBASE.dll
0x00007ff90cac0000 - 0x00007ff90caed000 	C:\WINDOWS\SYSTEM32\IPHLPAPI.DLL
0x00007ff90f1c0000 - 0x00007ff90f1c9000 	C:\WINDOWS\System32\NSI.dll
0x00007ff906840000 - 0x00007ff906859000 	C:\WINDOWS\SYSTEM32\dhcpcsvc6.DLL
0x00007ff907480000 - 0x00007ff90749e000 	C:\WINDOWS\SYSTEM32\dhcpcsvc.DLL
0x00007ff90caf0000 - 0x00007ff90cbd8000 	C:\WINDOWS\SYSTEM32\DNSAPI.dll
0x00007ff8e82a0000 - 0x00007ff8e82c7000 	C:\Program Files\Android\Android Studio\jre\bin\sunec.dll
0x0000000063560000 - 0x0000000063569000 	C:\Program Files\National Instruments\Shared\mDNS Responder\nimdnsNSP.dll
0x0000000063550000 - 0x000000006355e000 	C:\WINDOWS\SYSTEM32\nimdnsResponder.dll
0x00000000537b0000 - 0x0000000053853000 	C:\WINDOWS\WinSxS\amd64_microsoft.vc90.crt_1fc8b3b9a1e18e3b_9.0.30729.9635_none_08e2c157a83ed5da\MSVCR90.dll
0x00007ff9064c0000 - 0x00007ff9064ca000 	C:\Windows\System32\rasadhlp.dll
0x00007ff905e90000 - 0x00007ff905f11000 	C:\WINDOWS\System32\fwpuclnt.dll
0x00007ff90b2d0000 - 0x00007ff90b304000 	C:\WINDOWS\SYSTEM32\ntmarta.dll
0x00007ff90aec0000 - 0x00007ff90af51000 	C:\WINDOWS\system32\apphelp.dll

dbghelp: loaded successfully - version: 4.0.5 - missing functions: none
symbol engine: initialized successfully - sym options: 0x614 - pdb path: .;C:\Program Files\Android\Android Studio\jre\bin;C:\WINDOWS\SYSTEM32;C:\WINDOWS\WinSxS\amd64_microsoft.windows.common-controls_6595b64144ccf1df_6.0.22000.120_none_9d947278b86cc467;C:\Program Files\Android\Android Studio\jre\bin\server;C:\Users\asus\.gradle\native\e1d6ef7f7dcc3fd88c89a11ec53ec762bb8ba0a96d01ffa2cd45eb1d1d8dd5c5\windows-amd64;C:\Users\asus\.gradle\native\5664cfc778a61ccfe75a443a1ab52a65af34e5dc3c78e0209fed803814484fcb\windows-amd64;C:\Program Files\National Instruments\Shared\mDNS Responder;C:\WINDOWS\WinSxS\amd64_microsoft.vc90.crt_1fc8b3b9a1e18e3b_9.0.30729.9635_none_08e2c157a83ed5da

VM Arguments:
jvm_args: --add-opens=java.base/java.util=ALL-UNNAMED --add-opens=java.base/java.lang=ALL-UNNAMED --add-opens=java.base/java.lang.invoke=ALL-UNNAMED --add-opens=java.base/java.util=ALL-UNNAMED --add-opens=java.prefs/java.util.prefs=ALL-UNNAMED --add-opens=java.prefs/java.util.prefs=ALL-UNNAMED --add-opens=java.base/java.nio.charset=ALL-UNNAMED --add-opens=java.base/java.net=ALL-UNNAMED --add-opens=java.base/java.util.concurrent.atomic=ALL-UNNAMED -Xmx2048m -Dfile.encoding=UTF-8 -Duser.country=US -Duser.language=en -Duser.variant 
java_command: org.gradle.launcher.daemon.bootstrap.GradleDaemon 7.3.3
java_class_path (initial): C:\Users\asus\.gradle\wrapper\dists\gradle-7.3.3-bin\6a41zxkdtcxs8rphpq6y0069z\gradle-7.3.3\lib\gradle-launcher-7.3.3.jar
Launcher Type: SUN_STANDARD

[Global flags]
     intx CICompilerCount                          = 4                                         {product} {ergonomic}
     uint ConcGCThreads                            = 2                                         {product} {ergonomic}
     uint G1ConcRefinementThreads                  = 8                                         {product} {ergonomic}
   size_t G1HeapRegionSize                         = 1048576                                   {product} {ergonomic}
    uintx GCDrainStackTargetSize                   = 64                                        {product} {ergonomic}
   size_t InitialHeapSize                          = 58720256                                  {product} {ergonomic}
   size_t MarkStackSize                            = 4194304                                   {product} {ergonomic}
   size_t MaxHeapSize                              = 2147483648                                {product} {command line}
   size_t MaxNewSize                               = 1287651328                                {product} {ergonomic}
   size_t MinHeapDeltaBytes                        = 1048576                                   {product} {ergonomic}
    uintx NonNMethodCodeHeapSize                   = 5836300                                {pd product} {ergonomic}
    uintx NonProfiledCodeHeapSize                  = 122910970                              {pd product} {ergonomic}
    uintx ProfiledCodeHeapSize                     = 122910970                              {pd product} {ergonomic}
    uintx ReservedCodeCacheSize                    = 251658240                              {pd product} {ergonomic}
     bool SegmentedCodeCache                       = true                                      {product} {ergonomic}
     bool UseCompressedClassPointers               = true                                 {lp64_product} {ergonomic}
     bool UseCompressedOops                        = true                                 {lp64_product} {ergonomic}
     bool UseG1GC                                  = true                                      {product} {ergonomic}
     bool UseLargePagesIndividualAllocation        = false                                  {pd product} {ergonomic}

Logging:
Log output configuration:
 #0: stdout all=warning uptime,level,tags
 #1: stderr all=off uptime,level,tags

Environment Variables:
PATH=C:\Program Files\Common Files\Oracle\Java\javapath;C:\Windows\system32;C:\Windows;C:\Windows\System32\Wbem;C:\Windows\System32\WindowsPowerShell\v1.0\;C:\Windows\System32\OpenSSH\;C:\Program Files (x86)\NVIDIA Corporation\PhysX\Common;C:\Program Files\NVIDIA Corporation\NVIDIA NvDLISR;C:\Program Files (x86)\mingw-w64\i686-8.1.0-posix-dwarf-rt_v6-rev0\mingw32\bin;C:\WINDOWS\system32;C:\WINDOWS;C:\WINDOWS\System32\Wbem;C:\WINDOWS\System32\WindowsPowerShell\v1.0\;C:\WINDOWS\System32\OpenSSH\;C:\Program Files\dotnet\;C:\Program Files\Microsoft SQL Server\130\Tools\Binn\;C:\Program Files\Microsoft SQL Server\Client SDK\ODBC\170\Tools\Binn\;C:\Program Files\Java\jdk-17.0.2\bin;C:\Users\asus\Documents\openssl-0.9.8k_X64 (1)\bin;C:\Users\asus\AppData\Local\Microsoft\WindowsApps;C:\Program Files\mingw-w64\x86_64-8.1.0-posix-seh-rt_v6-rev0\mingw64\bin;C:\Users\asus\.dotnet\tools;C:\Program Files\Java\jdk-17.0.2\bin;;C:\Program Files\JetBrains\IntelliJ IDEA Community Edition 2021.3.3\bin;
USERNAME=asus
OS=Windows_NT
PROCESSOR_IDENTIFIER=AMD64 Family 23 Model 24 Stepping 1, AuthenticAMD



---------------  S Y S T E M  ---------------

OS: Windows 10 , 64 bit Build 22000 (10.0.22000.708)
OS uptime: 0 days 0:30 hours

CPU:total 8 (initial active 8) (8 cores per cpu, 2 threads per core) family 23 model 24 stepping 1 microcode 0x0, cmov, cx8, fxsr, mmx, sse, sse2, sse3, ssse3, sse4.1, sse4.2, popcnt, avx, avx2, aes, clmul, mmxext, 3dnowpref, lzcnt, sse4a, ht, tsc, tscinvbit, tscinv, bmi1, bmi2, adx, sha, fma

Memory: 4k page, system-wide physical 3531M (192M free)
TotalPageFile size 10699M (AvailPageFile size 0M)
current process WorkingSet (physical memory assigned to process): 362M, peak: 403M
current process commit charge ("private bytes"): 590M, peak: 593M

vm_info: OpenJDK 64-Bit Server VM (11.0.12+7-b1504.28-7817840) for windows-amd64 JRE (11.0.12+7-b1504.28-7817840), built on Oct 13 2021 22:12:33 by "builder" with MS VC++ 14.0 (VS2015)

END.
