#
# There is insufficient memory for the Java Runtime Environment to continue.
# Native memory allocation (malloc) failed to allocate 1564016 bytes for Chunk::new
# Possible reasons:
#   The system is out of physical RAM or swap space
#   The process is running with CompressedOops enabled, and the Java Heap may be blocking the growth of the native heap
# Possible solutions:
#   Reduce memory load on the system
#   Increase physical memory or swap space
#   Check if swap backing store is full
#   Decrease Java heap size (-Xmx/-Xms)
#   Decrease number of Java threads
#   Decrease Java thread stack sizes (-Xss)
#   Set larger code cache with -XX:ReservedCodeCacheSize=
#   JVM is running with Unscaled Compressed Oops mode in which the Java heap is
#     placed in the first 4GB address space. The Java Heap base address is the
#     maximum limit for the native heap growth. Please use -XX:HeapBaseMinAddress
#     to set the Java Heap base and to place the Java Heap above 4GB virtual address.
# This output file may be truncated or incomplete.
#
#  Out of Memory Error (./src/hotspot/share/memory/arena.cpp:197), pid=13308, tid=12988
#
# JRE version: OpenJDK Runtime Environment (11.0.12+7) (build 11.0.12+7-b1504.28-7817840)
# Java VM: OpenJDK 64-Bit Server VM (11.0.12+7-b1504.28-7817840, mixed mode, tiered, compressed oops, g1 gc, windows-amd64)
# No core dump will be written. Minidumps are not enabled by default on client versions of Windows
#

---------------  S U M M A R Y ------------

Command Line: --add-opens=java.base/java.util=ALL-UNNAMED --add-opens=java.base/java.lang=ALL-UNNAMED --add-opens=java.base/java.lang.invoke=ALL-UNNAMED --add-opens=java.base/java.util=ALL-UNNAMED --add-opens=java.prefs/java.util.prefs=ALL-UNNAMED --add-opens=java.prefs/java.util.prefs=ALL-UNNAMED --add-opens=java.base/java.nio.charset=ALL-UNNAMED --add-opens=java.base/java.net=ALL-UNNAMED --add-opens=java.base/java.util.concurrent.atomic=ALL-UNNAMED -Xmx2048m -Dfile.encoding=UTF-8 -Duser.country=US -Duser.language=en -Duser.variant org.gradle.launcher.daemon.bootstrap.GradleDaemon 7.3.3

Host: AMD Ryzen 5 3500U with Radeon Vega Mobile Gfx  , 8 cores, 3G,  Windows 10 , 64 bit Build 22000 (10.0.22000.708)
Time: Thu Jul 21 00:11:02 2022 SE Asia Standard Time elapsed time: 19.017447 seconds (0d 0h 0m 19s)

---------------  T H R E A D  ---------------

Current thread (0x0000026d7ab4d800):  JavaThread "C2 CompilerThread0" daemon [_thread_in_native, id=12988, stack(0x000000936aa00000,0x000000936ab00000)]


Current CompileTask:
C2:  19017 5926       4       java.util.Arrays::binarySearch0 (95 bytes)

Stack: [0x000000936aa00000,0x000000936ab00000]
Native frames: (J=compiled Java code, j=interpreted, Vv=VM code, C=native code)
V  [jvm.dll+0x5fbcea]
V  [jvm.dll+0x731905]
V  [jvm.dll+0x732f1d]
V  [jvm.dll+0x7335d3]
V  [jvm.dll+0x247bf8]
V  [jvm.dll+0xc018c]
V  [jvm.dll+0xc06cc]
V  [jvm.dll+0x35b31d]
V  [jvm.dll+0x19cebc]
V  [jvm.dll+0x20070e]
V  [jvm.dll+0x1ff794]
V  [jvm.dll+0x18868c]
V  [jvm.dll+0x20e0d7]
V  [jvm.dll+0x20c901]
V  [jvm.dll+0x6f9b7f]
V  [jvm.dll+0x6f26a5]
V  [jvm.dll+0x5fabf6]
C  [ucrtbase.dll+0x26c0c]
C  [KERNEL32.DLL+0x154e0]
C  [ntdll.dll+0x485b]


---------------  P R O C E S S  ---------------

Threads class SMR info:
_java_thread_list=0x0000026d104cec50, length=122, elements={
0x0000026d6cd9f800, 0x0000026d7a1be800, 0x0000026d7a1c9800, 0x0000026d7ab42800,
0x0000026d7ab43800, 0x0000026d7ab44800, 0x0000026d7ab4d800, 0x0000026d7a238000,
0x0000026d7a23d800, 0x0000026d7ac93000, 0x0000026d7c6a9800, 0x0000026d7b7e1000,
0x0000026d7bc3b000, 0x0000026d7c940000, 0x0000026d7bb6e000, 0x0000026d7bd60800,
0x0000026d7bd61800, 0x0000026d7d0d7800, 0x0000026d7cf11000, 0x0000026d7cb18800,
0x0000026d7cb19800, 0x0000026d7cb1a000, 0x0000026d7cb17800, 0x0000026d7cb1b000,
0x0000026d7cb15800, 0x0000026d7cb1c000, 0x0000026d7cb16000, 0x0000026d7cb17000,
0x0000026d7c682000, 0x0000026d7c680800, 0x0000026d7c684800, 0x0000026d7c685800,
0x0000026d7c68b000, 0x0000026d7c68c000, 0x0000026d7c688800, 0x0000026d7c686000,
0x0000026d7c688000, 0x0000026d7c689800, 0x0000026d7c68c800, 0x0000026d7c687000,
0x0000026d7c68d800, 0x0000026d7c68e800, 0x0000026d7b213000, 0x0000026d7b214000,
0x0000026d7b214800, 0x0000026d7b215800, 0x0000026d7b20f800, 0x0000026d7b216800,
0x0000026d7b211800, 0x0000026d7b210800, 0x0000026d7b217000, 0x0000026d7b218000,
0x0000026d7b212000, 0x0000026d7b21d800, 0x0000026d7b21d000, 0x0000026d7b21e800,
0x0000026d7b218800, 0x0000026d7b219800, 0x0000026d7b21a800, 0x0000026d7b21b000,
0x0000026d7b21c000, 0x0000026d7d284000, 0x0000026d7d283800, 0x0000026d7d281800,
0x0000026d7d280000, 0x0000026d7d27f800, 0x0000026d7d27e800, 0x0000026d7d282800,
0x0000026d7d285000, 0x0000026d7d286000, 0x0000026d7d286800, 0x0000026d7d281000,
0x0000026d7d28c800, 0x0000026d7d28a000, 0x0000026d7d28a800, 0x0000026d7d28d000,
0x0000026d7d28b800, 0x0000026d7d287800, 0x0000026d7d288000, 0x0000026d7d289000,
0x0000026d0fd59800, 0x0000026d0fd5a800, 0x0000026d0fd58000, 0x0000026d0fd56800,
0x0000026d0fd5b000, 0x0000026d0fd57000, 0x0000026d0fd55800, 0x0000026d0fd5c000,
0x0000026d0fd5d000, 0x0000026d0fd5e800, 0x0000026d0fd5d800, 0x0000026d0fd59000,
0x0000026d0fd61000, 0x0000026d0fd61800, 0x0000026d0fd64000, 0x0000026d0fd60000,
0x0000026d0fd5f800, 0x0000026d0fd62800, 0x0000026d0fd63800, 0x0000026d7ee62800,
0x0000026d7ee62000, 0x0000026d7ee5f800, 0x0000026d7ee61000, 0x0000026d7ee5d000,
0x0000026d7ee63800, 0x0000026d7ee60000, 0x0000026d7ee5d800, 0x0000026d7ee64000,
0x0000026d7ee5e800, 0x0000026d7ee66000, 0x0000026d7ee69000, 0x0000026d7ee66800,
0x0000026d7ee67800, 0x0000026d7ee6b000, 0x0000026d7ee68800, 0x0000026d7ee65000,
0x0000026d7ee6a000, 0x0000026d7ee6b800, 0x0000026d7d7fb800, 0x0000026d7d7fb000,
0x0000026d7d7fe000, 0x0000026d7d7fc800
}

Java Threads: ( => current thread )
  0x0000026d6cd9f800 JavaThread "main" [_thread_blocked, id=5640, stack(0x0000009369e00000,0x0000009369f00000)]
  0x0000026d7a1be800 JavaThread "Reference Handler" daemon [_thread_blocked, id=9292, stack(0x000000936a500000,0x000000936a600000)]
  0x0000026d7a1c9800 JavaThread "Finalizer" daemon [_thread_blocked, id=6388, stack(0x000000936a600000,0x000000936a700000)]
  0x0000026d7ab42800 JavaThread "Signal Dispatcher" daemon [_thread_blocked, id=17220, stack(0x000000936a700000,0x000000936a800000)]
  0x0000026d7ab43800 JavaThread "Attach Listener" daemon [_thread_blocked, id=8144, stack(0x000000936a800000,0x000000936a900000)]
  0x0000026d7ab44800 JavaThread "Service Thread" daemon [_thread_blocked, id=14440, stack(0x000000936a900000,0x000000936aa00000)]
=>0x0000026d7ab4d800 JavaThread "C2 CompilerThread0" daemon [_thread_in_native, id=12988, stack(0x000000936aa00000,0x000000936ab00000)]
  0x0000026d7a238000 JavaThread "C1 CompilerThread0" daemon [_thread_blocked, id=13436, stack(0x000000936ab00000,0x000000936ac00000)]
  0x0000026d7a23d800 JavaThread "Sweeper thread" daemon [_thread_blocked, id=11008, stack(0x000000936ac00000,0x000000936ad00000)]
  0x0000026d7ac93000 JavaThread "Common-Cleaner" daemon [_thread_blocked, id=5944, stack(0x000000936ad00000,0x000000936ae00000)]
  0x0000026d7c6a9800 JavaThread "Daemon health stats" [_thread_blocked, id=16428, stack(0x000000936b000000,0x000000936b100000)]
  0x0000026d7b7e1000 JavaThread "Incoming local TCP Connector on port 49981" [_thread_in_native, id=4440, stack(0x000000936b100000,0x000000936b200000)]
  0x0000026d7bc3b000 JavaThread "Daemon periodic checks" [_thread_blocked, id=14628, stack(0x000000936b200000,0x000000936b300000)]
  0x0000026d7c940000 JavaThread "Daemon" [_thread_blocked, id=12284, stack(0x000000936b300000,0x000000936b400000)]
  0x0000026d7bb6e000 JavaThread "Handler for socket connection from /127.0.0.1:49981 to /127.0.0.1:49982" [_thread_in_native, id=1948, stack(0x000000936b400000,0x000000936b500000)]
  0x0000026d7bd60800 JavaThread "Cancel handler" [_thread_blocked, id=5652, stack(0x000000936b500000,0x000000936b600000)]
  0x0000026d7bd61800 JavaThread "Daemon worker" [_thread_in_native, id=7052, stack(0x000000936b600000,0x000000936b700000)]
  0x0000026d7d0d7800 JavaThread "Asynchronous log dispatcher for DefaultDaemonConnection: socket connection from /127.0.0.1:49981 to /127.0.0.1:49982" [_thread_blocked, id=9320, stack(0x000000936bd00000,0x000000936be00000)]
  0x0000026d7cf11000 JavaThread "Stdin handler" [_thread_blocked, id=2176, stack(0x000000936be00000,0x000000936bf00000)]
  0x0000026d7cb18800 JavaThread "Daemon client event forwarder" [_thread_blocked, id=14540, stack(0x000000936bf00000,0x000000936c000000)]
  0x0000026d7cb19800 JavaThread "Cache worker for journal cache (C:\Users\asus\.gradle\caches\journal-1)" [_thread_blocked, id=10980, stack(0x000000936c000000,0x000000936c100000)]
  0x0000026d7cb1a000 JavaThread "File lock request listener" [_thread_in_native, id=16532, stack(0x000000936c100000,0x000000936c200000)]
  0x0000026d7cb17800 JavaThread "Cache worker for file hash cache (C:\Users\asus\.gradle\caches\7.3.3\fileHashes)" [_thread_blocked, id=12188, stack(0x000000936c200000,0x000000936c300000)]
  0x0000026d7cb1b000 JavaThread "Cache worker for file hash cache (C:\Users\asus\AndroidStudioProjects\UnicornRace\.gradle\7.3.3\fileHashes)" [_thread_blocked, id=4680, stack(0x000000936c400000,0x000000936c500000)]
  0x0000026d7cb15800 JavaThread "File watcher server" daemon [_thread_in_native, id=7560, stack(0x000000936c500000,0x000000936c600000)]
  0x0000026d7cb1c000 JavaThread "File watcher consumer" daemon [_thread_blocked, id=14292, stack(0x000000936c600000,0x000000936c700000)]
  0x0000026d7cb16000 JavaThread "Cache worker for checksums cache (C:\Users\asus\AndroidStudioProjects\UnicornRace\.gradle\7.3.3\checksums)" [_thread_blocked, id=14636, stack(0x000000936c700000,0x000000936c800000)]
  0x0000026d7cb17000 JavaThread "Cache worker for cache directory md-supplier (C:\Users\asus\.gradle\caches\7.3.3\md-supplier)" [_thread_blocked, id=10292, stack(0x000000936c800000,0x000000936c900000)]
  0x0000026d7c682000 JavaThread "Cache worker for cache directory md-rule (C:\Users\asus\.gradle\caches\7.3.3\md-rule)" [_thread_blocked, id=7416, stack(0x000000936c900000,0x000000936ca00000)]
  0x0000026d7c680800 JavaThread "Cache worker for execution history cache (C:\Users\asus\.gradle\caches\7.3.3\executionHistory)" [_thread_blocked, id=11152, stack(0x000000936ca00000,0x000000936cb00000)]
  0x0000026d7c684800 JavaThread "jar transforms" [_thread_blocked, id=10420, stack(0x000000936cb00000,0x000000936cc00000)]
  0x0000026d7c685800 JavaThread "Cache worker for file content cache (C:\Users\asus\.gradle\caches\7.3.3\fileContent)" [_thread_blocked, id=10408, stack(0x000000936cc00000,0x000000936cd00000)]
  0x0000026d7c68b000 JavaThread "jar transforms Thread 2" [_thread_blocked, id=3804, stack(0x000000936cd00000,0x000000936ce00000)]
  0x0000026d7c68c000 JavaThread "Cache worker for dependencies-accessors (C:\Users\asus\AndroidStudioProjects\UnicornRace\.gradle\7.3.3\dependencies-accessors)" [_thread_blocked, id=5572, stack(0x000000936ce00000,0x000000936cf00000)]
  0x0000026d7c688800 JavaThread "jar transforms Thread 3" [_thread_blocked, id=15696, stack(0x000000936cf00000,0x000000936d000000)]
  0x0000026d7c686000 JavaThread "Cache worker for Build Output Cleanup Cache (C:\Users\asus\AndroidStudioProjects\UnicornRace\.gradle\buildOutputCleanup)" [_thread_blocked, id=13840, stack(0x000000936d000000,0x000000936d100000)]
  0x0000026d7c688000 JavaThread "Unconstrained build operations" [_thread_blocked, id=4152, stack(0x000000936d100000,0x000000936d200000)]
  0x0000026d7c689800 JavaThread "Unconstrained build operations Thread 2" [_thread_blocked, id=8844, stack(0x000000936d200000,0x000000936d300000)]
  0x0000026d7c68c800 JavaThread "Unconstrained build operations Thread 3" [_thread_blocked, id=7088, stack(0x000000936d300000,0x000000936d400000)]
  0x0000026d7c687000 JavaThread "Unconstrained build operations Thread 4" [_thread_blocked, id=15732, stack(0x000000936d400000,0x000000936d500000)]
  0x0000026d7c68d800 JavaThread "Unconstrained build operations Thread 5" [_thread_blocked, id=16276, stack(0x000000936d500000,0x000000936d600000)]
  0x0000026d7c68e800 JavaThread "Unconstrained build operations Thread 6" [_thread_blocked, id=3188, stack(0x000000936d600000,0x000000936d700000)]
  0x0000026d7b213000 JavaThread "Unconstrained build operations Thread 7" [_thread_blocked, id=4356, stack(0x000000936d700000,0x000000936d800000)]
  0x0000026d7b214000 JavaThread "Unconstrained build operations Thread 8" [_thread_blocked, id=9208, stack(0x000000936d800000,0x000000936d900000)]
  0x0000026d7b214800 JavaThread "Unconstrained build operations Thread 9" [_thread_blocked, id=15660, stack(0x000000936d900000,0x000000936da00000)]
  0x0000026d7b215800 JavaThread "Unconstrained build operations Thread 10" [_thread_blocked, id=13016, stack(0x000000936da00000,0x000000936db00000)]
  0x0000026d7b20f800 JavaThread "Unconstrained build operations Thread 11" [_thread_blocked, id=5612, stack(0x000000936db00000,0x000000936dc00000)]
  0x0000026d7b216800 JavaThread "Unconstrained build operations Thread 12" [_thread_blocked, id=12084, stack(0x000000936dc00000,0x000000936dd00000)]
  0x0000026d7b211800 JavaThread "Unconstrained build operations Thread 13" [_thread_blocked, id=12700, stack(0x000000936dd00000,0x000000936de00000)]
  0x0000026d7b210800 JavaThread "Unconstrained build operations Thread 14" [_thread_blocked, id=5248, stack(0x000000936de00000,0x000000936df00000)]
  0x0000026d7b217000 JavaThread "Unconstrained build operations Thread 15" [_thread_blocked, id=13028, stack(0x000000936df00000,0x000000936e000000)]
  0x0000026d7b218000 JavaThread "Unconstrained build operations Thread 16" [_thread_blocked, id=14100, stack(0x000000936e000000,0x000000936e100000)]
  0x0000026d7b212000 JavaThread "Unconstrained build operations Thread 17" [_thread_blocked, id=10472, stack(0x000000936e100000,0x000000936e200000)]
  0x0000026d7b21d800 JavaThread "Unconstrained build operations Thread 18" [_thread_blocked, id=11796, stack(0x000000936e200000,0x000000936e300000)]
  0x0000026d7b21d000 JavaThread "Unconstrained build operations Thread 19" [_thread_blocked, id=16540, stack(0x000000936e300000,0x000000936e400000)]
  0x0000026d7b21e800 JavaThread "Unconstrained build operations Thread 20" [_thread_blocked, id=1324, stack(0x000000936e400000,0x000000936e500000)]
  0x0000026d7b218800 JavaThread "Unconstrained build operations Thread 21" [_thread_blocked, id=15848, stack(0x000000936e500000,0x000000936e600000)]
  0x0000026d7b219800 JavaThread "Unconstrained build operations Thread 22" [_thread_blocked, id=1672, stack(0x000000936e600000,0x000000936e700000)]
  0x0000026d7b21a800 JavaThread "Unconstrained build operations Thread 23" [_thread_blocked, id=3936, stack(0x000000936e700000,0x000000936e800000)]
  0x0000026d7b21b000 JavaThread "Unconstrained build operations Thread 24" [_thread_blocked, id=13660, stack(0x000000936e800000,0x000000936e900000)]
  0x0000026d7b21c000 JavaThread "Unconstrained build operations Thread 25" [_thread_blocked, id=3560, stack(0x000000936e900000,0x000000936ea00000)]
  0x0000026d7d284000 JavaThread "Unconstrained build operations Thread 26" [_thread_blocked, id=3528, stack(0x000000936ea00000,0x000000936eb00000)]
  0x0000026d7d283800 JavaThread "Unconstrained build operations Thread 27" [_thread_blocked, id=7592, stack(0x000000936eb00000,0x000000936ec00000)]
  0x0000026d7d281800 JavaThread "Unconstrained build operations Thread 28" [_thread_blocked, id=5940, stack(0x000000936ec00000,0x000000936ed00000)]
  0x0000026d7d280000 JavaThread "Unconstrained build operations Thread 29" [_thread_blocked, id=14264, stack(0x000000936ed00000,0x000000936ee00000)]
  0x0000026d7d27f800 JavaThread "Unconstrained build operations Thread 30" [_thread_blocked, id=14260, stack(0x000000936ee00000,0x000000936ef00000)]
  0x0000026d7d27e800 JavaThread "Unconstrained build operations Thread 31" [_thread_blocked, id=10972, stack(0x000000936ef00000,0x000000936f000000)]
  0x0000026d7d282800 JavaThread "Unconstrained build operations Thread 32" [_thread_blocked, id=2528, stack(0x000000936f000000,0x000000936f100000)]
  0x0000026d7d285000 JavaThread "Unconstrained build operations Thread 33" [_thread_blocked, id=1164, stack(0x000000936f100000,0x000000936f200000)]
  0x0000026d7d286000 JavaThread "Unconstrained build operations Thread 34" [_thread_blocked, id=3708, stack(0x000000936f200000,0x000000936f300000)]
  0x0000026d7d286800 JavaThread "Unconstrained build operations Thread 35" [_thread_blocked, id=11164, stack(0x000000936f300000,0x000000936f400000)]
  0x0000026d7d281000 JavaThread "Unconstrained build operations Thread 36" [_thread_blocked, id=10992, stack(0x000000936f400000,0x000000936f500000)]
  0x0000026d7d28c800 JavaThread "Unconstrained build operations Thread 37" [_thread_blocked, id=15500, stack(0x000000936f500000,0x000000936f600000)]
  0x0000026d7d28a000 JavaThread "Unconstrained build operations Thread 38" [_thread_blocked, id=11000, stack(0x000000936f600000,0x000000936f700000)]
  0x0000026d7d28a800 JavaThread "Unconstrained build operations Thread 39" [_thread_blocked, id=10124, stack(0x000000936f700000,0x000000936f800000)]
  0x0000026d7d28d000 JavaThread "Unconstrained build operations Thread 40" [_thread_blocked, id=16436, stack(0x000000936f800000,0x000000936f900000)]
  0x0000026d7d28b800 JavaThread "Unconstrained build operations Thread 41" [_thread_blocked, id=11956, stack(0x000000936f900000,0x000000936fa00000)]
  0x0000026d7d287800 JavaThread "Unconstrained build operations Thread 42" [_thread_blocked, id=8940, stack(0x000000936fa00000,0x000000936fb00000)]
  0x0000026d7d288000 JavaThread "Unconstrained build operations Thread 43" [_thread_blocked, id=12000, stack(0x000000936fb00000,0x000000936fc00000)]
  0x0000026d7d289000 JavaThread "Unconstrained build operations Thread 44" [_thread_blocked, id=4392, stack(0x000000936fc00000,0x000000936fd00000)]
  0x0000026d0fd59800 JavaThread "Unconstrained build operations Thread 45" [_thread_blocked, id=5956, stack(0x000000936fd00000,0x000000936fe00000)]
  0x0000026d0fd5a800 JavaThread "Unconstrained build operations Thread 46" [_thread_blocked, id=17140, stack(0x000000936fe00000,0x000000936ff00000)]
  0x0000026d0fd58000 JavaThread "Unconstrained build operations Thread 47" [_thread_blocked, id=14152, stack(0x000000936ff00000,0x0000009370000000)]
  0x0000026d0fd56800 JavaThread "Unconstrained build operations Thread 48" [_thread_blocked, id=5168, stack(0x0000009370000000,0x0000009370100000)]
  0x0000026d0fd5b000 JavaThread "Unconstrained build operations Thread 49" [_thread_blocked, id=9972, stack(0x0000009370100000,0x0000009370200000)]
  0x0000026d0fd57000 JavaThread "Unconstrained build operations Thread 50" [_thread_blocked, id=16404, stack(0x0000009370200000,0x0000009370300000)]
  0x0000026d0fd55800 JavaThread "Unconstrained build operations Thread 51" [_thread_blocked, id=4956, stack(0x0000009370300000,0x0000009370400000)]
  0x0000026d0fd5c000 JavaThread "Unconstrained build operations Thread 52" [_thread_blocked, id=15196, stack(0x0000009370400000,0x0000009370500000)]
  0x0000026d0fd5d000 JavaThread "Unconstrained build operations Thread 53" [_thread_blocked, id=4616, stack(0x0000009370500000,0x0000009370600000)]
  0x0000026d0fd5e800 JavaThread "Unconstrained build operations Thread 54" [_thread_blocked, id=1392, stack(0x0000009370600000,0x0000009370700000)]
  0x0000026d0fd5d800 JavaThread "Unconstrained build operations Thread 55" [_thread_blocked, id=1364, stack(0x0000009370700000,0x0000009370800000)]
  0x0000026d0fd59000 JavaThread "Unconstrained build operations Thread 56" [_thread_blocked, id=11188, stack(0x0000009370800000,0x0000009370900000)]
  0x0000026d0fd61000 JavaThread "Unconstrained build operations Thread 57" [_thread_blocked, id=5468, stack(0x0000009370900000,0x0000009370a00000)]
  0x0000026d0fd61800 JavaThread "Unconstrained build operations Thread 58" [_thread_blocked, id=2032, stack(0x0000009370a00000,0x0000009370b00000)]
  0x0000026d0fd64000 JavaThread "Unconstrained build operations Thread 59" [_thread_blocked, id=5208, stack(0x0000009370b00000,0x0000009370c00000)]
  0x0000026d0fd60000 JavaThread "Unconstrained build operations Thread 60" [_thread_blocked, id=2088, stack(0x0000009370c00000,0x0000009370d00000)]
  0x0000026d0fd5f800 JavaThread "Unconstrained build operations Thread 61" [_thread_blocked, id=16800, stack(0x0000009370d00000,0x0000009370e00000)]
  0x0000026d0fd62800 JavaThread "Unconstrained build operations Thread 62" [_thread_blocked, id=4472, stack(0x0000009370e00000,0x0000009370f00000)]
  0x0000026d0fd63800 JavaThread "Unconstrained build operations Thread 63" [_thread_blocked, id=16344, stack(0x0000009370f00000,0x0000009371000000)]
  0x0000026d7ee62800 JavaThread "Unconstrained build operations Thread 64" [_thread_blocked, id=16504, stack(0x0000009371000000,0x0000009371100000)]
  0x0000026d7ee62000 JavaThread "Unconstrained build operations Thread 65" [_thread_blocked, id=11184, stack(0x0000009371100000,0x0000009371200000)]
  0x0000026d7ee5f800 JavaThread "Unconstrained build operations Thread 66" [_thread_blocked, id=4740, stack(0x0000009371200000,0x0000009371300000)]
  0x0000026d7ee61000 JavaThread "Unconstrained build operations Thread 67" [_thread_blocked, id=16228, stack(0x0000009371300000,0x0000009371400000)]
  0x0000026d7ee5d000 JavaThread "Unconstrained build operations Thread 68" [_thread_blocked, id=2220, stack(0x0000009371400000,0x0000009371500000)]
  0x0000026d7ee63800 JavaThread "Unconstrained build operations Thread 69" [_thread_blocked, id=13104, stack(0x0000009371500000,0x0000009371600000)]
  0x0000026d7ee60000 JavaThread "Unconstrained build operations Thread 70" [_thread_blocked, id=17204, stack(0x0000009371600000,0x0000009371700000)]
  0x0000026d7ee5d800 JavaThread "Unconstrained build operations Thread 71" [_thread_blocked, id=17404, stack(0x0000009371700000,0x0000009371800000)]
  0x0000026d7ee64000 JavaThread "Unconstrained build operations Thread 72" [_thread_blocked, id=3900, stack(0x0000009371800000,0x0000009371900000)]
  0x0000026d7ee5e800 JavaThread "Unconstrained build operations Thread 73" [_thread_blocked, id=16812, stack(0x0000009371900000,0x0000009371a00000)]
  0x0000026d7ee66000 JavaThread "Unconstrained build operations Thread 74" [_thread_blocked, id=10488, stack(0x0000009371a00000,0x0000009371b00000)]
  0x0000026d7ee69000 JavaThread "Unconstrained build operations Thread 75" [_thread_blocked, id=14868, stack(0x0000009371b00000,0x0000009371c00000)]
  0x0000026d7ee66800 JavaThread "Unconstrained build operations Thread 76" [_thread_blocked, id=16616, stack(0x0000009371c00000,0x0000009371d00000)]
  0x0000026d7ee67800 JavaThread "Unconstrained build operations Thread 77" [_thread_blocked, id=7400, stack(0x0000009371d00000,0x0000009371e00000)]
  0x0000026d7ee6b000 JavaThread "Unconstrained build operations Thread 78" [_thread_blocked, id=7384, stack(0x0000009371e00000,0x0000009371f00000)]
  0x0000026d7ee68800 JavaThread "Unconstrained build operations Thread 79" [_thread_blocked, id=16780, stack(0x0000009371f00000,0x0000009372000000)]
  0x0000026d7ee65000 JavaThread "Unconstrained build operations Thread 80" [_thread_blocked, id=15572, stack(0x0000009372000000,0x0000009372100000)]
  0x0000026d7ee6a000 JavaThread "jar transforms Thread 4" [_thread_blocked, id=15688, stack(0x0000009372100000,0x0000009372200000)]
  0x0000026d7ee6b800 JavaThread "jar transforms Thread 5" [_thread_blocked, id=3084, stack(0x0000009372200000,0x0000009372300000)]
  0x0000026d7d7fb800 JavaThread "jar transforms Thread 6" [_thread_blocked, id=9300, stack(0x0000009372300000,0x0000009372400000)]
  0x0000026d7d7fb000 JavaThread "jar transforms Thread 7" [_thread_blocked, id=9268, stack(0x0000009372400000,0x0000009372500000)]
  0x0000026d7d7fe000 JavaThread "jar transforms Thread 8" [_thread_blocked, id=7288, stack(0x0000009372500000,0x0000009372600000)]
  0x0000026d7d7fc800 JavaThread "Memory manager" [_thread_blocked, id=16252, stack(0x0000009372600000,0x0000009372700000)]

Other Threads:
  0x0000026d7a1b9000 VMThread "VM Thread" [stack: 0x000000936a400000,0x000000936a500000] [id=1664]
  0x0000026d7acd4000 WatcherThread [stack: 0x000000936ae00000,0x000000936af00000] [id=11416]
  0x0000026d6cdb8800 GCTaskThread "GC Thread#0" [stack: 0x0000009369f00000,0x000000936a000000] [id=5688]
  0x0000026d7b499800 GCTaskThread "GC Thread#1" [stack: 0x000000936af00000,0x000000936b000000] [id=3096]
  0x0000026d7cb7d800 GCTaskThread "GC Thread#2" [stack: 0x000000936b700000,0x000000936b800000] [id=5988]
  0x0000026d7cb7e000 GCTaskThread "GC Thread#3" [stack: 0x000000936b800000,0x000000936b900000] [id=4808]
  0x0000026d7cb7e800 GCTaskThread "GC Thread#4" [stack: 0x000000936b900000,0x000000936ba00000] [id=13672]
  0x0000026d7cae9000 GCTaskThread "GC Thread#5" [stack: 0x000000936ba00000,0x000000936bb00000] [id=15912]
  0x0000026d7caea000 GCTaskThread "GC Thread#6" [stack: 0x000000936bb00000,0x000000936bc00000] [id=4864]
  0x0000026d7caea800 GCTaskThread "GC Thread#7" [stack: 0x000000936bc00000,0x000000936bd00000] [id=5752]
  0x0000026d6cdec000 ConcurrentGCThread "G1 Main Marker" [stack: 0x000000936a000000,0x000000936a100000] [id=16380]
  0x0000026d6cded000 ConcurrentGCThread "G1 Conc#0" [stack: 0x000000936a100000,0x000000936a200000] [id=9604]
  0x0000026d7beae000 ConcurrentGCThread "G1 Conc#1" [stack: 0x000000936c300000,0x000000936c400000] [id=16424]
  0x0000026d6ce47800 ConcurrentGCThread "G1 Refine#0" [stack: 0x000000936a200000,0x000000936a300000] [id=13708]
  0x0000026d6ce48800 ConcurrentGCThread "G1 Young RemSet Sampling" [stack: 0x000000936a300000,0x000000936a400000] [id=2420]

Threads with active compile tasks:
C2 CompilerThread0  19080 5926       4       java.util.Arrays::binarySearch0 (95 bytes)

VM state:not at safepoint (normal execution)

VM Mutex/Monitor currently owned by a thread: None

Heap address: 0x0000000080000000, size: 2048 MB, Compressed Oops mode: 32-bit
Narrow klass base: 0x0000000000000000, Narrow klass shift: 3
Compressed class space size: 1073741824 Address: 0x0000000100000000

Heap:
 garbage-first heap   total 83968K, used 63122K [0x0000000080000000, 0x0000000100000000)
  region size 1024K, 19 young (19456K), 3 survivors (3072K)
 Metaspace       used 62334K, capacity 64139K, committed 64332K, reserved 1105920K
  class space    used 7897K, capacity 8520K, committed 8576K, reserved 1048576K
Heap Regions: E=young(eden), S=young(survivor), O=old, HS=humongous(starts), HC=humongous(continues), CS=collection set, F=free, A=archive, TAMS=top-at-mark-start (previous, next)
|   0|0x0000000080000000, 0x0000000080100000, 0x0000000080100000|100%| O|  |TAMS 0x0000000080100000, 0x0000000080000000| Untracked 
|   1|0x0000000080100000, 0x0000000080200000, 0x0000000080200000|100%| O|  |TAMS 0x0000000080200000, 0x0000000080100000| Untracked 
|   2|0x0000000080200000, 0x0000000080300000, 0x0000000080300000|100%| O|  |TAMS 0x0000000080300000, 0x0000000080200000| Untracked 
|   3|0x0000000080300000, 0x0000000080400000, 0x0000000080400000|100%|HS|  |TAMS 0x0000000080400000, 0x0000000080300000| Complete 
|   4|0x0000000080400000, 0x0000000080500000, 0x0000000080500000|100%|HC|  |TAMS 0x0000000080500000, 0x0000000080400000| Complete 
|   5|0x0000000080500000, 0x0000000080600000, 0x0000000080600000|100%|HC|  |TAMS 0x0000000080600000, 0x0000000080500000| Complete 
|   6|0x0000000080600000, 0x0000000080700000, 0x0000000080700000|100%| O|  |TAMS 0x0000000080700000, 0x0000000080600000| Untracked 
|   7|0x0000000080700000, 0x0000000080800000, 0x0000000080800000|100%| O|  |TAMS 0x0000000080800000, 0x0000000080700000| Untracked 
|   8|0x0000000080800000, 0x0000000080900000, 0x0000000080900000|100%| O|  |TAMS 0x0000000080900000, 0x0000000080800000| Untracked 
|   9|0x0000000080900000, 0x0000000080a00000, 0x0000000080a00000|100%| O|  |TAMS 0x0000000080a00000, 0x0000000080900000| Untracked 
|  10|0x0000000080a00000, 0x0000000080b00000, 0x0000000080b00000|100%| O|  |TAMS 0x0000000080b00000, 0x0000000080a00000| Untracked 
|  11|0x0000000080b00000, 0x0000000080c00000, 0x0000000080c00000|100%| O|  |TAMS 0x0000000080c00000, 0x0000000080b00000| Untracked 
|  12|0x0000000080c00000, 0x0000000080d00000, 0x0000000080d00000|100%| O|  |TAMS 0x0000000080d00000, 0x0000000080c00000| Untracked 
|  13|0x0000000080d00000, 0x0000000080e00000, 0x0000000080e00000|100%| O|  |TAMS 0x0000000080e00000, 0x0000000080d00000| Untracked 
|  14|0x0000000080e00000, 0x0000000080f00000, 0x0000000080f00000|100%| O|  |TAMS 0x0000000080f00000, 0x0000000080e00000| Untracked 
|  15|0x0000000080f00000, 0x0000000081000000, 0x0000000081000000|100%| O|  |TAMS 0x0000000081000000, 0x0000000080f00000| Untracked 
|  16|0x0000000081000000, 0x0000000081100000, 0x0000000081100000|100%| O|  |TAMS 0x0000000081100000, 0x0000000081000000| Untracked 
|  17|0x0000000081100000, 0x0000000081200000, 0x0000000081200000|100%| O|  |TAMS 0x0000000081200000, 0x0000000081100000| Untracked 
|  18|0x0000000081200000, 0x0000000081300000, 0x0000000081300000|100%| O|  |TAMS 0x0000000081300000, 0x0000000081200000| Untracked 
|  19|0x0000000081300000, 0x0000000081400000, 0x0000000081400000|100%| O|  |TAMS 0x0000000081400000, 0x0000000081300000| Untracked 
|  20|0x0000000081400000, 0x0000000081500000, 0x0000000081500000|100%| O|  |TAMS 0x0000000081500000, 0x0000000081400000| Untracked 
|  21|0x0000000081500000, 0x0000000081600000, 0x0000000081600000|100%| O|  |TAMS 0x0000000081600000, 0x0000000081500000| Untracked 
|  22|0x0000000081600000, 0x0000000081700000, 0x0000000081700000|100%| O|  |TAMS 0x0000000081700000, 0x0000000081600000| Untracked 
|  23|0x0000000081700000, 0x0000000081800000, 0x0000000081800000|100%| O|  |TAMS 0x0000000081800000, 0x0000000081700000| Untracked 
|  24|0x0000000081800000, 0x0000000081900000, 0x0000000081900000|100%| O|  |TAMS 0x0000000081900000, 0x0000000081800000| Untracked 
|  25|0x0000000081900000, 0x0000000081a00000, 0x0000000081a00000|100%| O|  |TAMS 0x0000000081a00000, 0x0000000081900000| Untracked 
|  26|0x0000000081a00000, 0x0000000081b00000, 0x0000000081b00000|100%| O|  |TAMS 0x0000000081b00000, 0x0000000081a00000| Untracked 
|  27|0x0000000081b00000, 0x0000000081c00000, 0x0000000081c00000|100%| O|  |TAMS 0x0000000081c00000, 0x0000000081b00000| Untracked 
|  28|0x0000000081c00000, 0x0000000081d00000, 0x0000000081d00000|100%| O|  |TAMS 0x0000000081d00000, 0x0000000081c00000| Untracked 
|  29|0x0000000081d00000, 0x0000000081e00000, 0x0000000081e00000|100%| O|  |TAMS 0x0000000081e00000, 0x0000000081d00000| Untracked 
|  30|0x0000000081e00000, 0x0000000081f00000, 0x0000000081f00000|100%| O|  |TAMS 0x0000000081f00000, 0x0000000081e00000| Untracked 
|  31|0x0000000081f00000, 0x0000000082000000, 0x0000000082000000|100%|HS|  |TAMS 0x0000000082000000, 0x0000000081f00000| Complete 
|  32|0x0000000082000000, 0x0000000082100000, 0x0000000082100000|100%|HS|  |TAMS 0x0000000082100000, 0x0000000082000000| Complete 
|  33|0x0000000082100000, 0x0000000082200000, 0x0000000082200000|100%|HS|  |TAMS 0x0000000082200000, 0x0000000082100000| Complete 
|  34|0x0000000082200000, 0x0000000082300000, 0x0000000082300000|100%|HC|  |TAMS 0x0000000082300000, 0x0000000082200000| Complete 
|  35|0x0000000082300000, 0x0000000082400000, 0x0000000082400000|100%| O|  |TAMS 0x0000000082400000, 0x0000000082300000| Untracked 
|  36|0x0000000082400000, 0x0000000082500000, 0x0000000082500000|100%| O|  |TAMS 0x0000000082500000, 0x0000000082400000| Untracked 
|  37|0x0000000082500000, 0x0000000082600000, 0x0000000082600000|100%| O|  |TAMS 0x0000000082600000, 0x0000000082500000| Untracked 
|  38|0x0000000082600000, 0x0000000082700000, 0x0000000082700000|100%| O|  |TAMS 0x0000000082700000, 0x0000000082600000| Untracked 
|  39|0x0000000082700000, 0x0000000082800000, 0x0000000082800000|100%| O|  |TAMS 0x0000000082800000, 0x0000000082700000| Untracked 
|  40|0x0000000082800000, 0x0000000082900000, 0x0000000082900000|100%| O|  |TAMS 0x0000000082900000, 0x0000000082800000| Untracked 
|  41|0x0000000082900000, 0x0000000082a00000, 0x0000000082a00000|100%| O|  |TAMS 0x0000000082a00000, 0x0000000082900000| Untracked 
|  42|0x0000000082a00000, 0x0000000082b00000, 0x0000000082b00000|100%| O|  |TAMS 0x0000000082b00000, 0x0000000082a00000| Untracked 
|  43|0x0000000082b00000, 0x0000000082c00000, 0x0000000082c00000|100%| O|  |TAMS 0x0000000082c00000, 0x0000000082b00000| Untracked 
|  44|0x0000000082c00000, 0x0000000082ca4a00, 0x0000000082d00000| 64%| O|  |TAMS 0x0000000082c1d400, 0x0000000082c00000| Untracked 
|  45|0x0000000082d00000, 0x0000000082d00000, 0x0000000082e00000|  0%| F|  |TAMS 0x0000000082d00000, 0x0000000082d00000| Untracked 
|  46|0x0000000082e00000, 0x0000000082e00000, 0x0000000082f00000|  0%| F|  |TAMS 0x0000000082e00000, 0x0000000082e00000| Untracked 
|  47|0x0000000082f00000, 0x0000000082f00000, 0x0000000083000000|  0%| F|  |TAMS 0x0000000082f00000, 0x0000000082f00000| Untracked 
|  48|0x0000000083000000, 0x0000000083000000, 0x0000000083100000|  0%| F|  |TAMS 0x0000000083000000, 0x0000000083000000| Untracked 
|  49|0x0000000083100000, 0x0000000083100000, 0x0000000083200000|  0%| F|  |TAMS 0x0000000083100000, 0x0000000083100000| Untracked 
|  50|0x0000000083200000, 0x0000000083200000, 0x0000000083300000|  0%| F|  |TAMS 0x0000000083200000, 0x0000000083200000| Untracked 
|  51|0x0000000083300000, 0x0000000083300000, 0x0000000083400000|  0%| F|  |TAMS 0x0000000083300000, 0x0000000083300000| Untracked 
|  52|0x0000000083400000, 0x0000000083400000, 0x0000000083500000|  0%| F|  |TAMS 0x0000000083400000, 0x0000000083400000| Untracked 
|  53|0x0000000083500000, 0x0000000083500000, 0x0000000083600000|  0%| F|  |TAMS 0x0000000083500000, 0x0000000083500000| Untracked 
|  54|0x0000000083600000, 0x0000000083600000, 0x0000000083700000|  0%| F|  |TAMS 0x0000000083600000, 0x0000000083600000| Untracked 
|  55|0x0000000083700000, 0x0000000083700000, 0x0000000083800000|  0%| F|  |TAMS 0x0000000083700000, 0x0000000083700000| Untracked 
|  56|0x0000000083800000, 0x0000000083800000, 0x0000000083900000|  0%| F|  |TAMS 0x0000000083800000, 0x0000000083800000| Untracked 
|  57|0x0000000083900000, 0x0000000083900000, 0x0000000083a00000|  0%| F|  |TAMS 0x0000000083900000, 0x0000000083900000| Untracked 
|  58|0x0000000083a00000, 0x0000000083b00000, 0x0000000083b00000|100%| S|CS|TAMS 0x0000000083a00000, 0x0000000083a00000| Complete 
|  59|0x0000000083b00000, 0x0000000083b00000, 0x0000000083c00000|  0%| F|  |TAMS 0x0000000083b00000, 0x0000000083b00000| Untracked 
|  60|0x0000000083c00000, 0x0000000083d00000, 0x0000000083d00000|100%| S|CS|TAMS 0x0000000083c00000, 0x0000000083c00000| Complete 
|  61|0x0000000083d00000, 0x0000000083e00000, 0x0000000083e00000|100%| S|CS|TAMS 0x0000000083d00000, 0x0000000083d00000| Complete 
|  62|0x0000000083e00000, 0x0000000083e00000, 0x0000000083f00000|  0%| F|  |TAMS 0x0000000083e00000, 0x0000000083e00000| Untracked 
|  63|0x0000000083f00000, 0x0000000083f00000, 0x0000000084000000|  0%| F|  |TAMS 0x0000000083f00000, 0x0000000083f00000| Untracked 
|  64|0x0000000084000000, 0x0000000084000000, 0x0000000084100000|  0%| F|  |TAMS 0x0000000084000000, 0x0000000084000000| Untracked 
|  65|0x0000000084100000, 0x0000000084100000, 0x0000000084200000|  0%| F|  |TAMS 0x0000000084100000, 0x0000000084100000| Untracked 
|  66|0x0000000084200000, 0x000000008425de48, 0x0000000084300000| 36%| E|  |TAMS 0x0000000084200000, 0x0000000084200000| Complete 
|  67|0x0000000084300000, 0x0000000084400000, 0x0000000084400000|100%| E|CS|TAMS 0x0000000084300000, 0x0000000084300000| Complete 
|  68|0x0000000084400000, 0x0000000084500000, 0x0000000084500000|100%| E|CS|TAMS 0x0000000084400000, 0x0000000084400000| Complete 
|  69|0x0000000084500000, 0x0000000084600000, 0x0000000084600000|100%| E|CS|TAMS 0x0000000084500000, 0x0000000084500000| Complete 
|  70|0x0000000084600000, 0x0000000084700000, 0x0000000084700000|100%| E|CS|TAMS 0x0000000084600000, 0x0000000084600000| Complete 
|  71|0x0000000084700000, 0x0000000084800000, 0x0000000084800000|100%| E|CS|TAMS 0x0000000084700000, 0x0000000084700000| Complete 
|  72|0x0000000084800000, 0x0000000084900000, 0x0000000084900000|100%| E|CS|TAMS 0x0000000084800000, 0x0000000084800000| Complete 
|  73|0x0000000084900000, 0x0000000084a00000, 0x0000000084a00000|100%| E|  |TAMS 0x0000000084900000, 0x0000000084900000| Complete 
|  74|0x0000000084a00000, 0x0000000084b00000, 0x0000000084b00000|100%| E|CS|TAMS 0x0000000084a00000, 0x0000000084a00000| Complete 
|  75|0x0000000084b00000, 0x0000000084c00000, 0x0000000084c00000|100%| E|CS|TAMS 0x0000000084b00000, 0x0000000084b00000| Complete 
|  76|0x0000000084c00000, 0x0000000084d00000, 0x0000000084d00000|100%| E|CS|TAMS 0x0000000084c00000, 0x0000000084c00000| Complete 
|  77|0x0000000084d00000, 0x0000000084e00000, 0x0000000084e00000|100%| E|CS|TAMS 0x0000000084d00000, 0x0000000084d00000| Complete 
|  78|0x0000000084e00000, 0x0000000084f00000, 0x0000000084f00000|100%| E|CS|TAMS 0x0000000084e00000, 0x0000000084e00000| Complete 
|  79|0x0000000084f00000, 0x0000000085000000, 0x0000000085000000|100%| E|CS|TAMS 0x0000000084f00000, 0x0000000084f00000| Complete 
|  80|0x0000000085000000, 0x0000000085100000, 0x0000000085100000|100%| E|CS|TAMS 0x0000000085000000, 0x0000000085000000| Complete 
|  81|0x0000000085100000, 0x0000000085200000, 0x0000000085200000|100%| E|CS|TAMS 0x0000000085100000, 0x0000000085100000| Complete 

Card table byte_map: [0x0000026d72f30000,0x0000026d73330000] _byte_map_base: 0x0000026d72b30000

Marking Bits (Prev, Next): (CMBitMap*) 0x0000026d6cde2fa8, (CMBitMap*) 0x0000026d6cde2fe0
 Prev Bits: [0x0000026d73730000, 0x0000026d75730000)
 Next Bits: [0x0000026d75730000, 0x0000026d77730000)

Polling page: 0x0000026d6ce80000

Metaspace:

Usage:
  Non-class:     54.38 MB capacity,    53.20 MB ( 98%) used,     1.02 MB (  2%) free+waste,   159.75 KB ( <1%) overhead. 
      Class:      8.32 MB capacity,     7.72 MB ( 93%) used,   542.49 KB (  6%) free+waste,    75.31 KB ( <1%) overhead. 
       Both:     62.70 MB capacity,    60.92 MB ( 97%) used,     1.55 MB (  2%) free+waste,   235.06 KB ( <1%) overhead. 

Virtual space:
  Non-class space:       56.00 MB reserved,      54.45 MB ( 97%) committed 
      Class space:        1.00 GB reserved,       8.38 MB ( <1%) committed 
             Both:        1.05 GB reserved,      62.82 MB (  6%) committed 

Chunk freelists:
   Non-Class:  9.00 KB
       Class:  24.00 KB
        Both:  33.00 KB

MaxMetaspaceSize: 17179869184.00 GB
CompressedClassSpaceSize: 1.00 GB
Initial GC threshold: 20.80 MB
Current GC threshold: 98.04 MB
CDS: off

CodeHeap 'non-profiled nmethods': size=120000Kb used=2724Kb max_used=2724Kb free=117276Kb
 bounds [0x0000026d07ad0000, 0x0000026d07d80000, 0x0000026d0f000000]
CodeHeap 'profiled nmethods': size=120000Kb used=12080Kb max_used=12080Kb free=107919Kb
 bounds [0x0000026d005a0000, 0x0000026d01170000, 0x0000026d07ad0000]
CodeHeap 'non-nmethods': size=5760Kb used=2338Kb max_used=2355Kb free=3421Kb
 bounds [0x0000026d00000000, 0x0000026d00270000, 0x0000026d005a0000]
 total_blobs=6822 nmethods=5978 adapters=756
 compilation: enabled
              stopped_count=0, restarted_count=0
 full_count=0

Compilation events (20 events):
Event: 18.946 Thread 0x0000026d7a238000 6118       2       java.math.MutableBigInteger::compare (106 bytes)
Event: 18.947 Thread 0x0000026d7a238000 nmethod 6118 0x0000026d01163b90 code [0x0000026d01163d60, 0x0000026d01163fb8]
Event: 18.948 Thread 0x0000026d7a238000 6119 %     3       java.math.BigInteger::montReduce @ 9 (99 bytes)
Event: 18.949 Thread 0x0000026d7a238000 nmethod 6119% 0x0000026d01164190 code [0x0000026d011643c0, 0x0000026d01164a58]
Event: 18.949 Thread 0x0000026d7a238000 6120       2       java.math.BigInteger::squareToLen (33 bytes)
Event: 18.950 Thread 0x0000026d7a238000 nmethod 6120 0x0000026d01164d10 code [0x0000026d01164ee0, 0x0000026d011650f8]
Event: 18.950 Thread 0x0000026d7a238000 6121       2       java.math.BigInteger::implSquareToLenChecks (198 bytes)
Event: 18.952 Thread 0x0000026d7a238000 nmethod 6121 0x0000026d01165210 code [0x0000026d011655e0, 0x0000026d01166658]
Event: 18.952 Thread 0x0000026d7a238000 6124       3       java.math.BigInteger::primitiveLeftShift (79 bytes)
Event: 18.953 Thread 0x0000026d7a238000 nmethod 6124 0x0000026d01166e10 code [0x0000026d01166fe0, 0x0000026d011672b8]
Event: 18.953 Thread 0x0000026d7a238000 6122       3       java.math.BigInteger::implSquareToLen (154 bytes)
Event: 18.954 Thread 0x0000026d7a238000 nmethod 6122 0x0000026d01167410 code [0x0000026d01167640, 0x0000026d01167bb8]
Event: 18.954 Thread 0x0000026d7a238000 6123       2       java.math.BigInteger::multiplyToLenCheck (28 bytes)
Event: 18.954 Thread 0x0000026d7a238000 nmethod 6123 0x0000026d01167f90 code [0x0000026d01168160, 0x0000026d011683d8]
Event: 18.967 Thread 0x0000026d7a238000 6126       3       java.util.regex.Matcher::search (154 bytes)
Event: 18.968 Thread 0x0000026d7a238000 nmethod 6126 0x0000026d01168590 code [0x0000026d011687a0, 0x0000026d01168f08]
Event: 18.969 Thread 0x0000026d7a238000 6127       2       sun.security.provider.DigestBase::engineReset (33 bytes)
Event: 18.969 Thread 0x0000026d7a238000 nmethod 6127 0x0000026d01169210 code [0x0000026d011693e0, 0x0000026d01169578]
Event: 19.008 Thread 0x0000026d7a238000 6128       2       java.util.jar.JarFile::maybeInstantiateVerifier (112 bytes)
Event: 19.009 Thread 0x0000026d7a238000 nmethod 6128 0x0000026d01169610 code [0x0000026d01169840, 0x0000026d01169c78]

GC Heap History (20 events):
Event: 12.027 GC heap before
{Heap before GC invocations=23 (full 0):
 garbage-first heap   total 69632K, used 47029K [0x0000000080000000, 0x0000000100000000)
  region size 1024K, 18 young (18432K), 2 survivors (2048K)
 Metaspace       used 43643K, capacity 44759K, committed 44876K, reserved 1087488K
  class space    used 5560K, capacity 5943K, committed 6016K, reserved 1048576K
}
Event: 12.031 GC heap after
{Heap after GC invocations=24 (full 0):
 garbage-first heap   total 69632K, used 30613K [0x0000000080000000, 0x0000000100000000)
  region size 1024K, 3 young (3072K), 3 survivors (3072K)
 Metaspace       used 43643K, capacity 44759K, committed 44876K, reserved 1087488K
  class space    used 5560K, capacity 5943K, committed 6016K, reserved 1048576K
}
Event: 12.431 GC heap before
{Heap before GC invocations=24 (full 0):
 garbage-first heap   total 69632K, used 50069K [0x0000000080000000, 0x0000000100000000)
  region size 1024K, 22 young (22528K), 3 survivors (3072K)
 Metaspace       used 45047K, capacity 46309K, committed 46412K, reserved 1089536K
  class space    used 5780K, capacity 6204K, committed 6272K, reserved 1048576K
}
Event: 12.435 GC heap after
{Heap after GC invocations=25 (full 0):
 garbage-first heap   total 69632K, used 31658K [0x0000000080000000, 0x0000000100000000)
  region size 1024K, 3 young (3072K), 3 survivors (3072K)
 Metaspace       used 45047K, capacity 46309K, committed 46412K, reserved 1089536K
  class space    used 5780K, capacity 6204K, committed 6272K, reserved 1048576K
}
Event: 12.809 GC heap before
{Heap before GC invocations=25 (full 0):
 garbage-first heap   total 69632K, used 51114K [0x0000000080000000, 0x0000000100000000)
  region size 1024K, 22 young (22528K), 3 survivors (3072K)
 Metaspace       used 46480K, capacity 47820K, committed 47948K, reserved 1091584K
  class space    used 5992K, capacity 6456K, committed 6528K, reserved 1048576K
}
Event: 12.813 GC heap after
{Heap after GC invocations=26 (full 0):
 garbage-first heap   total 69632K, used 32116K [0x0000000080000000, 0x0000000100000000)
  region size 1024K, 2 young (2048K), 2 survivors (2048K)
 Metaspace       used 46480K, capacity 47820K, committed 47948K, reserved 1091584K
  class space    used 5992K, capacity 6456K, committed 6528K, reserved 1048576K
}
Event: 13.623 GC heap before
{Heap before GC invocations=26 (full 0):
 garbage-first heap   total 69632K, used 52596K [0x0000000080000000, 0x0000000100000000)
  region size 1024K, 22 young (22528K), 2 survivors (2048K)
 Metaspace       used 47777K, capacity 49143K, committed 49356K, reserved 1091584K
  class space    used 6126K, capacity 6595K, committed 6656K, reserved 1048576K
}
Event: 13.628 GC heap after
{Heap after GC invocations=27 (full 0):
 garbage-first heap   total 69632K, used 33112K [0x0000000080000000, 0x0000000100000000)
  region size 1024K, 3 young (3072K), 3 survivors (3072K)
 Metaspace       used 47777K, capacity 49143K, committed 49356K, reserved 1091584K
  class space    used 6126K, capacity 6595K, committed 6656K, reserved 1048576K
}
Event: 14.104 GC heap before
{Heap before GC invocations=27 (full 0):
 garbage-first heap   total 69632K, used 52568K [0x0000000080000000, 0x0000000100000000)
  region size 1024K, 23 young (23552K), 3 survivors (3072K)
 Metaspace       used 48304K, capacity 49734K, committed 49996K, reserved 1093632K
  class space    used 6185K, capacity 6703K, committed 6784K, reserved 1048576K
}
Event: 14.113 GC heap after
{Heap after GC invocations=28 (full 0):
 garbage-first heap   total 83968K, used 34577K [0x0000000080000000, 0x0000000100000000)
  region size 1024K, 3 young (3072K), 3 survivors (3072K)
 Metaspace       used 48304K, capacity 49734K, committed 49996K, reserved 1093632K
  class space    used 6185K, capacity 6703K, committed 6784K, reserved 1048576K
}
Event: 14.961 GC heap before
{Heap before GC invocations=28 (full 0):
 garbage-first heap   total 83968K, used 64273K [0x0000000080000000, 0x0000000100000000)
  region size 1024K, 29 young (29696K), 3 survivors (3072K)
 Metaspace       used 49784K, capacity 51440K, committed 51532K, reserved 1093632K
  class space    used 6393K, capacity 6980K, committed 7040K, reserved 1048576K
}
Event: 14.969 GC heap after
{Heap after GC invocations=29 (full 0):
 garbage-first heap   total 83968K, used 45505K [0x0000000080000000, 0x0000000100000000)
  region size 1024K, 4 young (4096K), 4 survivors (4096K)
 Metaspace       used 49784K, capacity 51440K, committed 51532K, reserved 1093632K
  class space    used 6393K, capacity 6980K, committed 7040K, reserved 1048576K
}
Event: 15.838 GC heap before
{Heap before GC invocations=29 (full 0):
 garbage-first heap   total 83968K, used 64961K [0x0000000080000000, 0x0000000100000000)
  region size 1024K, 23 young (23552K), 4 survivors (4096K)
 Metaspace       used 52388K, capacity 53982K, committed 54092K, reserved 1095680K
  class space    used 6710K, capacity 7250K, committed 7296K, reserved 1048576K
}
Event: 15.847 GC heap after
{Heap after GC invocations=30 (full 0):
 garbage-first heap   total 83968K, used 45906K [0x0000000080000000, 0x0000000100000000)
  region size 1024K, 1 young (1024K), 1 survivors (1024K)
 Metaspace       used 52388K, capacity 53982K, committed 54092K, reserved 1095680K
  class space    used 6710K, capacity 7250K, committed 7296K, reserved 1048576K
}
Event: 16.786 GC heap before
{Heap before GC invocations=31 (full 0):
 garbage-first heap   total 83968K, used 64338K [0x0000000080000000, 0x0000000100000000)
  region size 1024K, 20 young (20480K), 1 survivors (1024K)
 Metaspace       used 54948K, capacity 56647K, committed 56780K, reserved 1097728K
  class space    used 7057K, capacity 7627K, committed 7680K, reserved 1048576K
}
Event: 16.791 GC heap after
{Heap after GC invocations=32 (full 0):
 garbage-first heap   total 83968K, used 46639K [0x0000000080000000, 0x0000000100000000)
  region size 1024K, 2 young (2048K), 2 survivors (2048K)
 Metaspace       used 54948K, capacity 56647K, committed 56780K, reserved 1097728K
  class space    used 7057K, capacity 7627K, committed 7680K, reserved 1048576K
}
Event: 17.677 GC heap before
{Heap before GC invocations=32 (full 0):
 garbage-first heap   total 83968K, used 66095K [0x0000000080000000, 0x0000000100000000)
  region size 1024K, 21 young (21504K), 2 survivors (2048K)
 Metaspace       used 58209K, capacity 59847K, committed 60108K, reserved 1101824K
  class space    used 7367K, capacity 7926K, committed 7936K, reserved 1048576K
}
Event: 17.683 GC heap after
{Heap after GC invocations=33 (full 0):
 garbage-first heap   total 83968K, used 47198K [0x0000000080000000, 0x0000000100000000)
  region size 1024K, 2 young (2048K), 2 survivors (2048K)
 Metaspace       used 58209K, capacity 59847K, committed 60108K, reserved 1101824K
  class space    used 7367K, capacity 7926K, committed 7936K, reserved 1048576K
}
Event: 18.691 GC heap before
{Heap before GC invocations=34 (full 0):
 garbage-first heap   total 83968K, used 66654K [0x0000000080000000, 0x0000000100000000)
  region size 1024K, 21 young (21504K), 2 survivors (2048K)
 Metaspace       used 61038K, capacity 62754K, committed 62924K, reserved 1103872K
  class space    used 7737K, capacity 8359K, committed 8448K, reserved 1048576K
}
Event: 18.699 GC heap after
{Heap after GC invocations=35 (full 0):
 garbage-first heap   total 83968K, used 48786K [0x0000000080000000, 0x0000000100000000)
  region size 1024K, 3 young (3072K), 3 survivors (3072K)
 Metaspace       used 61038K, capacity 62754K, committed 62924K, reserved 1103872K
  class space    used 7737K, capacity 8359K, committed 8448K, reserved 1048576K
}

Deoptimization events (20 events):
Event: 18.944 Thread 0x0000026d7bd61800 DEOPT PACKING pc=0x0000026d008c9849 sp=0x000000936b6f3a20
Event: 18.944 Thread 0x0000026d7bd61800 DEOPT UNPACKING pc=0x0000026d0004a95e sp=0x000000936b6f2e98 mode 0
Event: 18.944 Thread 0x0000026d7bd61800 DEOPT PACKING pc=0x0000026d008c9849 sp=0x000000936b6f3a20
Event: 18.945 Thread 0x0000026d7bd61800 DEOPT UNPACKING pc=0x0000026d0004a95e sp=0x000000936b6f2e98 mode 0
Event: 18.945 Thread 0x0000026d7bd61800 DEOPT PACKING pc=0x0000026d008c9849 sp=0x000000936b6f3a20
Event: 18.945 Thread 0x0000026d7bd61800 DEOPT UNPACKING pc=0x0000026d0004a95e sp=0x000000936b6f2e98 mode 0
Event: 18.945 Thread 0x0000026d7bd61800 DEOPT PACKING pc=0x0000026d008c9849 sp=0x000000936b6f3a20
Event: 18.945 Thread 0x0000026d7bd61800 DEOPT UNPACKING pc=0x0000026d0004a95e sp=0x000000936b6f2e98 mode 0
Event: 18.945 Thread 0x0000026d7bd61800 DEOPT PACKING pc=0x0000026d008c9849 sp=0x000000936b6f3a20
Event: 18.945 Thread 0x0000026d7bd61800 DEOPT UNPACKING pc=0x0000026d0004a95e sp=0x000000936b6f2e98 mode 0
Event: 18.945 Thread 0x0000026d7bd61800 DEOPT PACKING pc=0x0000026d008c9849 sp=0x000000936b6f3a20
Event: 18.945 Thread 0x0000026d7bd61800 DEOPT UNPACKING pc=0x0000026d0004a95e sp=0x000000936b6f2e98 mode 0
Event: 18.945 Thread 0x0000026d7bd61800 DEOPT PACKING pc=0x0000026d008c9849 sp=0x000000936b6f3a20
Event: 18.945 Thread 0x0000026d7bd61800 DEOPT UNPACKING pc=0x0000026d0004a95e sp=0x000000936b6f2e98 mode 0
Event: 18.946 Thread 0x0000026d7bd61800 DEOPT PACKING pc=0x0000026d008c9849 sp=0x000000936b6f3a20
Event: 18.946 Thread 0x0000026d7bd61800 DEOPT UNPACKING pc=0x0000026d0004a95e sp=0x000000936b6f2e98 mode 0
Event: 18.950 Thread 0x0000026d7bd61800 DEOPT PACKING pc=0x0000026d01152f63 sp=0x000000936b6f37a0
Event: 18.950 Thread 0x0000026d7bd61800 DEOPT UNPACKING pc=0x0000026d0004a95e sp=0x000000936b6f2c60 mode 0
Event: 18.951 Thread 0x0000026d7bd61800 DEOPT PACKING pc=0x0000026d01153750 sp=0x000000936b6f3750
Event: 18.951 Thread 0x0000026d7bd61800 DEOPT UNPACKING pc=0x0000026d0004a95e sp=0x000000936b6f2bc8 mode 0

Classes redefined (0 events):
No events

Internal exceptions (20 events):
Event: 14.727 Thread 0x0000026d7cb18800 Exception <a 'java/lang/NoSuchMethodError'{0x0000000083f04fd8}: <clinit>> (0x0000000083f04fd8) thrown at [./src/hotspot/share/prims/jni.cpp, line 1365]
Event: 14.728 Thread 0x0000026d7cb18800 Exception <a 'java/lang/NoSuchMethodError'{0x0000000083f11d20}: <clinit>> (0x0000000083f11d20) thrown at [./src/hotspot/share/prims/jni.cpp, line 1365]
Event: 14.731 Thread 0x0000026d7cb18800 Exception <a 'java/lang/NoSuchMethodError'{0x0000000083f2a878}: <clinit>> (0x0000000083f2a878) thrown at [./src/hotspot/share/prims/jni.cpp, line 1365]
Event: 14.748 Thread 0x0000026d7bd61800 Exception <a 'java/lang/ClassNotFoundException'{0x0000000083f78128}: build_e4r7torbdw6fkkeui2bdqq414BeanInfo> (0x0000000083f78128) thrown at [./src/hotspot/share/classfile/systemDictionary.cpp, line 231]
Event: 14.748 Thread 0x0000026d7bd61800 Exception <a 'java/lang/ClassNotFoundException'{0x0000000083f830e0}: build_e4r7torbdw6fkkeui2bdqq414Customizer> (0x0000000083f830e0) thrown at [./src/hotspot/share/classfile/systemDictionary.cpp, line 231]
Event: 14.762 Thread 0x0000026d7bd61800 Exception <a 'java/lang/ClassNotFoundException'{0x0000000083e027c0}: org/gradle/plugin/use/internal/PluginRequestCollector$PluginDependenciesSpecImplBeanInfo> (0x0000000083e027c0) thrown at [./src/hotspot/share/classfile/systemDictionary.cpp, line 231]
Event: 14.763 Thread 0x0000026d7bd61800 Exception <a 'java/lang/ClassNotFoundException'{0x0000000083e31cf0}: org/gradle/plugin/use/internal/PluginRequestCollector$PluginDependenciesSpecImplCustomizer> (0x0000000083e31cf0) thrown at [./src/hotspot/share/classfile/systemDictionary.cpp, line 231]
Event: 14.847 Thread 0x0000026d7bd61800 Exception <a 'java/lang/ClassNotFoundException'{0x0000000083cfe488}: org/gradle/api/internal/plugins/DefaultObjectConfigurationActionBeanInfo> (0x0000000083cfe488) thrown at [./src/hotspot/share/classfile/systemDictionary.cpp, line 231]
Event: 14.849 Thread 0x0000026d7bd61800 Exception <a 'java/lang/ClassNotFoundException'{0x0000000083b33fd0}: org/gradle/api/internal/plugins/DefaultObjectConfigurationActionCustomizer> (0x0000000083b33fd0) thrown at [./src/hotspot/share/classfile/systemDictionary.cpp, line 231]
Event: 15.139 Thread 0x0000026d7bd61800 Exception <a 'java/lang/NoSuchMethodError'{0x0000000084b82030}: 'java.lang.Object java.lang.invoke.DirectMethodHandle$Holder.invokeStatic(java.lang.Object, java.lang.Object, java.lang.Object, java.lang.Object, int)'> (0x0000000084b82030) thrown at [./src/hotspot/share/interpreter/linkResolver.cpp, line 773]
Event: 15.140 Thread 0x0000026d7bd61800 Exception <a 'java/lang/NoSuchMethodError'{0x0000000084b86a28}: 'java.lang.Object java.lang.invoke.DirectMethodHandle$Holder.invokeSpecial(java.lang.Object, java.lang.Object, java.lang.Object, java.lang.Object, java.lang.Object, int)'> (0x0000000084b86a28) thrown at [./src/hotspot/share/interpreter/linkResolver.cpp, line 773]
Event: 15.140 Thread 0x0000026d7bd61800 Exception <a 'java/lang/NoSuchMethodError'{0x0000000084b8b068}: 'java.lang.Object java.lang.invoke.Invokers$Holder.linkToTargetMethod(java.lang.Object, java.lang.Object, java.lang.Object, int, java.lang.Object)'> (0x0000000084b8b068) thrown at [./src/hotspot/share/interpreter/linkResolver.cpp, line 773]
Event: 16.014 Thread 0x0000026d7bd61800 Exception <a 'java/lang/NoSuchMethodError'{0x0000000084e0f818}: 'java.lang.Object java.lang.invoke.DirectMethodHandle$Holder.invokeSpecial(java.lang.Object, java.lang.Object, int, int, java.lang.Object, java.lang.Object, java.lang.Object)'> (0x0000000084e0f818) thrown at [./src/hotspot/share/interpreter/linkResolver.cpp, line 773]
Event: 16.014 Thread 0x0000026d7bd61800 Exception <a 'java/lang/NoSuchMethodError'{0x0000000084e13d98}: 'java.lang.Object java.lang.invoke.DelegatingMethodHandle$Holder.reinvoke_L(java.lang.Object, int, int, java.lang.Object, java.lang.Object, java.lang.Object)'> (0x0000000084e13d98) thrown at [./src/hotspot/share/interpreter/linkResolver.cpp, line 773]
Event: 16.645 Thread 0x0000026d7bd61800 Exception <a 'java/lang/NoSuchMethodError'{0x00000000841313c8}: 'int java.lang.invoke.DirectMethodHandle$Holder.invokeInterface(java.lang.Object, java.lang.Object, java.lang.Object, java.lang.Object)'> (0x00000000841313c8) thrown at [./src/hotspot/share/interpreter/linkResolver.cpp, line 773]
Event: 17.802 Thread 0x0000026d7bd61800 Implicit null exception at 0x0000026d07d5dc58 to 0x0000026d07d6084c
Event: 17.864 Thread 0x0000026d7bd61800 Exception <a 'java/lang/NoSuchMethodError'{0x00000000850e5078}: 'void java.lang.invoke.DirectMethodHandle$Holder.invokeInterface(java.lang.Object, java.lang.Object, java.lang.Object, java.lang.Object)'> (0x00000000850e5078) thrown at [./src/hotspot/share/interpreter/linkResolver.cpp, line 773]
Event: 18.244 Thread 0x0000026d7bd61800 Exception <a 'java/lang/IncompatibleClassChangeError'{0x000000008475e2a8}: Found class java.lang.Object, but interface was expected> (0x000000008475e2a8) thrown at [./src/hotspot/share/interpreter/linkResolver.cpp, line 839]
Event: 18.652 Thread 0x0000026d7bd61800 Implicit null exception at 0x0000026d07d55eef to 0x0000026d07d56b78
Event: 18.777 Thread 0x0000026d7bd61800 Implicit null exception at 0x0000026d07c2d12c to 0x0000026d07c2d2da

Events (20 events):
Event: 18.998 loading class kotlin/collections/ArraysKt___ArraysKt$asSequence$$inlined$Sequence$1
Event: 18.998 loading class kotlin/collections/ArraysKt___ArraysKt$asSequence$$inlined$Sequence$1 done
Event: 18.999 loading class kotlin/sequences/Sequence
Event: 18.999 loading class kotlin/sequences/Sequence done
Event: 19.000 loading class com/android/prefs/PathLocator$singlePathOf$values$1
Event: 19.000 loading class com/android/prefs/PathLocator$singlePathOf$values$1 done
Event: 19.001 loading class kotlin/sequences/SequencesKt
Event: 19.001 loading class kotlin/sequences/SequencesKt done
Event: 19.001 loading class kotlin/sequences/SequencesKt
Event: 19.001 loading class kotlin/sequences/SequencesKt done
Event: 19.001 loading class kotlin/sequences/SequencesKt___SequencesKt
Event: 19.001 loading class kotlin/sequences/SequencesKt___SequencesKt done
Event: 19.007 loading class kotlin/sequences/SequencesKt___SequencesJvmKt
Event: 19.007 loading class kotlin/sequences/SequencesKt___SequencesJvmKt done
Event: 19.008 loading class kotlin/sequences/SequencesKt__SequencesKt
Event: 19.008 loading class kotlin/sequences/SequencesKt__SequencesKt done
Event: 19.009 loading class kotlin/sequences/SequencesKt__SequencesJVMKt
Event: 19.009 loading class kotlin/sequences/SequencesKt__SequencesJVMKt done
Event: 19.010 loading class kotlin/sequences/SequencesKt__SequenceBuilderKt
Event: 19.010 loading class kotlin/sequences/SequencesKt__SequenceBuilderKt done


Dynamic libraries:
0x00007ff76c610000 - 0x00007ff76c61a000 	C:\Program Files\Android\Android Studio\jre\bin\java.exe
0x00007fffd60e0000 - 0x00007fffd62e9000 	C:\WINDOWS\SYSTEM32\ntdll.dll
0x00007fffd4b90000 - 0x00007fffd4c4d000 	C:\WINDOWS\System32\KERNEL32.DLL
0x00007fffd3870000 - 0x00007fffd3be9000 	C:\WINDOWS\System32\KERNELBASE.dll
0x00007fffd3e50000 - 0x00007fffd3f61000 	C:\WINDOWS\System32\ucrtbase.dll
0x00007fffb3920000 - 0x00007fffb3939000 	C:\Program Files\Android\Android Studio\jre\bin\jli.dll
0x00007fffb4890000 - 0x00007fffb48a7000 	C:\Program Files\Android\Android Studio\jre\bin\VCRUNTIME140.dll
0x00007fffd5dd0000 - 0x00007fffd5f7c000 	C:\WINDOWS\System32\USER32.dll
0x00007fffd3e20000 - 0x00007fffd3e46000 	C:\WINDOWS\System32\win32u.dll
0x00007fffbaa20000 - 0x00007fffbacc5000 	C:\WINDOWS\WinSxS\amd64_microsoft.windows.common-controls_6595b64144ccf1df_6.0.22000.120_none_9d947278b86cc467\COMCTL32.dll
0x00007fffd57d0000 - 0x00007fffd57f9000 	C:\WINDOWS\System32\GDI32.dll
0x00007fffd45d0000 - 0x00007fffd4673000 	C:\WINDOWS\System32\msvcrt.dll
0x00007fffd3c90000 - 0x00007fffd3da2000 	C:\WINDOWS\System32\gdi32full.dll
0x00007fffd3bf0000 - 0x00007fffd3c8d000 	C:\WINDOWS\System32\msvcp_win.dll
0x00007fffd5c80000 - 0x00007fffd5cb1000 	C:\WINDOWS\System32\IMM32.DLL
0x00007fffb3770000 - 0x00007fffb380d000 	C:\Program Files\Android\Android Studio\jre\bin\msvcp140.dll
0x00007fff68630000 - 0x00007fff69115000 	C:\Program Files\Android\Android Studio\jre\bin\server\jvm.dll
0x00007fffd5bb0000 - 0x00007fffd5c5e000 	C:\WINDOWS\System32\ADVAPI32.dll
0x00007fffd59a0000 - 0x00007fffd5a3e000 	C:\WINDOWS\System32\sechost.dll
0x00007fffd5f80000 - 0x00007fffd60a0000 	C:\WINDOWS\System32\RPCRT4.dll
0x00007fffd56a0000 - 0x00007fffd56a8000 	C:\WINDOWS\System32\PSAPI.DLL
0x00007fffa39b0000 - 0x00007fffa39b9000 	C:\WINDOWS\SYSTEM32\WSOCK32.dll
0x00007fffd4b20000 - 0x00007fffd4b8f000 	C:\WINDOWS\System32\WS2_32.dll
0x00007fffccd20000 - 0x00007fffccd53000 	C:\WINDOWS\SYSTEM32\WINMM.dll
0x00007fffcbcf0000 - 0x00007fffcbcfa000 	C:\WINDOWS\SYSTEM32\VERSION.dll
0x00007fffd2730000 - 0x00007fffd2748000 	C:\WINDOWS\SYSTEM32\kernel.appcore.dll
0x00007fff6aca0000 - 0x00007fff6acb1000 	C:\Program Files\Android\Android Studio\jre\bin\verify.dll
0x00007fffd0ff0000 - 0x00007fffd1211000 	C:\WINDOWS\SYSTEM32\DBGHELP.DLL
0x00007fffbc400000 - 0x00007fffbc431000 	C:\WINDOWS\SYSTEM32\dbgcore.DLL
0x00007fffd3680000 - 0x00007fffd36ff000 	C:\WINDOWS\System32\bcryptPrimitives.dll
0x00007fff68600000 - 0x00007fff68629000 	C:\Program Files\Android\Android Studio\jre\bin\java.dll
0x00007fff8f070000 - 0x00007fff8f07b000 	C:\Program Files\Android\Android Studio\jre\bin\jimage.dll
0x00007fff685e0000 - 0x00007fff685f8000 	C:\Program Files\Android\Android Studio\jre\bin\zip.dll
0x00007fffd4e80000 - 0x00007fffd5638000 	C:\WINDOWS\System32\SHELL32.dll
0x00007fffd1730000 - 0x00007fffd1f97000 	C:\WINDOWS\SYSTEM32\windows.storage.dll
0x00007fffd46a0000 - 0x00007fffd4a19000 	C:\WINDOWS\System32\combase.dll
0x00007fffd15c0000 - 0x00007fffd1726000 	C:\WINDOWS\SYSTEM32\wintypes.dll
0x00007fffd5a40000 - 0x00007fffd5b2a000 	C:\WINDOWS\System32\SHCORE.dll
0x00007fffd4e10000 - 0x00007fffd4e6d000 	C:\WINDOWS\System32\shlwapi.dll
0x00007fffd34f0000 - 0x00007fffd3511000 	C:\WINDOWS\SYSTEM32\profapi.dll
0x00007fff682a0000 - 0x00007fff682ba000 	C:\Program Files\Android\Android Studio\jre\bin\net.dll
0x00007fffcbde0000 - 0x00007fffcbeec000 	C:\WINDOWS\SYSTEM32\WINHTTP.dll
0x00007fffd2be0000 - 0x00007fffd2c47000 	C:\WINDOWS\system32\mswsock.dll
0x00007fff68280000 - 0x00007fff68294000 	C:\Program Files\Android\Android Studio\jre\bin\nio.dll
0x00007fffce890000 - 0x00007fffce8b7000 	C:\Users\asus\.gradle\native\e1d6ef7f7dcc3fd88c89a11ec53ec762bb8ba0a96d01ffa2cd45eb1d1d8dd5c5\windows-amd64\native-platform.dll
0x00007fff98470000 - 0x00007fff985b4000 	C:\Users\asus\.gradle\native\5664cfc778a61ccfe75a443a1ab52a65af34e5dc3c78e0209fed803814484fcb\windows-amd64\native-platform-file-events.dll
0x00007fff81c20000 - 0x00007fff81c2a000 	C:\Program Files\Android\Android Studio\jre\bin\management.dll
0x00007fff6ea30000 - 0x00007fff6ea3d000 	C:\Program Files\Android\Android Studio\jre\bin\management_ext.dll
0x00007fffd2e20000 - 0x00007fffd2e38000 	C:\WINDOWS\SYSTEM32\CRYPTSP.dll
0x00007fffd2690000 - 0x00007fffd26c5000 	C:\WINDOWS\system32\rsaenh.dll
0x00007fffd2cd0000 - 0x00007fffd2cf9000 	C:\WINDOWS\SYSTEM32\USERENV.dll
0x00007fffd2fa0000 - 0x00007fffd2fc7000 	C:\WINDOWS\SYSTEM32\bcrypt.dll
0x00007fffd2e40000 - 0x00007fffd2e4c000 	C:\WINDOWS\SYSTEM32\CRYPTBASE.dll
0x00007fffd2260000 - 0x00007fffd228d000 	C:\WINDOWS\SYSTEM32\IPHLPAPI.DLL
0x00007fffd4e70000 - 0x00007fffd4e79000 	C:\WINDOWS\System32\NSI.dll
0x00007fffcbcd0000 - 0x00007fffcbce9000 	C:\WINDOWS\SYSTEM32\dhcpcsvc6.DLL
0x00007fffcc2a0000 - 0x00007fffcc2be000 	C:\WINDOWS\SYSTEM32\dhcpcsvc.DLL
0x00007fffd22d0000 - 0x00007fffd23b8000 	C:\WINDOWS\SYSTEM32\DNSAPI.dll

dbghelp: loaded successfully - version: 4.0.5 - missing functions: none
symbol engine: initialized successfully - sym options: 0x614 - pdb path: .;C:\Program Files\Android\Android Studio\jre\bin;C:\WINDOWS\SYSTEM32;C:\WINDOWS\WinSxS\amd64_microsoft.windows.common-controls_6595b64144ccf1df_6.0.22000.120_none_9d947278b86cc467;C:\Program Files\Android\Android Studio\jre\bin\server;C:\Users\asus\.gradle\native\e1d6ef7f7dcc3fd88c89a11ec53ec762bb8ba0a96d01ffa2cd45eb1d1d8dd5c5\windows-amd64;C:\Users\asus\.gradle\native\5664cfc778a61ccfe75a443a1ab52a65af34e5dc3c78e0209fed803814484fcb\windows-amd64

VM Arguments:
jvm_args: --add-opens=java.base/java.util=ALL-UNNAMED --add-opens=java.base/java.lang=ALL-UNNAMED --add-opens=java.base/java.lang.invoke=ALL-UNNAMED --add-opens=java.base/java.util=ALL-UNNAMED --add-opens=java.prefs/java.util.prefs=ALL-UNNAMED --add-opens=java.prefs/java.util.prefs=ALL-UNNAMED --add-opens=java.base/java.nio.charset=ALL-UNNAMED --add-opens=java.base/java.net=ALL-UNNAMED --add-opens=java.base/java.util.concurrent.atomic=ALL-UNNAMED -Xmx2048m -Dfile.encoding=UTF-8 -Duser.country=US -Duser.language=en -Duser.variant 
java_command: org.gradle.launcher.daemon.bootstrap.GradleDaemon 7.3.3
java_class_path (initial): C:\Users\asus\.gradle\wrapper\dists\gradle-7.3.3-bin\6a41zxkdtcxs8rphpq6y0069z\gradle-7.3.3\lib\gradle-launcher-7.3.3.jar
Launcher Type: SUN_STANDARD

[Global flags]
     intx CICompilerCount                          = 4                                         {product} {ergonomic}
     uint ConcGCThreads                            = 2                                         {product} {ergonomic}
     uint G1ConcRefinementThreads                  = 8                                         {product} {ergonomic}
   size_t G1HeapRegionSize                         = 1048576                                   {product} {ergonomic}
    uintx GCDrainStackTargetSize                   = 64                                        {product} {ergonomic}
   size_t InitialHeapSize                          = 58720256                                  {product} {ergonomic}
   size_t MarkStackSize                            = 4194304                                   {product} {ergonomic}
   size_t MaxHeapSize                              = 2147483648                                {product} {command line}
   size_t MaxNewSize                               = 1287651328                                {product} {ergonomic}
   size_t MinHeapDeltaBytes                        = 1048576                                   {product} {ergonomic}
    uintx NonNMethodCodeHeapSize                   = 5836300                                {pd product} {ergonomic}
    uintx NonProfiledCodeHeapSize                  = 122910970                              {pd product} {ergonomic}
    uintx ProfiledCodeHeapSize                     = 122910970                              {pd product} {ergonomic}
    uintx ReservedCodeCacheSize                    = 251658240                              {pd product} {ergonomic}
     bool SegmentedCodeCache                       = true                                      {product} {ergonomic}
     bool UseCompressedClassPointers               = true                                 {lp64_product} {ergonomic}
     bool UseCompressedOops                        = true                                 {lp64_product} {ergonomic}
     bool UseG1GC                                  = true                                      {product} {ergonomic}
     bool UseLargePagesIndividualAllocation        = false                                  {pd product} {ergonomic}

Logging:
Log output configuration:
 #0: stdout all=warning uptime,level,tags
 #1: stderr all=off uptime,level,tags

Environment Variables:
PATH=C:\Program Files\Common Files\Oracle\Java\javapath;C:\Windows\system32;C:\Windows;C:\Windows\System32\Wbem;C:\Windows\System32\WindowsPowerShell\v1.0\;C:\Windows\System32\OpenSSH\;C:\Program Files (x86)\NVIDIA Corporation\PhysX\Common;C:\Program Files\NVIDIA Corporation\NVIDIA NvDLISR;C:\Program Files (x86)\mingw-w64\i686-8.1.0-posix-dwarf-rt_v6-rev0\mingw32\bin;C:\WINDOWS\system32;C:\WINDOWS;C:\WINDOWS\System32\Wbem;C:\WINDOWS\System32\WindowsPowerShell\v1.0\;C:\WINDOWS\System32\OpenSSH\;C:\Program Files\dotnet\;C:\Program Files\Microsoft SQL Server\130\Tools\Binn\;C:\Program Files\Microsoft SQL Server\Client SDK\ODBC\170\Tools\Binn\;C:\Program Files\Java\jdk-17.0.2\bin;C:\Users\asus\Documents\openssl-0.9.8k_X64 (1)\bin;C:\Users\asus\AppData\Local\Microsoft\WindowsApps;C:\Program Files\mingw-w64\x86_64-8.1.0-posix-seh-rt_v6-rev0\mingw64\bin;C:\Users\asus\.dotnet\tools;C:\Program Files\Java\jdk-17.0.2\bin;;C:\Program Files\JetBrains\IntelliJ IDEA Community Edition 2021.3.3\bin;
USERNAME=asus
OS=Windows_NT
PROCESSOR_IDENTIFIER=AMD64 Family 23 Model 24 Stepping 1, AuthenticAMD



---------------  S Y S T E M  ---------------

OS: Windows 10 , 64 bit Build 22000 (10.0.22000.708)
OS uptime: 0 days 0:06 hours

CPU:total 8 (initial active 8) (8 cores per cpu, 2 threads per core) family 23 model 24 stepping 1 microcode 0x0, cmov, cx8, fxsr, mmx, sse, sse2, sse3, ssse3, sse4.1, sse4.2, popcnt, avx, avx2, aes, clmul, mmxext, 3dnowpref, lzcnt, sse4a, ht, tsc, tscinvbit, tscinv, bmi1, bmi2, adx, sha, fma

Memory: 4k page, system-wide physical 3531M (66M free)
TotalPageFile size 10699M (AvailPageFile size 5M)
current process WorkingSet (physical memory assigned to process): 240M, peak: 245M
current process commit charge ("private bytes"): 309M, peak: 310M

vm_info: OpenJDK 64-Bit Server VM (11.0.12+7-b1504.28-7817840) for windows-amd64 JRE (11.0.12+7-b1504.28-7817840), built on Oct 13 2021 22:12:33 by "builder" with MS VC++ 14.0 (VS2015)

END.
